Log file open, 12/24/17 18:17:55
LogWindows: LoadLibraryWithSearchPaths failed for file aqProf.dll. GetLastError=0
LogWindows: LoadLibraryWithSearchPaths failed for file VtuneApi.dll. GetLastError=0
LogWindows: LoadLibraryWithSearchPaths failed for file VtuneApi32e.dll. GetLastError=0
LogInit: Display: Running engine for game: Berserker
LogPlatformFile: Not using cached read wrapper
LogInit: Display: RandInit(-1639796668) SRandInit(-1639796668).
LogTaskGraph: Started task graph with 5 named threads and 14 total threads with 3 sets of task threads.
LogStats: Stats thread started at 0.303011
LogD3D11RHI: Aftermath initialized
LogPluginManager: Mounting plugin Paper2D
LogPluginManager: Mounting plugin LightPropagationVolume
LogPluginManager: Mounting plugin CodeLiteSourceCodeAccess
LogPluginManager: Mounting plugin GitSourceControl
LogPluginManager: Mounting plugin KDevelopSourceCodeAccess
LogPluginManager: Mounting plugin NullSourceCodeAccess
LogPluginManager: Mounting plugin PerforceSourceControl
LogPluginManager: Mounting plugin SubversionSourceControl
LogPluginManager: Mounting plugin UObjectPlugin
LogPluginManager: Mounting plugin VisualStudioSourceCodeAccess
LogPluginManager: Mounting plugin XCodeSourceCodeAccess
LogPluginManager: Mounting plugin AssetManagerEditor
LogPluginManager: Mounting plugin AudioCapture
LogPluginManager: Mounting plugin FacialAnimation
LogPluginManager: Mounting plugin GameplayTagsEditor
LogPluginManager: Mounting plugin MobileLauncherProfileWizard
LogPluginManager: Mounting plugin PluginBrowser
LogPluginManager: Mounting plugin SpeedTreeImporter
LogPluginManager: Mounting plugin AlembicImporter
LogPluginManager: Mounting plugin CharacterAI
LogPluginManager: Mounting plugin HTML5Networking
LogPluginManager: Mounting plugin AndroidMedia
LogPluginManager: Mounting plugin AvfMedia
LogPluginManager: Mounting plugin MediaPlayerEditor
LogPluginManager: Mounting plugin WmfMedia
LogPluginManager: Mounting plugin TcpMessaging
LogPluginManager: Mounting plugin UdpMessaging
LogPluginManager: Mounting plugin LevelSequenceEditor
LogPluginManager: Mounting plugin MatineeToLevelSequence
LogPluginManager: Mounting plugin OnlineSubsystemGooglePlay
LogPluginManager: Mounting plugin OnlineSubsystemIOS
LogPluginManager: Mounting plugin OnlineSubsystem
LogPluginManager: Mounting plugin OnlineSubsystemNull
LogPluginManager: Mounting plugin OnlineSubsystemUtils
LogPluginManager: Mounting plugin AndroidDeviceProfileSelector
LogPluginManager: Mounting plugin AndroidMoviePlayer
LogPluginManager: Mounting plugin AndroidPermission
LogPluginManager: Mounting plugin AppleMoviePlayer
LogPluginManager: Mounting plugin ArchVisCharacter
LogPluginManager: Mounting plugin CableComponent
LogPluginManager: Mounting plugin CustomMeshComponent
LogPluginManager: Mounting plugin ExampleDeviceProfileSelector
LogPluginManager: Mounting plugin GoogleCloudMessaging
LogPluginManager: Mounting plugin ImmediatePhysics
LogPluginManager: Mounting plugin IOSDeviceProfileSelector
LogPluginManager: Mounting plugin LinuxDeviceProfileSelector
LogPluginManager: Mounting plugin LocationServicesBPLibrary
LogPluginManager: Mounting plugin MobilePatchingUtils
LogPluginManager: Mounting plugin OculusVR
LogPluginManager: Mounting plugin PhysXVehicles
LogPluginManager: Mounting plugin ProceduralMeshComponent
LogPluginManager: Mounting plugin RuntimePhysXCooking
LogPluginManager: Mounting plugin SteamVR
LogPluginManager: Mounting plugin WindowsMoviePlayer
LogInit: Using libcurl 7.47.1
LogInit:  - built for x86_64-pc-win32
LogInit:  - supports SSL with OpenSSL/1.0.2g
LogInit:  - supports HTTP deflate (compression) using libz 1.2.8
LogInit:  - other features:
LogInit:      CURL_VERSION_SSL
LogInit:      CURL_VERSION_LIBZ
LogInit:      CURL_VERSION_IPV6
LogInit:      CURL_VERSION_ASYNCHDNS
LogInit:      CURL_VERSION_LARGEFILE
LogInit:      CURL_VERSION_IDN
LogInit:  CurlRequestOptions (configurable via config and command line):
LogInit:  - bVerifyPeer = false  - Libcurl will NOT verify peer certificate
LogInit:  - bUseHttpProxy = false  - Libcurl will NOT use HTTP proxy
LogInit:  - bDontReuseConnections = false  - Libcurl will reuse connections
LogInit:  - CertBundlePath = nullptr  - Libcurl will use whatever was configured at build time.
LogInit: Build: ++UE4+Release-4.17-CL-3586342
LogInit: Engine Version: 4.17.1-3586342+++UE4+Release-4.17
LogInit: Compatible Engine Version: 4.17.0-3573198+++UE4+Release-4.17
LogInit: Net CL: 3573198
LogDevObjectVersion: Number of dev versions registered: 16
LogDevObjectVersion:   Dev-Blueprints (B0D832E4-1F89-4F0D-ACCF-7EB736FD4AA2): 10
LogDevObjectVersion:   Dev-Build (E1C64328-A22C-4D53-A36C-8E866417BD8C): 0
LogDevObjectVersion:   Dev-Core (375EC13C-06E4-48FB-B500-84F0262A717E): 2
LogDevObjectVersion:   Dev-Editor (E4B068ED-F494-42E9-A231-DA0B2E46BB41): 20
LogDevObjectVersion:   Dev-Framework (CFFC743F-43B0-4480-9391-14DF171D2073): 28
LogDevObjectVersion:   Dev-Mobile (B02B49B5-BB20-44E9-A304-32B752E40360): 0
LogDevObjectVersion:   Dev-Networking (A4E4105C-59A1-49B5-A7C5-40C4547EDFEE): 0
LogDevObjectVersion:   Dev-Online (39C831C9-5AE6-47DC-9A44-9C173E1C8E7C): 0
LogDevObjectVersion:   Dev-Physics (78F01B33-EBEA-4F98-B9B4-84EACCB95AA2): 0
LogDevObjectVersion:   Dev-Platform (6631380F-2D4D-43E0-8009-CF276956A95A): 0
LogDevObjectVersion:   Dev-Rendering (12F88B9F-8875-4AFC-A67C-D90C383ABD29): 19
LogDevObjectVersion:   Dev-Sequencer (7B5AE74C-D270-4C10-A958-57980B212A5A): 4
LogDevObjectVersion:   Dev-VR (D7296918-1DD6-4BDD-9DE2-64A83CC13884): 0
LogDevObjectVersion:   Dev-LoadTimes (C2A15278-BFE7-4AFE-6C17-90FF531DF755): 1
LogDevObjectVersion:   Private-Geometry (6EACA3D4-40EC-4CC1-B786-8BED09428FC5): 1
LogDevObjectVersion:   Dev-AnimPhys (29E575DD-E0A3-4627-9D10-D276232CDCEA): 7
LogInit: Compiled (64-bit): Aug 15 2017 02:05:26
LogInit: Compiled with Visual C++: 19.00.24215.01
LogInit: Build Configuration: Development
LogInit: Branch Name: ++UE4+Release-4.17
LogInit: Command line:  
LogInit: Base directory: D:/UnrealEngine/UE_4.17/Engine/Binaries/Win64/
LogInit: Installed Engine Build: 1
LogInit: Presizing for max 8388607 objects, including 0 objects not considered by GC, pre-allocating 0 bytes for permanent pool.
LogInit: Object subsystem initialized
[2017.12.24-09.17.58:910][  0]LogInit: Selected Device Profile: [Windows]
[2017.12.24-09.17.58:910][  0]LogInit: Applying CVar settings loaded from the selected device profile: [Windows]
[2017.12.24-09.17.59:132][  0]LogInit: Computer: DESKTOP-6JOGDQL
[2017.12.24-09.17.59:132][  0]LogInit: User: JWOH
[2017.12.24-09.17.59:132][  0]LogInit: CPU Page size=4096, Cores=4
[2017.12.24-09.17.59:132][  0]LogInit: High frequency timer resolution =2.531248 MHz
[2017.12.24-09.17.59:133][  0]LogMemory: Memory total: Physical=7.9GB (8GB approx)
[2017.12.24-09.17.59:145][  0]LogMemory: Platform Memory Stats for Windows
[2017.12.24-09.17.59:145][  0]LogMemory: Process Physical Memory: 281.52 MB used, 281.52 MB peak
[2017.12.24-09.17.59:145][  0]LogMemory: Process Virtual Memory: 277.47 MB used, 277.47 MB peak
[2017.12.24-09.17.59:145][  0]LogMemory: Physical Memory: 3387.13 MB used,  4668.52 MB free, 8055.66 MB total
[2017.12.24-09.17.59:145][  0]LogMemory: Virtual Memory: 672.29 MB used,  4668.52 MB free, 134217728.00 MB total
[2017.12.24-09.18.00:831][  0]LogInit: Using OS detected language (ko-KR).
[2017.12.24-09.18.00:831][  0]LogInit: Using OS detected locale (ko-KR).
[2017.12.24-09.18.01:133][  0]LogTextLocalizationManager: No specific localization for 'ko-KR' exists, so the 'ko' localization will be used.
[2017.12.24-09.18.07:467][  0]LogD3D11RHI: D3D11 adapters:
[2017.12.24-09.18.08:367][  0]LogD3D11RHI:    0. 'NVIDIA GeForce GTX 960M' (Feature Level 11_0)
[2017.12.24-09.18.08:367][  0]LogD3D11RHI:       2019/0/4027 MB DedicatedVideo/DedicatedSystem/SharedSystem, Outputs:1, VendorId:0x10de
[2017.12.24-09.18.08:406][  0]LogD3D11RHI:    1. 'Intel(R) HD Graphics 530' (Feature Level 11_0)
[2017.12.24-09.18.08:406][  0]LogD3D11RHI:       128/0/4027 MB DedicatedVideo/DedicatedSystem/SharedSystem, Outputs:0, VendorId:0x8086
[2017.12.24-09.18.08:409][  0]LogD3D11RHI:    2. 'Microsoft Basic Render Driver' (Feature Level 11_0)
[2017.12.24-09.18.08:409][  0]LogD3D11RHI:       0/0/4027 MB DedicatedVideo/DedicatedSystem/SharedSystem, Outputs:0, VendorId:0x1414
[2017.12.24-09.18.08:409][  0]LogD3D11RHI: Chosen D3D11 Adapter: 0
[2017.12.24-09.18.08:430][  0]LogD3D11RHI: Creating new Direct3DDevice
[2017.12.24-09.18.08:430][  0]LogD3D11RHI:     GPU DeviceId: 0x139b (for the marketing name, search the web for "GPU Device Id")
[2017.12.24-09.18.08:430][  0]LogWindows: EnumDisplayDevices:
[2017.12.24-09.18.08:430][  0]LogWindows:    0. 'Intel(R) HD Graphics 530' (P:1 D:1)
[2017.12.24-09.18.08:431][  0]LogWindows:    1. 'Intel(R) HD Graphics 530' (P:0 D:0)
[2017.12.24-09.18.08:431][  0]LogWindows:    2. 'Intel(R) HD Graphics 530' (P:0 D:0)
[2017.12.24-09.18.08:432][  0]LogWindows: DebugString: PrimaryIsNotTheChoosenAdapter PrimaryIsNotTheChoosenAdapter PrimaryIsNotTheChoosenAdapter FoundDriverCount:0 
[2017.12.24-09.18.08:432][  0]LogD3D11RHI:     Adapter Name: NVIDIA GeForce GTX 960M
[2017.12.24-09.18.08:432][  0]LogD3D11RHI:   Driver Version: Unknown (internal:Unknown, unified:Unknown)
[2017.12.24-09.18.08:432][  0]LogD3D11RHI:      Driver Date: Unknown
[2017.12.24-09.18.08:432][  0]LogRHI: Texture pool is 1361 MB (70% of 1945 MB)
[2017.12.24-09.18.08:460][  0]LogD3D11RHI: Async texture creation enabled
[2017.12.24-09.18.08:963][  0]LogD3D11RHI: GPU Timing Frequency: 1000.000000 (Debug: 2 1)
[2017.12.24-09.18.09:072][  0]LogShaderCompilers: Guid format shader working directory is -13 characters bigger than the processId version (../../../../../NewGarden/GardenProject/NGA/Project/Berserker/Intermediate/Shaders/WorkingDirectory/3136/).
[2017.12.24-09.18.09:073][  0]LogShaderCompilers: Cleaned the shader compiler working directory 'C:/Users/J.W OH/AppData/Local/Temp/UnrealShaderWorkingDir/7B406638409F1ACEA1C83B8842FA8E54/'.
[2017.12.24-09.18.09:084][  0]LogShaderCompilers: Display: Using Local Shader Compiler.
[2017.12.24-09.18.14:755][  0]LogTemp: Display: Loaded TP AllDesktopTargetPlatform
[2017.12.24-09.18.14:797][  0]LogTemp: Display: Loaded TP MacClientTargetPlatform
[2017.12.24-09.18.14:837][  0]LogTemp: Display: Loaded TP MacNoEditorTargetPlatform
[2017.12.24-09.18.14:877][  0]LogTemp: Display: Loaded TP MacServerTargetPlatform
[2017.12.24-09.18.14:969][  0]LogTemp: Display: Loaded TP MacTargetPlatform
[2017.12.24-09.18.15:018][  0]LogTemp: Display: Loaded TP WindowsClientTargetPlatform
[2017.12.24-09.18.15:062][  0]LogTemp: Display: Loaded TP WindowsNoEditorTargetPlatform
[2017.12.24-09.18.15:106][  0]LogTemp: Display: Loaded TP WindowsServerTargetPlatform
[2017.12.24-09.18.15:144][  0]LogTemp: Display: Loaded TP WindowsTargetPlatform
[2017.12.24-09.18.15:232][  0]LogTemp: Display: Loaded TP AndroidTargetPlatform
[2017.12.24-09.18.15:280][  0]LogTemp: Display: Loaded TP Android_ASTCTargetPlatform
[2017.12.24-09.18.15:331][  0]LogTemp: Display: Loaded TP Android_ATCTargetPlatform
[2017.12.24-09.18.15:385][  0]LogTemp: Display: Loaded TP Android_DXTTargetPlatform
[2017.12.24-09.18.15:429][  0]LogTemp: Display: Loaded TP Android_ETC1TargetPlatform
[2017.12.24-09.18.15:474][  0]LogTemp: Display: Loaded TP Android_ETC2TargetPlatform
[2017.12.24-09.18.15:562][  0]LogTemp: Display: Loaded TP Android_MultiTargetPlatform
[2017.12.24-09.18.15:562][  0]LogTemp: Display: Loaded TP Android_PVRTCTargetPlatform
[2017.12.24-09.18.15:595][  0]LogTemp: Display: Loaded TP HTML5TargetPlatform
[2017.12.24-09.18.15:846][  0]LogTemp: Display: Loaded TP IOSTargetPlatform
[2017.12.24-09.18.15:870][  0]LogTemp: Display: Loaded TP TVOSTargetPlatform
[2017.12.24-09.18.15:918][  0]LogTemp: Display: Loaded TP LinuxClientTargetPlatform
[2017.12.24-09.18.15:967][  0]LogTemp: Display: Loaded TP LinuxNoEditorTargetPlatform
[2017.12.24-09.18.16:011][  0]LogTemp: Display: Loaded TP LinuxServerTargetPlatform
[2017.12.24-09.18.16:103][  0]LogTemp: Display: Loaded TP LinuxTargetPlatform
[2017.12.24-09.18.16:103][  0]LogTargetPlatformManager: Display: Building Assets For Windows
[2017.12.24-09.18.18:114][  0]LogDerivedDataCache: Display: Max Cache Size: 512 MB
[2017.12.24-09.18.18:623][  0]LogDerivedDataCache: Loaded boot cache 0.51s 93MB C:/Users/J.W OH/AppData/Local/UnrealEngine/4.17/DerivedDataCache/Boot.ddc.
[2017.12.24-09.18.18:623][  0]LogDerivedDataCache: Display: Loaded Boot cache: C:/Users/J.W OH/AppData/Local/UnrealEngine/4.17/DerivedDataCache/Boot.ddc
[2017.12.24-09.18.18:623][  0]LogDerivedDataCache: FDerivedDataBackendGraph:  Pak pak cache file ../../../../../NewGarden/GardenProject/NGA/Project/Berserker/DerivedDataCache/DDC.ddp not found, will not use a pak cache.
[2017.12.24-09.18.18:623][  0]LogDerivedDataCache: Unable to find inner node Pak for hierarchical cache Hierarchy.
[2017.12.24-09.18.18:623][  0]LogDerivedDataCache: FDerivedDataBackendGraph:  CompressedPak pak cache file ../../../../../NewGarden/GardenProject/NGA/Project/Berserker/DerivedDataCache/Compressed.ddp not found, will not use a pak cache.
[2017.12.24-09.18.18:623][  0]LogDerivedDataCache: Unable to find inner node CompressedPak for hierarchical cache Hierarchy.
[2017.12.24-09.18.18:772][  0]LogDerivedDataCache: Display: Pak cache opened for reading ../../../Engine/DerivedDataCache/Compressed.ddp.
[2017.12.24-09.18.18:785][  0]LogDerivedDataCache: Using Local data cache path C:/Users/J.W OH/AppData/Local/UnrealEngine/Common/DerivedDataCache: Writable
[2017.12.24-09.18.18:861][  0]LogMaterial: Verifying Global Shaders for PCD3D_SM5
[2017.12.24-09.18.18:932][  0]LogSlate: Using Freetype 2.6.0
[2017.12.24-09.18.19:058][  0]LogSlate: SlateFontCache - WITH_FREETYPE: 1, WITH_HARFBUZZ: 1
[2017.12.24-09.18.19:077][  0]LogSlate: SlateFontCache - WITH_FREETYPE: 1, WITH_HARFBUZZ: 1
[2017.12.24-09.18.30:027][  0]LogAssetRegistry: FAssetRegistry took 0.0621 seconds to start up
[2017.12.24-09.18.34:635][  0]LogInit: Selected Device Profile: [Windows]
[2017.12.24-09.18.43:144][  0]LogContentStreaming: Texture pool size is 0.00 MB
[2017.12.24-09.18.44:444][  0]LogSimplygon: Simplygon DLL not present - disabling.
[2017.12.24-09.18.44:514][  0]LogMeshReduction: Using SimplygonSwarm for distributed automatic mesh merging
[2017.12.24-09.18.44:523][  0]LogMeshReduction: Using QuadricMeshReduction for automatic static mesh reduction
[2017.12.24-09.18.44:524][  0]LogMeshReduction: No automatic skeletal mesh reduction module available
[2017.12.24-09.18.44:524][  0]LogMeshReduction: No automatic mesh merging module available
[2017.12.24-09.18.44:524][  0]LogMeshMerging: No automatic mesh merging module available
[2017.12.24-09.18.48:286][  0]LogNetVersion: Berserker , NetCL: 3573198, EngineNetVer: 2, GameNetVer: 0 (Checksum: 408643392)
[2017.12.24-09.18.50:366][  0]LogPackageLocalizationCache: Processed 5 localized package path(s) for 2 prioritized culture(s) in 0.305661 seconds
[2017.12.24-09.18.50:400][  0]LogUObjectArray: 35825 objects as part of root set at end of initial load.
[2017.12.24-09.18.50:400][  0]LogUObjectAllocator: 7529112 out of 0 bytes used by permanent object pool.
[2017.12.24-09.18.50:400][  0]LogUObjectArray: CloseDisregardForGC: 0/0 objects in disregard for GC pool
[2017.12.24-09.18.50:611][  0]LogInit: WinSock: version 1.1 (2.2), MaxSocks=32767, MaxUdp=65467
[2017.12.24-09.19.08:905][  0]LogTcpMessaging: Initializing TcpMessaging bridge
[2017.12.24-09.19.08:954][  0]LogUdpMessaging: Initializing bridge on interface 0.0.0.0:0 to multicast group 230.0.0.1:6666.
[2017.12.24-09.19.10:877][  0]LogMaterial: Uniform references updated for custom material expression Custom.
[2017.12.24-09.19.11:824][  0]SourceControl: 소스 콘트롤이 꺼졌습니다.
[2017.12.24-09.19.11:824][  0]SourceControl: 소스 콘트롤이 꺼졌습니다.
[2017.12.24-09.19.11:943][  0]SourceControl: 소스 콘트롤이 꺼졌습니다.
[2017.12.24-09.19.12:007][  0]SourceControl: 소스 콘트롤이 꺼졌습니다.
[2017.12.24-09.19.13:073][  0]LogAndroidPermission: UAndroidPermissionCallbackProxy::GetInstance
[2017.12.24-09.19.13:310][  0]LogOcInput: OculusInput pre-init called
[2017.12.24-09.19.14:101][  0]LogEngine: Initializing Engine...
[2017.12.24-09.19.14:144][  0]LogHMD: Failed to initialize OpenVR with code 110
[2017.12.24-09.19.15:038][  0]LogStats: UGameplayTagsManager::ConstructGameplayTagTree: Construct from data asset -  0.000 s
[2017.12.24-09.19.15:038][  0]LogStats: UGameplayTagsManager::ConstructGameplayTagTree: GameplayTagTreeChangedEvent.Broadcast -  0.000 s
[2017.12.24-09.19.15:609][  0]LogAIModule: Creating AISystem for world Untitled
[2017.12.24-09.19.15:774][  0]LogInit: XAudio2 using '스피커(Realtek High Definition Audio(SST))' : 2 channels at 48 kHz using 32 bits per sample (channel mask 0x3)
[2017.12.24-09.19.15:803][  0]LogInit: FAudioDevice initialized.
[2017.12.24-09.19.15:990][  0]LogDerivedDataCache: Saved boot cache 0.19s 93MB C:/Users/J.W OH/AppData/Local/UnrealEngine/4.17/DerivedDataCache/Boot.ddc.
[2017.12.24-09.19.16:030][  0]LogInit: Texture streaming: Enabled
[2017.12.24-09.19.16:206][  0]LogEngineSessionManager: EngineSessionManager initialized
[2017.12.24-09.19.17:245][  0]LogInit: Transaction tracking system initialized
[2017.12.24-09.19.19:856][  0]BlueprintLog: New page: 에디터 로드
[2017.12.24-09.19.23:499][  0]LocalizationService: 현지화 서비스가 비활성화되었습니다.
[2017.12.24-09.19.28:213][  0]LogConsoleResponse: Display: 
[2017.12.24-09.19.36:277][  0]LogCook: Display: Max memory allowance for cook 16384mb min free memory 0mb
[2017.12.24-09.19.36:278][  0]LogCook: Display: Mobile HDR setting 1
[2017.12.24-09.19.36:571][  0]LogFileCache: Scanning file cache for directory 'D:/NewGarden/GardenProject/NGA/Project/Berserker/Content/' took 0.55s
[2017.12.24-09.19.36:571][  0]LogGameplayTags: Display: UGameplayTagsManager::DoneAddingNativeTags. DelegateIsBound: 0
[2017.12.24-09.19.46:830][  0]SourceControl: 소스 콘트롤이 꺼졌습니다.
[2017.12.24-09.19.47:270][  0]Cmd: MAP LOAD FILE="../../../../../NewGarden/GardenProject/NGA/Project/Berserker/Content/GameLevel.umap" TEMPLATE=0 SHOWPROGRESS=1 FEATURELEVEL=3
[2017.12.24-09.19.47:933][  0]LightingResults: New page: 라이팅 빌드
[2017.12.24-09.19.48:744][  0]MapCheck: New page: 맵 체크
[2017.12.24-09.19.48:744][  0]LightingResults: New page: 라이팅 빌드
[2017.12.24-09.20.59:162][  0]LogClothingAssetFactory: Finished physical mesh import
[2017.12.24-09.20.59:164][  0]LogClothingAssetFactory: Finished physical mesh import
[2017.12.24-09.21.00:338][  0]LogActorComponent: ReregisterComponent: (/Game/GameLevel.GameLevel:PersistentLevel.flag_real6.SkeletalMeshComponent0) Not currently registered. Aborting.
[2017.12.24-09.21.00:339][  0]LogActorComponent: ReregisterComponent: (/Game/GameLevel.GameLevel:PersistentLevel.flag_real7.SkeletalMeshComponent0) Not currently registered. Aborting.
[2017.12.24-09.21.00:339][  0]LogActorComponent: ReregisterComponent: (/Game/GameLevel.GameLevel:PersistentLevel.flag_real6.SkeletalMeshComponent0) Not currently registered. Aborting.
[2017.12.24-09.21.00:339][  0]LogActorComponent: ReregisterComponent: (/Game/GameLevel.GameLevel:PersistentLevel.flag_real7.SkeletalMeshComponent0) Not currently registered. Aborting.
[2017.12.24-09.21.00:867][  0]LogAIModule: Creating AISystem for world GameLevel
[2017.12.24-09.21.02:883][  0]AnimBlueprint: Warning: 슬롯노드: PlayerCharacterAnim_BP_C 애니메이션 인스턴트 클래스의 'DefaultSlot' 는 이미 존재합니다. 이 클래스의 애니메이션 그래프에서 중복을 제거하세요.
[2017.12.24-09.21.03:902][  0]LogEditorServer: Finished looking for orphan Actors (0.000 secs)
[2017.12.24-09.21.08:305][  0]Cmd: MAP CHECKDEP NOCLEARLOG
[2017.12.24-09.21.08:600][  0]MapCheck: 맵 체크 완료: 오류 0 회, 경고 0 회, 소요 시간 294.581ms.
[2017.12.24-09.21.08:600][  0]LogFileHelpers: Loading map 'GameLevel' took 81.522
[2017.12.24-09.21.16:914][  0]LogCollectionManager: Loaded 0 collections in 0.001541 seconds
[2017.12.24-09.21.18:285][  0]LogFileCache: Scanning file cache for directory 'D:/NewGarden/GardenProject/NGA/Project/Berserker/Saved/Collections/' took 0.01s
[2017.12.24-09.21.18:285][  0]LogFileCache: Scanning file cache for directory 'D:/NewGarden/GardenProject/NGA/Project/Berserker/Content/Developers/JWOH/Collections/' took 0.01s
[2017.12.24-09.21.18:285][  0]LogFileCache: Scanning file cache for directory 'D:/NewGarden/GardenProject/NGA/Project/Berserker/Content/Collections/' took 0.01s
[2017.12.24-09.21.18:285][  0]LogCollectionManager: Rebuilt the GUID cache for 0 collections in 0.000001 seconds
[2017.12.24-09.21.18:452][  0]LogContentBrowser: Native class hierarchy populated in 0.0962 seconds. Added 2386 classes and 500 folders.
[2017.12.24-09.21.19:212][  0]LogContentBrowser: Native class hierarchy updated for 'WidgetCarousel' in 0.0060 seconds. Added 0 classes and 0 folders.
[2017.12.24-09.21.25:045][  0]LogContentBrowser: Native class hierarchy updated for 'AddContentDialog' in 0.0007 seconds. Added 0 classes and 0 folders.
[2017.12.24-09.21.25:410][  0]LogContentBrowser: Native class hierarchy updated for 'SceneOutliner' in 0.0009 seconds. Added 1 classes and 2 folders.
[2017.12.24-09.21.30:571][  0]LogSlate: Took 0.104469 seconds to synchronously load lazily loaded font '../../../Engine/Content/Slate/Fonts/Roboto-Regular.ttf' (155K)
[2017.12.24-09.21.30:957][  0]LogSlate: Took 0.370400 seconds to synchronously load lazily loaded font '../../../Engine/Content/Slate/Fonts/NanumGothic.ttf' (4243K)
[2017.12.24-09.21.31:007][  0]LogSlate: Took 0.048081 seconds to synchronously load lazily loaded font '../../../Engine/Content/Slate/Fonts/Roboto-Bold.ttf' (160K)
[2017.12.24-09.21.31:158][  0]LogSlate: Took 0.066998 seconds to synchronously load lazily loaded font '../../../Engine/Content/Editor/Slate/Fonts/FontAwesome.ttf' (139K)
[2017.12.24-09.21.32:136][  0]LogRenderer: Reallocating scene render targets to support 1208x576 Format 10 NumSamples 1 (Frame:1).
[2017.12.24-09.21.32:998][  0]LogSlate: Took 0.024963 seconds to synchronously load lazily loaded font '../../../Engine/Content/Slate/Fonts/Roboto-Light.ttf' (159K)
[2017.12.24-09.21.34:091][  0]LogContentBrowser: Native class hierarchy updated for 'HierarchicalLODOutliner' in 0.0008 seconds. Added 1 classes and 2 folders.
[2017.12.24-09.21.34:091][  0]LogLoad: (Engine Initialization) Total time: 227.57 seconds
[2017.12.24-09.21.34:091][  0]LogLoad: (Engine Initialization) Total Blueprint compile time: 0.00 seconds
[2017.12.24-09.21.34:109][  0]LogExternalProfiler: Found external profiler: VSPerf
[2017.12.24-09.21.34:109][  0]LogExternalProfiler: Using external profiler: VSPerf
[2017.12.24-09.21.34:604][  0]LogContentStreaming: Texture pool size now 1000 MB
[2017.12.24-09.21.36:563][  5]LogAssetRegistry: Asset discovery search completed in 186.5712 seconds
[2017.12.24-09.21.36:566][  5]LogCollectionManager: Rebuilt the object cache for 0 collections in 0.000001 seconds (found 0 objects)
[2017.12.24-09.21.36:566][  5]LogCollectionManager: Fixed up redirectors for 0 collections in 0.000219 seconds (updated 0 objects)
[2017.12.24-10.58.29:813][853]LogD3D11RHI: Timed out while waiting for GPU to catch up. (0.5 s)
[2017.12.24-10.58.30:347][854]LogD3D11RHI: Timed out while waiting for GPU to catch up. (0.5 s)
[2017.12.24-10.58.30:856][855]LogD3D11RHI: Timed out while waiting for GPU to catch up. (0.5 s)
[2017.12.24-10.58.31:701][856]LogD3D11RHI: Timed out while waiting for GPU to catch up. (0.5 s)
[2017.12.24-10.58.34:999][868]LogD3D11RHI: Timed out while waiting for GPU to catch up. (0.5 s)
[2017.12.24-10.58.36:599][868]LogD3D11RHI: Timed out while waiting for GPU to catch up. (0.5 s)
[2017.12.24-10.58.37:733][869]Cmd: QUIT_EDITOR
[2017.12.24-10.58.37:988][869]LogWindowsTextInputMethodSystem: Display: IME system now activated using TSF (Microsoft 입력기).
[2017.12.24-10.58.38:060][869]LogExit: Preparing to exit.
[2017.12.24-10.58.39:483][869]LogDirectoryWatcher: A directory notification for 'D:/NewGarden/GardenProject/NGA/Project/Berserker/Content/' was aborted.
[2017.12.24-10.58.40:217][869]LogExit: Editor shut down
[2017.12.24-10.58.40:345][869]LogExit: Transaction tracking system shut down
[2017.12.24-10.58.41:117][869]LogDirectoryWatcher: A directory notification for '../../../Engine/Content/' was aborted.
[2017.12.24-10.58.41:118][869]LogDirectoryWatcher: A directory notification for '../../../../../NewGarden/GardenProject/NGA/Project/Berserker/Content/' was aborted.
[2017.12.24-10.58.41:118][869]LogDirectoryWatcher: A directory notification for '../../../Engine/Plugins/2D/Paper2D/Content/' was aborted.
[2017.12.24-10.58.41:118][869]LogDirectoryWatcher: A directory notification for '../../../Engine/Plugins/Runtime/Oculus/OculusVR/Content/' was aborted.
[2017.12.24-10.58.41:118][869]LogDirectoryWatcher: A directory notification for '../../../Engine/Plugins/Runtime/Steam/SteamVR/Content/' was aborted.
