Log file open, 09/11/17 18:45:39
LogWindows: LoadLibraryWithSearchPaths failed for file aqProf.dll. GetLastError=0
LogWindows: LoadLibraryWithSearchPaths failed for file VtuneApi.dll. GetLastError=0
LogWindows: LoadLibraryWithSearchPaths failed for file VtuneApi32e.dll. GetLastError=0
LogInit: Display: Running engine for game: Berserker
LogPlatformFile: Not using cached read wrapper
LogInit: Display: RandInit(616083821) SRandInit(616083821).
LogTaskGraph: Started task graph with 5 named threads and 14 total threads with 3 sets of task threads.
LogStats: Stats thread started at 0.577087
LogD3D11RHI: Aftermath initialized
LogPluginManager: Mounting plugin Paper2D
LogPluginManager: Mounting plugin LightPropagationVolume
LogPluginManager: Mounting plugin CodeLiteSourceCodeAccess
LogPluginManager: Mounting plugin GitSourceControl
LogPluginManager: Mounting plugin KDevelopSourceCodeAccess
LogPluginManager: Mounting plugin NullSourceCodeAccess
LogPluginManager: Mounting plugin PerforceSourceControl
LogPluginManager: Mounting plugin SubversionSourceControl
LogPluginManager: Mounting plugin UObjectPlugin
LogPluginManager: Mounting plugin VisualStudioSourceCodeAccess
LogPluginManager: Mounting plugin XCodeSourceCodeAccess
LogPluginManager: Mounting plugin AssetManagerEditor
LogPluginManager: Mounting plugin AudioCapture
LogPluginManager: Mounting plugin FacialAnimation
LogPluginManager: Mounting plugin GameplayTagsEditor
LogPluginManager: Mounting plugin MobileLauncherProfileWizard
LogPluginManager: Mounting plugin PluginBrowser
LogPluginManager: Mounting plugin SpeedTreeImporter
LogPluginManager: Mounting plugin AlembicImporter
LogPluginManager: Mounting plugin CharacterAI
LogPluginManager: Mounting plugin HTML5Networking
LogPluginManager: Mounting plugin AndroidMedia
LogPluginManager: Mounting plugin AvfMedia
LogPluginManager: Mounting plugin MediaPlayerEditor
LogPluginManager: Mounting plugin WmfMedia
LogPluginManager: Mounting plugin TcpMessaging
LogPluginManager: Mounting plugin UdpMessaging
LogPluginManager: Mounting plugin LevelSequenceEditor
LogPluginManager: Mounting plugin MatineeToLevelSequence
LogPluginManager: Mounting plugin OnlineSubsystemGooglePlay
LogPluginManager: Mounting plugin OnlineSubsystemIOS
LogPluginManager: Mounting plugin OnlineSubsystem
LogPluginManager: Mounting plugin OnlineSubsystemNull
LogPluginManager: Mounting plugin OnlineSubsystemUtils
LogPluginManager: Mounting plugin AndroidDeviceProfileSelector
LogPluginManager: Mounting plugin AndroidMoviePlayer
LogPluginManager: Mounting plugin AndroidPermission
LogPluginManager: Mounting plugin AppleMoviePlayer
LogPluginManager: Mounting plugin ArchVisCharacter
LogPluginManager: Mounting plugin CableComponent
LogPluginManager: Mounting plugin CustomMeshComponent
LogPluginManager: Mounting plugin ExampleDeviceProfileSelector
LogPluginManager: Mounting plugin GoogleCloudMessaging
LogPluginManager: Mounting plugin ImmediatePhysics
LogPluginManager: Mounting plugin IOSDeviceProfileSelector
LogPluginManager: Mounting plugin LinuxDeviceProfileSelector
LogPluginManager: Mounting plugin LocationServicesBPLibrary
LogPluginManager: Mounting plugin MobilePatchingUtils
LogPluginManager: Mounting plugin OculusVR
LogPluginManager: Mounting plugin PhysXVehicles
LogPluginManager: Mounting plugin ProceduralMeshComponent
LogPluginManager: Mounting plugin RuntimePhysXCooking
LogPluginManager: Mounting plugin SteamVR
LogPluginManager: Mounting plugin WindowsMoviePlayer
LogInit: Using libcurl 7.47.1
LogInit:  - built for x86_64-pc-win32
LogInit:  - supports SSL with OpenSSL/1.0.2g
LogInit:  - supports HTTP deflate (compression) using libz 1.2.8
LogInit:  - other features:
LogInit:      CURL_VERSION_SSL
LogInit:      CURL_VERSION_LIBZ
LogInit:      CURL_VERSION_IPV6
LogInit:      CURL_VERSION_ASYNCHDNS
LogInit:      CURL_VERSION_LARGEFILE
LogInit:      CURL_VERSION_IDN
LogInit:  CurlRequestOptions (configurable via config and command line):
LogInit:  - bVerifyPeer = false  - Libcurl will NOT verify peer certificate
LogInit:  - bUseHttpProxy = false  - Libcurl will NOT use HTTP proxy
LogInit:  - bDontReuseConnections = false  - Libcurl will reuse connections
LogInit:  - CertBundlePath = nullptr  - Libcurl will use whatever was configured at build time.
LogInit: Build: ++UE4+Release-4.17-CL-3586342
LogInit: Engine Version: 4.17.1-3586342+++UE4+Release-4.17
LogInit: Compatible Engine Version: 4.17.0-3573198+++UE4+Release-4.17
LogInit: Net CL: 3573198
LogDevObjectVersion: Number of dev versions registered: 16
LogDevObjectVersion:   Dev-Blueprints (B0D832E4-1F89-4F0D-ACCF-7EB736FD4AA2): 10
LogDevObjectVersion:   Dev-Build (E1C64328-A22C-4D53-A36C-8E866417BD8C): 0
LogDevObjectVersion:   Dev-Core (375EC13C-06E4-48FB-B500-84F0262A717E): 2
LogDevObjectVersion:   Dev-Editor (E4B068ED-F494-42E9-A231-DA0B2E46BB41): 20
LogDevObjectVersion:   Dev-Framework (CFFC743F-43B0-4480-9391-14DF171D2073): 28
LogDevObjectVersion:   Dev-Mobile (B02B49B5-BB20-44E9-A304-32B752E40360): 0
LogDevObjectVersion:   Dev-Networking (A4E4105C-59A1-49B5-A7C5-40C4547EDFEE): 0
LogDevObjectVersion:   Dev-Online (39C831C9-5AE6-47DC-9A44-9C173E1C8E7C): 0
LogDevObjectVersion:   Dev-Physics (78F01B33-EBEA-4F98-B9B4-84EACCB95AA2): 0
LogDevObjectVersion:   Dev-Platform (6631380F-2D4D-43E0-8009-CF276956A95A): 0
LogDevObjectVersion:   Dev-Rendering (12F88B9F-8875-4AFC-A67C-D90C383ABD29): 19
LogDevObjectVersion:   Dev-Sequencer (7B5AE74C-D270-4C10-A958-57980B212A5A): 4
LogDevObjectVersion:   Dev-VR (D7296918-1DD6-4BDD-9DE2-64A83CC13884): 0
LogDevObjectVersion:   Dev-LoadTimes (C2A15278-BFE7-4AFE-6C17-90FF531DF755): 1
LogDevObjectVersion:   Private-Geometry (6EACA3D4-40EC-4CC1-B786-8BED09428FC5): 1
LogDevObjectVersion:   Dev-AnimPhys (29E575DD-E0A3-4627-9D10-D276232CDCEA): 7
LogInit: Compiled (64-bit): Aug 15 2017 02:05:26
LogInit: Compiled with Visual C++: 19.00.24215.01
LogInit: Build Configuration: Development
LogInit: Branch Name: ++UE4+Release-4.17
LogInit: Command line:  
LogInit: Base directory: D:/UnrealEngine/UE_4.17/Engine/Binaries/Win64/
LogInit: Installed Engine Build: 1
LogInit: Presizing for max 8388607 objects, including 0 objects not considered by GC, pre-allocating 0 bytes for permanent pool.
LogInit: Object subsystem initialized
[2017.09.11-09.45.45:492][  0]LogInit: Selected Device Profile: [Windows]
[2017.09.11-09.45.45:492][  0]LogInit: Applying CVar settings loaded from the selected device profile: [Windows]
[2017.09.11-09.45.45:892][  0]LogInit: Computer: DESKTOP-6JOGDQL
[2017.09.11-09.45.45:892][  0]LogInit: User: JWOH
[2017.09.11-09.45.45:892][  0]LogInit: CPU Page size=4096, Cores=4
[2017.09.11-09.45.45:892][  0]LogInit: High frequency timer resolution =2.531249 MHz
[2017.09.11-09.45.45:904][  0]LogMemory: Memory total: Physical=7.9GB (8GB approx)
[2017.09.11-09.45.45:904][  0]LogMemory: Platform Memory Stats for Windows
[2017.09.11-09.45.45:904][  0]LogMemory: Process Physical Memory: 279.82 MB used, 279.82 MB peak
[2017.09.11-09.45.45:904][  0]LogMemory: Process Virtual Memory: 282.48 MB used, 282.48 MB peak
[2017.09.11-09.45.45:904][  0]LogMemory: Physical Memory: 5100.59 MB used,  2955.07 MB free, 8055.66 MB total
[2017.09.11-09.45.45:904][  0]LogMemory: Virtual Memory: 677.23 MB used,  2955.07 MB free, 134217728.00 MB total
[2017.09.11-09.45.51:151][  0]LogInit: Using OS detected language (ko-KR).
[2017.09.11-09.45.51:151][  0]LogInit: Using OS detected locale (ko-KR).
[2017.09.11-09.45.51:457][  0]LogTextLocalizationManager: No specific localization for 'ko-KR' exists, so the 'ko' localization will be used.
[2017.09.11-09.45.59:274][  0]LogD3D11RHI: D3D11 adapters:
[2017.09.11-09.45.59:547][  0]LogD3D11RHI:    0. 'NVIDIA GeForce GTX 960M' (Feature Level 11_0)
[2017.09.11-09.45.59:547][  0]LogD3D11RHI:       2019/0/4027 MB DedicatedVideo/DedicatedSystem/SharedSystem, Outputs:1, VendorId:0x10de
[2017.09.11-09.45.59:603][  0]LogD3D11RHI:    1. 'Intel(R) HD Graphics 530' (Feature Level 11_0)
[2017.09.11-09.45.59:603][  0]LogD3D11RHI:       128/0/4027 MB DedicatedVideo/DedicatedSystem/SharedSystem, Outputs:0, VendorId:0x8086
[2017.09.11-09.45.59:607][  0]LogD3D11RHI:    2. 'Microsoft Basic Render Driver' (Feature Level 11_0)
[2017.09.11-09.45.59:607][  0]LogD3D11RHI:       0/0/4027 MB DedicatedVideo/DedicatedSystem/SharedSystem, Outputs:0, VendorId:0x1414
[2017.09.11-09.45.59:607][  0]LogD3D11RHI: Chosen D3D11 Adapter: 0
[2017.09.11-09.45.59:623][  0]LogD3D11RHI: Creating new Direct3DDevice
[2017.09.11-09.45.59:624][  0]LogD3D11RHI:     GPU DeviceId: 0x139b (for the marketing name, search the web for "GPU Device Id")
[2017.09.11-09.45.59:624][  0]LogWindows: EnumDisplayDevices:
[2017.09.11-09.45.59:624][  0]LogWindows:    0. 'Intel(R) HD Graphics 530' (P:1 D:1)
[2017.09.11-09.45.59:624][  0]LogWindows:    1. 'Intel(R) HD Graphics 530' (P:0 D:0)
[2017.09.11-09.45.59:625][  0]LogWindows:    2. 'Intel(R) HD Graphics 530' (P:0 D:0)
[2017.09.11-09.45.59:625][  0]LogWindows: DebugString: PrimaryIsNotTheChoosenAdapter PrimaryIsNotTheChoosenAdapter PrimaryIsNotTheChoosenAdapter FoundDriverCount:0 
[2017.09.11-09.45.59:625][  0]LogD3D11RHI:     Adapter Name: NVIDIA GeForce GTX 960M
[2017.09.11-09.45.59:625][  0]LogD3D11RHI:   Driver Version: Unknown (internal:Unknown, unified:Unknown)
[2017.09.11-09.45.59:625][  0]LogD3D11RHI:      Driver Date: Unknown
[2017.09.11-09.45.59:625][  0]LogRHI: Texture pool is 1361 MB (70% of 1945 MB)
[2017.09.11-09.45.59:675][  0]LogD3D11RHI: Async texture creation enabled
[2017.09.11-09.46.00:147][  0]LogD3D11RHI: GPU Timing Frequency: 1000.000000 (Debug: 2 1)
[2017.09.11-09.46.00:262][  0]LogShaderCompilers: Guid format shader working directory is -14 characters bigger than the processId version (../../../../../NewGarden/GardenProject/NGA/Project/Berserker/Intermediate/Shaders/WorkingDirectory/15616/).
[2017.09.11-09.46.00:263][  0]LogShaderCompilers: Cleaned the shader compiler working directory 'C:/Users/J.W OH/AppData/Local/Temp/UnrealShaderWorkingDir/0A21D2AE48F1F05F9BE61290A9B7EF69/'.
[2017.09.11-09.46.00:281][  0]LogShaderCompilers: Display: Using Local Shader Compiler.
[2017.09.11-09.46.05:719][  0]LogTemp: Display: Loaded TP AllDesktopTargetPlatform
[2017.09.11-09.46.05:782][  0]LogTemp: Display: Loaded TP MacClientTargetPlatform
[2017.09.11-09.46.05:865][  0]LogTemp: Display: Loaded TP MacNoEditorTargetPlatform
[2017.09.11-09.46.05:946][  0]LogTemp: Display: Loaded TP MacServerTargetPlatform
[2017.09.11-09.46.06:066][  0]LogTemp: Display: Loaded TP MacTargetPlatform
[2017.09.11-09.46.06:132][  0]LogTemp: Display: Loaded TP WindowsClientTargetPlatform
[2017.09.11-09.46.06:205][  0]LogTemp: Display: Loaded TP WindowsNoEditorTargetPlatform
[2017.09.11-09.46.06:274][  0]LogTemp: Display: Loaded TP WindowsServerTargetPlatform
[2017.09.11-09.46.06:348][  0]LogTemp: Display: Loaded TP WindowsTargetPlatform
[2017.09.11-09.46.06:463][  0]LogTemp: Display: Loaded TP AndroidTargetPlatform
[2017.09.11-09.46.06:542][  0]LogTemp: Display: Loaded TP Android_ASTCTargetPlatform
[2017.09.11-09.46.06:614][  0]LogTemp: Display: Loaded TP Android_ATCTargetPlatform
[2017.09.11-09.46.06:691][  0]LogTemp: Display: Loaded TP Android_DXTTargetPlatform
[2017.09.11-09.46.06:763][  0]LogTemp: Display: Loaded TP Android_ETC1TargetPlatform
[2017.09.11-09.46.06:843][  0]LogTemp: Display: Loaded TP Android_ETC2TargetPlatform
[2017.09.11-09.46.07:009][  0]LogTemp: Display: Loaded TP Android_MultiTargetPlatform
[2017.09.11-09.46.07:009][  0]LogTemp: Display: Loaded TP Android_PVRTCTargetPlatform
[2017.09.11-09.46.07:074][  0]LogTemp: Display: Loaded TP HTML5TargetPlatform
[2017.09.11-09.46.07:409][  0]LogTemp: Display: Loaded TP IOSTargetPlatform
[2017.09.11-09.46.07:439][  0]LogTemp: Display: Loaded TP TVOSTargetPlatform
[2017.09.11-09.46.07:504][  0]LogTemp: Display: Loaded TP LinuxClientTargetPlatform
[2017.09.11-09.46.07:570][  0]LogTemp: Display: Loaded TP LinuxNoEditorTargetPlatform
[2017.09.11-09.46.07:642][  0]LogTemp: Display: Loaded TP LinuxServerTargetPlatform
[2017.09.11-09.46.07:755][  0]LogTemp: Display: Loaded TP LinuxTargetPlatform
[2017.09.11-09.46.07:755][  0]LogTargetPlatformManager: Display: Building Assets For Windows
[2017.09.11-09.46.09:820][  0]LogDerivedDataCache: Display: Max Cache Size: 512 MB
[2017.09.11-09.46.10:275][  0]LogDerivedDataCache: Loaded boot cache 0.45s 93MB C:/Users/J.W OH/AppData/Local/UnrealEngine/4.17/DerivedDataCache/Boot.ddc.
[2017.09.11-09.46.10:276][  0]LogDerivedDataCache: Display: Loaded Boot cache: C:/Users/J.W OH/AppData/Local/UnrealEngine/4.17/DerivedDataCache/Boot.ddc
[2017.09.11-09.46.10:276][  0]LogDerivedDataCache: FDerivedDataBackendGraph:  Pak pak cache file ../../../../../NewGarden/GardenProject/NGA/Project/Berserker/DerivedDataCache/DDC.ddp not found, will not use a pak cache.
[2017.09.11-09.46.10:276][  0]LogDerivedDataCache: Unable to find inner node Pak for hierarchical cache Hierarchy.
[2017.09.11-09.46.10:276][  0]LogDerivedDataCache: FDerivedDataBackendGraph:  CompressedPak pak cache file ../../../../../NewGarden/GardenProject/NGA/Project/Berserker/DerivedDataCache/Compressed.ddp not found, will not use a pak cache.
[2017.09.11-09.46.10:276][  0]LogDerivedDataCache: Unable to find inner node CompressedPak for hierarchical cache Hierarchy.
[2017.09.11-09.46.10:427][  0]LogDerivedDataCache: Display: Pak cache opened for reading ../../../Engine/DerivedDataCache/Compressed.ddp.
[2017.09.11-09.46.10:442][  0]LogDerivedDataCache: Using Local data cache path C:/Users/J.W OH/AppData/Local/UnrealEngine/Common/DerivedDataCache: Writable
[2017.09.11-09.46.10:524][  0]LogMaterial: Verifying Global Shaders for PCD3D_SM5
[2017.09.11-09.46.10:596][  0]LogSlate: Using Freetype 2.6.0
[2017.09.11-09.46.10:722][  0]LogSlate: SlateFontCache - WITH_FREETYPE: 1, WITH_HARFBUZZ: 1
[2017.09.11-09.46.10:740][  0]LogSlate: SlateFontCache - WITH_FREETYPE: 1, WITH_HARFBUZZ: 1
[2017.09.11-09.46.22:401][  0]LogAssetRegistry: FAssetRegistry took 0.0957 seconds to start up
[2017.09.11-09.46.24:171][  0]LogInit: Selected Device Profile: [Windows]
[2017.09.11-09.46.27:645][  0]LogContentStreaming: Texture pool size is 0.00 MB
[2017.09.11-09.46.29:062][  0]LogSimplygon: Simplygon DLL not present - disabling.
[2017.09.11-09.46.29:118][  0]LogMeshReduction: Using SimplygonSwarm for distributed automatic mesh merging
[2017.09.11-09.46.29:131][  0]LogMeshReduction: Using QuadricMeshReduction for automatic static mesh reduction
[2017.09.11-09.46.29:131][  0]LogMeshReduction: No automatic skeletal mesh reduction module available
[2017.09.11-09.46.29:131][  0]LogMeshReduction: No automatic mesh merging module available
[2017.09.11-09.46.29:131][  0]LogMeshMerging: No automatic mesh merging module available
[2017.09.11-09.46.33:177][  0]LogNetVersion: Berserker , NetCL: 3573198, EngineNetVer: 2, GameNetVer: 0 (Checksum: 408643392)
[2017.09.11-09.46.35:774][  0]LogPackageLocalizationCache: Processed 5 localized package path(s) for 2 prioritized culture(s) in 0.130308 seconds
[2017.09.11-09.46.35:839][  0]LogUObjectArray: 35825 objects as part of root set at end of initial load.
[2017.09.11-09.46.35:839][  0]LogUObjectAllocator: 7529104 out of 0 bytes used by permanent object pool.
[2017.09.11-09.46.35:839][  0]LogUObjectArray: CloseDisregardForGC: 0/0 objects in disregard for GC pool
[2017.09.11-09.46.35:908][  0]LogInit: WinSock: version 1.1 (2.2), MaxSocks=32767, MaxUdp=65467
[2017.09.11-09.46.54:189][  0]LogTcpMessaging: Initializing TcpMessaging bridge
[2017.09.11-09.46.54:249][  0]LogUdpMessaging: Initializing bridge on interface 0.0.0.0:0 to multicast group 230.0.0.1:6666.
[2017.09.11-09.46.56:513][  0]LogMaterial: Uniform references updated for custom material expression Custom.
[2017.09.11-09.46.57:795][  0]SourceControl: 소스 콘트롤이 꺼졌습니다.
[2017.09.11-09.46.57:808][  0]SourceControl: 소스 콘트롤이 꺼졌습니다.
[2017.09.11-09.46.57:941][  0]SourceControl: 소스 콘트롤이 꺼졌습니다.
[2017.09.11-09.46.58:034][  0]SourceControl: 소스 콘트롤이 꺼졌습니다.
[2017.09.11-09.46.59:311][  0]LogAndroidPermission: UAndroidPermissionCallbackProxy::GetInstance
[2017.09.11-09.46.59:679][  0]LogOcInput: OculusInput pre-init called
[2017.09.11-09.47.00:815][  0]LogEngine: Initializing Engine...
[2017.09.11-09.47.00:904][  0]LogHMD: Failed to initialize OpenVR with code 110
[2017.09.11-09.47.01:853][  0]LogStats: UGameplayTagsManager::ConstructGameplayTagTree: Construct from data asset -  0.000 s
[2017.09.11-09.47.01:853][  0]LogStats: UGameplayTagsManager::ConstructGameplayTagTree: GameplayTagTreeChangedEvent.Broadcast -  0.000 s
[2017.09.11-09.47.02:868][  0]LogAIModule: Creating AISystem for world Untitled
[2017.09.11-09.47.03:218][  0]LogInit: XAudio2 using '스피커(Realtek High Definition Audio(SST))' : 2 channels at 48 kHz using 32 bits per sample (channel mask 0x3)
[2017.09.11-09.47.04:052][  0]LogInit: FAudioDevice initialized.
[2017.09.11-09.47.04:234][  0]LogDerivedDataCache: Saved boot cache 0.16s 93MB C:/Users/J.W OH/AppData/Local/UnrealEngine/4.17/DerivedDataCache/Boot.ddc.
[2017.09.11-09.47.04:249][  0]LogInit: Texture streaming: Enabled
[2017.09.11-09.47.04:509][  0]LogEngineSessionManager: EngineSessionManager initialized
[2017.09.11-09.47.06:060][  0]LogInit: Transaction tracking system initialized
[2017.09.11-09.47.07:115][  0]BlueprintLog: New page: 에디터 로드
[2017.09.11-09.47.10:201][  0]LocalizationService: 현지화 서비스가 비활성화되었습니다.
[2017.09.11-09.47.12:565][  0]LogConsoleResponse: Display: 
[2017.09.11-09.47.17:357][  0]LogFileCache: Scanning file cache for directory 'D:/NewGarden/GardenProject/NGA/Project/Berserker/Content/' took 0.07s
[2017.09.11-09.47.17:357][  0]LogCook: Display: Max memory allowance for cook 16384mb min free memory 0mb
[2017.09.11-09.47.17:373][  0]LogCook: Display: Mobile HDR setting 1
[2017.09.11-09.47.17:496][  0]LogGameplayTags: Display: UGameplayTagsManager::DoneAddingNativeTags. DelegateIsBound: 0
[2017.09.11-09.47.21:515][  0]SourceControl: 소스 콘트롤이 꺼졌습니다.
[2017.09.11-09.47.21:589][  0]Cmd: MAP LOAD FILE="../../../../../NewGarden/GardenProject/NGA/Project/Berserker/Content/ThirdPersonBP/Maps/ThirdPersonExampleMap.umap" TEMPLATE=0 SHOWPROGRESS=1 FEATURELEVEL=3
[2017.09.11-09.47.21:597][  0]LogEditorServer: Warning: Can't find file '../../../../../NewGarden/GardenProject/NGA/Project/Berserker/Content/ThirdPersonBP/Maps/ThirdPersonExampleMap.umap'
[2017.09.11-09.47.21:635][  0]Cmd: MAP CHECKDEP NOCLEARLOG
[2017.09.11-09.47.21:798][  0]MapCheck: 맵 체크 완료: 오류 0 회, 경고 0 회, 소요 시간 163.035ms.
[2017.09.11-09.47.21:799][  0]LogFileHelpers: Loading map 'ThirdPersonExampleMap' took 0.243
[2017.09.11-09.47.24:443][  0]LogCollectionManager: Loaded 0 collections in 0.001453 seconds
[2017.09.11-09.47.24:699][  0]LogFileCache: Scanning file cache for directory 'D:/NewGarden/GardenProject/NGA/Project/Berserker/Saved/Collections/' took 0.01s
[2017.09.11-09.47.24:699][  0]LogFileCache: Scanning file cache for directory 'D:/NewGarden/GardenProject/NGA/Project/Berserker/Content/Developers/JWOH/Collections/' took 0.01s
[2017.09.11-09.47.24:699][  0]LogFileCache: Scanning file cache for directory 'D:/NewGarden/GardenProject/NGA/Project/Berserker/Content/Collections/' took 0.01s
[2017.09.11-09.47.24:699][  0]LogCollectionManager: Rebuilt the GUID cache for 0 collections in 0.000001 seconds
[2017.09.11-09.47.24:730][  0]LogContentBrowser: Native class hierarchy populated in 0.0294 seconds. Added 2386 classes and 500 folders.
[2017.09.11-09.47.24:975][  0]LogContentBrowser: Native class hierarchy updated for 'WidgetCarousel' in 0.0007 seconds. Added 0 classes and 0 folders.
[2017.09.11-09.47.26:231][  0]LogContentBrowser: Native class hierarchy updated for 'AddContentDialog' in 0.0007 seconds. Added 0 classes and 0 folders.
[2017.09.11-09.47.26:420][  0]LogContentBrowser: Native class hierarchy updated for 'SceneOutliner' in 0.0007 seconds. Added 1 classes and 2 folders.
[2017.09.11-09.47.27:457][  0]LogSlate: Took 0.051142 seconds to synchronously load lazily loaded font '../../../Engine/Content/Slate/Fonts/Roboto-Regular.ttf' (155K)
[2017.09.11-09.47.27:550][  0]LogSlate: Took 0.087396 seconds to synchronously load lazily loaded font '../../../Engine/Content/Slate/Fonts/NanumGothic.ttf' (4243K)
[2017.09.11-09.47.27:570][  0]LogSlate: Took 0.019290 seconds to synchronously load lazily loaded font '../../../Engine/Content/Slate/Fonts/Roboto-Bold.ttf' (160K)
[2017.09.11-09.47.27:692][  0]LogSlate: Took 0.019325 seconds to synchronously load lazily loaded font '../../../Engine/Content/Editor/Slate/Fonts/FontAwesome.ttf' (139K)
[2017.09.11-09.47.28:779][  0]LogRenderer: Reallocating scene render targets to support 1208x576 Format 10 NumSamples 1 (Frame:1).
[2017.09.11-09.47.30:539][  0]LogContentBrowser: Native class hierarchy updated for 'HierarchicalLODOutliner' in 0.0011 seconds. Added 1 classes and 2 folders.
[2017.09.11-09.47.30:539][  0]LogLoad: (Engine Initialization) Total time: 131.67 seconds
[2017.09.11-09.47.30:540][  0]LogLoad: (Engine Initialization) Total Blueprint compile time: 0.00 seconds
[2017.09.11-09.47.30:559][  0]LogExternalProfiler: Found external profiler: VSPerf
[2017.09.11-09.47.30:559][  0]LogExternalProfiler: Using external profiler: VSPerf
[2017.09.11-09.47.31:631][  0]LogContentStreaming: Texture pool size now 1000 MB
[2017.09.11-09.47.32:606][  2]LogSlate: Took 0.057480 seconds to synchronously load lazily loaded font '../../../Engine/Content/Slate/Fonts/Roboto-Light.ttf' (159K)
[2017.09.11-09.47.32:923][  4]LogAssetRegistry: Asset discovery search completed in 70.5570 seconds
[2017.09.11-09.47.32:944][  4]LogCollectionManager: Rebuilt the object cache for 0 collections in 0.000000 seconds (found 0 objects)
[2017.09.11-09.47.32:955][  4]LogCollectionManager: Fixed up redirectors for 0 collections in 0.009536 seconds (updated 0 objects)
[2017.09.11-09.47.36:191][142]LogSlate: Took 0.000230 seconds to synchronously load lazily loaded font '../../../Engine/Content/Slate/Fonts/Roboto-Light.ttf' (159K)
[2017.09.11-09.47.42:456][226]LogSlate: Took 0.033066 seconds to synchronously load lazily loaded font '../../../Engine/Content/Slate/Fonts/Roboto-Light.ttf' (159K)
[2017.09.11-09.47.44:299][226]LogContentBrowser: Native class hierarchy updated for 'BlueprintGraph' in 0.0010 seconds. Added 113 classes and 0 folders.
[2017.09.11-09.47.48:312][226]LogSlate: Took 0.023708 seconds to synchronously load lazily loaded font '../../../Engine/Content/Editor/Slate/Fonts/Roboto-BoldCondensed.ttf' (158K)
[2017.09.11-09.47.49:456][227]LogSlate: Took 0.017536 seconds to synchronously load lazily loaded font '../../../Engine/Content/Editor/Slate/Fonts/Roboto-Italic.ttf' (157K)
[2017.09.11-09.48.07:609][110]LogAIModule: Creating AISystem for world ThirdPersonExampleMap
[2017.09.11-09.48.07:747][110]LogSlate: Took 0.000287 seconds to synchronously load lazily loaded font '../../../Engine/Content/Slate/Fonts/Roboto-Regular.ttf' (155K)
[2017.09.11-09.48.08:131][110]Cmd: MAP LOAD FILE="../../../../../NewGarden/GardenProject/NGA/Project/Berserker/Content/PlayerCharacterBP/Maps/ThirdPersonExampleMap.umap" TEMPLATE=0 SHOWPROGRESS=1 FEATURELEVEL=3
[2017.09.11-09.48.08:135][110]LightingResults: New page: 라이팅 빌드
[2017.09.11-09.48.08:240][110]LogContentBrowser: Native class hierarchy updated for 'StatsViewer' in 0.0007 seconds. Added 5 classes and 0 folders.
[2017.09.11-09.48.08:242][110]LoadErrors: New page: 맵 로드중: ThirdPersonExampleMap.umap
[2017.09.11-09.48.08:263][110]MapCheck: New page: 맵 체크
[2017.09.11-09.48.08:263][110]LightingResults: New page: 라이팅 빌드
[2017.09.11-09.48.08:791][110]LogEditorServer: Finished looking for orphan Actors (0.000 secs)
[2017.09.11-09.48.09:123][110]Cmd: MAP CHECKDEP NOCLEARLOG
[2017.09.11-09.48.09:195][110]MapCheck: 맵 체크 완료: 오류 0 회, 경고 0 회, 소요 시간 71.881ms.
[2017.09.11-09.48.09:195][110]LogFileHelpers: Loading map 'ThirdPersonExampleMap' took 1.091
[2017.09.11-09.48.13:889][212]LogTemp: Repeating last play command: 선택된 뷰포트
[2017.09.11-09.48.15:065][212]LogBlueprintUserMessages: Early PlayInEditor Detection: Level '/Game/PlayerCharacterBP/Maps/ThirdPersonExampleMap.ThirdPersonExampleMap:PersistentLevel' has LevelScriptBlueprint '/Game/PlayerCharacterBP/Maps/ThirdPersonExampleMap.ThirdPersonExampleMap:PersistentLevel.ThirdPersonExampleMap' with GeneratedClass '/Game/PlayerCharacterBP/Maps/ThirdPersonExampleMap.ThirdPersonExampleMap_C' with ClassGeneratedBy '/Game/PlayerCharacterBP/Maps/ThirdPersonExampleMap.ThirdPersonExampleMap:PersistentLevel.ThirdPersonExampleMap'
[2017.09.11-09.48.15:086][212]LogPlayLevel: PlayLevel: No blueprints needed recompiling
[2017.09.11-09.48.15:227][212]PIE: New page: PIE 세션: ThirdPersonExampleMap (2017. 9. 12. 오전 3:48:15)
[2017.09.11-09.48.15:250][212]LogPlayLevel: Creating play world package: /Game/PlayerCharacterBP/Maps/UEDPIE_0_ThirdPersonExampleMap
[2017.09.11-09.48.15:349][212]LogPlayLevel: PIE: StaticDuplicateObject took: (0.098672s)
[2017.09.11-09.48.15:350][212]LogAIModule: Creating AISystem for world ThirdPersonExampleMap
[2017.09.11-09.48.15:350][212]LogPlayLevel: PIE: World Init took: (0.001116s)
[2017.09.11-09.48.15:366][212]LogPlayLevel: PIE: Created PIE world by copying editor world from /Game/PlayerCharacterBP/Maps/ThirdPersonExampleMap.ThirdPersonExampleMap to /Game/PlayerCharacterBP/Maps/UEDPIE_0_ThirdPersonExampleMap.ThirdPersonExampleMap (0.115856s)
[2017.09.11-09.48.15:408][212]LogInit: XAudio2 using '스피커(Realtek High Definition Audio(SST))' : 2 channels at 48 kHz using 32 bits per sample (channel mask 0x3)
[2017.09.11-09.48.15:426][212]LogInit: FAudioDevice initialized.
[2017.09.11-09.48.15:565][212]LogLoad: Game class is 'BerserkerGameMode_C'
[2017.09.11-09.48.15:694][212]LogWorld: Bringing World /Game/PlayerCharacterBP/Maps/UEDPIE_0_ThirdPersonExampleMap.ThirdPersonExampleMap up for play (max tick rate 60) at 2017.09.11-18.48.15
[2017.09.11-09.48.15:714][212]LogWorld: Bringing up level for play took: 0.030187
[2017.09.11-09.48.16:147][212]LogContentBrowser: Native class hierarchy updated for 'MovieSceneCapture' in 0.0009 seconds. Added 11 classes and 0 folders.
[2017.09.11-09.48.16:469][212]PIE: /Game/PlayerCharacterBP/Maps/UEDPIE_0_ThirdPersonExampleMap 에 대한 에디터에서 플레이 시작 시간: 1.926
[2017.09.11-09.48.16:476][212]LogBlueprintUserMessages: Late PlayInEditor Detection: Level '/Game/PlayerCharacterBP/Maps/ThirdPersonExampleMap.ThirdPersonExampleMap:PersistentLevel' has LevelScriptBlueprint '/Game/PlayerCharacterBP/Maps/ThirdPersonExampleMap.ThirdPersonExampleMap:PersistentLevel.ThirdPersonExampleMap' with GeneratedClass '/Game/PlayerCharacterBP/Maps/ThirdPersonExampleMap.ThirdPersonExampleMap_C' with ClassGeneratedBy '/Game/PlayerCharacterBP/Maps/ThirdPersonExampleMap.ThirdPersonExampleMap:PersistentLevel.ThirdPersonExampleMap'
[2017.09.11-09.48.25:904][733]LogBlueprintUserMessages: Early EndPlayMap Detection: Level '/Game/PlayerCharacterBP/Maps/ThirdPersonExampleMap.ThirdPersonExampleMap:PersistentLevel' has LevelScriptBlueprint '/Game/PlayerCharacterBP/Maps/ThirdPersonExampleMap.ThirdPersonExampleMap:PersistentLevel.ThirdPersonExampleMap' with GeneratedClass '/Game/PlayerCharacterBP/Maps/ThirdPersonExampleMap.ThirdPersonExampleMap_C' with ClassGeneratedBy '/Game/PlayerCharacterBP/Maps/ThirdPersonExampleMap.ThirdPersonExampleMap:PersistentLevel.ThirdPersonExampleMap'
[2017.09.11-09.48.26:070][733]LogBlueprintUserMessages: Late EndPlayMap Detection: Level '/Game/PlayerCharacterBP/Maps/ThirdPersonExampleMap.ThirdPersonExampleMap:PersistentLevel' has LevelScriptBlueprint '/Game/PlayerCharacterBP/Maps/ThirdPersonExampleMap.ThirdPersonExampleMap:PersistentLevel.ThirdPersonExampleMap' with GeneratedClass '/Game/PlayerCharacterBP/Maps/ThirdPersonExampleMap.ThirdPersonExampleMap_C' with ClassGeneratedBy '/Game/PlayerCharacterBP/Maps/ThirdPersonExampleMap.ThirdPersonExampleMap:PersistentLevel.ThirdPersonExampleMap'
[2017.09.11-09.56.21:098][156]LogEditorViewport: Clicking on Actor (LMB): StaticMeshActor (Linear_Stair_StaticMesh)
[2017.09.11-09.56.25:493][179]LogTemp: Repeating last play command: 선택된 뷰포트
[2017.09.11-09.56.25:595][179]LogBlueprintUserMessages: Early PlayInEditor Detection: Level '/Game/PlayerCharacterBP/Maps/ThirdPersonExampleMap.ThirdPersonExampleMap:PersistentLevel' has LevelScriptBlueprint '/Game/PlayerCharacterBP/Maps/ThirdPersonExampleMap.ThirdPersonExampleMap:PersistentLevel.ThirdPersonExampleMap' with GeneratedClass '/Game/PlayerCharacterBP/Maps/ThirdPersonExampleMap.ThirdPersonExampleMap_C' with ClassGeneratedBy '/Game/PlayerCharacterBP/Maps/ThirdPersonExampleMap.ThirdPersonExampleMap:PersistentLevel.ThirdPersonExampleMap'
[2017.09.11-09.56.25:595][179]LogPlayLevel: PlayLevel: No blueprints needed recompiling
[2017.09.11-09.56.25:596][179]PIE: New page: PIE 세션: ThirdPersonExampleMap (2017. 9. 12. 오전 3:56:25)
[2017.09.11-09.56.25:596][179]LogPlayLevel: Creating play world package: /Game/PlayerCharacterBP/Maps/UEDPIE_0_ThirdPersonExampleMap
[2017.09.11-09.56.25:664][179]LogPlayLevel: PIE: StaticDuplicateObject took: (0.067572s)
[2017.09.11-09.56.25:670][179]LogAIModule: Creating AISystem for world ThirdPersonExampleMap
[2017.09.11-09.56.25:671][179]LogPlayLevel: PIE: World Init took: (0.007087s)
[2017.09.11-09.56.25:672][179]LogPlayLevel: PIE: Created PIE world by copying editor world from /Game/PlayerCharacterBP/Maps/ThirdPersonExampleMap.ThirdPersonExampleMap to /Game/PlayerCharacterBP/Maps/UEDPIE_0_ThirdPersonExampleMap.ThirdPersonExampleMap (0.076001s)
[2017.09.11-09.56.25:769][179]LogInit: XAudio2 using '스피커(Realtek High Definition Audio(SST))' : 2 channels at 48 kHz using 32 bits per sample (channel mask 0x3)
[2017.09.11-09.56.25:813][179]LogInit: FAudioDevice initialized.
[2017.09.11-09.56.25:855][179]LogLoad: Game class is 'BerserkerGameMode_C'
[2017.09.11-09.56.25:858][179]LogWorld: Bringing World /Game/PlayerCharacterBP/Maps/UEDPIE_0_ThirdPersonExampleMap.ThirdPersonExampleMap up for play (max tick rate 60) at 2017.09.11-18.56.25
[2017.09.11-09.56.25:859][179]LogWorld: Bringing up level for play took: 0.002071
[2017.09.11-09.56.25:862][179]PIE: /Game/PlayerCharacterBP/Maps/UEDPIE_0_ThirdPersonExampleMap 에 대한 에디터에서 플레이 시작 시간: -0.681
[2017.09.11-09.56.25:862][179]LogBlueprintUserMessages: Late PlayInEditor Detection: Level '/Game/PlayerCharacterBP/Maps/ThirdPersonExampleMap.ThirdPersonExampleMap:PersistentLevel' has LevelScriptBlueprint '/Game/PlayerCharacterBP/Maps/ThirdPersonExampleMap.ThirdPersonExampleMap:PersistentLevel.ThirdPersonExampleMap' with GeneratedClass '/Game/PlayerCharacterBP/Maps/ThirdPersonExampleMap.ThirdPersonExampleMap_C' with ClassGeneratedBy '/Game/PlayerCharacterBP/Maps/ThirdPersonExampleMap.ThirdPersonExampleMap:PersistentLevel.ThirdPersonExampleMap'
[2017.09.11-09.56.26:336][196]Cmd: LevelEditor.ToggleImmersive
[2017.09.11-09.56.26:519][196]Cmd: LevelEditor.ToggleImmersive
[2017.09.11-09.56.26:712][197]LogRenderer: Reallocating scene render targets to support 1920x1040 Format 10 NumSamples 1 (Frame:19).
[2017.09.11-09.56.50:404][606]LogBlueprintUserMessages: Early EndPlayMap Detection: Level '/Game/PlayerCharacterBP/Maps/ThirdPersonExampleMap.ThirdPersonExampleMap:PersistentLevel' has LevelScriptBlueprint '/Game/PlayerCharacterBP/Maps/ThirdPersonExampleMap.ThirdPersonExampleMap:PersistentLevel.ThirdPersonExampleMap' with GeneratedClass '/Game/PlayerCharacterBP/Maps/ThirdPersonExampleMap.ThirdPersonExampleMap_C' with ClassGeneratedBy '/Game/PlayerCharacterBP/Maps/ThirdPersonExampleMap.ThirdPersonExampleMap:PersistentLevel.ThirdPersonExampleMap'
[2017.09.11-09.56.50:506][606]LogBlueprintUserMessages: Late EndPlayMap Detection: Level '/Game/PlayerCharacterBP/Maps/ThirdPersonExampleMap.ThirdPersonExampleMap:PersistentLevel' has LevelScriptBlueprint '/Game/PlayerCharacterBP/Maps/ThirdPersonExampleMap.ThirdPersonExampleMap:PersistentLevel.ThirdPersonExampleMap' with GeneratedClass '/Game/PlayerCharacterBP/Maps/ThirdPersonExampleMap.ThirdPersonExampleMap_C' with ClassGeneratedBy '/Game/PlayerCharacterBP/Maps/ThirdPersonExampleMap.ThirdPersonExampleMap:PersistentLevel.ThirdPersonExampleMap'
[2017.09.11-10.02.18:195][ 50]LogWindowsTextInputMethodSystem: Display: IME system now activated using TSF (Microsoft 입력기).
[2017.09.11-10.02.18:711][ 50]LogWindowsTextInputMethodSystem: Display: IME system now activated using TSF (Microsoft 입력기).
[2017.09.11-10.02.18:717][ 51]Cmd: QUIT_EDITOR
[2017.09.11-10.02.19:299][ 51]LogExit: Preparing to exit.
[2017.09.11-10.02.20:221][ 51]LogDirectoryWatcher: A directory notification for 'D:/NewGarden/GardenProject/NGA/Project/Berserker/Content/' was aborted.
[2017.09.11-10.02.20:464][ 51]LogExit: Editor shut down
[2017.09.11-10.02.20:479][ 51]LogExit: Transaction tracking system shut down
[2017.09.11-10.02.20:866][ 51]LogDirectoryWatcher: A directory notification for '../../../Engine/Content/' was aborted.
[2017.09.11-10.02.20:866][ 51]LogDirectoryWatcher: A directory notification for '../../../../../NewGarden/GardenProject/NGA/Project/Berserker/Content/' was aborted.
[2017.09.11-10.02.20:866][ 51]LogDirectoryWatcher: A directory notification for '../../../Engine/Plugins/2D/Paper2D/Content/' was aborted.
[2017.09.11-10.02.20:866][ 51]LogDirectoryWatcher: A directory notification for '../../../Engine/Plugins/Runtime/Oculus/OculusVR/Content/' was aborted.
[2017.09.11-10.02.20:866][ 51]LogDirectoryWatcher: A directory notification for '../../../Engine/Plugins/Runtime/Steam/SteamVR/Content/' was aborted.
[2017.09.11-10.02.22:464][ 51]LogExit: Object subsystem successfully closed.
[2017.09.11-10.02.22:687][ 51]LogD3D11RHI: Shutdown
[2017.09.11-10.02.22:704][ 51]LogD3D11RHI: CleanupD3DDevice
[2017.09.11-10.02.22:911][ 51]LogD3D11RHI: ~FD3D11DynamicRHI
[2017.09.11-10.02.23:844][ 51]LogModuleManager: Shutting down and abandoning module MovieSceneCapture (536)
[2017.09.11-10.02.23:844][ 51]LogModuleManager: Shutting down and abandoning module StatsViewer (534)
[2017.09.11-10.02.23:858][ 51]LogModuleManager: Shutting down and abandoning module BlueprintGraph (532)
[2017.09.11-10.02.23:858][ 51]LogModuleManager: Shutting down and abandoning module BlueprintProfiler (530)
[2017.09.11-10.02.23:871][ 51]LogModuleManager: Shutting down and abandoning module HierarchicalLODOutliner (528)
[2017.09.11-10.02.23:871][ 51]LogModuleManager: Shutting down and abandoning module SceneOutliner (526)
[2017.09.11-10.02.23:880][ 51]LogModuleManager: Shutting down and abandoning module AddContentDialog (524)
[2017.09.11-10.02.23:896][ 51]LogDirectoryWatcher: A directory notification for 'D:/UnrealEngine/UE_4.17/FeaturePacks/' was aborted.
[2017.09.11-10.02.23:908][ 51]LogModuleManager: Shutting down and abandoning module WidgetCarousel (523)
[2017.09.11-10.02.23:908][ 51]LogModuleManager: Shutting down and abandoning module EditorWidgets (520)
[2017.09.11-10.02.23:908][ 51]LogModuleManager: Shutting down and abandoning module CollectionManager (518)
[2017.09.11-10.02.23:930][ 51]LogDirectoryWatcher: A directory notification for 'D:/NewGarden/GardenProject/NGA/Project/Berserker/Content/Collections/' was aborted.
[2017.09.11-10.02.23:931][ 51]LogDirectoryWatcher: A directory notification for 'D:/NewGarden/GardenProject/NGA/Project/Berserker/Content/Developers/JWOH/Collections/' was aborted.
[2017.09.11-10.02.23:931][ 51]LogDirectoryWatcher: A directory notification for 'D:/NewGarden/GardenProject/NGA/Project/Berserker/Saved/Collections/' was aborted.
[2017.09.11-10.02.23:931][ 51]LogModuleManager: Shutting down and abandoning module FoliageEdit (516)
[2017.09.11-10.02.23:931][ 51]LogModuleManager: Shutting down and abandoning module LandscapeEditor (514)
[2017.09.11-10.02.23:951][ 51]LogModuleManager: Shutting down and abandoning module MeshPaintMode (512)
[2017.09.11-10.02.23:951][ 51]LogModuleManager: Shutting down and abandoning module SceneDepthPickerMode (510)
[2017.09.11-10.02.23:951][ 51]LogModuleManager: Shutting down and abandoning module ActorPickerMode (508)
[2017.09.11-10.02.23:951][ 51]LogModuleManager: Shutting down and abandoning module GeometryMode (506)
[2017.09.11-10.02.23:951][ 51]LogModuleManager: Shutting down and abandoning module TextureAlignMode (504)
[2017.09.11-10.02.23:951][ 51]LogModuleManager: Shutting down and abandoning module BspMode (502)
[2017.09.11-10.02.23:960][ 51]LogModuleManager: Shutting down and abandoning module PIEPreviewDeviceProfileSelector (500)
[2017.09.11-10.02.23:960][ 51]LogModuleManager: Shutting down and abandoning module HardwareSurvey (498)
[2017.09.11-10.02.23:960][ 51]LogModuleManager: Shutting down and abandoning module SequenceRecorderSections (496)
[2017.09.11-10.02.23:961][ 51]LogModuleManager: Shutting down and abandoning module AutomationWorker (494)
[2017.09.11-10.02.23:969][ 51]LogModuleManager: Shutting down and abandoning module MatineeToLevelSequence (492)
[2017.09.11-10.02.23:986][ 51]LogModuleManager: Shutting down and abandoning module LevelSequenceEditor (490)
[2017.09.11-10.02.24:011][ 51]LogModuleManager: Shutting down and abandoning module PlacementMode (489)
[2017.09.11-10.02.24:011][ 51]LogModuleManager: Shutting down and abandoning module WmfMediaFactory (486)
[2017.09.11-10.02.24:011][ 51]LogModuleManager: Shutting down and abandoning module WmfMediaEditor (484)
[2017.09.11-10.02.24:011][ 51]LogModuleManager: Shutting down and abandoning module AvfMediaFactory (482)
[2017.09.11-10.02.24:011][ 51]LogModuleManager: Shutting down and abandoning module AvfMediaEditor (480)
[2017.09.11-10.02.24:011][ 51]LogModuleManager: Shutting down and abandoning module AndroidMediaFactory (478)
[2017.09.11-10.02.24:011][ 51]LogModuleManager: Shutting down and abandoning module Media (477)
[2017.09.11-10.02.24:012][ 51]LogModuleManager: Shutting down and abandoning module AndroidMediaEditor (474)
[2017.09.11-10.02.24:012][ 51]LogModuleManager: Shutting down and abandoning module CharacterAI (472)
[2017.09.11-10.02.24:012][ 51]LogModuleManager: Shutting down and abandoning module AudioCapture (470)
[2017.09.11-10.02.24:012][ 51]LogModuleManager: Shutting down and abandoning module SequenceRecorder (469)
[2017.09.11-10.02.24:030][ 51]LogModuleManager: Shutting down and abandoning module SmartSnapping (466)
[2017.09.11-10.02.24:030][ 51]LogModuleManager: Shutting down and abandoning module SessionServices (464)
[2017.09.11-10.02.24:031][ 51]LogModuleManager: Shutting down and abandoning module ViewportSnapping (462)
[2017.09.11-10.02.24:031][ 51]LogModuleManager: Shutting down and abandoning module ViewportInteraction (460)
[2017.09.11-10.02.24:031][ 51]LogModuleManager: Shutting down and abandoning module ClothPainter (458)
[2017.09.11-10.02.24:068][ 51]LogModuleManager: Shutting down and abandoning module LogVisualizer (456)
[2017.09.11-10.02.24:085][ 51]LogModuleManager: Shutting down and abandoning module IntroTutorials (454)
[2017.09.11-10.02.24:116][ 51]LogModuleManager: Shutting down and abandoning module GameProjectGeneration (453)
[2017.09.11-10.02.24:141][ 51]LogModuleManager: Shutting down and abandoning module IOSPlatformEditor (450)
[2017.09.11-10.02.24:141][ 51]LogModuleManager: Shutting down and abandoning module HTML5PlatformEditor (448)
[2017.09.11-10.02.24:141][ 51]LogModuleManager: Shutting down and abandoning module AndroidPlatformEditor (446)
[2017.09.11-10.02.24:141][ 51]LogModuleManager: Shutting down and abandoning module AndroidDeviceDetection (445)
[2017.09.11-10.02.24:828][ 51]LogModuleManager: Shutting down and abandoning module WindowsPlatformEditor (442)
[2017.09.11-10.02.24:828][ 51]LogModuleManager: Shutting down and abandoning module IOSRuntimeSettings (440)
[2017.09.11-10.02.24:828][ 51]LogModuleManager: Shutting down and abandoning module AndroidRuntimeSettings (438)
[2017.09.11-10.02.24:828][ 51]LogModuleManager: Shutting down and abandoning module InputBindingEditor (436)
[2017.09.11-10.02.24:847][ 51]LogModuleManager: Shutting down and abandoning module MergeActors (434)
[2017.09.11-10.02.24:864][ 51]LogModuleManager: Shutting down and abandoning module SizeMap (432)
[2017.09.11-10.02.24:864][ 51]LogModuleManager: Shutting down and abandoning module TreeMap (430)
[2017.09.11-10.02.24:911][ 51]LogModuleManager: Shutting down and abandoning module ReferenceViewer (428)
[2017.09.11-10.02.24:911][ 51]LogModuleManager: Shutting down and abandoning module LocalizationDashboard (426)
[2017.09.11-10.02.24:922][ 51]LogModuleManager: Shutting down and abandoning module LocalizationService (425)
[2017.09.11-10.02.24:928][ 51]LogModuleManager: Shutting down and abandoning module HardwareTargeting (422)
[2017.09.11-10.02.24:929][ 51]LogModuleManager: Shutting down and abandoning module DeviceProfileEditor (420)
[2017.09.11-10.02.24:939][ 51]LogModuleManager: Shutting down and abandoning module UndoHistory (418)
[2017.09.11-10.02.24:939][ 51]LogModuleManager: Shutting down and abandoning module XmlParser (416)
[2017.09.11-10.02.24:939][ 51]LogModuleManager: Shutting down and abandoning module Blutility (414)
[2017.09.11-10.02.24:939][ 51]LogModuleManager: Shutting down and abandoning module ProjectSettingsViewer (412)
[2017.09.11-10.02.24:939][ 51]LogModuleManager: Shutting down and abandoning module ProjectTargetPlatformEditor (411)
[2017.09.11-10.02.24:940][ 51]LogModuleManager: Shutting down and abandoning module EditorSettingsViewer (408)
[2017.09.11-10.02.24:940][ 51]LogModuleManager: Shutting down and abandoning module SettingsEditor (406)
[2017.09.11-10.02.24:952][ 51]LogModuleManager: Shutting down and abandoning module ProjectLauncher (404)
[2017.09.11-10.02.24:963][ 51]LogModuleManager: Shutting down and abandoning module SessionFrontend (402)
[2017.09.11-10.02.24:978][ 51]LogModuleManager: Shutting down and abandoning module ProfilerClient (400)
[2017.09.11-10.02.24:991][ 51]LogModuleManager: Shutting down and abandoning module DeviceManager (398)
[2017.09.11-10.02.25:008][ 51]LogModuleManager: Shutting down and abandoning module TargetDeviceServices (397)
[2017.09.11-10.02.25:060][ 51]LogModuleManager: Shutting down and abandoning module AutomationController (394)
[2017.09.11-10.02.25:077][ 51]LogModuleManager: Shutting down and abandoning module AutomationWindow (392)
[2017.09.11-10.02.25:100][ 51]LogModuleManager: Shutting down and abandoning module Layers (390)
[2017.09.11-10.02.25:129][ 51]LogModuleManager: Shutting down and abandoning module ComponentVisualizers (388)
[2017.09.11-10.02.25:129][ 51]LogModuleManager: Shutting down and abandoning module DetailCustomizations (386)
[2017.09.11-10.02.25:129][ 51]LogModuleManager: Shutting down and abandoning module PackagesDialog (384)
[2017.09.11-10.02.25:146][ 51]LogModuleManager: Shutting down and abandoning module Persona (382)
[2017.09.11-10.02.25:173][ 51]LogModuleManager: Shutting down and abandoning module AdvancedPreviewScene (381)
[2017.09.11-10.02.25:173][ 51]LogModuleManager: Shutting down and abandoning module AnimGraph (379)
[2017.09.11-10.02.25:186][ 51]LogModuleManager: Shutting down and abandoning module Kismet (376)
[2017.09.11-10.02.25:212][ 51]LogModuleManager: Shutting down and abandoning module ClassViewer (374)
[2017.09.11-10.02.25:212][ 51]LogModuleManager: Shutting down and abandoning module Toolbox (372)
[2017.09.11-10.02.25:212][ 51]LogModuleManager: Shutting down and abandoning module ModuleUI (370)
[2017.09.11-10.02.25:222][ 51]LogModuleManager: Shutting down and abandoning module MovieSceneTools (368)
[2017.09.11-10.02.25:244][ 51]LogModuleManager: Shutting down and abandoning module OutputLog (366)
[2017.09.11-10.02.25:255][ 51]LogModuleManager: Shutting down and abandoning module GammaUI (364)
[2017.09.11-10.02.25:261][ 51]LogModuleManager: Shutting down and abandoning module Documentation (362)
[2017.09.11-10.02.25:261][ 51]LogModuleManager: Shutting down and abandoning module MovieSceneTracks (360)
[2017.09.11-10.02.25:261][ 51]LogModuleManager: Shutting down and abandoning module MovieScene (358)
[2017.09.11-10.02.25:270][ 51]LogModuleManager: Shutting down and abandoning module Niagara (356)
[2017.09.11-10.02.25:270][ 51]LogModuleManager: Shutting down and abandoning module NiagaraEditor (355)
[2017.09.11-10.02.25:330][ 51]LogModuleManager: Shutting down and abandoning module StreamingPauseRendering (352)
[2017.09.11-10.02.25:330][ 51]LogModuleManager: Shutting down and abandoning module LauncherPlatform (350)
[2017.09.11-10.02.25:330][ 51]LogModuleManager: Shutting down and abandoning module AnalyticsET (348)
[2017.09.11-10.02.25:331][ 51]LogModuleManager: Shutting down and abandoning module PortalServices (346)
[2017.09.11-10.02.25:331][ 51]LogModuleManager: Shutting down and abandoning module PortalRpc (344)
[2017.09.11-10.02.25:331][ 51]LogModuleManager: Shutting down and abandoning module MessagingRpc (342)
[2017.09.11-10.02.25:331][ 51]LogModuleManager: Shutting down and abandoning module AIModule (340)
[2017.09.11-10.02.25:331][ 51]LogModuleManager: Shutting down and abandoning module GameplayDebugger (339)
[2017.09.11-10.02.25:331][ 51]LogModuleManager: Shutting down and abandoning module AITestSuite (337)
[2017.09.11-10.02.25:344][ 51]LogModuleManager: Shutting down and abandoning module ProfilerService (334)
[2017.09.11-10.02.25:393][ 51]LogModuleManager: Shutting down and abandoning module TaskGraph (332)
[2017.09.11-10.02.25:493][ 51]LogModuleManager: Shutting down and abandoning module SteamVRController (330)
[2017.09.11-10.02.25:493][ 51]LogModuleManager: Shutting down and abandoning module ProceduralMeshComponentEditor (328)
[2017.09.11-10.02.25:493][ 51]LogModuleManager: Shutting down and abandoning module ProceduralMeshComponent (326)
[2017.09.11-10.02.25:493][ 51]LogModuleManager: Shutting down and abandoning module OculusInput (324)
[2017.09.11-10.02.25:493][ 51]LogModuleManager: Shutting down and abandoning module MobilePatchingUtils (322)
[2017.09.11-10.02.25:493][ 51]LogModuleManager: Shutting down and abandoning module CustomMeshComponent (320)
[2017.09.11-10.02.25:493][ 51]LogModuleManager: Shutting down and abandoning module CableComponent (318)
[2017.09.11-10.02.25:493][ 51]LogModuleManager: Shutting down and abandoning module ArchVisCharacter (316)
[2017.09.11-10.02.25:493][ 51]LogModuleManager: Shutting down and abandoning module AndroidPermission (314)
[2017.09.11-10.02.25:493][ 51]LogModuleManager: Shutting down and abandoning module MediaPlayerEditor (310)
[2017.09.11-10.02.25:521][ 51]LogModuleManager: Shutting down and abandoning module HTML5Networking (308)
[2017.09.11-10.02.25:521][ 51]LogModuleManager: Shutting down and abandoning module AlembicImporter (306)
[2017.09.11-10.02.25:531][ 51]LogModuleManager: Shutting down and abandoning module AlembicLibrary (305)
[2017.09.11-10.02.25:531][ 51]LogModuleManager: Shutting down and abandoning module GeometryCache (304)
[2017.09.11-10.02.25:532][ 51]LogModuleManager: Shutting down and abandoning module GeometryCacheEd (303)
[2017.09.11-10.02.25:532][ 51]LogModuleManager: Shutting down and abandoning module SpeedTreeImporter (298)
[2017.09.11-10.02.25:532][ 51]LogModuleManager: Shutting down and abandoning module PluginBrowser (296)
[2017.09.11-10.02.25:554][ 51]LogModuleManager: Shutting down and abandoning module MobileLauncherProfileWizard (294)
[2017.09.11-10.02.25:567][ 51]LogModuleManager: Shutting down and abandoning module VisualStudioSourceCodeAccess (292)
[2017.09.11-10.02.25:567][ 51]LogModuleManager: Shutting down and abandoning module DesktopPlatform (291)
[2017.09.11-10.02.25:592][ 51]LogModuleManager: Shutting down and abandoning module UObjectPlugin (288)
[2017.09.11-10.02.25:592][ 51]LogModuleManager: Shutting down and abandoning module SubversionSourceControl (286)
[2017.09.11-10.02.25:618][ 51]LogModuleManager: Shutting down and abandoning module PerforceSourceControl (284)
[2017.09.11-10.02.25:637][ 51]LogModuleManager: Shutting down and abandoning module GitSourceControl (282)
[2017.09.11-10.02.25:649][ 51]LogModuleManager: Shutting down and abandoning module SourceControl (281)
[2017.09.11-10.02.25:669][ 51]LogModuleManager: Shutting down and abandoning module LightPropagationVolumeEditor (278)
[2017.09.11-10.02.25:669][ 51]LogModuleManager: Shutting down and abandoning module PaperTiledImporter (276)
[2017.09.11-10.02.25:669][ 51]LogModuleManager: Shutting down and abandoning module PaperSpriteSheetImporter (274)
[2017.09.11-10.02.25:669][ 51]LogModuleManager: Shutting down and abandoning module Paper2DEditor (272)
[2017.09.11-10.02.25:700][ 51]LogModuleManager: Shutting down and abandoning module MeshPaint (271)
[2017.09.11-10.02.25:720][ 51]LogModuleManager: Shutting down and abandoning module LevelEditor (269)
[2017.09.11-10.02.25:733][ 51]LogModuleManager: Shutting down and abandoning module PixelInspectorModule (268)
[2017.09.11-10.02.25:745][ 51]LogModuleManager: Shutting down and abandoning module MainFrame (266)
[2017.09.11-10.02.25:745][ 51]LogModuleManager: Shutting down and abandoning module HotReload (265)
[2017.09.11-10.02.25:769][ 51]LogModuleManager: Shutting down and abandoning module RuntimePhysXCooking (260)
[2017.09.11-10.02.25:769][ 51]LogModuleManager: Shutting down and abandoning module PhysXVehiclesEditor (258)
[2017.09.11-10.02.25:769][ 51]LogModuleManager: Shutting down and abandoning module PhysXVehicles (256)
[2017.09.11-10.02.25:769][ 51]LogModuleManager: Shutting down and abandoning module OculusEditor (254)
[2017.09.11-10.02.25:769][ 51]LogModuleManager: Shutting down and abandoning module LocationServicesBPLibrary (252)
[2017.09.11-10.02.25:769][ 51]LogModuleManager: Shutting down and abandoning module ImmediatePhysicsEditor (250)
[2017.09.11-10.02.25:770][ 51]LogModuleManager: Shutting down and abandoning module ImmediatePhysics (248)
[2017.09.11-10.02.25:784][ 51]LogModuleManager: Shutting down and abandoning module UdpMessaging (246)
[2017.09.11-10.02.25:885][ 51]LogModuleManager: Shutting down and abandoning module TcpMessaging (244)
[2017.09.11-10.02.25:995][ 51]LogModuleManager: Shutting down and abandoning module GameplayTagsEditor (242)
[2017.09.11-10.02.26:016][ 51]LogModuleManager: Shutting down and abandoning module FacialAnimationEditor (240)
[2017.09.11-10.02.26:016][ 51]LogModuleManager: Shutting down and abandoning module FacialAnimation (238)
[2017.09.11-10.02.26:016][ 51]LogModuleManager: Shutting down and abandoning module AssetManagerEditor (236)
[2017.09.11-10.02.26:023][ 51]LogModuleManager: Shutting down and abandoning module GraphEditor (235)
[2017.09.11-10.02.26:023][ 51]LogModuleManager: Shutting down and abandoning module ContentBrowser (233)
[2017.09.11-10.02.26:025][ 51]LogModuleManager: Shutting down and abandoning module LightPropagationVolumeRuntime (230)
[2017.09.11-10.02.26:025][ 51]LogModuleManager: Shutting down and abandoning module Paper2D (228)
[2017.09.11-10.02.26:035][ 51]LogModuleManager: Shutting down and abandoning module WindowsMoviePlayer (226)
[2017.09.11-10.02.26:035][ 51]LogModuleManager: Shutting down and abandoning module WmfMedia (224)
[2017.09.11-10.02.26:035][ 51]LogModuleManager: Shutting down and abandoning module PacketHandler (222)
[2017.09.11-10.02.26:035][ 51]LogModuleManager: Shutting down and abandoning module ClothingSystemEditor (220)
[2017.09.11-10.02.26:035][ 51]LogModuleManager: Shutting down and abandoning module ClothingSystemRuntime (218)
[2017.09.11-10.02.26:042][ 51]LogModuleManager: Shutting down and abandoning module Overlay (216)
[2017.09.11-10.02.26:042][ 51]LogModuleManager: Shutting down and abandoning module OverlayEditor (215)
[2017.09.11-10.02.26:042][ 51]LogModuleManager: Shutting down and abandoning module MediaAssets (212)
[2017.09.11-10.02.26:042][ 51]LogModuleManager: Shutting down and abandoning module VREditor (210)
[2017.09.11-10.02.26:064][ 51]LogModuleManager: Shutting down and abandoning module StringTableEditor (208)
[2017.09.11-10.02.26:075][ 51]LogModuleManager: Shutting down and abandoning module GameplayTasksEditor (206)
[2017.09.11-10.02.26:075][ 51]LogModuleManager: Shutting down and abandoning module BehaviorTreeEditor (204)
[2017.09.11-10.02.26:108][ 51]LogModuleManager: Shutting down and abandoning module FunctionalTesting (202)
[2017.09.11-10.02.26:108][ 51]LogModuleManager: Shutting down and abandoning module CollisionAnalyzer (200)
[2017.09.11-10.02.26:121][ 51]LogModuleManager: Shutting down and abandoning module WorkspaceMenuStructure (199)
[2017.09.11-10.02.26:121][ 51]LogModuleManager: Shutting down and abandoning module UMG (196)
[2017.09.11-10.02.26:132][ 51]LogModuleManager: Shutting down and abandoning module UMGEditor (195)
[2017.09.11-10.02.26:167][ 51]LogModuleManager: Shutting down and abandoning module Sequencer (194)
[2017.09.11-10.02.26:178][ 51]LogModuleManager: Shutting down and abandoning module MessageLog (191)
[2017.09.11-10.02.26:178][ 51]LogModuleManager: Shutting down and abandoning module SlateReflector (186)
[2017.09.11-10.02.26:197][ 51]LogModuleManager: Shutting down and abandoning module Slate (184)
[2017.09.11-10.02.26:197][ 51]LogModuleManager: Shutting down and abandoning module EditorStyle (182)
[2017.09.11-10.02.26:200][ 51]LogModuleManager: Shutting down and abandoning module MRMesh (180)
[2017.09.11-10.02.26:200][ 51]LogModuleManager: Shutting down and abandoning module SourceCodeAccess (178)
[2017.09.11-10.02.26:200][ 51]LogModuleManager: Shutting down and abandoning module HeadMountedDisplay (176)
[2017.09.11-10.02.26:200][ 51]LogModuleManager: Shutting down and abandoning module XAudio2 (174)
[2017.09.11-10.02.26:200][ 51]LogModuleManager: Shutting down and abandoning module Networking (172)
[2017.09.11-10.02.26:200][ 51]LogModuleManager: Shutting down and abandoning module Core (168)
[2017.09.11-10.02.26:200][ 51]LogModuleManager: Shutting down and abandoning module KismetCompiler (164)
[2017.09.11-10.02.26:200][ 51]LogModuleManager: Shutting down and abandoning module LevelSequence (162)
[2017.09.11-10.02.26:200][ 51]LogModuleManager: Shutting down and abandoning module MeshUtilities (160)
[2017.09.11-10.02.26:220][ 51]LogModuleManager: Shutting down and abandoning module MeshMergeUtilities (159)
[2017.09.11-10.02.26:236][ 51]LogModuleManager: Shutting down and abandoning module MeshReductionInterface (158)
[2017.09.11-10.02.26:237][ 51]LogModuleManager: Shutting down and abandoning module SimplygonSwarm (157)
[2017.09.11-10.02.26:240][ 51]LogModuleManager: Shutting down and abandoning module SimplygonMeshReduction (155)
[2017.09.11-10.02.26:241][ 51]LogModuleManager: Shutting down and abandoning module QuadricMeshReduction (153)
[2017.09.11-10.02.26:241][ 51]LogModuleManager: Shutting down and abandoning module MaterialBaking (149)
[2017.09.11-10.02.26:250][ 51]LogModuleManager: Shutting down and abandoning module DirectoryWatcher (146)
[2017.09.11-10.02.26:254][ 51]LogModuleManager: Shutting down and abandoning module DerivedDataCache (144)
[2017.09.11-10.02.26:326][ 51]LogDerivedDataCache: Shutdown
[2017.09.11-10.02.26:391][ 51]LogModuleManager: Shutting down and abandoning module TargetPlatform (142)
[2017.09.11-10.02.26:391][ 51]LogModuleManager: Shutting down and abandoning module VulkanShaderFormat (141)
[2017.09.11-10.02.26:415][ 51]LogModuleManager: Shutting down and abandoning module ShaderFormatVectorVM (139)
[2017.09.11-10.02.26:422][ 51]LogModuleManager: Shutting down and abandoning module ShaderFormatOpenGL (137)
[2017.09.11-10.02.26:427][ 51]LogModuleManager: Shutting down and abandoning module ShaderFormatD3D (135)
[2017.09.11-10.02.26:427][ 51]LogModuleManager: Shutting down and abandoning module MetalShaderFormat (133)
[2017.09.11-10.02.26:441][ 51]LogModuleManager: Shutting down and abandoning module TextureFormatUncompressed (131)
[2017.09.11-10.02.26:441][ 51]LogModuleManager: Shutting down and abandoning module TextureFormatPVR (129)
[2017.09.11-10.02.26:441][ 51]LogModuleManager: Shutting down and abandoning module TextureFormatDXT (127)
[2017.09.11-10.02.26:441][ 51]LogModuleManager: Shutting down and abandoning module TextureFormatIntelISPCTexComp (125)
[2017.09.11-10.02.26:441][ 51]LogModuleManager: Shutting down and abandoning module TextureFormatASTC (123)
[2017.09.11-10.02.26:441][ 51]LogModuleManager: Shutting down and abandoning module ImageWrapper (122)
[2017.09.11-10.02.26:441][ 51]LogModuleManager: Shutting down and abandoning module TextureFormatAndroid (119)
[2017.09.11-10.02.26:441][ 51]LogModuleManager: Shutting down and abandoning module AudioFormatOpus (117)
[2017.09.11-10.02.26:441][ 51]LogModuleManager: Shutting down and abandoning module AudioFormatOgg (115)
[2017.09.11-10.02.26:441][ 51]LogModuleManager: Shutting down and abandoning module AudioFormatADPCM (113)
[2017.09.11-10.02.26:441][ 51]LogModuleManager: Shutting down and abandoning module LinuxTargetPlatform (111)
[2017.09.11-10.02.26:441][ 51]LogModuleManager: Shutting down and abandoning module LinuxServerTargetPlatform (109)
[2017.09.11-10.02.26:441][ 51]LogModuleManager: Shutting down and abandoning module LinuxNoEditorTargetPlatform (107)
[2017.09.11-10.02.26:441][ 51]LogModuleManager: Shutting down and abandoning module LinuxClientTargetPlatform (105)
[2017.09.11-10.02.26:441][ 51]LogModuleManager: Shutting down and abandoning module TVOSTargetPlatform (103)
[2017.09.11-10.02.26:441][ 51]LogModuleManager: Shutting down and abandoning module Messaging (101)
[2017.09.11-10.02.26:442][ 51]LogModuleManager: Shutting down and abandoning module IOSTargetPlatform (99)
[2017.09.11-10.02.26:442][ 51]LogModuleManager: Shutting down and abandoning module HTML5TargetPlatform (97)
[2017.09.11-10.02.26:442][ 51]LogModuleManager: Shutting down and abandoning module Android_PVRTCTargetPlatform (95)
[2017.09.11-10.02.26:442][ 51]LogModuleManager: Shutting down and abandoning module Android_MultiTargetPlatform (93)
[2017.09.11-10.02.26:442][ 51]LogModuleManager: Shutting down and abandoning module Android_ETC2TargetPlatform (91)
[2017.09.11-10.02.26:442][ 51]LogModuleManager: Shutting down and abandoning module Android_ETC1TargetPlatform (89)
[2017.09.11-10.02.26:442][ 51]LogModuleManager: Shutting down and abandoning module Android_DXTTargetPlatform (87)
[2017.09.11-10.02.26:442][ 51]LogModuleManager: Shutting down and abandoning module Android_ATCTargetPlatform (85)
[2017.09.11-10.02.26:442][ 51]LogModuleManager: Shutting down and abandoning module Android_ASTCTargetPlatform (83)
[2017.09.11-10.02.26:442][ 51]LogModuleManager: Shutting down and abandoning module AndroidTargetPlatform (81)
[2017.09.11-10.02.26:442][ 51]LogModuleManager: Shutting down and abandoning module WindowsTargetPlatform (79)
[2017.09.11-10.02.26:442][ 51]LogModuleManager: Shutting down and abandoning module WindowsServerTargetPlatform (77)
[2017.09.11-10.02.26:442][ 51]LogModuleManager: Shutting down and abandoning module WindowsNoEditorTargetPlatform (75)
[2017.09.11-10.02.26:442][ 51]LogModuleManager: Shutting down and abandoning module WindowsClientTargetPlatform (73)
[2017.09.11-10.02.26:442][ 51]LogModuleManager: Shutting down and abandoning module MacTargetPlatform (71)
[2017.09.11-10.02.26:442][ 51]LogModuleManager: Shutting down and abandoning module MacServerTargetPlatform (69)
[2017.09.11-10.02.26:442][ 51]LogModuleManager: Shutting down and abandoning module MacNoEditorTargetPlatform (67)
[2017.09.11-10.02.26:442][ 51]LogModuleManager: Shutting down and abandoning module MacClientTargetPlatform (65)
[2017.09.11-10.02.26:442][ 51]LogModuleManager: Shutting down and abandoning module AllDesktopTargetPlatform (63)
[2017.09.11-10.02.26:442][ 51]LogModuleManager: Shutting down and abandoning module InputCore (60)
[2017.09.11-10.02.26:442][ 51]LogModuleManager: Shutting down and abandoning module Settings (58)
[2017.09.11-10.02.26:442][ 51]LogModuleManager: Shutting down and abandoning module PhysXCooking (56)
[2017.09.11-10.02.26:442][ 51]LogModuleManager: Shutting down and abandoning module SteamVR (54)
[2017.09.11-10.02.26:442][ 51]LogModuleManager: Shutting down and abandoning module OculusHMD (52)
[2017.09.11-10.02.26:459][ 51]LogModuleManager: Shutting down and abandoning module ExampleDeviceProfileSelector (50)
[2017.09.11-10.02.26:459][ 51]LogModuleManager: Shutting down and abandoning module OnlineBlueprintSupport (48)
[2017.09.11-10.02.26:459][ 51]LogModuleManager: Shutting down and abandoning module OnlineSubsystem (44)
[2017.09.11-10.02.26:459][ 51]LogOnline: Display: Unloading online subsystem: NULL
[2017.09.11-10.02.26:474][ 51]LogModuleManager: Shutting down and abandoning module XMPP (43)
[2017.09.11-10.02.26:491][ 51]LogModuleManager: Shutting down and abandoning module HTTP (41)
[2017.09.11-10.02.26:491][ 51]LogHttp: Display: Http module shutting down, but needs to wait on 1 outstanding Http requests:
[2017.09.11-10.02.26:491][ 51]LogHttp: Display: 	verb=[POST] url=[https://datarouter.ol.epicgames.com/datarouter/api/v1/public/data?SessionID=%7B7BAA9FE4-4770-0205-5DA4-23990A6D44E8%7D&AppID=UEEditor.Rocket.Release&AppVersion=4.17.1-3586342%2B%2B%2BUE4%2BRelease-4.17&UserID=2b4b9104449ff9352e6e79a22565f81d%7C7c7d6b3990ad4a62a4d878ae6b0c72dd%7Cdff5993a-bb95-44de-bad5-df2ac76192ca&AppEnvironment=datacollector-binary&UploadType=eteventstream] status=Processing
[2017.09.11-10.02.26:505][ 51]LogModuleManager: Shutting down and abandoning module SSL (40)
[2017.09.11-10.02.26:519][ 51]LogModuleManager: Shutting down and abandoning module AnimationModifiers (36)
[2017.09.11-10.02.26:529][ 51]LogModuleManager: Shutting down and abandoning module PropertyEditor (35)
[2017.09.11-10.02.26:529][ 51]LogModuleManager: Shutting down and abandoning module AudioEditor (32)
[2017.09.11-10.02.26:576][ 51]LogModuleManager: Shutting down and abandoning module TextureCompressor (30)
[2017.09.11-10.02.26:576][ 51]LogModuleManager: Shutting down and abandoning module ShaderCore (28)
[2017.09.11-10.02.26:576][ 51]LogModuleManager: Shutting down and abandoning module Landscape (26)
[2017.09.11-10.02.26:576][ 51]LogModuleManager: Shutting down and abandoning module SlateRHIRenderer (24)
[2017.09.11-10.02.26:602][ 51]LogModuleManager: Shutting down and abandoning module OpenGLDrv (22)
[2017.09.11-10.02.26:613][ 51]LogModuleManager: Shutting down and abandoning module D3D11RHI (20)
[2017.09.11-10.02.26:613][ 51]LogModuleManager: Shutting down and abandoning module AnimGraphRuntime (18)
[2017.09.11-10.02.26:623][ 51]LogModuleManager: Shutting down and abandoning module Renderer (16)
[2017.09.11-10.02.26:623][ 51]LogModuleManager: Shutting down and abandoning module Engine (14)
[2017.09.11-10.02.26:623][ 51]LogModuleManager: Shutting down and abandoning module CoreUObject (12)
[2017.09.11-10.02.26:623][ 51]LogModuleManager: Shutting down and abandoning module NetworkFile (10)
[2017.09.11-10.02.26:623][ 51]LogModuleManager: Shutting down and abandoning module CookedIterativeFile (8)
[2017.09.11-10.02.26:623][ 51]LogModuleManager: Shutting down and abandoning module StreamingFile (6)
[2017.09.11-10.02.26:623][ 51]LogModuleManager: Shutting down and abandoning module SandboxFile (4)
[2017.09.11-10.02.26:623][ 51]LogModuleManager: Shutting down and abandoning module PakFile (2)
[2017.09.11-10.02.26:651][ 51]LogExit: Exiting.
[2017.09.11-10.02.26:683][ 51]Log file closed, 09/11/17 19:02:26
