Log file open, 12/26/17 12:57:02
LogWindows: LoadLibraryWithSearchPaths failed for file aqProf.dll. GetLastError=0
LogWindows: LoadLibraryWithSearchPaths failed for file VtuneApi.dll. GetLastError=0
LogWindows: LoadLibraryWithSearchPaths failed for file VtuneApi32e.dll. GetLastError=0
LogInit: Display: Running engine for game: Berserker
LogPlatformFile: Not using cached read wrapper
LogInit: Display: RandInit(563630929) SRandInit(563630929).
LogTaskGraph: Started task graph with 5 named threads and 14 total threads with 3 sets of task threads.
LogStats: Stats thread started at 0.272639
LogD3D11RHI: Aftermath initialized
LogPluginManager: Mounting plugin Paper2D
LogPluginManager: Mounting plugin LightPropagationVolume
LogPluginManager: Mounting plugin CodeLiteSourceCodeAccess
LogPluginManager: Mounting plugin GitSourceControl
LogPluginManager: Mounting plugin KDevelopSourceCodeAccess
LogPluginManager: Mounting plugin NullSourceCodeAccess
LogPluginManager: Mounting plugin PerforceSourceControl
LogPluginManager: Mounting plugin SubversionSourceControl
LogPluginManager: Mounting plugin UObjectPlugin
LogPluginManager: Mounting plugin VisualStudioSourceCodeAccess
LogPluginManager: Mounting plugin XCodeSourceCodeAccess
LogPluginManager: Mounting plugin AssetManagerEditor
LogPluginManager: Mounting plugin AudioCapture
LogPluginManager: Mounting plugin FacialAnimation
LogPluginManager: Mounting plugin GameplayTagsEditor
LogPluginManager: Mounting plugin MobileLauncherProfileWizard
LogPluginManager: Mounting plugin PluginBrowser
LogPluginManager: Mounting plugin SpeedTreeImporter
LogPluginManager: Mounting plugin AlembicImporter
LogPluginManager: Mounting plugin CharacterAI
LogPluginManager: Mounting plugin HTML5Networking
LogPluginManager: Mounting plugin AndroidMedia
LogPluginManager: Mounting plugin AvfMedia
LogPluginManager: Mounting plugin MediaPlayerEditor
LogPluginManager: Mounting plugin WmfMedia
LogPluginManager: Mounting plugin TcpMessaging
LogPluginManager: Mounting plugin UdpMessaging
LogPluginManager: Mounting plugin LevelSequenceEditor
LogPluginManager: Mounting plugin MatineeToLevelSequence
LogPluginManager: Mounting plugin OnlineSubsystemGooglePlay
LogPluginManager: Mounting plugin OnlineSubsystemIOS
LogPluginManager: Mounting plugin OnlineSubsystem
LogPluginManager: Mounting plugin OnlineSubsystemNull
LogPluginManager: Mounting plugin OnlineSubsystemUtils
LogPluginManager: Mounting plugin AndroidDeviceProfileSelector
LogPluginManager: Mounting plugin AndroidMoviePlayer
LogPluginManager: Mounting plugin AndroidPermission
LogPluginManager: Mounting plugin AppleMoviePlayer
LogPluginManager: Mounting plugin ArchVisCharacter
LogPluginManager: Mounting plugin CableComponent
LogPluginManager: Mounting plugin CustomMeshComponent
LogPluginManager: Mounting plugin ExampleDeviceProfileSelector
LogPluginManager: Mounting plugin GoogleCloudMessaging
LogPluginManager: Mounting plugin ImmediatePhysics
LogPluginManager: Mounting plugin IOSDeviceProfileSelector
LogPluginManager: Mounting plugin LinuxDeviceProfileSelector
LogPluginManager: Mounting plugin LocationServicesBPLibrary
LogPluginManager: Mounting plugin MobilePatchingUtils
LogPluginManager: Mounting plugin OculusVR
LogPluginManager: Mounting plugin PhysXVehicles
LogPluginManager: Mounting plugin ProceduralMeshComponent
LogPluginManager: Mounting plugin RuntimePhysXCooking
LogPluginManager: Mounting plugin SteamVR
LogPluginManager: Mounting plugin WindowsMoviePlayer
LogInit: Using libcurl 7.47.1
LogInit:  - built for x86_64-pc-win32
LogInit:  - supports SSL with OpenSSL/1.0.2g
LogInit:  - supports HTTP deflate (compression) using libz 1.2.8
LogInit:  - other features:
LogInit:      CURL_VERSION_SSL
LogInit:      CURL_VERSION_LIBZ
LogInit:      CURL_VERSION_IPV6
LogInit:      CURL_VERSION_ASYNCHDNS
LogInit:      CURL_VERSION_LARGEFILE
LogInit:      CURL_VERSION_IDN
LogInit:  CurlRequestOptions (configurable via config and command line):
LogInit:  - bVerifyPeer = false  - Libcurl will NOT verify peer certificate
LogInit:  - bUseHttpProxy = false  - Libcurl will NOT use HTTP proxy
LogInit:  - bDontReuseConnections = false  - Libcurl will reuse connections
LogInit:  - CertBundlePath = nullptr  - Libcurl will use whatever was configured at build time.
LogInit: Build: ++UE4+Release-4.17-CL-3586342
LogInit: Engine Version: 4.17.1-3586342+++UE4+Release-4.17
LogInit: Compatible Engine Version: 4.17.0-3573198+++UE4+Release-4.17
LogInit: Net CL: 3573198
LogDevObjectVersion: Number of dev versions registered: 16
LogDevObjectVersion:   Dev-Blueprints (B0D832E4-1F89-4F0D-ACCF-7EB736FD4AA2): 10
LogDevObjectVersion:   Dev-Build (E1C64328-A22C-4D53-A36C-8E866417BD8C): 0
LogDevObjectVersion:   Dev-Core (375EC13C-06E4-48FB-B500-84F0262A717E): 2
LogDevObjectVersion:   Dev-Editor (E4B068ED-F494-42E9-A231-DA0B2E46BB41): 20
LogDevObjectVersion:   Dev-Framework (CFFC743F-43B0-4480-9391-14DF171D2073): 28
LogDevObjectVersion:   Dev-Mobile (B02B49B5-BB20-44E9-A304-32B752E40360): 0
LogDevObjectVersion:   Dev-Networking (A4E4105C-59A1-49B5-A7C5-40C4547EDFEE): 0
LogDevObjectVersion:   Dev-Online (39C831C9-5AE6-47DC-9A44-9C173E1C8E7C): 0
LogDevObjectVersion:   Dev-Physics (78F01B33-EBEA-4F98-B9B4-84EACCB95AA2): 0
LogDevObjectVersion:   Dev-Platform (6631380F-2D4D-43E0-8009-CF276956A95A): 0
LogDevObjectVersion:   Dev-Rendering (12F88B9F-8875-4AFC-A67C-D90C383ABD29): 19
LogDevObjectVersion:   Dev-Sequencer (7B5AE74C-D270-4C10-A958-57980B212A5A): 4
LogDevObjectVersion:   Dev-VR (D7296918-1DD6-4BDD-9DE2-64A83CC13884): 0
LogDevObjectVersion:   Dev-LoadTimes (C2A15278-BFE7-4AFE-6C17-90FF531DF755): 1
LogDevObjectVersion:   Private-Geometry (6EACA3D4-40EC-4CC1-B786-8BED09428FC5): 1
LogDevObjectVersion:   Dev-AnimPhys (29E575DD-E0A3-4627-9D10-D276232CDCEA): 7
LogInit: Compiled (64-bit): Aug 15 2017 02:05:26
LogInit: Compiled with Visual C++: 19.00.24215.01
LogInit: Build Configuration: Development
LogInit: Branch Name: ++UE4+Release-4.17
LogInit: Command line:  
LogInit: Base directory: D:/UnrealEngine/UE_4.17/Engine/Binaries/Win64/
LogInit: Installed Engine Build: 1
LogInit: Presizing for max 8388607 objects, including 0 objects not considered by GC, pre-allocating 0 bytes for permanent pool.
LogInit: Object subsystem initialized
[2017.12.26-03.57.04:887][  0]LogInit: Selected Device Profile: [Windows]
[2017.12.26-03.57.04:887][  0]LogInit: Applying CVar settings loaded from the selected device profile: [Windows]
[2017.12.26-03.57.05:143][  0]LogInit: Computer: DESKTOP-6JOGDQL
[2017.12.26-03.57.05:143][  0]LogInit: User: JWOH
[2017.12.26-03.57.05:143][  0]LogInit: CPU Page size=4096, Cores=4
[2017.12.26-03.57.05:143][  0]LogInit: High frequency timer resolution =2.531248 MHz
[2017.12.26-03.57.05:143][  0]LogMemory: Memory total: Physical=7.9GB (8GB approx)
[2017.12.26-03.57.05:155][  0]LogMemory: Platform Memory Stats for Windows
[2017.12.26-03.57.05:155][  0]LogMemory: Process Physical Memory: 282.87 MB used, 282.87 MB peak
[2017.12.26-03.57.05:155][  0]LogMemory: Process Virtual Memory: 293.43 MB used, 293.43 MB peak
[2017.12.26-03.57.05:155][  0]LogMemory: Physical Memory: 3144.71 MB used,  4910.95 MB free, 8055.66 MB total
[2017.12.26-03.57.05:155][  0]LogMemory: Virtual Memory: 688.29 MB used,  4910.95 MB free, 134217728.00 MB total
[2017.12.26-03.57.06:641][  0]LogInit: Using OS detected language (ko-KR).
[2017.12.26-03.57.06:641][  0]LogInit: Using OS detected locale (ko-KR).
[2017.12.26-03.57.06:908][  0]LogTextLocalizationManager: No specific localization for 'ko-KR' exists, so the 'ko' localization will be used.
[2017.12.26-03.57.11:623][  0]LogD3D11RHI: D3D11 adapters:
[2017.12.26-03.57.12:012][  0]LogD3D11RHI:    0. 'NVIDIA GeForce GTX 960M' (Feature Level 11_0)
[2017.12.26-03.57.12:012][  0]LogD3D11RHI:       2019/0/4027 MB DedicatedVideo/DedicatedSystem/SharedSystem, Outputs:1, VendorId:0x10de
[2017.12.26-03.57.12:040][  0]LogD3D11RHI:    1. 'Intel(R) HD Graphics 530' (Feature Level 11_0)
[2017.12.26-03.57.12:040][  0]LogD3D11RHI:       128/0/4027 MB DedicatedVideo/DedicatedSystem/SharedSystem, Outputs:0, VendorId:0x8086
[2017.12.26-03.57.12:042][  0]LogD3D11RHI:    2. 'Microsoft Basic Render Driver' (Feature Level 11_0)
[2017.12.26-03.57.12:042][  0]LogD3D11RHI:       0/0/4027 MB DedicatedVideo/DedicatedSystem/SharedSystem, Outputs:0, VendorId:0x1414
[2017.12.26-03.57.12:042][  0]LogD3D11RHI: Chosen D3D11 Adapter: 0
[2017.12.26-03.57.12:061][  0]LogD3D11RHI: Creating new Direct3DDevice
[2017.12.26-03.57.12:062][  0]LogD3D11RHI:     GPU DeviceId: 0x139b (for the marketing name, search the web for "GPU Device Id")
[2017.12.26-03.57.12:062][  0]LogWindows: EnumDisplayDevices:
[2017.12.26-03.57.12:062][  0]LogWindows:    0. 'Intel(R) HD Graphics 530' (P:1 D:1)
[2017.12.26-03.57.12:063][  0]LogWindows:    1. 'Intel(R) HD Graphics 530' (P:0 D:0)
[2017.12.26-03.57.12:063][  0]LogWindows:    2. 'Intel(R) HD Graphics 530' (P:0 D:0)
[2017.12.26-03.57.12:064][  0]LogWindows: DebugString: PrimaryIsNotTheChoosenAdapter PrimaryIsNotTheChoosenAdapter PrimaryIsNotTheChoosenAdapter FoundDriverCount:0 
[2017.12.26-03.57.12:064][  0]LogD3D11RHI:     Adapter Name: NVIDIA GeForce GTX 960M
[2017.12.26-03.57.12:064][  0]LogD3D11RHI:   Driver Version: Unknown (internal:Unknown, unified:Unknown)
[2017.12.26-03.57.12:064][  0]LogD3D11RHI:      Driver Date: Unknown
[2017.12.26-03.57.12:064][  0]LogRHI: Texture pool is 1361 MB (70% of 1945 MB)
[2017.12.26-03.57.12:107][  0]LogD3D11RHI: Async texture creation enabled
[2017.12.26-03.57.12:568][  0]LogD3D11RHI: GPU Timing Frequency: 1000.000000 (Debug: 2 1)
[2017.12.26-03.57.12:686][  0]LogShaderCompilers: Guid format shader working directory is -13 characters bigger than the processId version (../../../../../NewGarden/GardenProject/NGA/Project/Berserker/Intermediate/Shaders/WorkingDirectory/5276/).
[2017.12.26-03.57.12:687][  0]LogShaderCompilers: Cleaned the shader compiler working directory 'C:/Users/J.W OH/AppData/Local/Temp/UnrealShaderWorkingDir/61838D734CD14248FF3AA0BAB585FB65/'.
[2017.12.26-03.57.12:698][  0]LogShaderCompilers: Display: Using Local Shader Compiler.
[2017.12.26-03.57.17:269][  0]LogTemp: Display: Loaded TP AllDesktopTargetPlatform
[2017.12.26-03.57.17:308][  0]LogTemp: Display: Loaded TP MacClientTargetPlatform
[2017.12.26-03.57.17:347][  0]LogTemp: Display: Loaded TP MacNoEditorTargetPlatform
[2017.12.26-03.57.17:388][  0]LogTemp: Display: Loaded TP MacServerTargetPlatform
[2017.12.26-03.57.17:473][  0]LogTemp: Display: Loaded TP MacTargetPlatform
[2017.12.26-03.57.17:517][  0]LogTemp: Display: Loaded TP WindowsClientTargetPlatform
[2017.12.26-03.57.17:558][  0]LogTemp: Display: Loaded TP WindowsNoEditorTargetPlatform
[2017.12.26-03.57.17:599][  0]LogTemp: Display: Loaded TP WindowsServerTargetPlatform
[2017.12.26-03.57.17:637][  0]LogTemp: Display: Loaded TP WindowsTargetPlatform
[2017.12.26-03.57.17:725][  0]LogTemp: Display: Loaded TP AndroidTargetPlatform
[2017.12.26-03.57.17:768][  0]LogTemp: Display: Loaded TP Android_ASTCTargetPlatform
[2017.12.26-03.57.17:810][  0]LogTemp: Display: Loaded TP Android_ATCTargetPlatform
[2017.12.26-03.57.17:851][  0]LogTemp: Display: Loaded TP Android_DXTTargetPlatform
[2017.12.26-03.57.17:895][  0]LogTemp: Display: Loaded TP Android_ETC1TargetPlatform
[2017.12.26-03.57.17:934][  0]LogTemp: Display: Loaded TP Android_ETC2TargetPlatform
[2017.12.26-03.57.18:010][  0]LogTemp: Display: Loaded TP Android_MultiTargetPlatform
[2017.12.26-03.57.18:010][  0]LogTemp: Display: Loaded TP Android_PVRTCTargetPlatform
[2017.12.26-03.57.18:040][  0]LogTemp: Display: Loaded TP HTML5TargetPlatform
[2017.12.26-03.57.18:215][  0]LogTemp: Display: Loaded TP IOSTargetPlatform
[2017.12.26-03.57.18:241][  0]LogTemp: Display: Loaded TP TVOSTargetPlatform
[2017.12.26-03.57.18:283][  0]LogTemp: Display: Loaded TP LinuxClientTargetPlatform
[2017.12.26-03.57.18:324][  0]LogTemp: Display: Loaded TP LinuxNoEditorTargetPlatform
[2017.12.26-03.57.18:362][  0]LogTemp: Display: Loaded TP LinuxServerTargetPlatform
[2017.12.26-03.57.18:453][  0]LogTemp: Display: Loaded TP LinuxTargetPlatform
[2017.12.26-03.57.18:453][  0]LogTargetPlatformManager: Display: Building Assets For Windows
[2017.12.26-03.57.19:859][  0]LogDerivedDataCache: Display: Max Cache Size: 512 MB
[2017.12.26-03.57.20:255][  0]LogDerivedDataCache: Loaded boot cache 0.40s 93MB C:/Users/J.W OH/AppData/Local/UnrealEngine/4.17/DerivedDataCache/Boot.ddc.
[2017.12.26-03.57.20:255][  0]LogDerivedDataCache: Display: Loaded Boot cache: C:/Users/J.W OH/AppData/Local/UnrealEngine/4.17/DerivedDataCache/Boot.ddc
[2017.12.26-03.57.20:256][  0]LogDerivedDataCache: FDerivedDataBackendGraph:  Pak pak cache file ../../../../../NewGarden/GardenProject/NGA/Project/Berserker/DerivedDataCache/DDC.ddp not found, will not use a pak cache.
[2017.12.26-03.57.20:256][  0]LogDerivedDataCache: Unable to find inner node Pak for hierarchical cache Hierarchy.
[2017.12.26-03.57.20:256][  0]LogDerivedDataCache: FDerivedDataBackendGraph:  CompressedPak pak cache file ../../../../../NewGarden/GardenProject/NGA/Project/Berserker/DerivedDataCache/Compressed.ddp not found, will not use a pak cache.
[2017.12.26-03.57.20:256][  0]LogDerivedDataCache: Unable to find inner node CompressedPak for hierarchical cache Hierarchy.
[2017.12.26-03.57.20:372][  0]LogDerivedDataCache: Display: Pak cache opened for reading ../../../Engine/DerivedDataCache/Compressed.ddp.
[2017.12.26-03.57.20:384][  0]LogDerivedDataCache: Using Local data cache path C:/Users/J.W OH/AppData/Local/UnrealEngine/Common/DerivedDataCache: Writable
[2017.12.26-03.57.20:466][  0]LogMaterial: Verifying Global Shaders for PCD3D_SM5
[2017.12.26-03.57.20:549][  0]LogSlate: Using Freetype 2.6.0
[2017.12.26-03.57.20:645][  0]LogSlate: SlateFontCache - WITH_FREETYPE: 1, WITH_HARFBUZZ: 1
[2017.12.26-03.57.20:661][  0]LogSlate: SlateFontCache - WITH_FREETYPE: 1, WITH_HARFBUZZ: 1
[2017.12.26-03.57.30:379][  0]LogAssetRegistry: FAssetRegistry took 0.0839 seconds to start up
[2017.12.26-03.57.35:404][  0]LogInit: Selected Device Profile: [Windows]
[2017.12.26-03.57.43:955][  0]LogContentStreaming: Texture pool size is 0.00 MB
[2017.12.26-03.57.44:840][  0]LogSimplygon: Simplygon DLL not present - disabling.
[2017.12.26-03.57.44:891][  0]LogMeshReduction: Using SimplygonSwarm for distributed automatic mesh merging
[2017.12.26-03.57.44:898][  0]LogMeshReduction: Using QuadricMeshReduction for automatic static mesh reduction
[2017.12.26-03.57.44:898][  0]LogMeshReduction: No automatic skeletal mesh reduction module available
[2017.12.26-03.57.44:898][  0]LogMeshReduction: No automatic mesh merging module available
[2017.12.26-03.57.44:898][  0]LogMeshMerging: No automatic mesh merging module available
[2017.12.26-03.57.49:005][  0]LogNetVersion: Berserker , NetCL: 3573198, EngineNetVer: 2, GameNetVer: 0 (Checksum: 408643392)
[2017.12.26-03.57.51:181][  0]LogPackageLocalizationCache: Processed 5 localized package path(s) for 2 prioritized culture(s) in 0.191508 seconds
[2017.12.26-03.57.51:207][  0]LogUObjectArray: 35825 objects as part of root set at end of initial load.
[2017.12.26-03.57.51:207][  0]LogUObjectAllocator: 7529104 out of 0 bytes used by permanent object pool.
[2017.12.26-03.57.51:207][  0]LogUObjectArray: CloseDisregardForGC: 0/0 objects in disregard for GC pool
[2017.12.26-03.57.51:256][  0]LogInit: WinSock: version 1.1 (2.2), MaxSocks=32767, MaxUdp=65467
[2017.12.26-03.58.09:269][  0]LogTcpMessaging: Initializing TcpMessaging bridge
[2017.12.26-03.58.09:317][  0]LogUdpMessaging: Initializing bridge on interface 0.0.0.0:0 to multicast group 230.0.0.1:6666.
[2017.12.26-03.58.10:959][  0]LogMaterial: Uniform references updated for custom material expression Custom.
[2017.12.26-03.58.11:776][  0]SourceControl: 소스 콘트롤이 꺼졌습니다.
[2017.12.26-03.58.11:776][  0]SourceControl: 소스 콘트롤이 꺼졌습니다.
[2017.12.26-03.58.11:885][  0]SourceControl: 소스 콘트롤이 꺼졌습니다.
[2017.12.26-03.58.11:940][  0]SourceControl: 소스 콘트롤이 꺼졌습니다.
[2017.12.26-03.58.12:815][  0]LogAndroidPermission: UAndroidPermissionCallbackProxy::GetInstance
[2017.12.26-03.58.13:015][  0]LogOcInput: OculusInput pre-init called
[2017.12.26-03.58.13:810][  0]LogEngine: Initializing Engine...
[2017.12.26-03.58.13:853][  0]LogHMD: Failed to initialize OpenVR with code 110
[2017.12.26-03.58.14:759][  0]LogStats: UGameplayTagsManager::ConstructGameplayTagTree: Construct from data asset -  0.000 s
[2017.12.26-03.58.14:760][  0]LogStats: UGameplayTagsManager::ConstructGameplayTagTree: GameplayTagTreeChangedEvent.Broadcast -  0.001 s
[2017.12.26-03.58.15:285][  0]LogAIModule: Creating AISystem for world Untitled
[2017.12.26-03.58.15:438][  0]LogInit: XAudio2 using '스피커(Realtek High Definition Audio(SST))' : 2 channels at 48 kHz using 32 bits per sample (channel mask 0x3)
[2017.12.26-03.58.16:048][  0]LogInit: FAudioDevice initialized.
[2017.12.26-03.58.16:180][  0]LogDerivedDataCache: Saved boot cache 0.13s 93MB C:/Users/J.W OH/AppData/Local/UnrealEngine/4.17/DerivedDataCache/Boot.ddc.
[2017.12.26-03.58.16:216][  0]LogInit: Texture streaming: Enabled
[2017.12.26-03.58.16:393][  0]LogEngineSessionManager: EngineSessionManager initialized
[2017.12.26-03.58.17:520][  0]LogInit: Transaction tracking system initialized
[2017.12.26-03.58.19:365][  0]BlueprintLog: New page: 에디터 로드
[2017.12.26-03.58.24:690][  0]LocalizationService: 현지화 서비스가 비활성화되었습니다.
[2017.12.26-03.58.28:454][  0]LogConsoleResponse: Display: 
[2017.12.26-03.58.37:626][  0]LogFileCache: Scanning file cache for directory 'D:/NewGarden/GardenProject/NGA/Project/Berserker/Content/' took 0.35s
[2017.12.26-03.58.37:626][  0]LogCook: Display: Max memory allowance for cook 16384mb min free memory 0mb
[2017.12.26-03.58.37:626][  0]LogCook: Display: Mobile HDR setting 1
[2017.12.26-03.58.37:845][  0]LogGameplayTags: Display: UGameplayTagsManager::DoneAddingNativeTags. DelegateIsBound: 0
[2017.12.26-03.58.46:705][  0]SourceControl: 소스 콘트롤이 꺼졌습니다.
[2017.12.26-03.58.46:894][  0]Cmd: MAP LOAD FILE="../../../../../NewGarden/GardenProject/NGA/Project/Berserker/Content/GameLevel.umap" TEMPLATE=0 SHOWPROGRESS=1 FEATURELEVEL=3
[2017.12.26-03.58.47:521][  0]LightingResults: New page: 라이팅 빌드
[2017.12.26-03.58.48:365][  0]MapCheck: New page: 맵 체크
[2017.12.26-03.58.48:365][  0]LightingResults: New page: 라이팅 빌드
[2017.12.26-03.59.52:502][  0]LogClothingAssetFactory: Finished physical mesh import
[2017.12.26-03.59.52:503][  0]LogClothingAssetFactory: Finished physical mesh import
[2017.12.26-03.59.52:570][  0]LogActorComponent: ReregisterComponent: (/Game/GameLevel.GameLevel:PersistentLevel.flag_real7.SkeletalMeshComponent0) Not currently registered. Aborting.
[2017.12.26-03.59.52:570][  0]LogActorComponent: ReregisterComponent: (/Game/GameLevel.GameLevel:PersistentLevel.flag_real7.SkeletalMeshComponent0) Not currently registered. Aborting.
[2017.12.26-03.59.53:132][  0]LogAIModule: Creating AISystem for world GameLevel
[2017.12.26-03.59.53:662][  0]AnimBlueprint: Warning: 슬롯노드: PlayerCharacterAnim_BP_C 애니메이션 인스턴트 클래스의 'DefaultSlot' 는 이미 존재합니다. 이 클래스의 애니메이션 그래프에서 중복을 제거하세요.
[2017.12.26-03.59.53:870][  0]LogEditorServer: Finished looking for orphan Actors (0.000 secs)
[2017.12.26-03.59.54:327][  0]Cmd: MAP CHECKDEP NOCLEARLOG
[2017.12.26-03.59.54:452][  0]MapCheck: 맵 체크 완료: 오류 0 회, 경고 0 회, 소요 시간 124.301ms.
[2017.12.26-03.59.54:452][  0]LogFileHelpers: Loading map 'GameLevel' took 67.632
[2017.12.26-03.59.59:851][  0]LogCollectionManager: Loaded 0 collections in 0.001212 seconds
[2017.12.26-04.00.00:087][  0]LogFileCache: Scanning file cache for directory 'D:/NewGarden/GardenProject/NGA/Project/Berserker/Saved/Collections/' took 0.01s
[2017.12.26-04.00.00:087][  0]LogFileCache: Scanning file cache for directory 'D:/NewGarden/GardenProject/NGA/Project/Berserker/Content/Developers/JWOH/Collections/' took 0.01s
[2017.12.26-04.00.00:087][  0]LogFileCache: Scanning file cache for directory 'D:/NewGarden/GardenProject/NGA/Project/Berserker/Content/Collections/' took 0.01s
[2017.12.26-04.00.00:087][  0]LogCollectionManager: Rebuilt the GUID cache for 0 collections in 0.000000 seconds
[2017.12.26-04.00.00:229][  0]LogContentBrowser: Native class hierarchy populated in 0.0602 seconds. Added 2386 classes and 500 folders.
[2017.12.26-04.00.00:440][  0]LogContentBrowser: Native class hierarchy updated for 'WidgetCarousel' in 0.0009 seconds. Added 0 classes and 0 folders.
[2017.12.26-04.00.02:376][  0]LogContentBrowser: Native class hierarchy updated for 'AddContentDialog' in 0.0008 seconds. Added 0 classes and 0 folders.
[2017.12.26-04.00.02:971][  0]LogContentBrowser: Native class hierarchy updated for 'SceneOutliner' in 0.0015 seconds. Added 1 classes and 2 folders.
[2017.12.26-04.00.06:262][  0]LogSlate: Took 0.058294 seconds to synchronously load lazily loaded font '../../../Engine/Content/Slate/Fonts/Roboto-Regular.ttf' (155K)
[2017.12.26-04.00.06:357][  0]LogSlate: Took 0.080514 seconds to synchronously load lazily loaded font '../../../Engine/Content/Slate/Fonts/NanumGothic.ttf' (4243K)
[2017.12.26-04.00.06:379][  0]LogSlate: Took 0.020528 seconds to synchronously load lazily loaded font '../../../Engine/Content/Slate/Fonts/Roboto-Bold.ttf' (160K)
[2017.12.26-04.00.06:434][  0]LogSlate: Took 0.019040 seconds to synchronously load lazily loaded font '../../../Engine/Content/Editor/Slate/Fonts/FontAwesome.ttf' (139K)
[2017.12.26-04.00.06:935][  0]LogRenderer: Reallocating scene render targets to support 1208x576 Format 10 NumSamples 1 (Frame:1).
[2017.12.26-04.00.07:346][  0]LogSlate: Took 0.025459 seconds to synchronously load lazily loaded font '../../../Engine/Content/Slate/Fonts/Roboto-Light.ttf' (159K)
[2017.12.26-04.00.07:870][  0]LogContentBrowser: Native class hierarchy updated for 'HierarchicalLODOutliner' in 0.0007 seconds. Added 1 classes and 2 folders.
[2017.12.26-04.00.07:870][  0]LogLoad: (Engine Initialization) Total time: 192.72 seconds
[2017.12.26-04.00.07:870][  0]LogLoad: (Engine Initialization) Total Blueprint compile time: 0.00 seconds
[2017.12.26-04.00.07:879][  0]LogExternalProfiler: Found external profiler: VSPerf
[2017.12.26-04.00.07:879][  0]LogExternalProfiler: Using external profiler: VSPerf
[2017.12.26-04.00.08:372][  0]LogContentStreaming: Texture pool size now 1000 MB
[2017.12.26-04.00.09:231][  3]LogAssetRegistry: Asset discovery search completed in 158.8866 seconds
[2017.12.26-04.00.09:234][  3]LogCollectionManager: Rebuilt the object cache for 0 collections in 0.000000 seconds (found 0 objects)
[2017.12.26-04.00.09:234][  3]LogCollectionManager: Fixed up redirectors for 0 collections in 0.000038 seconds (updated 0 objects)
[2017.12.26-04.01.09:247][180]LogWindowsTextInputMethodSystem: Display: IME system now activated using TSF (Microsoft 입력기).
[2017.12.26-04.01.09:609][181]Cmd: QUIT_EDITOR
[2017.12.26-04.01.09:786][181]LogExit: Preparing to exit.
[2017.12.26-04.01.10:637][181]LogDirectoryWatcher: A directory notification for 'D:/NewGarden/GardenProject/NGA/Project/Berserker/Content/' was aborted.
[2017.12.26-04.01.10:732][181]LogExit: Editor shut down
[2017.12.26-04.01.10:740][181]LogExit: Transaction tracking system shut down
[2017.12.26-04.01.10:925][181]LogDirectoryWatcher: A directory notification for '../../../Engine/Content/' was aborted.
[2017.12.26-04.01.10:925][181]LogDirectoryWatcher: A directory notification for '../../../../../NewGarden/GardenProject/NGA/Project/Berserker/Content/' was aborted.
[2017.12.26-04.01.10:925][181]LogDirectoryWatcher: A directory notification for '../../../Engine/Plugins/2D/Paper2D/Content/' was aborted.
[2017.12.26-04.01.10:925][181]LogDirectoryWatcher: A directory notification for '../../../Engine/Plugins/Runtime/Oculus/OculusVR/Content/' was aborted.
[2017.12.26-04.01.10:925][181]LogDirectoryWatcher: A directory notification for '../../../Engine/Plugins/Runtime/Steam/SteamVR/Content/' was aborted.
[2017.12.26-04.01.11:619][181]LogExit: Object subsystem successfully closed.
[2017.12.26-04.01.11:697][181]LogD3D11RHI: Shutdown
[2017.12.26-04.01.11:716][181]LogD3D11RHI: CleanupD3DDevice
[2017.12.26-04.01.11:844][181]LogD3D11RHI: ~FD3D11DynamicRHI
[2017.12.26-04.01.12:144][181]LogModuleManager: Shutting down and abandoning module HierarchicalLODOutliner (532)
[2017.12.26-04.01.12:144][181]LogModuleManager: Shutting down and abandoning module SceneOutliner (530)
[2017.12.26-04.01.12:144][181]LogModuleManager: Shutting down and abandoning module AddContentDialog (528)
[2017.12.26-04.01.12:144][181]LogDirectoryWatcher: A directory notification for 'D:/UnrealEngine/UE_4.17/FeaturePacks/' was aborted.
[2017.12.26-04.01.12:146][181]LogModuleManager: Shutting down and abandoning module WidgetCarousel (527)
[2017.12.26-04.01.12:146][181]LogModuleManager: Shutting down and abandoning module EditorWidgets (524)
[2017.12.26-04.01.12:146][181]LogModuleManager: Shutting down and abandoning module CollectionManager (522)
[2017.12.26-04.01.12:146][181]LogDirectoryWatcher: A directory notification for 'D:/NewGarden/GardenProject/NGA/Project/Berserker/Content/Collections/' was aborted.
[2017.12.26-04.01.12:146][181]LogDirectoryWatcher: A directory notification for 'D:/NewGarden/GardenProject/NGA/Project/Berserker/Content/Developers/JWOH/Collections/' was aborted.
[2017.12.26-04.01.12:146][181]LogDirectoryWatcher: A directory notification for 'D:/NewGarden/GardenProject/NGA/Project/Berserker/Saved/Collections/' was aborted.
[2017.12.26-04.01.12:147][181]LogModuleManager: Shutting down and abandoning module ClothingSystemEditorInterface (520)
[2017.12.26-04.01.12:147][181]LogModuleManager: Shutting down and abandoning module StatsViewer (518)
[2017.12.26-04.01.12:147][181]LogModuleManager: Shutting down and abandoning module FoliageEdit (516)
[2017.12.26-04.01.12:147][181]LogModuleManager: Shutting down and abandoning module LandscapeEditor (514)
[2017.12.26-04.01.12:147][181]LogModuleManager: Shutting down and abandoning module MeshPaintMode (512)
[2017.12.26-04.01.12:147][181]LogModuleManager: Shutting down and abandoning module SceneDepthPickerMode (510)
[2017.12.26-04.01.12:147][181]LogModuleManager: Shutting down and abandoning module ActorPickerMode (508)
[2017.12.26-04.01.12:147][181]LogModuleManager: Shutting down and abandoning module GeometryMode (506)
[2017.12.26-04.01.12:147][181]LogModuleManager: Shutting down and abandoning module TextureAlignMode (504)
[2017.12.26-04.01.12:147][181]LogModuleManager: Shutting down and abandoning module BspMode (502)
[2017.12.26-04.01.12:147][181]LogModuleManager: Shutting down and abandoning module PIEPreviewDeviceProfileSelector (500)
[2017.12.26-04.01.12:147][181]LogModuleManager: Shutting down and abandoning module HardwareSurvey (498)
[2017.12.26-04.01.12:147][181]LogModuleManager: Shutting down and abandoning module SequenceRecorderSections (496)
[2017.12.26-04.01.12:147][181]LogModuleManager: Shutting down and abandoning module AutomationWorker (494)
[2017.12.26-04.01.12:147][181]LogModuleManager: Shutting down and abandoning module MatineeToLevelSequence (492)
[2017.12.26-04.01.12:147][181]LogModuleManager: Shutting down and abandoning module LevelSequenceEditor (490)
[2017.12.26-04.01.12:174][181]LogModuleManager: Shutting down and abandoning module PlacementMode (489)
[2017.12.26-04.01.12:174][181]LogModuleManager: Shutting down and abandoning module WmfMediaFactory (486)
[2017.12.26-04.01.12:174][181]LogModuleManager: Shutting down and abandoning module WmfMediaEditor (484)
[2017.12.26-04.01.12:174][181]LogModuleManager: Shutting down and abandoning module AvfMediaFactory (482)
[2017.12.26-04.01.12:174][181]LogModuleManager: Shutting down and abandoning module AvfMediaEditor (480)
[2017.12.26-04.01.12:174][181]LogModuleManager: Shutting down and abandoning module AndroidMediaFactory (478)
[2017.12.26-04.01.12:174][181]LogModuleManager: Shutting down and abandoning module Media (477)
[2017.12.26-04.01.12:174][181]LogModuleManager: Shutting down and abandoning module AndroidMediaEditor (474)
[2017.12.26-04.01.12:174][181]LogModuleManager: Shutting down and abandoning module CharacterAI (472)
[2017.12.26-04.01.12:174][181]LogModuleManager: Shutting down and abandoning module AudioCapture (470)
[2017.12.26-04.01.12:174][181]LogModuleManager: Shutting down and abandoning module SequenceRecorder (469)
[2017.12.26-04.01.12:174][181]LogModuleManager: Shutting down and abandoning module SmartSnapping (466)
[2017.12.26-04.01.12:174][181]LogModuleManager: Shutting down and abandoning module SessionServices (464)
[2017.12.26-04.01.12:174][181]LogModuleManager: Shutting down and abandoning module ViewportSnapping (462)
[2017.12.26-04.01.12:174][181]LogModuleManager: Shutting down and abandoning module ViewportInteraction (460)
[2017.12.26-04.01.12:174][181]LogModuleManager: Shutting down and abandoning module ClothPainter (458)
[2017.12.26-04.01.12:186][181]LogModuleManager: Shutting down and abandoning module LogVisualizer (456)
[2017.12.26-04.01.12:186][181]LogModuleManager: Shutting down and abandoning module IntroTutorials (454)
[2017.12.26-04.01.12:186][181]LogModuleManager: Shutting down and abandoning module GameProjectGeneration (453)
[2017.12.26-04.01.12:193][181]LogModuleManager: Shutting down and abandoning module IOSPlatformEditor (450)
[2017.12.26-04.01.12:193][181]LogModuleManager: Shutting down and abandoning module HTML5PlatformEditor (448)
[2017.12.26-04.01.12:193][181]LogModuleManager: Shutting down and abandoning module AndroidPlatformEditor (446)
[2017.12.26-04.01.12:193][181]LogModuleManager: Shutting down and abandoning module AndroidDeviceDetection (445)
