Log file open, 12/19/17 01:00:10
LogWindows: LoadLibraryWithSearchPaths failed for file aqProf.dll. GetLastError=0
LogWindows: LoadLibraryWithSearchPaths failed for file VtuneApi.dll. GetLastError=0
LogWindows: LoadLibraryWithSearchPaths failed for file VtuneApi32e.dll. GetLastError=0
LogInit: Display: Running engine for game: Berserker
LogPlatformFile: Not using cached read wrapper
LogInit: Display: RandInit(147219522) SRandInit(147219522).
LogTaskGraph: Started task graph with 5 named threads and 14 total threads with 3 sets of task threads.
LogStats: Stats thread started at 0.478734
LogD3D11RHI: Aftermath initialized
LogPluginManager: Mounting plugin Paper2D
LogPluginManager: Mounting plugin LightPropagationVolume
LogPluginManager: Mounting plugin CodeLiteSourceCodeAccess
LogPluginManager: Mounting plugin GitSourceControl
LogPluginManager: Mounting plugin KDevelopSourceCodeAccess
LogPluginManager: Mounting plugin NullSourceCodeAccess
LogPluginManager: Mounting plugin PerforceSourceControl
LogPluginManager: Mounting plugin SubversionSourceControl
LogPluginManager: Mounting plugin UObjectPlugin
LogPluginManager: Mounting plugin VisualStudioSourceCodeAccess
LogPluginManager: Mounting plugin XCodeSourceCodeAccess
LogPluginManager: Mounting plugin AssetManagerEditor
LogPluginManager: Mounting plugin AudioCapture
LogPluginManager: Mounting plugin FacialAnimation
LogPluginManager: Mounting plugin GameplayTagsEditor
LogPluginManager: Mounting plugin MobileLauncherProfileWizard
LogPluginManager: Mounting plugin PluginBrowser
LogPluginManager: Mounting plugin SpeedTreeImporter
LogPluginManager: Mounting plugin AlembicImporter
LogPluginManager: Mounting plugin CharacterAI
LogPluginManager: Mounting plugin HTML5Networking
LogPluginManager: Mounting plugin AndroidMedia
LogPluginManager: Mounting plugin AvfMedia
LogPluginManager: Mounting plugin MediaPlayerEditor
LogPluginManager: Mounting plugin WmfMedia
LogPluginManager: Mounting plugin TcpMessaging
LogPluginManager: Mounting plugin UdpMessaging
LogPluginManager: Mounting plugin LevelSequenceEditor
LogPluginManager: Mounting plugin MatineeToLevelSequence
LogPluginManager: Mounting plugin OnlineSubsystemGooglePlay
LogPluginManager: Mounting plugin OnlineSubsystemIOS
LogPluginManager: Mounting plugin OnlineSubsystem
LogPluginManager: Mounting plugin OnlineSubsystemNull
LogPluginManager: Mounting plugin OnlineSubsystemUtils
LogPluginManager: Mounting plugin AndroidDeviceProfileSelector
LogPluginManager: Mounting plugin AndroidMoviePlayer
LogPluginManager: Mounting plugin AndroidPermission
LogPluginManager: Mounting plugin AppleMoviePlayer
LogPluginManager: Mounting plugin ArchVisCharacter
LogPluginManager: Mounting plugin CableComponent
LogPluginManager: Mounting plugin CustomMeshComponent
LogPluginManager: Mounting plugin ExampleDeviceProfileSelector
LogPluginManager: Mounting plugin GoogleCloudMessaging
LogPluginManager: Mounting plugin ImmediatePhysics
LogPluginManager: Mounting plugin IOSDeviceProfileSelector
LogPluginManager: Mounting plugin LinuxDeviceProfileSelector
LogPluginManager: Mounting plugin LocationServicesBPLibrary
LogPluginManager: Mounting plugin MobilePatchingUtils
LogPluginManager: Mounting plugin OculusVR
LogPluginManager: Mounting plugin PhysXVehicles
LogPluginManager: Mounting plugin ProceduralMeshComponent
LogPluginManager: Mounting plugin RuntimePhysXCooking
LogPluginManager: Mounting plugin SteamVR
LogPluginManager: Mounting plugin WindowsMoviePlayer
LogInit: Using libcurl 7.47.1
LogInit:  - built for x86_64-pc-win32
LogInit:  - supports SSL with OpenSSL/1.0.2g
LogInit:  - supports HTTP deflate (compression) using libz 1.2.8
LogInit:  - other features:
LogInit:      CURL_VERSION_SSL
LogInit:      CURL_VERSION_LIBZ
LogInit:      CURL_VERSION_IPV6
LogInit:      CURL_VERSION_ASYNCHDNS
LogInit:      CURL_VERSION_LARGEFILE
LogInit:      CURL_VERSION_IDN
LogInit:  CurlRequestOptions (configurable via config and command line):
LogInit:  - bVerifyPeer = false  - Libcurl will NOT verify peer certificate
LogInit:  - bUseHttpProxy = false  - Libcurl will NOT use HTTP proxy
LogInit:  - bDontReuseConnections = false  - Libcurl will reuse connections
LogInit:  - CertBundlePath = nullptr  - Libcurl will use whatever was configured at build time.
LogInit: Build: ++UE4+Release-4.17-CL-3586342
LogInit: Engine Version: 4.17.1-3586342+++UE4+Release-4.17
LogInit: Compatible Engine Version: 4.17.0-3573198+++UE4+Release-4.17
LogInit: Net CL: 3573198
LogDevObjectVersion: Number of dev versions registered: 16
LogDevObjectVersion:   Dev-Blueprints (B0D832E4-1F89-4F0D-ACCF-7EB736FD4AA2): 10
LogDevObjectVersion:   Dev-Build (E1C64328-A22C-4D53-A36C-8E866417BD8C): 0
LogDevObjectVersion:   Dev-Core (375EC13C-06E4-48FB-B500-84F0262A717E): 2
LogDevObjectVersion:   Dev-Editor (E4B068ED-F494-42E9-A231-DA0B2E46BB41): 20
LogDevObjectVersion:   Dev-Framework (CFFC743F-43B0-4480-9391-14DF171D2073): 28
LogDevObjectVersion:   Dev-Mobile (B02B49B5-BB20-44E9-A304-32B752E40360): 0
LogDevObjectVersion:   Dev-Networking (A4E4105C-59A1-49B5-A7C5-40C4547EDFEE): 0
LogDevObjectVersion:   Dev-Online (39C831C9-5AE6-47DC-9A44-9C173E1C8E7C): 0
LogDevObjectVersion:   Dev-Physics (78F01B33-EBEA-4F98-B9B4-84EACCB95AA2): 0
LogDevObjectVersion:   Dev-Platform (6631380F-2D4D-43E0-8009-CF276956A95A): 0
LogDevObjectVersion:   Dev-Rendering (12F88B9F-8875-4AFC-A67C-D90C383ABD29): 19
LogDevObjectVersion:   Dev-Sequencer (7B5AE74C-D270-4C10-A958-57980B212A5A): 4
LogDevObjectVersion:   Dev-VR (D7296918-1DD6-4BDD-9DE2-64A83CC13884): 0
LogDevObjectVersion:   Dev-LoadTimes (C2A15278-BFE7-4AFE-6C17-90FF531DF755): 1
LogDevObjectVersion:   Private-Geometry (6EACA3D4-40EC-4CC1-B786-8BED09428FC5): 1
LogDevObjectVersion:   Dev-AnimPhys (29E575DD-E0A3-4627-9D10-D276232CDCEA): 7
LogInit: Compiled (64-bit): Aug 15 2017 02:05:26
LogInit: Compiled with Visual C++: 19.00.24215.01
LogInit: Build Configuration: Development
LogInit: Branch Name: ++UE4+Release-4.17
LogInit: Command line:  
LogInit: Base directory: D:/UnrealEngine/UE_4.17/Engine/Binaries/Win64/
LogInit: Installed Engine Build: 1
LogInit: Presizing for max 8388607 objects, including 0 objects not considered by GC, pre-allocating 0 bytes for permanent pool.
LogInit: Object subsystem initialized
[2017.12.18-16.00.16:239][  0]LogInit: Selected Device Profile: [Windows]
[2017.12.18-16.00.16:239][  0]LogInit: Applying CVar settings loaded from the selected device profile: [Windows]
[2017.12.18-16.00.16:469][  0]LogInit: Computer: DESKTOP-6JOGDQL
[2017.12.18-16.00.16:469][  0]LogInit: User: JWOH
[2017.12.18-16.00.16:469][  0]LogInit: CPU Page size=4096, Cores=4
[2017.12.18-16.00.16:469][  0]LogInit: High frequency timer resolution =2.531249 MHz
[2017.12.18-16.00.16:469][  0]LogMemory: Memory total: Physical=7.9GB (8GB approx)
[2017.12.18-16.00.16:481][  0]LogMemory: Platform Memory Stats for Windows
[2017.12.18-16.00.16:481][  0]LogMemory: Process Physical Memory: 282.95 MB used, 282.95 MB peak
[2017.12.18-16.00.16:481][  0]LogMemory: Process Virtual Memory: 293.56 MB used, 293.56 MB peak
[2017.12.18-16.00.16:481][  0]LogMemory: Physical Memory: 3061.88 MB used,  4993.78 MB free, 8055.66 MB total
[2017.12.18-16.00.16:481][  0]LogMemory: Virtual Memory: 688.29 MB used,  4993.78 MB free, 134217728.00 MB total
[2017.12.18-16.00.21:651][  0]LogInit: Using OS detected language (ko-KR).
[2017.12.18-16.00.21:651][  0]LogInit: Using OS detected locale (ko-KR).
[2017.12.18-16.00.22:021][  0]LogTextLocalizationManager: No specific localization for 'ko-KR' exists, so the 'ko' localization will be used.
[2017.12.18-16.00.28:678][  0]LogD3D11RHI: D3D11 adapters:
[2017.12.18-16.00.29:573][  0]LogD3D11RHI:    0. 'NVIDIA GeForce GTX 960M' (Feature Level 11_0)
[2017.12.18-16.00.29:573][  0]LogD3D11RHI:       2019/0/4027 MB DedicatedVideo/DedicatedSystem/SharedSystem, Outputs:1, VendorId:0x10de
[2017.12.18-16.00.29:600][  0]LogD3D11RHI:    1. 'Intel(R) HD Graphics 530' (Feature Level 11_0)
[2017.12.18-16.00.29:600][  0]LogD3D11RHI:       128/0/4027 MB DedicatedVideo/DedicatedSystem/SharedSystem, Outputs:0, VendorId:0x8086
[2017.12.18-16.00.29:603][  0]LogD3D11RHI:    2. 'Microsoft Basic Render Driver' (Feature Level 11_0)
[2017.12.18-16.00.29:603][  0]LogD3D11RHI:       0/0/4027 MB DedicatedVideo/DedicatedSystem/SharedSystem, Outputs:0, VendorId:0x1414
[2017.12.18-16.00.29:603][  0]LogD3D11RHI: Chosen D3D11 Adapter: 0
[2017.12.18-16.00.29:637][  0]LogD3D11RHI: Creating new Direct3DDevice
[2017.12.18-16.00.29:638][  0]LogD3D11RHI:     GPU DeviceId: 0x139b (for the marketing name, search the web for "GPU Device Id")
[2017.12.18-16.00.29:638][  0]LogWindows: EnumDisplayDevices:
[2017.12.18-16.00.29:638][  0]LogWindows:    0. 'Intel(R) HD Graphics 530' (P:1 D:1)
[2017.12.18-16.00.29:639][  0]LogWindows:    1. 'Intel(R) HD Graphics 530' (P:0 D:0)
[2017.12.18-16.00.29:640][  0]LogWindows:    2. 'Intel(R) HD Graphics 530' (P:0 D:0)
[2017.12.18-16.00.29:641][  0]LogWindows: DebugString: PrimaryIsNotTheChoosenAdapter PrimaryIsNotTheChoosenAdapter PrimaryIsNotTheChoosenAdapter FoundDriverCount:0 
[2017.12.18-16.00.29:641][  0]LogD3D11RHI:     Adapter Name: NVIDIA GeForce GTX 960M
[2017.12.18-16.00.29:641][  0]LogD3D11RHI:   Driver Version: Unknown (internal:Unknown, unified:Unknown)
[2017.12.18-16.00.29:641][  0]LogD3D11RHI:      Driver Date: Unknown
[2017.12.18-16.00.29:641][  0]LogRHI: Texture pool is 1361 MB (70% of 1945 MB)
[2017.12.18-16.00.29:676][  0]LogD3D11RHI: Async texture creation enabled
[2017.12.18-16.00.30:236][  0]LogD3D11RHI: GPU Timing Frequency: 1000.000000 (Debug: 2 1)
[2017.12.18-16.00.30:631][  0]LogShaderCompilers: Guid format shader working directory is -13 characters bigger than the processId version (../../../../../NewGarden/GardenProject/NGA/Project/Berserker/Intermediate/Shaders/WorkingDirectory/8976/).
[2017.12.18-16.00.30:631][  0]LogShaderCompilers: Cleaned the shader compiler working directory 'C:/Users/J.W OH/AppData/Local/Temp/UnrealShaderWorkingDir/9D5327BB4F7D4275DB0B2B99C1E36DF0/'.
[2017.12.18-16.00.30:658][  0]LogShaderCompilers: Display: Using Local Shader Compiler.
[2017.12.18-16.00.43:579][  0]LogTemp: Display: Loaded TP AllDesktopTargetPlatform
[2017.12.18-16.00.43:622][  0]LogTemp: Display: Loaded TP MacClientTargetPlatform
[2017.12.18-16.00.43:664][  0]LogTemp: Display: Loaded TP MacNoEditorTargetPlatform
[2017.12.18-16.00.43:706][  0]LogTemp: Display: Loaded TP MacServerTargetPlatform
[2017.12.18-16.00.43:787][  0]LogTemp: Display: Loaded TP MacTargetPlatform
[2017.12.18-16.00.43:836][  0]LogTemp: Display: Loaded TP WindowsClientTargetPlatform
[2017.12.18-16.00.43:877][  0]LogTemp: Display: Loaded TP WindowsNoEditorTargetPlatform
[2017.12.18-16.00.43:925][  0]LogTemp: Display: Loaded TP WindowsServerTargetPlatform
[2017.12.18-16.00.43:968][  0]LogTemp: Display: Loaded TP WindowsTargetPlatform
[2017.12.18-16.00.44:050][  0]LogTemp: Display: Loaded TP AndroidTargetPlatform
[2017.12.18-16.00.44:096][  0]LogTemp: Display: Loaded TP Android_ASTCTargetPlatform
[2017.12.18-16.00.44:140][  0]LogTemp: Display: Loaded TP Android_ATCTargetPlatform
[2017.12.18-16.00.44:182][  0]LogTemp: Display: Loaded TP Android_DXTTargetPlatform
[2017.12.18-16.00.44:232][  0]LogTemp: Display: Loaded TP Android_ETC1TargetPlatform
[2017.12.18-16.00.44:280][  0]LogTemp: Display: Loaded TP Android_ETC2TargetPlatform
[2017.12.18-16.00.44:369][  0]LogTemp: Display: Loaded TP Android_MultiTargetPlatform
[2017.12.18-16.00.44:369][  0]LogTemp: Display: Loaded TP Android_PVRTCTargetPlatform
[2017.12.18-16.00.44:404][  0]LogTemp: Display: Loaded TP HTML5TargetPlatform
[2017.12.18-16.00.44:641][  0]LogTemp: Display: Loaded TP IOSTargetPlatform
[2017.12.18-16.00.44:669][  0]LogTemp: Display: Loaded TP TVOSTargetPlatform
[2017.12.18-16.00.44:723][  0]LogTemp: Display: Loaded TP LinuxClientTargetPlatform
[2017.12.18-16.00.44:771][  0]LogTemp: Display: Loaded TP LinuxNoEditorTargetPlatform
[2017.12.18-16.00.44:818][  0]LogTemp: Display: Loaded TP LinuxServerTargetPlatform
[2017.12.18-16.00.44:910][  0]LogTemp: Display: Loaded TP LinuxTargetPlatform
[2017.12.18-16.00.44:910][  0]LogTargetPlatformManager: Display: Building Assets For Windows
[2017.12.18-16.00.48:903][  0]LogDerivedDataCache: Display: Max Cache Size: 512 MB
[2017.12.18-16.00.49:297][  0]LogDerivedDataCache: Loaded boot cache 0.39s 93MB C:/Users/J.W OH/AppData/Local/UnrealEngine/4.17/DerivedDataCache/Boot.ddc.
[2017.12.18-16.00.49:298][  0]LogDerivedDataCache: Display: Loaded Boot cache: C:/Users/J.W OH/AppData/Local/UnrealEngine/4.17/DerivedDataCache/Boot.ddc
[2017.12.18-16.00.49:298][  0]LogDerivedDataCache: FDerivedDataBackendGraph:  Pak pak cache file ../../../../../NewGarden/GardenProject/NGA/Project/Berserker/DerivedDataCache/DDC.ddp not found, will not use a pak cache.
[2017.12.18-16.00.49:298][  0]LogDerivedDataCache: Unable to find inner node Pak for hierarchical cache Hierarchy.
[2017.12.18-16.00.49:298][  0]LogDerivedDataCache: FDerivedDataBackendGraph:  CompressedPak pak cache file ../../../../../NewGarden/GardenProject/NGA/Project/Berserker/DerivedDataCache/Compressed.ddp not found, will not use a pak cache.
[2017.12.18-16.00.49:298][  0]LogDerivedDataCache: Unable to find inner node CompressedPak for hierarchical cache Hierarchy.
[2017.12.18-16.00.49:414][  0]LogDerivedDataCache: Display: Pak cache opened for reading ../../../Engine/DerivedDataCache/Compressed.ddp.
[2017.12.18-16.00.49:427][  0]LogDerivedDataCache: Using Local data cache path C:/Users/J.W OH/AppData/Local/UnrealEngine/Common/DerivedDataCache: Writable
[2017.12.18-16.00.49:498][  0]LogMaterial: Verifying Global Shaders for PCD3D_SM5
[2017.12.18-16.00.49:572][  0]LogSlate: Using Freetype 2.6.0
[2017.12.18-16.00.49:677][  0]LogSlate: SlateFontCache - WITH_FREETYPE: 1, WITH_HARFBUZZ: 1
[2017.12.18-16.00.49:693][  0]LogSlate: SlateFontCache - WITH_FREETYPE: 1, WITH_HARFBUZZ: 1
[2017.12.18-16.01.07:066][  0]LogAssetRegistry: FAssetRegistry took 0.0619 seconds to start up
[2017.12.18-16.01.11:006][  0]LogInit: Selected Device Profile: [Windows]
[2017.12.18-16.01.23:068][  0]LogContentStreaming: Texture pool size is 0.00 MB
[2017.12.18-16.01.24:832][  0]LogSimplygon: Simplygon DLL not present - disabling.
[2017.12.18-16.01.24:904][  0]LogMeshReduction: Using SimplygonSwarm for distributed automatic mesh merging
[2017.12.18-16.01.24:913][  0]LogMeshReduction: Using QuadricMeshReduction for automatic static mesh reduction
[2017.12.18-16.01.24:913][  0]LogMeshReduction: No automatic skeletal mesh reduction module available
[2017.12.18-16.01.24:913][  0]LogMeshReduction: No automatic mesh merging module available
[2017.12.18-16.01.24:913][  0]LogMeshMerging: No automatic mesh merging module available
[2017.12.18-16.01.29:985][  0]LogNetVersion: Berserker , NetCL: 3573198, EngineNetVer: 2, GameNetVer: 0 (Checksum: 408643392)
[2017.12.18-16.01.32:081][  0]LogPackageLocalizationCache: Processed 5 localized package path(s) for 2 prioritized culture(s) in 0.177620 seconds
[2017.12.18-16.01.32:099][  0]LogUObjectArray: 35825 objects as part of root set at end of initial load.
[2017.12.18-16.01.32:099][  0]LogUObjectAllocator: 7529104 out of 0 bytes used by permanent object pool.
[2017.12.18-16.01.32:099][  0]LogUObjectArray: CloseDisregardForGC: 0/0 objects in disregard for GC pool
[2017.12.18-16.01.32:171][  0]LogInit: WinSock: version 1.1 (2.2), MaxSocks=32767, MaxUdp=65467
[2017.12.18-16.01.51:081][  0]LogTcpMessaging: Initializing TcpMessaging bridge
[2017.12.18-16.01.51:159][  0]LogUdpMessaging: Initializing bridge on interface 0.0.0.0:0 to multicast group 230.0.0.1:6666.
[2017.12.18-16.01.53:284][  0]LogMaterial: Uniform references updated for custom material expression Custom.
[2017.12.18-16.01.54:310][  0]SourceControl: 소스 콘트롤이 꺼졌습니다.
[2017.12.18-16.01.54:310][  0]SourceControl: 소스 콘트롤이 꺼졌습니다.
[2017.12.18-16.01.54:434][  0]SourceControl: 소스 콘트롤이 꺼졌습니다.
[2017.12.18-16.01.54:494][  0]SourceControl: 소스 콘트롤이 꺼졌습니다.
[2017.12.18-16.01.55:574][  0]LogAndroidPermission: UAndroidPermissionCallbackProxy::GetInstance
[2017.12.18-16.01.55:898][  0]LogOcInput: OculusInput pre-init called
[2017.12.18-16.01.56:853][  0]LogEngine: Initializing Engine...
[2017.12.18-16.01.56:897][  0]LogHMD: Failed to initialize OpenVR with code 110
[2017.12.18-16.01.57:880][  0]LogStats: UGameplayTagsManager::ConstructGameplayTagTree: Construct from data asset -  0.000 s
[2017.12.18-16.01.57:880][  0]LogStats: UGameplayTagsManager::ConstructGameplayTagTree: GameplayTagTreeChangedEvent.Broadcast -  0.000 s
[2017.12.18-16.01.58:496][  0]LogAIModule: Creating AISystem for world Untitled
[2017.12.18-16.01.58:683][  0]LogInit: XAudio2 using '스피커(Realtek High Definition Audio(SST))' : 2 channels at 48 kHz using 32 bits per sample (channel mask 0x3)
[2017.12.18-16.01.58:715][  0]LogInit: FAudioDevice initialized.
[2017.12.18-16.01.58:834][  0]LogDerivedDataCache: Saved boot cache 0.12s 93MB C:/Users/J.W OH/AppData/Local/UnrealEngine/4.17/DerivedDataCache/Boot.ddc.
[2017.12.18-16.01.58:872][  0]LogInit: Texture streaming: Enabled
[2017.12.18-16.01.59:084][  0]LogEngineSessionManager: EngineSessionManager initialized
[2017.12.18-16.01.59:084][  0]LogEngineSessionManager: EngineSessionManager sent abnormal shutdown report. Type=AbnormalShutdown, SessionId={98FC917B-42D9-AF8A-6032-6E9B36F5F008}
[2017.12.18-16.02.00:430][  0]LogInit: Transaction tracking system initialized
[2017.12.18-16.02.01:932][  0]BlueprintLog: New page: 에디터 로드
[2017.12.18-16.02.07:123][  0]LocalizationService: 현지화 서비스가 비활성화되었습니다.
[2017.12.18-16.02.10:769][  0]LogConsoleResponse: Display: 
[2017.12.18-16.02.17:896][  0]LogFileCache: Scanning file cache for directory 'D:/NewGarden/GardenProject/NGA/Project/Berserker/Content/' took 0.31s
[2017.12.18-16.02.17:896][  0]LogCook: Display: Max memory allowance for cook 16384mb min free memory 0mb
[2017.12.18-16.02.17:896][  0]LogCook: Display: Mobile HDR setting 1
[2017.12.18-16.02.18:059][  0]LogGameplayTags: Display: UGameplayTagsManager::DoneAddingNativeTags. DelegateIsBound: 0
[2017.12.18-16.02.27:386][  0]SourceControl: 소스 콘트롤이 꺼졌습니다.
[2017.12.18-16.02.28:153][  0]LogSlate: Took 0.152267 seconds to synchronously load lazily loaded font '../../../Engine/Content/Slate/Fonts/Roboto-Regular.ttf' (155K)
[2017.12.18-16.02.31:509][  0]LogSlate: Took 3.355410 seconds to synchronously load lazily loaded font '../../../Engine/Content/Slate/Fonts/NanumGothic.ttf' (4243K)
[2017.12.18-16.03.43:174][  0]LogWindowsTextInputMethodSystem: Display: IME system now activated using TSF (Microsoft 입력기).
[2017.12.18-16.03.43:355][  0]LogWindowsTextInputMethodSystem: Display: IME system now activated using TSF (Microsoft 입력기).
[2017.12.18-16.03.48:156][  0]LogWindowsTextInputMethodSystem: Display: IME system now activated using TSF (Microsoft 입력기).
[2017.12.18-16.03.49:864][  0]LogWindowsTextInputMethodSystem: Display: IME system now activated using TSF (Microsoft 입력기).
[2017.12.18-16.03.49:986][  0]Cmd: MAP LOAD FILE="../../../../../NewGarden/GardenProject/NGA/Project/Berserker/Content/GameLevel.umap" TEMPLATE=0 SHOWPROGRESS=1 FEATURELEVEL=3
[2017.12.18-16.03.50:232][  0]LightingResults: New page: 라이팅 빌드
[2017.12.18-16.03.50:599][  0]MapCheck: New page: 맵 체크
[2017.12.18-16.03.50:599][  0]LightingResults: New page: 라이팅 빌드
[2017.12.18-16.04.29:953][  0]LogClothingAssetFactory: Finished physical mesh import
[2017.12.18-16.04.29:973][  0]LogClothingAssetFactory: Finished physical mesh import
[2017.12.18-16.04.30:097][  0]LogActorComponent: ReregisterComponent: (/Game/GameLevel.GameLevel:PersistentLevel.flag_real6.SkeletalMeshComponent0) Not currently registered. Aborting.
[2017.12.18-16.04.30:097][  0]LogActorComponent: ReregisterComponent: (/Game/GameLevel.GameLevel:PersistentLevel.flag_real7.SkeletalMeshComponent0) Not currently registered. Aborting.
[2017.12.18-16.04.30:097][  0]LogActorComponent: ReregisterComponent: (/Game/GameLevel.GameLevel:PersistentLevel.flag_real6.SkeletalMeshComponent0) Not currently registered. Aborting.
[2017.12.18-16.04.30:097][  0]LogActorComponent: ReregisterComponent: (/Game/GameLevel.GameLevel:PersistentLevel.flag_real7.SkeletalMeshComponent0) Not currently registered. Aborting.
[2017.12.18-16.04.30:587][  0]LogAIModule: Creating AISystem for world GameLevel
[2017.12.18-16.04.31:908][  0]AnimBlueprint: Warning: 슬롯노드: PlayerCharacterAnim_BP_C 애니메이션 인스턴트 클래스의 'DefaultSlot' 는 이미 존재합니다. 이 클래스의 애니메이션 그래프에서 중복을 제거하세요.
[2017.12.18-16.04.32:229][  0]LogEditorServer: Finished looking for orphan Actors (0.000 secs)
[2017.12.18-16.04.33:049][  0]Cmd: MAP CHECKDEP NOCLEARLOG
[2017.12.18-16.04.33:259][  0]MapCheck: 맵 체크 완료: 오류 0 회, 경고 0 회, 소요 시간 206.204ms.
[2017.12.18-16.04.33:260][  0]LogFileHelpers: Loading map 'GameLevel' took 43.308
[2017.12.18-16.04.35:630][  0]LogStats: Warning: MetaData mismatch. Did you assign a stat to two groups? New //STATGROUP_Threads//SplashScreenThread///Thread_2954_0///####STATCAT_Advanced#### old //STATGROUP_Threads//SplashScreenThread///Thread_2d30_0///####STATCAT_Advanced####
[2017.12.18-16.04.35:630][  0]LogCollectionManager: Loaded 0 collections in 0.001132 seconds
[2017.12.18-16.04.35:934][  0]LogFileCache: Scanning file cache for directory 'D:/NewGarden/GardenProject/NGA/Project/Berserker/Saved/Collections/' took 0.01s
[2017.12.18-16.04.35:934][  0]LogFileCache: Scanning file cache for directory 'D:/NewGarden/GardenProject/NGA/Project/Berserker/Content/Developers/JWOH/Collections/' took 0.01s
[2017.12.18-16.04.35:934][  0]LogFileCache: Scanning file cache for directory 'D:/NewGarden/GardenProject/NGA/Project/Berserker/Content/Collections/' took 0.01s
[2017.12.18-16.04.35:934][  0]LogCollectionManager: Rebuilt the GUID cache for 0 collections in 0.000003 seconds
[2017.12.18-16.04.35:966][  0]LogContentBrowser: Native class hierarchy populated in 0.0296 seconds. Added 2386 classes and 500 folders.
[2017.12.18-16.04.36:205][  0]LogContentBrowser: Native class hierarchy updated for 'WidgetCarousel' in 0.0006 seconds. Added 0 classes and 0 folders.
[2017.12.18-16.04.37:474][  0]LogContentBrowser: Native class hierarchy updated for 'AddContentDialog' in 0.0009 seconds. Added 0 classes and 0 folders.
[2017.12.18-16.04.37:628][  0]LogContentBrowser: Native class hierarchy updated for 'SceneOutliner' in 0.0007 seconds. Added 1 classes and 2 folders.
[2017.12.18-16.04.39:445][  0]LogSlate: Took 0.022088 seconds to synchronously load lazily loaded font '../../../Engine/Content/Slate/Fonts/Roboto-Bold.ttf' (160K)
[2017.12.18-16.04.39:523][  0]LogSlate: Took 0.016448 seconds to synchronously load lazily loaded font '../../../Engine/Content/Editor/Slate/Fonts/FontAwesome.ttf' (139K)
[2017.12.18-16.04.40:187][  0]LogRenderer: Reallocating scene render targets to support 1208x576 Format 10 NumSamples 1 (Frame:1).
[2017.12.18-16.04.40:958][  0]LogSlate: Took 0.030182 seconds to synchronously load lazily loaded font '../../../Engine/Content/Slate/Fonts/Roboto-Light.ttf' (159K)
[2017.12.18-16.04.41:725][  0]LogContentBrowser: Native class hierarchy updated for 'HierarchicalLODOutliner' in 0.0007 seconds. Added 1 classes and 2 folders.
[2017.12.18-16.04.41:725][  0]LogLoad: (Engine Initialization) Total time: 280.92 seconds
[2017.12.18-16.04.41:725][  0]LogLoad: (Engine Initialization) Total Blueprint compile time: 0.00 seconds
[2017.12.18-16.04.41:735][  0]LogExternalProfiler: Found external profiler: VSPerf
[2017.12.18-16.04.41:735][  0]LogExternalProfiler: Using external profiler: VSPerf
[2017.12.18-16.04.42:386][  0]LogContentStreaming: Texture pool size now 1000 MB
[2017.12.18-16.04.43:285][  3]LogSlate: Took 0.000299 seconds to synchronously load lazily loaded font '../../../Engine/Content/Slate/Fonts/Roboto-Light.ttf' (159K)
[2017.12.18-16.04.43:400][  4]LogAssetRegistry: Asset discovery search completed in 216.3667 seconds
[2017.12.18-16.04.43:426][  4]LogCollectionManager: Rebuilt the object cache for 0 collections in 0.000000 seconds (found 0 objects)
[2017.12.18-16.04.43:431][  4]LogCollectionManager: Fixed up redirectors for 0 collections in 0.004463 seconds (updated 0 objects)
[2017.12.18-16.04.48:440][203]LogSlate: Took 0.026027 seconds to synchronously load lazily loaded font '../../../Engine/Content/Slate/Fonts/Roboto-Light.ttf' (159K)
[2017.12.18-16.04.49:748][203]LogClass: Warning: Enum '/Game/AdvancedMagicFX05/DemoRoomData/Blueprints/BP_DemoDisplay_Enum.BP_DemoDisplay_Enum' was upgraded to use FText to store its display name data. Please re-save this asset to avoid issues with localization and determinstic cooking.
[2017.12.18-16.04.49:808][203]LogEnum: Warning: Enum name collision: 'BP_DemoDisplay_Enum::ROund' is in both '/Game/AdvancedMagicFX09/DemoRoomData/Blueprints/BP_DemoDisplay_Enum.BP_DemoDisplay_Enum' and '/Game/AdvancedMagicFX05/DemoRoomData/Blueprints/BP_DemoDisplay_Enum.BP_DemoDisplay_Enum'
[2017.12.18-16.04.49:808][203]LogEnum: Warning: Enum name collision: 'BP_DemoDisplay_Enum::SquareL' is in both '/Game/AdvancedMagicFX09/DemoRoomData/Blueprints/BP_DemoDisplay_Enum.BP_DemoDisplay_Enum' and '/Game/AdvancedMagicFX05/DemoRoomData/Blueprints/BP_DemoDisplay_Enum.BP_DemoDisplay_Enum'
[2017.12.18-16.04.49:808][203]LogEnum: Warning: Enum name collision: 'BP_DemoDisplay_Enum::RoomL' is in both '/Game/AdvancedMagicFX09/DemoRoomData/Blueprints/BP_DemoDisplay_Enum.BP_DemoDisplay_Enum' and '/Game/AdvancedMagicFX05/DemoRoomData/Blueprints/BP_DemoDisplay_Enum.BP_DemoDisplay_Enum'
[2017.12.18-16.04.49:808][203]LogEnum: Warning: Enum name collision: 'BP_DemoDisplay_Enum::DescriptionOnly' is in both '/Game/AdvancedMagicFX09/DemoRoomData/Blueprints/BP_DemoDisplay_Enum.BP_DemoDisplay_Enum' and '/Game/AdvancedMagicFX05/DemoRoomData/Blueprints/BP_DemoDisplay_Enum.BP_DemoDisplay_Enum'
[2017.12.18-16.04.49:808][203]LogEnum: Warning: Enum name collision: 'BP_DemoDisplay_Enum::NewEnumerator0' is in both '/Game/AdvancedMagicFX09/DemoRoomData/Blueprints/BP_DemoDisplay_Enum.BP_DemoDisplay_Enum' and '/Game/AdvancedMagicFX05/DemoRoomData/Blueprints/BP_DemoDisplay_Enum.BP_DemoDisplay_Enum'
[2017.12.18-16.04.49:808][203]LogEnum: Warning: Enum name collision: 'BP_DemoDisplay_Enum::BP_DemoDisplay_MAX' is in both '/Game/AdvancedMagicFX09/DemoRoomData/Blueprints/BP_DemoDisplay_Enum.BP_DemoDisplay_Enum' and '/Game/AdvancedMagicFX05/DemoRoomData/Blueprints/BP_DemoDisplay_Enum.BP_DemoDisplay_Enum'
[2017.12.18-16.04.49:808][203]LogEnum: Warning: Enum name collision: 'BP_DemoDisplay_Enum::ROund' is in both '/Game/AdvancedMagicFX09/DemoRoomData/Blueprints/BP_DemoDisplay_Enum.BP_DemoDisplay_Enum' and '/Game/AdvancedMagicFX05/DemoRoomData/Blueprints/BP_DemoDisplay_Enum.BP_DemoDisplay_Enum'
[2017.12.18-16.04.49:808][203]LogEnum: Warning: Enum name collision: 'BP_DemoDisplay_Enum::SquareL' is in both '/Game/AdvancedMagicFX09/DemoRoomData/Blueprints/BP_DemoDisplay_Enum.BP_DemoDisplay_Enum' and '/Game/AdvancedMagicFX05/DemoRoomData/Blueprints/BP_DemoDisplay_Enum.BP_DemoDisplay_Enum'
[2017.12.18-16.04.49:808][203]LogEnum: Warning: Enum name collision: 'BP_DemoDisplay_Enum::RoomL' is in both '/Game/AdvancedMagicFX09/DemoRoomData/Blueprints/BP_DemoDisplay_Enum.BP_DemoDisplay_Enum' and '/Game/AdvancedMagicFX05/DemoRoomData/Blueprints/BP_DemoDisplay_Enum.BP_DemoDisplay_Enum'
[2017.12.18-16.04.49:808][203]LogEnum: Warning: Enum name collision: 'BP_DemoDisplay_Enum::DescriptionOnly' is in both '/Game/AdvancedMagicFX09/DemoRoomData/Blueprints/BP_DemoDisplay_Enum.BP_DemoDisplay_Enum' and '/Game/AdvancedMagicFX05/DemoRoomData/Blueprints/BP_DemoDisplay_Enum.BP_DemoDisplay_Enum'
[2017.12.18-16.04.49:808][203]LogEnum: Warning: Enum name collision: 'BP_DemoDisplay_Enum::NewEnumerator0' is in both '/Game/AdvancedMagicFX09/DemoRoomData/Blueprints/BP_DemoDisplay_Enum.BP_DemoDisplay_Enum' and '/Game/AdvancedMagicFX05/DemoRoomData/Blueprints/BP_DemoDisplay_Enum.BP_DemoDisplay_Enum'
[2017.12.18-16.04.49:809][203]LogClass: Warning: Enum '/Game/AdvancedMagicFX09/DemoRoomData/Blueprints/BP_DemoDisplay_Enum.BP_DemoDisplay_Enum' was upgraded to use FText to store its display name data. Please re-save this asset to avoid issues with localization and determinstic cooking.
[2017.12.18-16.04.49:832][203]LogEnum: Warning: Enum name collision: 'BP_DemoRoom_Enum::Standard' is in both '/Game/AdvancedMagicFX09/DemoRoomData/Blueprints/BP_DemoRoom_Enum.BP_DemoRoom_Enum' and '/Game/AdvancedMagicFX05/DemoRoomData/Blueprints/BP_DemoRoom_Enum.BP_DemoRoom_Enum'
[2017.12.18-16.04.49:832][203]LogEnum: Warning: Enum name collision: 'BP_DemoRoom_Enum::RoofwithHole' is in both '/Game/AdvancedMagicFX09/DemoRoomData/Blueprints/BP_DemoRoom_Enum.BP_DemoRoom_Enum' and '/Game/AdvancedMagicFX05/DemoRoomData/Blueprints/BP_DemoRoom_Enum.BP_DemoRoom_Enum'
[2017.12.18-16.04.49:833][203]LogEnum: Warning: Enum name collision: 'BP_DemoRoom_Enum::RoofOpen' is in both '/Game/AdvancedMagicFX09/DemoRoomData/Blueprints/BP_DemoRoom_Enum.BP_DemoRoom_Enum' and '/Game/AdvancedMagicFX05/DemoRoomData/Blueprints/BP_DemoRoom_Enum.BP_DemoRoom_Enum'
[2017.12.18-16.04.49:833][203]LogEnum: Warning: Enum name collision: 'BP_DemoRoom_Enum::BP_DemoRoom_MAX' is in both '/Game/AdvancedMagicFX09/DemoRoomData/Blueprints/BP_DemoRoom_Enum.BP_DemoRoom_Enum' and '/Game/AdvancedMagicFX05/DemoRoomData/Blueprints/BP_DemoRoom_Enum.BP_DemoRoom_Enum'
[2017.12.18-16.04.49:833][203]LogEnum: Warning: Enum name collision: 'BP_DemoRoom_Enum::Standard' is in both '/Game/AdvancedMagicFX09/DemoRoomData/Blueprints/BP_DemoRoom_Enum.BP_DemoRoom_Enum' and '/Game/AdvancedMagicFX05/DemoRoomData/Blueprints/BP_DemoRoom_Enum.BP_DemoRoom_Enum'
[2017.12.18-16.04.49:833][203]LogEnum: Warning: Enum name collision: 'BP_DemoRoom_Enum::RoofwithHole' is in both '/Game/AdvancedMagicFX09/DemoRoomData/Blueprints/BP_DemoRoom_Enum.BP_DemoRoom_Enum' and '/Game/AdvancedMagicFX05/DemoRoomData/Blueprints/BP_DemoRoom_Enum.BP_DemoRoom_Enum'
[2017.12.18-16.04.49:833][203]LogEnum: Warning: Enum name collision: 'BP_DemoRoom_Enum::RoofOpen' is in both '/Game/AdvancedMagicFX09/DemoRoomData/Blueprints/BP_DemoRoom_Enum.BP_DemoRoom_Enum' and '/Game/AdvancedMagicFX05/DemoRoomData/Blueprints/BP_DemoRoom_Enum.BP_DemoRoom_Enum'
[2017.12.18-16.04.49:852][203]LogEnum: Warning: Enum name collision: 'BP_DemoDisplay_Enum::ROund' is in both '/Game/AdvancedMagicFX12/DemoRoomData/Blueprints/BP_DemoDisplay_Enum.BP_DemoDisplay_Enum' and '/Game/AdvancedMagicFX05/DemoRoomData/Blueprints/BP_DemoDisplay_Enum.BP_DemoDisplay_Enum'
[2017.12.18-16.04.49:852][203]LogEnum: Warning: Enum name collision: 'BP_DemoDisplay_Enum::SquareL' is in both '/Game/AdvancedMagicFX12/DemoRoomData/Blueprints/BP_DemoDisplay_Enum.BP_DemoDisplay_Enum' and '/Game/AdvancedMagicFX05/DemoRoomData/Blueprints/BP_DemoDisplay_Enum.BP_DemoDisplay_Enum'
[2017.12.18-16.04.49:852][203]LogEnum: Warning: Enum name collision: 'BP_DemoDisplay_Enum::RoomL' is in both '/Game/AdvancedMagicFX12/DemoRoomData/Blueprints/BP_DemoDisplay_Enum.BP_DemoDisplay_Enum' and '/Game/AdvancedMagicFX05/DemoRoomData/Blueprints/BP_DemoDisplay_Enum.BP_DemoDisplay_Enum'
[2017.12.18-16.04.49:852][203]LogEnum: Warning: Enum name collision: 'BP_DemoDisplay_Enum::DescriptionOnly' is in both '/Game/AdvancedMagicFX12/DemoRoomData/Blueprints/BP_DemoDisplay_Enum.BP_DemoDisplay_Enum' and '/Game/AdvancedMagicFX05/DemoRoomData/Blueprints/BP_DemoDisplay_Enum.BP_DemoDisplay_Enum'
[2017.12.18-16.04.49:852][203]LogEnum: Warning: Enum name collision: 'BP_DemoDisplay_Enum::NewEnumerator0' is in both '/Game/AdvancedMagicFX12/DemoRoomData/Blueprints/BP_DemoDisplay_Enum.BP_DemoDisplay_Enum' and '/Game/AdvancedMagicFX05/DemoRoomData/Blueprints/BP_DemoDisplay_Enum.BP_DemoDisplay_Enum'
[2017.12.18-16.04.49:852][203]LogEnum: Warning: Enum name collision: 'BP_DemoDisplay_Enum::BP_DemoDisplay_MAX' is in both '/Game/AdvancedMagicFX12/DemoRoomData/Blueprints/BP_DemoDisplay_Enum.BP_DemoDisplay_Enum' and '/Game/AdvancedMagicFX05/DemoRoomData/Blueprints/BP_DemoDisplay_Enum.BP_DemoDisplay_Enum'
[2017.12.18-16.04.49:852][203]LogEnum: Warning: Enum name collision: 'BP_DemoDisplay_Enum::ROund' is in both '/Game/AdvancedMagicFX12/DemoRoomData/Blueprints/BP_DemoDisplay_Enum.BP_DemoDisplay_Enum' and '/Game/AdvancedMagicFX05/DemoRoomData/Blueprints/BP_DemoDisplay_Enum.BP_DemoDisplay_Enum'
[2017.12.18-16.04.49:852][203]LogEnum: Warning: Enum name collision: 'BP_DemoDisplay_Enum::SquareL' is in both '/Game/AdvancedMagicFX12/DemoRoomData/Blueprints/BP_DemoDisplay_Enum.BP_DemoDisplay_Enum' and '/Game/AdvancedMagicFX05/DemoRoomData/Blueprints/BP_DemoDisplay_Enum.BP_DemoDisplay_Enum'
[2017.12.18-16.04.49:852][203]LogEnum: Warning: Enum name collision: 'BP_DemoDisplay_Enum::RoomL' is in both '/Game/AdvancedMagicFX12/DemoRoomData/Blueprints/BP_DemoDisplay_Enum.BP_DemoDisplay_Enum' and '/Game/AdvancedMagicFX05/DemoRoomData/Blueprints/BP_DemoDisplay_Enum.BP_DemoDisplay_Enum'
[2017.12.18-16.04.49:852][203]LogEnum: Warning: Enum name collision: 'BP_DemoDisplay_Enum::DescriptionOnly' is in both '/Game/AdvancedMagicFX12/DemoRoomData/Blueprints/BP_DemoDisplay_Enum.BP_DemoDisplay_Enum' and '/Game/AdvancedMagicFX05/DemoRoomData/Blueprints/BP_DemoDisplay_Enum.BP_DemoDisplay_Enum'
[2017.12.18-16.04.49:852][203]LogEnum: Warning: Enum name collision: 'BP_DemoDisplay_Enum::NewEnumerator0' is in both '/Game/AdvancedMagicFX12/DemoRoomData/Blueprints/BP_DemoDisplay_Enum.BP_DemoDisplay_Enum' and '/Game/AdvancedMagicFX05/DemoRoomData/Blueprints/BP_DemoDisplay_Enum.BP_DemoDisplay_Enum'
[2017.12.18-16.04.49:852][203]LogClass: Warning: Enum '/Game/AdvancedMagicFX12/DemoRoomData/Blueprints/BP_DemoDisplay_Enum.BP_DemoDisplay_Enum' was upgraded to use FText to store its display name data. Please re-save this asset to avoid issues with localization and determinstic cooking.
[2017.12.18-16.04.49:858][203]LogEnum: Warning: Enum name collision: 'BP_DemoRoom_Enum::Standard' is in both '/Game/AdvancedMagicFX12/DemoRoomData/Blueprints/BP_DemoRoom_Enum.BP_DemoRoom_Enum' and '/Game/AdvancedMagicFX05/DemoRoomData/Blueprints/BP_DemoRoom_Enum.BP_DemoRoom_Enum'
[2017.12.18-16.04.49:858][203]LogEnum: Warning: Enum name collision: 'BP_DemoRoom_Enum::RoofwithHole' is in both '/Game/AdvancedMagicFX12/DemoRoomData/Blueprints/BP_DemoRoom_Enum.BP_DemoRoom_Enum' and '/Game/AdvancedMagicFX05/DemoRoomData/Blueprints/BP_DemoRoom_Enum.BP_DemoRoom_Enum'
[2017.12.18-16.04.49:858][203]LogEnum: Warning: Enum name collision: 'BP_DemoRoom_Enum::RoofOpen' is in both '/Game/AdvancedMagicFX12/DemoRoomData/Blueprints/BP_DemoRoom_Enum.BP_DemoRoom_Enum' and '/Game/AdvancedMagicFX05/DemoRoomData/Blueprints/BP_DemoRoom_Enum.BP_DemoRoom_Enum'
[2017.12.18-16.04.49:858][203]LogEnum: Warning: Enum name collision: 'BP_DemoRoom_Enum::BP_DemoRoom_MAX' is in both '/Game/AdvancedMagicFX12/DemoRoomData/Blueprints/BP_DemoRoom_Enum.BP_DemoRoom_Enum' and '/Game/AdvancedMagicFX05/DemoRoomData/Blueprints/BP_DemoRoom_Enum.BP_DemoRoom_Enum'
[2017.12.18-16.04.49:858][203]LogEnum: Warning: Enum name collision: 'BP_DemoRoom_Enum::Standard' is in both '/Game/AdvancedMagicFX12/DemoRoomData/Blueprints/BP_DemoRoom_Enum.BP_DemoRoom_Enum' and '/Game/AdvancedMagicFX05/DemoRoomData/Blueprints/BP_DemoRoom_Enum.BP_DemoRoom_Enum'
[2017.12.18-16.04.49:858][203]LogEnum: Warning: Enum name collision: 'BP_DemoRoom_Enum::RoofwithHole' is in both '/Game/AdvancedMagicFX12/DemoRoomData/Blueprints/BP_DemoRoom_Enum.BP_DemoRoom_Enum' and '/Game/AdvancedMagicFX05/DemoRoomData/Blueprints/BP_DemoRoom_Enum.BP_DemoRoom_Enum'
[2017.12.18-16.04.49:858][203]LogEnum: Warning: Enum name collision: 'BP_DemoRoom_Enum::RoofOpen' is in both '/Game/AdvancedMagicFX12/DemoRoomData/Blueprints/BP_DemoRoom_Enum.BP_DemoRoom_Enum' and '/Game/AdvancedMagicFX05/DemoRoomData/Blueprints/BP_DemoRoom_Enum.BP_DemoRoom_Enum'
[2017.12.18-16.04.50:497][203]LogContentBrowser: Native class hierarchy updated for 'BlueprintGraph' in 0.0010 seconds. Added 113 classes and 0 folders.
[2017.12.18-16.04.54:160][203]LogLinker: Warning: 애셋 이름을 해석할 수 없습니다.
[2017.12.18-16.04.54:959][203]LogSlate: Took 0.034105 seconds to synchronously load lazily loaded font '../../../Engine/Content/Editor/Slate/Fonts/Roboto-BoldCondensed.ttf' (158K)
[2017.12.18-16.06.49:983][702]LogConsoleManager: Warning: Performance warning: Console object named 'r.DebugSafeZone.Mode' shows many (500) FindConsoleObject() calls (consider caching e.g. using static)
[2017.12.18-16.07.05:064][181]LogMaterial: Missing cached shader map for material Material_0, compiling. 
[2017.12.18-16.07.05:448][181]LogContentBrowser: Verbose: The majority of assets in the view are of type: FileMediaSource
[2017.12.18-16.07.10:126][373]LogWmfMedia: Warning: Possible loss of audio quality in stream 0 due to sample rate != 44100 Hz
[2017.12.18-16.07.53:531][ 80]Cmd: OBJ SAVEPACKAGE PACKAGE="/Game/UI/Intro/IntroVideo_media" FILE="../../../../../NewGarden/GardenProject/NGA/Project/Berserker/Content/UI/Intro/IntroVideo_media.uasset" SILENT=true
[2017.12.18-16.07.55:479][ 80]LogSavePackage: Save=319.79ms
[2017.12.18-16.07.55:479][ 80]LogSavePackage: Moving '../../../../../NewGarden/GardenProject/NGA/Project/Berserker/Saved/IntroVideo_mediaDB394C514A46B7B1309E7BA4D32410A1.tmp' to '../../../../../NewGarden/GardenProject/NGA/Project/Berserker/Content/UI/Intro/IntroVideo_media.uasset'
[2017.12.18-16.07.55:489][ 80]LogSavePackage: Display: Finished SavePackage ../../../../../NewGarden/GardenProject/NGA/Project/Berserker/Content/UI/Intro/IntroVideo_media.uasset
[2017.12.18-16.08.14:338][863]LogMaterial: Missing cached shader map for material Material_1, compiling. 
[2017.12.18-16.08.14:505][863]LogContentBrowser: Verbose: The majority of assets in the view are of type: FileMediaSource
[2017.12.18-16.08.29:141][386]Cmd: OBJ SAVEPACKAGE PACKAGE="/Game/UI/Intro/IntroVideo_media" FILE="../../../../../NewGarden/GardenProject/NGA/Project/Berserker/Content/UI/Intro/IntroVideo_media.uasset" SILENT=true
[2017.12.18-16.08.29:158][386]LogSavePackage: Save=6.50ms
[2017.12.18-16.08.29:158][386]LogSavePackage: Moving '../../../../../NewGarden/GardenProject/NGA/Project/Berserker/Saved/IntroVideo_mediaA7A3A4774DBA1D37D75205806FD2E6C1.tmp' to '../../../../../NewGarden/GardenProject/NGA/Project/Berserker/Content/UI/Intro/IntroVideo_media.uasset'
[2017.12.18-16.08.29:196][386]LogSavePackage: Display: Finished SavePackage ../../../../../NewGarden/GardenProject/NGA/Project/Berserker/Content/UI/Intro/IntroVideo_media.uasset
[2017.12.18-16.09.06:228][825]Cmd: OBJ SAVEPACKAGE PACKAGE="/Game/UI/Intro/IntroVideo_media" FILE="../../../../../NewGarden/GardenProject/NGA/Project/Berserker/Content/UI/Intro/IntroVideo_media.uasset" SILENT=true
[2017.12.18-16.09.06:245][825]LogSavePackage: Save=6.50ms
[2017.12.18-16.09.06:245][825]LogSavePackage: Moving '../../../../../NewGarden/GardenProject/NGA/Project/Berserker/Saved/IntroVideo_media7F52E81942B07620B6D83AB6CF277E45.tmp' to '../../../../../NewGarden/GardenProject/NGA/Project/Berserker/Content/UI/Intro/IntroVideo_media.uasset'
[2017.12.18-16.09.06:248][825]LogSavePackage: Display: Finished SavePackage ../../../../../NewGarden/GardenProject/NGA/Project/Berserker/Content/UI/Intro/IntroVideo_media.uasset
[2017.12.18-16.10.31:953][604]LogMaterial: Missing cached shader map for material VideoMat, compiling. 
[2017.12.18-16.10.31:975][604]LogMaterial: Warning: Failed to compile Material /Game/UI/Intro/VideoMat.VideoMat for platform PCD3D_SM5, Default Material will be used in game.
[2017.12.18-16.10.31:975][604]LogMaterial: Warning: 	(Node TextureSample) Texture Sample> Missing input texture
[2017.12.18-16.10.31:978][604]LogMaterial: Missing cached shader map for material Material_1, compiling. 
[2017.12.18-16.10.31:978][604]LogMaterial: Warning: Failed to compile Material /Engine/Transient.Material_1 for platform PCD3D_SM5, Default Material will be used in game.
[2017.12.18-16.10.31:978][604]LogMaterial: Warning: 	(Node TextureSample) Texture Sample> Missing input texture
[2017.12.18-16.10.49:267][794]LogFactory: FactoryCreateFile: FileMediaSource with AvfFileMediaSourceFactory (0 0 ../../../../../NewGarden/GardenProject/NGA/Resource/UI/시작화면 UI/Introduce_video.mp4)
[2017.12.18-16.14.42:942][954]LogFileHelpers: Editor autosave (incl. sublevels) for '/Game/GameLevel' took 0.023
[2017.12.18-16.14.42:990][954]OBJ SavePackage: Generating thumbnails for [0] asset(s) in package [/Game/UI/Intro/IntroVideo] ([1] browsable assets)...
[2017.12.18-16.14.42:990][954]OBJ SavePackage: Finished generating thumbnails for package [/Game/UI/Intro/IntroVideo]
[2017.12.18-16.14.43:091][954]LogSavePackage: Save=67.49ms
[2017.12.18-16.14.43:091][954]LogSavePackage: Moving '../../../../../NewGarden/GardenProject/NGA/Project/Berserker/Saved/IntroVideo_Auto1594E6DD24B756BB8B52141AE2EC7B20F.tmp' to '../../../../../NewGarden/GardenProject/NGA/Project/Berserker/Saved/Autosaves/Game/UI/Intro/IntroVideo_Auto1.uasset'
[2017.12.18-16.14.43:091][954]LogSavePackage: Display: Finished SavePackage ../../../../../NewGarden/GardenProject/NGA/Project/Berserker/Saved/Autosaves/Game/UI/Intro/IntroVideo_Auto1.uasset
[2017.12.18-16.14.43:092][954]OBJ SavePackage: Generating thumbnails for [0] asset(s) in package [/Game/UI/Intro/Introduce_video] ([1] browsable assets)...
[2017.12.18-16.14.43:092][954]OBJ SavePackage: Finished generating thumbnails for package [/Game/UI/Intro/Introduce_video]
[2017.12.18-16.14.43:120][954]LogSavePackage: Save=22.39ms
[2017.12.18-16.14.43:120][954]LogSavePackage: Moving '../../../../../NewGarden/GardenProject/NGA/Project/Berserker/Saved/Introduce_video_Auto1FB9C702043703BD0E02199B240491559.tmp' to '../../../../../NewGarden/GardenProject/NGA/Project/Berserker/Saved/Autosaves/Game/UI/Intro/Introduce_video_Auto1.uasset'
[2017.12.18-16.14.43:121][954]LogSavePackage: Display: Finished SavePackage ../../../../../NewGarden/GardenProject/NGA/Project/Berserker/Saved/Autosaves/Game/UI/Intro/Introduce_video_Auto1.uasset
[2017.12.18-16.14.43:121][954]LogFileHelpers: Auto-saving content packages took 0.158
[2017.12.18-16.37.56:264][179]LogFactory: FactoryCreateFile: FileMediaSource with AvfFileMediaSourceFactory (0 0 C:\Users\J.W OH\Downloads\Introduce_video (convert-video-online.com).mp4)
[2017.12.18-16.38.31:979][846]LogMaterial: Missing cached shader map for material Material_2, compiling. 
[2017.12.18-16.38.32:053][846]LogContentBrowser: Verbose: The majority of assets in the view are of type: FileMediaSource
[2017.12.18-16.38.34:613][882]LogContentBrowser: Native class hierarchy updated for 'TextureEditor' in 0.0018 seconds. Added 1 classes and 2 folders.
[2017.12.18-16.39.20:256][585]LogMaterial: Missing cached shader map for material Material_3, compiling. 
[2017.12.18-16.39.20:386][585]LogContentBrowser: Verbose: The majority of assets in the view are of type: FileMediaSource
[2017.12.18-16.39.40:569][836]Cmd: OBJ SAVEPACKAGE PACKAGE="/Game/UI/Intro/IntroVideoFile" FILE="../../../../../NewGarden/GardenProject/NGA/Project/Berserker/Content/UI/Intro/IntroVideoFile.uasset" SILENT=true
[2017.12.18-16.39.40:601][836]LogSavePackage: Save=29.64ms
[2017.12.18-16.39.40:602][836]LogSavePackage: Moving '../../../../../NewGarden/GardenProject/NGA/Project/Berserker/Saved/IntroVideoFile7795C4194E797495724A61909AA7D648.tmp' to '../../../../../NewGarden/GardenProject/NGA/Project/Berserker/Content/UI/Intro/IntroVideoFile.uasset'
[2017.12.18-16.39.40:607][836]LogSavePackage: Display: Finished SavePackage ../../../../../NewGarden/GardenProject/NGA/Project/Berserker/Content/UI/Intro/IntroVideoFile.uasset
[2017.12.18-16.39.53:132][968]Cmd: OBJ SAVEPACKAGE PACKAGE="/Game/UI/Intro/IntroVideoFile" FILE="../../../../../NewGarden/GardenProject/NGA/Project/Berserker/Content/UI/Intro/IntroVideoFile.uasset" SILENT=true
[2017.12.18-16.39.53:152][968]LogSavePackage: Save=7.27ms
[2017.12.18-16.39.53:152][968]LogSavePackage: Moving '../../../../../NewGarden/GardenProject/NGA/Project/Berserker/Saved/IntroVideoFile60B45D8E4FAF4A85EAA08280C009C4CD.tmp' to '../../../../../NewGarden/GardenProject/NGA/Project/Berserker/Content/UI/Intro/IntroVideoFile.uasset'
[2017.12.18-16.39.53:153][968]LogSavePackage: Display: Finished SavePackage ../../../../../NewGarden/GardenProject/NGA/Project/Berserker/Content/UI/Intro/IntroVideoFile.uasset
[2017.12.18-16.39.55:711][  8]LogMaterial: Missing cached shader map for material Material_4, compiling. 
[2017.12.18-16.39.55:848][  8]LogContentBrowser: Verbose: The majority of assets in the view are of type: FileMediaSource
[2017.12.18-16.40.23:598][444]LogSavePackage: Save=6.41ms
[2017.12.18-16.40.23:598][444]LogSavePackage: Moving '../../../../../NewGarden/GardenProject/NGA/Project/Berserker/Saved/Introduce_video__convert-video-online_com_22FE057347946DCA42C4D78395EFC3FE.tmp' to '../../../../../NewGarden/GardenProject/NGA/Project/Berserker/Content/UI/Intro/Introduce_video__convert-video-online_com_.uasset'
[2017.12.18-16.40.23:600][444]LogSavePackage: Display: Finished SavePackage ../../../../../NewGarden/GardenProject/NGA/Project/Berserker/Content/UI/Intro/Introduce_video__convert-video-online_com_.uasset
[2017.12.18-16.40.23:621][444]Cmd: OBJ SAVEPACKAGE PACKAGE="/Game/UI/Intro/IntroVideo" FILE="../../../../../NewGarden/GardenProject/NGA/Project/Berserker/Content/UI/Intro/IntroVideo.uasset" SILENT=true
[2017.12.18-16.40.23:677][444]LogSavePackage: Save=22.64ms
[2017.12.18-16.40.23:677][444]LogSavePackage: Moving '../../../../../NewGarden/GardenProject/NGA/Project/Berserker/Saved/IntroVideo880D37D6433CA8BEED4F92AFB81FD08A.tmp' to '../../../../../NewGarden/GardenProject/NGA/Project/Berserker/Content/UI/Intro/IntroVideo.uasset'
[2017.12.18-16.40.23:680][444]LogSavePackage: Display: Finished SavePackage ../../../../../NewGarden/GardenProject/NGA/Project/Berserker/Content/UI/Intro/IntroVideo.uasset
[2017.12.18-16.40.23:733][444]Cmd: OBJ SAVEPACKAGE PACKAGE="/Game/UI/Intro/IntroVideoFile_Video" FILE="../../../../../NewGarden/GardenProject/NGA/Project/Berserker/Content/UI/Intro/IntroVideoFile_Video.uasset" SILENT=true
[2017.12.18-16.40.23:770][444]LogSavePackage: Save=34.10ms
[2017.12.18-16.40.23:770][444]LogSavePackage: Moving '../../../../../NewGarden/GardenProject/NGA/Project/Berserker/Saved/IntroVideoFile_Video189A1C1B45D76500DC737DB958D04105.tmp' to '../../../../../NewGarden/GardenProject/NGA/Project/Berserker/Content/UI/Intro/IntroVideoFile_Video.uasset'
[2017.12.18-16.40.23:773][444]LogSavePackage: Display: Finished SavePackage ../../../../../NewGarden/GardenProject/NGA/Project/Berserker/Content/UI/Intro/IntroVideoFile_Video.uasset
[2017.12.18-16.40.24:307][444]LogWindowsTextInputMethodSystem: Display: IME system now activated using TSF (Microsoft 입력기).
[2017.12.18-16.40.24:826][445]Cmd: QUIT_EDITOR
[2017.12.18-16.40.25:364][445]LogExit: Preparing to exit.
[2017.12.18-16.40.26:709][445]LogDirectoryWatcher: A directory notification for 'D:/NewGarden/GardenProject/NGA/Project/Berserker/Content/' was aborted.
[2017.12.18-16.40.27:033][445]LogExit: Editor shut down
[2017.12.18-16.40.27:067][445]LogExit: Transaction tracking system shut down
[2017.12.18-16.40.27:586][445]LogDirectoryWatcher: A directory notification for '../../../Engine/Content/' was aborted.
[2017.12.18-16.40.27:586][445]LogDirectoryWatcher: A directory notification for '../../../../../NewGarden/GardenProject/NGA/Project/Berserker/Content/' was aborted.
[2017.12.18-16.40.27:586][445]LogDirectoryWatcher: A directory notification for '../../../Engine/Plugins/2D/Paper2D/Content/' was aborted.
[2017.12.18-16.40.27:586][445]LogDirectoryWatcher: A directory notification for '../../../Engine/Plugins/Runtime/Oculus/OculusVR/Content/' was aborted.
[2017.12.18-16.40.27:586][445]LogDirectoryWatcher: A directory notification for '../../../Engine/Plugins/Runtime/Steam/SteamVR/Content/' was aborted.
[2017.12.18-16.40.29:806][445]LogExit: Object subsystem successfully closed.
[2017.12.18-16.40.30:072][445]LogD3D11RHI: Shutdown
[2017.12.18-16.40.30:090][445]LogD3D11RHI: CleanupD3DDevice
[2017.12.18-16.40.30:288][445]LogD3D11RHI: ~FD3D11DynamicRHI
[2017.12.18-16.40.31:281][445]LogModuleManager: Shutting down and abandoning module TextureEditor (540)
[2017.12.18-16.40.31:281][445]LogModuleManager: Shutting down and abandoning module SequencerWidgets (538)
[2017.12.18-16.40.31:281][445]LogModuleManager: Shutting down and abandoning module BlueprintGraph (536)
[2017.12.18-16.40.31:281][445]LogModuleManager: Shutting down and abandoning module BlueprintProfiler (534)
[2017.12.18-16.40.31:291][445]LogModuleManager: Shutting down and abandoning module HierarchicalLODOutliner (532)
[2017.12.18-16.40.31:291][445]LogModuleManager: Shutting down and abandoning module SceneOutliner (530)
[2017.12.18-16.40.31:300][445]LogModuleManager: Shutting down and abandoning module AddContentDialog (528)
[2017.12.18-16.40.31:316][445]LogDirectoryWatcher: A directory notification for 'D:/UnrealEngine/UE_4.17/FeaturePacks/' was aborted.
[2017.12.18-16.40.31:340][445]LogModuleManager: Shutting down and abandoning module WidgetCarousel (527)
[2017.12.18-16.40.31:340][445]LogModuleManager: Shutting down and abandoning module EditorWidgets (524)
[2017.12.18-16.40.31:340][445]LogModuleManager: Shutting down and abandoning module CollectionManager (522)
[2017.12.18-16.40.31:361][445]LogDirectoryWatcher: A directory notification for 'D:/NewGarden/GardenProject/NGA/Project/Berserker/Content/Collections/' was aborted.
[2017.12.18-16.40.31:361][445]LogDirectoryWatcher: A directory notification for 'D:/NewGarden/GardenProject/NGA/Project/Berserker/Content/Developers/JWOH/Collections/' was aborted.
[2017.12.18-16.40.31:361][445]LogDirectoryWatcher: A directory notification for 'D:/NewGarden/GardenProject/NGA/Project/Berserker/Saved/Collections/' was aborted.
[2017.12.18-16.40.31:361][445]LogModuleManager: Shutting down and abandoning module ClothingSystemEditorInterface (520)
[2017.12.18-16.40.31:361][445]LogModuleManager: Shutting down and abandoning module StatsViewer (518)
[2017.12.18-16.40.31:367][445]LogModuleManager: Shutting down and abandoning module FoliageEdit (516)
[2017.12.18-16.40.31:367][445]LogModuleManager: Shutting down and abandoning module LandscapeEditor (514)
[2017.12.18-16.40.31:390][445]LogModuleManager: Shutting down and abandoning module MeshPaintMode (512)
[2017.12.18-16.40.31:390][445]LogModuleManager: Shutting down and abandoning module SceneDepthPickerMode (510)
[2017.12.18-16.40.31:390][445]LogModuleManager: Shutting down and abandoning module ActorPickerMode (508)
[2017.12.18-16.40.31:390][445]LogModuleManager: Shutting down and abandoning module GeometryMode (506)
[2017.12.18-16.40.31:390][445]LogModuleManager: Shutting down and abandoning module TextureAlignMode (504)
[2017.12.18-16.40.31:390][445]LogModuleManager: Shutting down and abandoning module BspMode (502)
[2017.12.18-16.40.31:402][445]LogModuleManager: Shutting down and abandoning module PIEPreviewDeviceProfileSelector (500)
[2017.12.18-16.40.31:402][445]LogModuleManager: Shutting down and abandoning module HardwareSurvey (498)
[2017.12.18-16.40.31:403][445]LogModuleManager: Shutting down and abandoning module SequenceRecorderSections (496)
[2017.12.18-16.40.31:415][445]LogModuleManager: Shutting down and abandoning module AutomationWorker (494)
[2017.12.18-16.40.31:421][445]LogModuleManager: Shutting down and abandoning module MatineeToLevelSequence (492)
[2017.12.18-16.40.31:439][445]LogModuleManager: Shutting down and abandoning module LevelSequenceEditor (490)
[2017.12.18-16.40.31:458][445]LogModuleManager: Shutting down and abandoning module PlacementMode (489)
[2017.12.18-16.40.31:458][445]LogModuleManager: Shutting down and abandoning module WmfMediaFactory (486)
[2017.12.18-16.40.31:458][445]LogModuleManager: Shutting down and abandoning module WmfMediaEditor (484)
[2017.12.18-16.40.31:458][445]LogModuleManager: Shutting down and abandoning module AvfMediaFactory (482)
[2017.12.18-16.40.31:458][445]LogModuleManager: Shutting down and abandoning module AvfMediaEditor (480)
[2017.12.18-16.40.31:458][445]LogModuleManager: Shutting down and abandoning module AndroidMediaFactory (478)
[2017.12.18-16.40.31:458][445]LogModuleManager: Shutting down and abandoning module Media (477)
[2017.12.18-16.40.31:458][445]LogModuleManager: Shutting down and abandoning module AndroidMediaEditor (474)
[2017.12.18-16.40.31:458][445]LogModuleManager: Shutting down and abandoning module CharacterAI (472)
[2017.12.18-16.40.31:458][445]LogModuleManager: Shutting down and abandoning module AudioCapture (470)
[2017.12.18-16.40.31:458][445]LogModuleManager: Shutting down and abandoning module SequenceRecorder (469)
[2017.12.18-16.40.31:472][445]LogModuleManager: Shutting down and abandoning module SmartSnapping (466)
[2017.12.18-16.40.31:472][445]LogModuleManager: Shutting down and abandoning module SessionServices (464)
[2017.12.18-16.40.31:472][445]LogModuleManager: Shutting down and abandoning module ViewportSnapping (462)
[2017.12.18-16.40.31:472][445]LogModuleManager: Shutting down and abandoning module ViewportInteraction (460)
[2017.12.18-16.40.31:472][445]LogModuleManager: Shutting down and abandoning module ClothPainter (458)
[2017.12.18-16.40.31:510][445]LogModuleManager: Shutting down and abandoning module LogVisualizer (456)
[2017.12.18-16.40.31:538][445]LogModuleManager: Shutting down and abandoning module IntroTutorials (454)
[2017.12.18-16.40.31:569][445]LogModuleManager: Shutting down and abandoning module GameProjectGeneration (453)
[2017.12.18-16.40.31:594][445]LogModuleManager: Shutting down and abandoning module IOSPlatformEditor (450)
[2017.12.18-16.40.31:594][445]LogModuleManager: Shutting down and abandoning module HTML5PlatformEditor (448)
[2017.12.18-16.40.31:594][445]LogModuleManager: Shutting down and abandoning module AndroidPlatformEditor (446)
[2017.12.18-16.40.31:594][445]LogModuleManager: Shutting down and abandoning module AndroidDeviceDetection (445)
[2017.12.18-16.40.31:843][445]LogModuleManager: Shutting down and abandoning module WindowsPlatformEditor (442)
[2017.12.18-16.40.31:843][445]LogModuleManager: Shutting down and abandoning module IOSRuntimeSettings (440)
[2017.12.18-16.40.31:843][445]LogModuleManager: Shutting down and abandoning module AndroidRuntimeSettings (438)
[2017.12.18-16.40.31:843][445]LogModuleManager: Shutting down and abandoning module InputBindingEditor (436)
[2017.12.18-16.40.31:867][445]LogModuleManager: Shutting down and abandoning module MergeActors (434)
[2017.12.18-16.40.31:884][445]LogModuleManager: Shutting down and abandoning module SizeMap (432)
[2017.12.18-16.40.31:884][445]LogModuleManager: Shutting down and abandoning module TreeMap (430)
[2017.12.18-16.40.31:898][445]LogModuleManager: Shutting down and abandoning module ReferenceViewer (428)
[2017.12.18-16.40.31:898][445]LogModuleManager: Shutting down and abandoning module LocalizationDashboard (426)
[2017.12.18-16.40.31:909][445]LogModuleManager: Shutting down and abandoning module LocalizationService (425)
[2017.12.18-16.40.31:915][445]LogModuleManager: Shutting down and abandoning module HardwareTargeting (422)
[2017.12.18-16.40.31:916][445]LogModuleManager: Shutting down and abandoning module DeviceProfileEditor (420)
[2017.12.18-16.40.31:926][445]LogModuleManager: Shutting down and abandoning module UndoHistory (418)
[2017.12.18-16.40.31:926][445]LogModuleManager: Shutting down and abandoning module XmlParser (416)
[2017.12.18-16.40.31:939][445]LogModuleManager: Shutting down and abandoning module Blutility (414)
[2017.12.18-16.40.31:939][445]LogModuleManager: Shutting down and abandoning module ProjectSettingsViewer (412)
[2017.12.18-16.40.31:939][445]LogModuleManager: Shutting down and abandoning module ProjectTargetPlatformEditor (411)
[2017.12.18-16.40.31:939][445]LogModuleManager: Shutting down and abandoning module EditorSettingsViewer (408)
[2017.12.18-16.40.31:939][445]LogModuleManager: Shutting down and abandoning module SettingsEditor (406)
[2017.12.18-16.40.31:950][445]LogModuleManager: Shutting down and abandoning module ProjectLauncher (404)
[2017.12.18-16.40.31:961][445]LogModuleManager: Shutting down and abandoning module SessionFrontend (402)
[2017.12.18-16.40.31:975][445]LogModuleManager: Shutting down and abandoning module ProfilerClient (400)
[2017.12.18-16.40.31:988][445]LogModuleManager: Shutting down and abandoning module DeviceManager (398)
[2017.12.18-16.40.32:005][445]LogModuleManager: Shutting down and abandoning module TargetDeviceServices (397)
[2017.12.18-16.40.32:059][445]LogModuleManager: Shutting down and abandoning module AutomationController (394)
[2017.12.18-16.40.32:075][445]LogModuleManager: Shutting down and abandoning module AutomationWindow (392)
[2017.12.18-16.40.32:105][445]LogModuleManager: Shutting down and abandoning module Layers (390)
[2017.12.18-16.40.32:138][445]LogModuleManager: Shutting down and abandoning module ComponentVisualizers (388)
[2017.12.18-16.40.32:138][445]LogModuleManager: Shutting down and abandoning module DetailCustomizations (386)
[2017.12.18-16.40.32:161][445]LogModuleManager: Shutting down and abandoning module PackagesDialog (384)
[2017.12.18-16.40.32:161][445]LogModuleManager: Shutting down and abandoning module Persona (382)
[2017.12.18-16.40.32:193][445]LogModuleManager: Shutting down and abandoning module AdvancedPreviewScene (381)
[2017.12.18-16.40.32:193][445]LogModuleManager: Shutting down and abandoning module AnimGraph (379)
[2017.12.18-16.40.32:205][445]LogModuleManager: Shutting down and abandoning module Kismet (376)
[2017.12.18-16.40.32:236][445]LogModuleManager: Shutting down and abandoning module ClassViewer (374)
[2017.12.18-16.40.32:237][445]LogModuleManager: Shutting down and abandoning module Toolbox (372)
[2017.12.18-16.40.32:237][445]LogModuleManager: Shutting down and abandoning module ModuleUI (370)
[2017.12.18-16.40.32:243][445]LogModuleManager: Shutting down and abandoning module MovieSceneTools (368)
[2017.12.18-16.40.32:264][445]LogModuleManager: Shutting down and abandoning module OutputLog (366)
[2017.12.18-16.40.32:275][445]LogModuleManager: Shutting down and abandoning module GammaUI (364)
[2017.12.18-16.40.32:281][445]LogModuleManager: Shutting down and abandoning module Documentation (362)
[2017.12.18-16.40.32:281][445]LogModuleManager: Shutting down and abandoning module MovieSceneTracks (360)
[2017.12.18-16.40.32:281][445]LogModuleManager: Shutting down and abandoning module MovieScene (358)
[2017.12.18-16.40.32:281][445]LogModuleManager: Shutting down and abandoning module Niagara (356)
[2017.12.18-16.40.32:281][445]LogModuleManager: Shutting down and abandoning module NiagaraEditor (355)
[2017.12.18-16.40.32:349][445]LogModuleManager: Shutting down and abandoning module StreamingPauseRendering (352)
[2017.12.18-16.40.32:349][445]LogModuleManager: Shutting down and abandoning module LauncherPlatform (350)
[2017.12.18-16.40.32:350][445]LogModuleManager: Shutting down and abandoning module AnalyticsET (348)
[2017.12.18-16.40.32:350][445]LogModuleManager: Shutting down and abandoning module PortalServices (346)
[2017.12.18-16.40.32:350][445]LogModuleManager: Shutting down and abandoning module PortalRpc (344)
[2017.12.18-16.40.32:350][445]LogModuleManager: Shutting down and abandoning module MessagingRpc (342)
[2017.12.18-16.40.32:350][445]LogModuleManager: Shutting down and abandoning module AIModule (340)
[2017.12.18-16.40.32:360][445]LogModuleManager: Shutting down and abandoning module GameplayDebugger (339)
[2017.12.18-16.40.32:361][445]LogModuleManager: Shutting down and abandoning module AITestSuite (337)
[2017.12.18-16.40.32:375][445]LogModuleManager: Shutting down and abandoning module ProfilerService (334)
[2017.12.18-16.40.32:553][445]LogModuleManager: Shutting down and abandoning module TaskGraph (332)
[2017.12.18-16.40.32:579][445]LogModuleManager: Shutting down and abandoning module SteamVRController (330)
[2017.12.18-16.40.32:579][445]LogModuleManager: Shutting down and abandoning module ProceduralMeshComponentEditor (328)
[2017.12.18-16.40.32:580][445]LogModuleManager: Shutting down and abandoning module ProceduralMeshComponent (326)
[2017.12.18-16.40.32:580][445]LogModuleManager: Shutting down and abandoning module OculusInput (324)
[2017.12.18-16.40.32:596][445]LogModuleManager: Shutting down and abandoning module MobilePatchingUtils (322)
[2017.12.18-16.40.32:596][445]LogModuleManager: Shutting down and abandoning module CustomMeshComponent (320)
[2017.12.18-16.40.32:596][445]LogModuleManager: Shutting down and abandoning module CableComponent (318)
[2017.12.18-16.40.32:610][445]LogModuleManager: Shutting down and abandoning module ArchVisCharacter (316)
[2017.12.18-16.40.32:610][445]LogModuleManager: Shutting down and abandoning module AndroidPermission (314)
[2017.12.18-16.40.32:610][445]LogModuleManager: Shutting down and abandoning module MediaPlayerEditor (310)
[2017.12.18-16.40.32:610][445]LogModuleManager: Shutting down and abandoning module HTML5Networking (308)
[2017.12.18-16.40.32:610][445]LogModuleManager: Shutting down and abandoning module AlembicImporter (306)
[2017.12.18-16.40.32:610][445]LogModuleManager: Shutting down and abandoning module AlembicLibrary (305)
[2017.12.18-16.40.32:610][445]LogModuleManager: Shutting down and abandoning module GeometryCache (304)
[2017.12.18-16.40.32:610][445]LogModuleManager: Shutting down and abandoning module GeometryCacheEd (303)
[2017.12.18-16.40.32:610][445]LogModuleManager: Shutting down and abandoning module SpeedTreeImporter (298)
[2017.12.18-16.40.32:610][445]LogModuleManager: Shutting down and abandoning module PluginBrowser (296)
[2017.12.18-16.40.32:643][445]LogModuleManager: Shutting down and abandoning module MobileLauncherProfileWizard (294)
[2017.12.18-16.40.32:654][445]LogModuleManager: Shutting down and abandoning module VisualStudioSourceCodeAccess (292)
[2017.12.18-16.40.32:654][445]LogModuleManager: Shutting down and abandoning module DesktopPlatform (291)
[2017.12.18-16.40.32:667][445]LogModuleManager: Shutting down and abandoning module UObjectPlugin (288)
[2017.12.18-16.40.32:667][445]LogModuleManager: Shutting down and abandoning module SubversionSourceControl (286)
[2017.12.18-16.40.32:694][445]LogModuleManager: Shutting down and abandoning module PerforceSourceControl (284)
[2017.12.18-16.40.32:713][445]LogModuleManager: Shutting down and abandoning module GitSourceControl (282)
[2017.12.18-16.40.32:725][445]LogModuleManager: Shutting down and abandoning module SourceControl (281)
[2017.12.18-16.40.32:745][445]LogModuleManager: Shutting down and abandoning module LightPropagationVolumeEditor (278)
[2017.12.18-16.40.32:745][445]LogModuleManager: Shutting down and abandoning module PaperTiledImporter (276)
[2017.12.18-16.40.32:745][445]LogModuleManager: Shutting down and abandoning module PaperSpriteSheetImporter (274)
[2017.12.18-16.40.32:745][445]LogModuleManager: Shutting down and abandoning module Paper2DEditor (272)
[2017.12.18-16.40.32:763][445]LogModuleManager: Shutting down and abandoning module MeshPaint (271)
[2017.12.18-16.40.32:773][445]LogModuleManager: Shutting down and abandoning module LevelEditor (269)
[2017.12.18-16.40.32:787][445]LogModuleManager: Shutting down and abandoning module PixelInspectorModule (268)
[2017.12.18-16.40.32:799][445]LogModuleManager: Shutting down and abandoning module MainFrame (266)
[2017.12.18-16.40.32:799][445]LogModuleManager: Shutting down and abandoning module HotReload (265)
[2017.12.18-16.40.32:867][445]LogModuleManager: Shutting down and abandoning module RuntimePhysXCooking (260)
[2017.12.18-16.40.32:867][445]LogModuleManager: Shutting down and abandoning module PhysXVehiclesEditor (258)
[2017.12.18-16.40.32:867][445]LogModuleManager: Shutting down and abandoning module PhysXVehicles (256)
[2017.12.18-16.40.32:867][445]LogModuleManager: Shutting down and abandoning module OculusEditor (254)
[2017.12.18-16.40.32:867][445]LogModuleManager: Shutting down and abandoning module LocationServicesBPLibrary (252)
[2017.12.18-16.40.32:867][445]LogModuleManager: Shutting down and abandoning module ImmediatePhysicsEditor (250)
[2017.12.18-16.40.32:867][445]LogModuleManager: Shutting down and abandoning module ImmediatePhysics (248)
[2017.12.18-16.40.32:882][445]LogModuleManager: Shutting down and abandoning module UdpMessaging (246)
[2017.12.18-16.40.32:983][445]LogModuleManager: Shutting down and abandoning module TcpMessaging (244)
[2017.12.18-16.40.33:093][445]LogModuleManager: Shutting down and abandoning module GameplayTagsEditor (242)
[2017.12.18-16.40.33:113][445]LogModuleManager: Shutting down and abandoning module FacialAnimationEditor (240)
[2017.12.18-16.40.33:113][445]LogModuleManager: Shutting down and abandoning module FacialAnimation (238)
[2017.12.18-16.40.33:114][445]LogModuleManager: Shutting down and abandoning module AssetManagerEditor (236)
[2017.12.18-16.40.33:120][445]LogModuleManager: Shutting down and abandoning module GraphEditor (235)
[2017.12.18-16.40.33:166][445]LogModuleManager: Shutting down and abandoning module ContentBrowser (233)
[2017.12.18-16.40.33:169][445]LogModuleManager: Shutting down and abandoning module LightPropagationVolumeRuntime (230)
[2017.12.18-16.40.33:169][445]LogModuleManager: Shutting down and abandoning module Paper2D (228)
[2017.12.18-16.40.33:188][445]LogModuleManager: Shutting down and abandoning module WindowsMoviePlayer (226)
[2017.12.18-16.40.33:204][445]LogModuleManager: Shutting down and abandoning module WmfMedia (224)
[2017.12.18-16.40.33:205][445]LogModuleManager: Shutting down and abandoning module PacketHandler (222)
[2017.12.18-16.40.33:205][445]LogModuleManager: Shutting down and abandoning module ClothingSystemEditor (220)
[2017.12.18-16.40.33:205][445]LogModuleManager: Shutting down and abandoning module ClothingSystemRuntime (218)
[2017.12.18-16.40.33:234][445]LogModuleManager: Shutting down and abandoning module Overlay (216)
[2017.12.18-16.40.33:234][445]LogModuleManager: Shutting down and abandoning module OverlayEditor (215)
[2017.12.18-16.40.33:235][445]LogModuleManager: Shutting down and abandoning module MediaAssets (212)
[2017.12.18-16.40.33:235][445]LogModuleManager: Shutting down and abandoning module VREditor (210)
[2017.12.18-16.40.33:262][445]LogModuleManager: Shutting down and abandoning module StringTableEditor (208)
[2017.12.18-16.40.33:273][445]LogModuleManager: Shutting down and abandoning module GameplayTasksEditor (206)
[2017.12.18-16.40.33:273][445]LogModuleManager: Shutting down and abandoning module BehaviorTreeEditor (204)
[2017.12.18-16.40.33:306][445]LogModuleManager: Shutting down and abandoning module FunctionalTesting (202)
[2017.12.18-16.40.33:306][445]LogModuleManager: Shutting down and abandoning module CollisionAnalyzer (200)
[2017.12.18-16.40.33:319][445]LogModuleManager: Shutting down and abandoning module WorkspaceMenuStructure (199)
[2017.12.18-16.40.33:319][445]LogModuleManager: Shutting down and abandoning module UMG (196)
[2017.12.18-16.40.33:319][445]LogModuleManager: Shutting down and abandoning module UMGEditor (195)
[2017.12.18-16.40.33:319][445]LogModuleManager: Shutting down and abandoning module Sequencer (194)
[2017.12.18-16.40.33:319][445]LogModuleManager: Shutting down and abandoning module MessageLog (191)
[2017.12.18-16.40.33:319][445]LogModuleManager: Shutting down and abandoning module SlateReflector (186)
[2017.12.18-16.40.33:350][445]LogModuleManager: Shutting down and abandoning module Slate (184)
[2017.12.18-16.40.33:350][445]LogModuleManager: Shutting down and abandoning module EditorStyle (182)
[2017.12.18-16.40.33:354][445]LogModuleManager: Shutting down and abandoning module MRMesh (180)
[2017.12.18-16.40.33:354][445]LogModuleManager: Shutting down and abandoning module SourceCodeAccess (178)
[2017.12.18-16.40.33:354][445]LogModuleManager: Shutting down and abandoning module HeadMountedDisplay (176)
[2017.12.18-16.40.33:354][445]LogModuleManager: Shutting down and abandoning module XAudio2 (174)
[2017.12.18-16.40.33:354][445]LogModuleManager: Shutting down and abandoning module Networking (172)
[2017.12.18-16.40.33:354][445]LogModuleManager: Shutting down and abandoning module Core (168)
[2017.12.18-16.40.33:354][445]LogModuleManager: Shutting down and abandoning module KismetCompiler (164)
[2017.12.18-16.40.33:354][445]LogModuleManager: Shutting down and abandoning module LevelSequence (162)
[2017.12.18-16.40.33:354][445]LogModuleManager: Shutting down and abandoning module MeshUtilities (160)
[2017.12.18-16.40.33:373][445]LogModuleManager: Shutting down and abandoning module MeshMergeUtilities (159)
[2017.12.18-16.40.33:389][445]LogModuleManager: Shutting down and abandoning module MeshReductionInterface (158)
[2017.12.18-16.40.33:389][445]LogModuleManager: Shutting down and abandoning module SimplygonSwarm (157)
[2017.12.18-16.40.33:394][445]LogModuleManager: Shutting down and abandoning module SimplygonMeshReduction (155)
[2017.12.18-16.40.33:394][445]LogModuleManager: Shutting down and abandoning module QuadricMeshReduction (153)
[2017.12.18-16.40.33:405][445]LogModuleManager: Shutting down and abandoning module MaterialBaking (149)
[2017.12.18-16.40.33:414][445]LogModuleManager: Shutting down and abandoning module DirectoryWatcher (146)
[2017.12.18-16.40.33:420][445]LogModuleManager: Shutting down and abandoning module DerivedDataCache (144)
[2017.12.18-16.40.33:424][445]LogDerivedDataCache: Shutdown
[2017.12.18-16.40.33:425][445]LogModuleManager: Shutting down and abandoning module TargetPlatform (142)
[2017.12.18-16.40.33:425][445]LogModuleManager: Shutting down and abandoning module VulkanShaderFormat (141)
[2017.12.18-16.40.33:436][445]LogModuleManager: Shutting down and abandoning module ShaderFormatVectorVM (139)
[2017.12.18-16.40.33:442][445]LogModuleManager: Shutting down and abandoning module ShaderFormatOpenGL (137)
[2017.12.18-16.40.33:447][445]LogModuleManager: Shutting down and abandoning module ShaderFormatD3D (135)
[2017.12.18-16.40.33:454][445]LogModuleManager: Shutting down and abandoning module MetalShaderFormat (133)
[2017.12.18-16.40.33:473][445]LogModuleManager: Shutting down and abandoning module TextureFormatUncompressed (131)
[2017.12.18-16.40.33:473][445]LogModuleManager: Shutting down and abandoning module TextureFormatPVR (129)
[2017.12.18-16.40.33:473][445]LogModuleManager: Shutting down and abandoning module TextureFormatDXT (127)
[2017.12.18-16.40.33:484][445]LogModuleManager: Shutting down and abandoning module TextureFormatIntelISPCTexComp (125)
[2017.12.18-16.40.33:505][445]LogModuleManager: Shutting down and abandoning module TextureFormatASTC (123)
[2017.12.18-16.40.33:505][445]LogModuleManager: Shutting down and abandoning module ImageWrapper (122)
[2017.12.18-16.40.33:506][445]LogModuleManager: Shutting down and abandoning module TextureFormatAndroid (119)
[2017.12.18-16.40.33:506][445]LogModuleManager: Shutting down and abandoning module AudioFormatOpus (117)
[2017.12.18-16.40.33:506][445]LogModuleManager: Shutting down and abandoning module AudioFormatOgg (115)
[2017.12.18-16.40.33:506][445]LogModuleManager: Shutting down and abandoning module AudioFormatADPCM (113)
[2017.12.18-16.40.33:506][445]LogModuleManager: Shutting down and abandoning module LinuxTargetPlatform (111)
[2017.12.18-16.40.33:506][445]LogModuleManager: Shutting down and abandoning module LinuxServerTargetPlatform (109)
[2017.12.18-16.40.33:506][445]LogModuleManager: Shutting down and abandoning module LinuxNoEditorTargetPlatform (107)
[2017.12.18-16.40.33:506][445]LogModuleManager: Shutting down and abandoning module LinuxClientTargetPlatform (105)
[2017.12.18-16.40.33:506][445]LogModuleManager: Shutting down and abandoning module TVOSTargetPlatform (103)
[2017.12.18-16.40.33:506][445]LogModuleManager: Shutting down and abandoning module Messaging (101)
[2017.12.18-16.40.33:506][445]LogModuleManager: Shutting down and abandoning module IOSTargetPlatform (99)
[2017.12.18-16.40.33:506][445]LogModuleManager: Shutting down and abandoning module HTML5TargetPlatform (97)
[2017.12.18-16.40.33:506][445]LogModuleManager: Shutting down and abandoning module Android_PVRTCTargetPlatform (95)
[2017.12.18-16.40.33:506][445]LogModuleManager: Shutting down and abandoning module Android_MultiTargetPlatform (93)
[2017.12.18-16.40.33:507][445]LogModuleManager: Shutting down and abandoning module Android_ETC2TargetPlatform (91)
[2017.12.18-16.40.33:507][445]LogModuleManager: Shutting down and abandoning module Android_ETC1TargetPlatform (89)
[2017.12.18-16.40.33:507][445]LogModuleManager: Shutting down and abandoning module Android_DXTTargetPlatform (87)
[2017.12.18-16.40.33:507][445]LogModuleManager: Shutting down and abandoning module Android_ATCTargetPlatform (85)
[2017.12.18-16.40.33:507][445]LogModuleManager: Shutting down and abandoning module Android_ASTCTargetPlatform (83)
[2017.12.18-16.40.33:507][445]LogModuleManager: Shutting down and abandoning module AndroidTargetPlatform (81)
[2017.12.18-16.40.33:507][445]LogModuleManager: Shutting down and abandoning module WindowsTargetPlatform (79)
[2017.12.18-16.40.33:507][445]LogModuleManager: Shutting down and abandoning module WindowsServerTargetPlatform (77)
[2017.12.18-16.40.33:507][445]LogModuleManager: Shutting down and abandoning module WindowsNoEditorTargetPlatform (75)
[2017.12.18-16.40.33:507][445]LogModuleManager: Shutting down and abandoning module WindowsClientTargetPlatform (73)
[2017.12.18-16.40.33:507][445]LogModuleManager: Shutting down and abandoning module MacTargetPlatform (71)
[2017.12.18-16.40.33:507][445]LogModuleManager: Shutting down and abandoning module MacServerTargetPlatform (69)
[2017.12.18-16.40.33:507][445]LogModuleManager: Shutting down and abandoning module MacNoEditorTargetPlatform (67)
[2017.12.18-16.40.33:507][445]LogModuleManager: Shutting down and abandoning module MacClientTargetPlatform (65)
[2017.12.18-16.40.33:507][445]LogModuleManager: Shutting down and abandoning module AllDesktopTargetPlatform (63)
[2017.12.18-16.40.33:507][445]LogModuleManager: Shutting down and abandoning module InputCore (60)
[2017.12.18-16.40.33:507][445]LogModuleManager: Shutting down and abandoning module Settings (58)
[2017.12.18-16.40.33:507][445]LogModuleManager: Shutting down and abandoning module PhysXCooking (56)
[2017.12.18-16.40.33:507][445]LogModuleManager: Shutting down and abandoning module SteamVR (54)
[2017.12.18-16.40.33:507][445]LogModuleManager: Shutting down and abandoning module OculusHMD (52)
[2017.12.18-16.40.33:524][445]LogModuleManager: Shutting down and abandoning module ExampleDeviceProfileSelector (50)
[2017.12.18-16.40.33:524][445]LogModuleManager: Shutting down and abandoning module OnlineBlueprintSupport (48)
[2017.12.18-16.40.33:524][445]LogModuleManager: Shutting down and abandoning module OnlineSubsystem (44)
[2017.12.18-16.40.33:524][445]LogOnline: Display: Unloading online subsystem: NULL
[2017.12.18-16.40.33:560][445]LogModuleManager: Shutting down and abandoning module XMPP (43)
[2017.12.18-16.40.33:578][445]LogModuleManager: Shutting down and abandoning module HTTP (41)
[2017.12.18-16.40.33:578][445]LogHttp: Display: Http module shutting down, but needs to wait on 1 outstanding Http requests:
[2017.12.18-16.40.33:597][445]LogHttp: Display: 	verb=[POST] url=[https://datarouter.ol.epicgames.com/datarouter/api/v1/public/data?SessionID=%7B3AFAB647-47B0-88B4-6F20-6484952E0A75%7D&AppID=UEEditor.Rocket.Release&AppVersion=4.17.1-3586342%2B%2B%2BUE4%2BRelease-4.17&UserID=2b4b9104449ff9352e6e79a22565f81d%7C3c455ced7e304eddb535ae3cbf37a172%7Cdff5993a-bb95-44de-bad5-df2ac76192ca&AppEnvironment=datacollector-binary&UploadType=eteventstream] status=Processing
[2017.12.18-16.40.33:624][445]LogModuleManager: Shutting down and abandoning module SSL (40)
[2017.12.18-16.40.33:640][445]LogModuleManager: Shutting down and abandoning module AnimationModifiers (36)
[2017.12.18-16.40.33:661][445]LogModuleManager: Shutting down and abandoning module PropertyEditor (35)
[2017.12.18-16.40.33:661][445]LogModuleManager: Shutting down and abandoning module AudioEditor (32)
[2017.12.18-16.40.33:706][445]LogModuleManager: Shutting down and abandoning module TextureCompressor (30)
[2017.12.18-16.40.33:719][445]LogModuleManager: Shutting down and abandoning module ShaderCore (28)
[2017.12.18-16.40.33:719][445]LogModuleManager: Shutting down and abandoning module Landscape (26)
[2017.12.18-16.40.33:719][445]LogModuleManager: Shutting down and abandoning module SlateRHIRenderer (24)
[2017.12.18-16.40.33:756][445]LogModuleManager: Shutting down and abandoning module OpenGLDrv (22)
[2017.12.18-16.40.33:767][445]LogModuleManager: Shutting down and abandoning module D3D11RHI (20)
[2017.12.18-16.40.33:767][445]LogModuleManager: Shutting down and abandoning module AnimGraphRuntime (18)
[2017.12.18-16.40.33:767][445]LogModuleManager: Shutting down and abandoning module Renderer (16)
[2017.12.18-16.40.33:767][445]LogModuleManager: Shutting down and abandoning module Engine (14)
[2017.12.18-16.40.33:773][445]LogModuleManager: Shutting down and abandoning module CoreUObject (12)
[2017.12.18-16.40.33:773][445]LogModuleManager: Shutting down and abandoning module NetworkFile (10)
[2017.12.18-16.40.33:782][445]LogModuleManager: Shutting down and abandoning module CookedIterativeFile (8)
[2017.12.18-16.40.33:782][445]LogModuleManager: Shutting down and abandoning module StreamingFile (6)
[2017.12.18-16.40.33:787][445]LogModuleManager: Shutting down and abandoning module SandboxFile (4)
[2017.12.18-16.40.33:787][445]LogModuleManager: Shutting down and abandoning module PakFile (2)
[2017.12.18-16.40.33:818][445]LogExit: Exiting.
[2017.12.18-16.40.33:907][445]Log file closed, 12/19/17 01:40:33
