Log file open, 12/08/17 14:14:58
LogWindows: LoadLibraryWithSearchPaths failed for file aqProf.dll. GetLastError=0
LogWindows: LoadLibraryWithSearchPaths failed for file VtuneApi.dll. GetLastError=0
LogWindows: LoadLibraryWithSearchPaths failed for file VtuneApi32e.dll. GetLastError=0
LogInit: Display: Running engine for game: Berserker
LogPlatformFile: Not using cached read wrapper
LogInit: Display: RandInit(-575442178) SRandInit(-575442178).
LogTaskGraph: Started task graph with 5 named threads and 14 total threads with 3 sets of task threads.
LogStats: Stats thread started at 4.661523
LogD3D11RHI: Aftermath initialized
LogPluginManager: Mounting plugin Paper2D
LogPluginManager: Mounting plugin LightPropagationVolume
LogPluginManager: Mounting plugin CodeLiteSourceCodeAccess
LogPluginManager: Mounting plugin GitSourceControl
LogPluginManager: Mounting plugin KDevelopSourceCodeAccess
LogPluginManager: Mounting plugin NullSourceCodeAccess
LogPluginManager: Mounting plugin PerforceSourceControl
LogPluginManager: Mounting plugin SubversionSourceControl
LogPluginManager: Mounting plugin UObjectPlugin
LogPluginManager: Mounting plugin VisualStudioSourceCodeAccess
LogPluginManager: Mounting plugin XCodeSourceCodeAccess
LogPluginManager: Mounting plugin AssetManagerEditor
LogPluginManager: Mounting plugin AudioCapture
LogPluginManager: Mounting plugin FacialAnimation
LogPluginManager: Mounting plugin GameplayTagsEditor
LogPluginManager: Mounting plugin MobileLauncherProfileWizard
LogPluginManager: Mounting plugin PluginBrowser
LogPluginManager: Mounting plugin SpeedTreeImporter
LogPluginManager: Mounting plugin AlembicImporter
LogPluginManager: Mounting plugin CharacterAI
LogPluginManager: Mounting plugin HTML5Networking
LogPluginManager: Mounting plugin AndroidMedia
LogPluginManager: Mounting plugin AvfMedia
LogPluginManager: Mounting plugin MediaPlayerEditor
LogPluginManager: Mounting plugin WmfMedia
LogPluginManager: Mounting plugin TcpMessaging
LogPluginManager: Mounting plugin UdpMessaging
LogPluginManager: Mounting plugin LevelSequenceEditor
LogPluginManager: Mounting plugin MatineeToLevelSequence
LogPluginManager: Mounting plugin OnlineSubsystemGooglePlay
LogPluginManager: Mounting plugin OnlineSubsystemIOS
LogPluginManager: Mounting plugin OnlineSubsystem
LogPluginManager: Mounting plugin OnlineSubsystemNull
LogPluginManager: Mounting plugin OnlineSubsystemUtils
LogPluginManager: Mounting plugin AndroidDeviceProfileSelector
LogPluginManager: Mounting plugin AndroidMoviePlayer
LogPluginManager: Mounting plugin AndroidPermission
LogPluginManager: Mounting plugin AppleMoviePlayer
LogPluginManager: Mounting plugin ArchVisCharacter
LogPluginManager: Mounting plugin CableComponent
LogPluginManager: Mounting plugin CustomMeshComponent
LogPluginManager: Mounting plugin ExampleDeviceProfileSelector
LogPluginManager: Mounting plugin GoogleCloudMessaging
LogPluginManager: Mounting plugin ImmediatePhysics
LogPluginManager: Mounting plugin IOSDeviceProfileSelector
LogPluginManager: Mounting plugin LinuxDeviceProfileSelector
LogPluginManager: Mounting plugin LocationServicesBPLibrary
LogPluginManager: Mounting plugin MobilePatchingUtils
LogPluginManager: Mounting plugin OculusVR
LogPluginManager: Mounting plugin PhysXVehicles
LogPluginManager: Mounting plugin ProceduralMeshComponent
LogPluginManager: Mounting plugin RuntimePhysXCooking
LogPluginManager: Mounting plugin SteamVR
LogPluginManager: Mounting plugin WindowsMoviePlayer
LogInit: Using libcurl 7.47.1
LogInit:  - built for x86_64-pc-win32
LogInit:  - supports SSL with OpenSSL/1.0.2g
LogInit:  - supports HTTP deflate (compression) using libz 1.2.8
LogInit:  - other features:
LogInit:      CURL_VERSION_SSL
LogInit:      CURL_VERSION_LIBZ
LogInit:      CURL_VERSION_IPV6
LogInit:      CURL_VERSION_ASYNCHDNS
LogInit:      CURL_VERSION_LARGEFILE
LogInit:      CURL_VERSION_IDN
LogInit:  CurlRequestOptions (configurable via config and command line):
LogInit:  - bVerifyPeer = false  - Libcurl will NOT verify peer certificate
LogInit:  - bUseHttpProxy = false  - Libcurl will NOT use HTTP proxy
LogInit:  - bDontReuseConnections = false  - Libcurl will reuse connections
LogInit:  - CertBundlePath = nullptr  - Libcurl will use whatever was configured at build time.
LogInit: Build: ++UE4+Release-4.17-CL-3586342
LogInit: Engine Version: 4.17.1-3586342+++UE4+Release-4.17
LogInit: Compatible Engine Version: 4.17.0-3573198+++UE4+Release-4.17
LogInit: Net CL: 3573198
LogDevObjectVersion: Number of dev versions registered: 16
LogDevObjectVersion:   Dev-Blueprints (B0D832E4-1F89-4F0D-ACCF-7EB736FD4AA2): 10
LogDevObjectVersion:   Dev-Build (E1C64328-A22C-4D53-A36C-8E866417BD8C): 0
LogDevObjectVersion:   Dev-Core (375EC13C-06E4-48FB-B500-84F0262A717E): 2
LogDevObjectVersion:   Dev-Editor (E4B068ED-F494-42E9-A231-DA0B2E46BB41): 20
LogDevObjectVersion:   Dev-Framework (CFFC743F-43B0-4480-9391-14DF171D2073): 28
LogDevObjectVersion:   Dev-Mobile (B02B49B5-BB20-44E9-A304-32B752E40360): 0
LogDevObjectVersion:   Dev-Networking (A4E4105C-59A1-49B5-A7C5-40C4547EDFEE): 0
LogDevObjectVersion:   Dev-Online (39C831C9-5AE6-47DC-9A44-9C173E1C8E7C): 0
LogDevObjectVersion:   Dev-Physics (78F01B33-EBEA-4F98-B9B4-84EACCB95AA2): 0
LogDevObjectVersion:   Dev-Platform (6631380F-2D4D-43E0-8009-CF276956A95A): 0
LogDevObjectVersion:   Dev-Rendering (12F88B9F-8875-4AFC-A67C-D90C383ABD29): 19
LogDevObjectVersion:   Dev-Sequencer (7B5AE74C-D270-4C10-A958-57980B212A5A): 4
LogDevObjectVersion:   Dev-VR (D7296918-1DD6-4BDD-9DE2-64A83CC13884): 0
LogDevObjectVersion:   Dev-LoadTimes (C2A15278-BFE7-4AFE-6C17-90FF531DF755): 1
LogDevObjectVersion:   Private-Geometry (6EACA3D4-40EC-4CC1-B786-8BED09428FC5): 1
LogDevObjectVersion:   Dev-AnimPhys (29E575DD-E0A3-4627-9D10-D276232CDCEA): 7
LogInit: Compiled (64-bit): Aug 15 2017 02:05:26
LogInit: Compiled with Visual C++: 19.00.24215.01
LogInit: Build Configuration: Development
LogInit: Branch Name: ++UE4+Release-4.17
LogInit: Command line:  
LogInit: Base directory: D:/UnrealEngine/UE_4.17/Engine/Binaries/Win64/
LogInit: Installed Engine Build: 1
LogInit: Presizing for max 8388607 objects, including 0 objects not considered by GC, pre-allocating 0 bytes for permanent pool.
LogInit: Object subsystem initialized
[2017.12.08-05.15.01:320][  0]LogInit: Selected Device Profile: [Windows]
[2017.12.08-05.15.01:320][  0]LogInit: Applying CVar settings loaded from the selected device profile: [Windows]
[2017.12.08-05.15.01:779][  0]LogInit: Computer: DESKTOP-6JOGDQL
[2017.12.08-05.15.01:779][  0]LogInit: User: JWOH
[2017.12.08-05.15.01:779][  0]LogInit: CPU Page size=4096, Cores=4
[2017.12.08-05.15.01:779][  0]LogInit: High frequency timer resolution =2.531250 MHz
[2017.12.08-05.15.01:780][  0]LogMemory: Memory total: Physical=7.9GB (8GB approx)
[2017.12.08-05.15.01:780][  0]LogMemory: Platform Memory Stats for Windows
[2017.12.08-05.15.01:780][  0]LogMemory: Process Physical Memory: 280.35 MB used, 280.35 MB peak
[2017.12.08-05.15.01:780][  0]LogMemory: Process Virtual Memory: 290.46 MB used, 290.46 MB peak
[2017.12.08-05.15.01:780][  0]LogMemory: Physical Memory: 4500.12 MB used,  3555.54 MB free, 8055.66 MB total
[2017.12.08-05.15.01:780][  0]LogMemory: Virtual Memory: 685.23 MB used,  3555.54 MB free, 134217728.00 MB total
[2017.12.08-05.15.03:378][  0]LogInit: Using OS detected language (ko-KR).
[2017.12.08-05.15.03:378][  0]LogInit: Using OS detected locale (ko-KR).
[2017.12.08-05.15.03:747][  0]LogTextLocalizationManager: No specific localization for 'ko-KR' exists, so the 'ko' localization will be used.
[2017.12.08-05.15.09:359][  0]LogD3D11RHI: D3D11 adapters:
[2017.12.08-05.15.10:207][  0]LogD3D11RHI:    0. 'NVIDIA GeForce GTX 960M' (Feature Level 11_0)
[2017.12.08-05.15.10:207][  0]LogD3D11RHI:       2019/0/4027 MB DedicatedVideo/DedicatedSystem/SharedSystem, Outputs:1, VendorId:0x10de
[2017.12.08-05.15.10:216][  0]LogD3D11RHI:    1. 'Intel(R) HD Graphics 530' (Feature Level 11_0)
[2017.12.08-05.15.10:216][  0]LogD3D11RHI:       128/0/4027 MB DedicatedVideo/DedicatedSystem/SharedSystem, Outputs:0, VendorId:0x8086
[2017.12.08-05.15.10:219][  0]LogD3D11RHI:    2. 'Microsoft Basic Render Driver' (Feature Level 11_0)
[2017.12.08-05.15.10:219][  0]LogD3D11RHI:       0/0/4027 MB DedicatedVideo/DedicatedSystem/SharedSystem, Outputs:0, VendorId:0x1414
[2017.12.08-05.15.10:219][  0]LogD3D11RHI: Chosen D3D11 Adapter: 0
[2017.12.08-05.15.10:225][  0]LogD3D11RHI: Creating new Direct3DDevice
[2017.12.08-05.15.10:225][  0]LogD3D11RHI:     GPU DeviceId: 0x139b (for the marketing name, search the web for "GPU Device Id")
[2017.12.08-05.15.10:226][  0]LogWindows: EnumDisplayDevices:
[2017.12.08-05.15.10:226][  0]LogWindows:    0. 'Intel(R) HD Graphics 530' (P:1 D:1)
[2017.12.08-05.15.10:227][  0]LogWindows:    1. 'Intel(R) HD Graphics 530' (P:0 D:0)
[2017.12.08-05.15.10:227][  0]LogWindows:    2. 'Intel(R) HD Graphics 530' (P:0 D:0)
[2017.12.08-05.15.10:228][  0]LogWindows: DebugString: PrimaryIsNotTheChoosenAdapter PrimaryIsNotTheChoosenAdapter PrimaryIsNotTheChoosenAdapter FoundDriverCount:0 
[2017.12.08-05.15.10:228][  0]LogD3D11RHI:     Adapter Name: NVIDIA GeForce GTX 960M
[2017.12.08-05.15.10:228][  0]LogD3D11RHI:   Driver Version: Unknown (internal:Unknown, unified:Unknown)
[2017.12.08-05.15.10:228][  0]LogD3D11RHI:      Driver Date: Unknown
[2017.12.08-05.15.10:228][  0]LogRHI: Texture pool is 1361 MB (70% of 1945 MB)
[2017.12.08-05.15.10:250][  0]LogD3D11RHI: Async texture creation enabled
[2017.12.08-05.15.10:631][  0]LogD3D11RHI: GPU Timing Frequency: 1000.000000 (Debug: 2 1)
[2017.12.08-05.15.10:720][  0]LogShaderCompilers: Guid format shader working directory is -14 characters bigger than the processId version (../../../../../NewGarden/GardenProject/NGA/Project/Berserker/Intermediate/Shaders/WorkingDirectory/12924/).
[2017.12.08-05.15.10:721][  0]LogShaderCompilers: Cleaned the shader compiler working directory 'C:/Users/J.W OH/AppData/Local/Temp/UnrealShaderWorkingDir/EF2AE0274D16A2ABD5F2F7B0FCC6BF32/'.
[2017.12.08-05.15.10:732][  0]LogShaderCompilers: Display: Using Local Shader Compiler.
[2017.12.08-05.15.16:136][  0]LogTemp: Display: Loaded TP AllDesktopTargetPlatform
[2017.12.08-05.15.16:202][  0]LogTemp: Display: Loaded TP MacClientTargetPlatform
[2017.12.08-05.15.16:256][  0]LogTemp: Display: Loaded TP MacNoEditorTargetPlatform
[2017.12.08-05.15.16:309][  0]LogTemp: Display: Loaded TP MacServerTargetPlatform
[2017.12.08-05.15.16:408][  0]LogTemp: Display: Loaded TP MacTargetPlatform
[2017.12.08-05.15.16:461][  0]LogTemp: Display: Loaded TP WindowsClientTargetPlatform
[2017.12.08-05.15.16:519][  0]LogTemp: Display: Loaded TP WindowsNoEditorTargetPlatform
[2017.12.08-05.15.16:593][  0]LogTemp: Display: Loaded TP WindowsServerTargetPlatform
[2017.12.08-05.15.16:651][  0]LogTemp: Display: Loaded TP WindowsTargetPlatform
[2017.12.08-05.15.16:748][  0]LogTemp: Display: Loaded TP AndroidTargetPlatform
[2017.12.08-05.15.16:798][  0]LogTemp: Display: Loaded TP Android_ASTCTargetPlatform
[2017.12.08-05.15.16:841][  0]LogTemp: Display: Loaded TP Android_ATCTargetPlatform
[2017.12.08-05.15.16:886][  0]LogTemp: Display: Loaded TP Android_DXTTargetPlatform
[2017.12.08-05.15.16:940][  0]LogTemp: Display: Loaded TP Android_ETC1TargetPlatform
[2017.12.08-05.15.16:990][  0]LogTemp: Display: Loaded TP Android_ETC2TargetPlatform
[2017.12.08-05.15.17:088][  0]LogTemp: Display: Loaded TP Android_MultiTargetPlatform
[2017.12.08-05.15.17:088][  0]LogTemp: Display: Loaded TP Android_PVRTCTargetPlatform
[2017.12.08-05.15.17:122][  0]LogTemp: Display: Loaded TP HTML5TargetPlatform
[2017.12.08-05.15.17:359][  0]LogTemp: Display: Loaded TP IOSTargetPlatform
[2017.12.08-05.15.17:388][  0]LogTemp: Display: Loaded TP TVOSTargetPlatform
[2017.12.08-05.15.17:443][  0]LogTemp: Display: Loaded TP LinuxClientTargetPlatform
[2017.12.08-05.15.17:492][  0]LogTemp: Display: Loaded TP LinuxNoEditorTargetPlatform
[2017.12.08-05.15.17:545][  0]LogTemp: Display: Loaded TP LinuxServerTargetPlatform
[2017.12.08-05.15.17:640][  0]LogTemp: Display: Loaded TP LinuxTargetPlatform
[2017.12.08-05.15.17:641][  0]LogTargetPlatformManager: Display: Building Assets For Windows
[2017.12.08-05.15.19:505][  0]LogDerivedDataCache: Display: Max Cache Size: 512 MB
[2017.12.08-05.15.19:881][  0]LogDerivedDataCache: Loaded boot cache 0.38s 93MB C:/Users/J.W OH/AppData/Local/UnrealEngine/4.17/DerivedDataCache/Boot.ddc.
[2017.12.08-05.15.19:881][  0]LogDerivedDataCache: Display: Loaded Boot cache: C:/Users/J.W OH/AppData/Local/UnrealEngine/4.17/DerivedDataCache/Boot.ddc
[2017.12.08-05.15.19:881][  0]LogDerivedDataCache: FDerivedDataBackendGraph:  Pak pak cache file ../../../../../NewGarden/GardenProject/NGA/Project/Berserker/DerivedDataCache/DDC.ddp not found, will not use a pak cache.
[2017.12.08-05.15.19:881][  0]LogDerivedDataCache: Unable to find inner node Pak for hierarchical cache Hierarchy.
[2017.12.08-05.15.19:881][  0]LogDerivedDataCache: FDerivedDataBackendGraph:  CompressedPak pak cache file ../../../../../NewGarden/GardenProject/NGA/Project/Berserker/DerivedDataCache/Compressed.ddp not found, will not use a pak cache.
[2017.12.08-05.15.19:881][  0]LogDerivedDataCache: Unable to find inner node CompressedPak for hierarchical cache Hierarchy.
[2017.12.08-05.15.20:015][  0]LogDerivedDataCache: Display: Pak cache opened for reading ../../../Engine/DerivedDataCache/Compressed.ddp.
[2017.12.08-05.15.20:028][  0]LogDerivedDataCache: Using Local data cache path C:/Users/J.W OH/AppData/Local/UnrealEngine/Common/DerivedDataCache: Writable
[2017.12.08-05.15.20:087][  0]LogMaterial: Verifying Global Shaders for PCD3D_SM5
[2017.12.08-05.15.20:170][  0]LogSlate: Using Freetype 2.6.0
[2017.12.08-05.15.20:276][  0]LogSlate: SlateFontCache - WITH_FREETYPE: 1, WITH_HARFBUZZ: 1
[2017.12.08-05.15.20:293][  0]LogSlate: SlateFontCache - WITH_FREETYPE: 1, WITH_HARFBUZZ: 1
[2017.12.08-05.15.29:759][  0]LogAssetRegistry: FAssetRegistry took 0.0323 seconds to start up
[2017.12.08-05.15.33:346][  0]LogInit: Selected Device Profile: [Windows]
[2017.12.08-05.15.43:088][  0]LogContentStreaming: Texture pool size is 0.00 MB
[2017.12.08-05.15.44:216][  0]LogSimplygon: Simplygon DLL not present - disabling.
[2017.12.08-05.15.44:288][  0]LogMeshReduction: Using SimplygonSwarm for distributed automatic mesh merging
[2017.12.08-05.15.44:297][  0]LogMeshReduction: Using QuadricMeshReduction for automatic static mesh reduction
[2017.12.08-05.15.44:297][  0]LogMeshReduction: No automatic skeletal mesh reduction module available
[2017.12.08-05.15.44:297][  0]LogMeshReduction: No automatic mesh merging module available
[2017.12.08-05.15.44:297][  0]LogMeshMerging: No automatic mesh merging module available
[2017.12.08-05.15.48:092][  0]LogNetVersion: Berserker , NetCL: 3573198, EngineNetVer: 2, GameNetVer: 0 (Checksum: 408643392)
[2017.12.08-05.15.50:029][  0]LogPackageLocalizationCache: Processed 5 localized package path(s) for 2 prioritized culture(s) in 0.240319 seconds
[2017.12.08-05.15.50:051][  0]LogUObjectArray: 35825 objects as part of root set at end of initial load.
[2017.12.08-05.15.50:051][  0]LogUObjectAllocator: 7529104 out of 0 bytes used by permanent object pool.
[2017.12.08-05.15.50:051][  0]LogUObjectArray: CloseDisregardForGC: 0/0 objects in disregard for GC pool
[2017.12.08-05.15.50:101][  0]LogInit: WinSock: version 1.1 (2.2), MaxSocks=32767, MaxUdp=65467
[2017.12.08-05.16.08:579][  0]LogTcpMessaging: Initializing TcpMessaging bridge
[2017.12.08-05.16.08:627][  0]LogUdpMessaging: Initializing bridge on interface 0.0.0.0:0 to multicast group 230.0.0.1:6666.
[2017.12.08-05.16.10:326][  0]LogMaterial: Uniform references updated for custom material expression Custom.
[2017.12.08-05.16.11:120][  0]SourceControl: 소스 콘트롤이 꺼졌습니다.
[2017.12.08-05.16.11:120][  0]SourceControl: 소스 콘트롤이 꺼졌습니다.
[2017.12.08-05.16.11:241][  0]SourceControl: 소스 콘트롤이 꺼졌습니다.
[2017.12.08-05.16.11:293][  0]SourceControl: 소스 콘트롤이 꺼졌습니다.
[2017.12.08-05.16.12:203][  0]LogAndroidPermission: UAndroidPermissionCallbackProxy::GetInstance
[2017.12.08-05.16.12:407][  0]LogOcInput: OculusInput pre-init called
[2017.12.08-05.16.13:175][  0]LogEngine: Initializing Engine...
[2017.12.08-05.16.13:218][  0]LogHMD: Failed to initialize OpenVR with code 110
[2017.12.08-05.16.14:112][  0]LogStats: UGameplayTagsManager::ConstructGameplayTagTree: Construct from data asset -  0.000 s
[2017.12.08-05.16.14:112][  0]LogStats: UGameplayTagsManager::ConstructGameplayTagTree: GameplayTagTreeChangedEvent.Broadcast -  0.000 s
[2017.12.08-05.16.14:617][  0]LogAIModule: Creating AISystem for world Untitled
[2017.12.08-05.16.14:761][  0]LogInit: XAudio2 using '스피커(Realtek High Definition Audio(SST))' : 2 channels at 48 kHz using 32 bits per sample (channel mask 0x3)
[2017.12.08-05.16.14:800][  0]LogInit: FAudioDevice initialized.
[2017.12.08-05.16.14:916][  0]LogDerivedDataCache: Saved boot cache 0.12s 93MB C:/Users/J.W OH/AppData/Local/UnrealEngine/4.17/DerivedDataCache/Boot.ddc.
[2017.12.08-05.16.14:943][  0]LogInit: Texture streaming: Enabled
[2017.12.08-05.16.15:147][  0]LogEngineSessionManager: EngineSessionManager initialized
[2017.12.08-05.16.16:073][  0]LogInit: Transaction tracking system initialized
[2017.12.08-05.16.18:065][  0]BlueprintLog: New page: 에디터 로드
[2017.12.08-05.16.21:976][  0]LocalizationService: 현지화 서비스가 비활성화되었습니다.
[2017.12.08-05.16.25:948][  0]LogConsoleResponse: Display: 
[2017.12.08-05.16.34:835][  0]LogCook: Display: Max memory allowance for cook 16384mb min free memory 0mb
[2017.12.08-05.16.34:836][  0]LogCook: Display: Mobile HDR setting 1
[2017.12.08-05.16.35:180][  0]LogFileCache: Scanning file cache for directory 'D:/NewGarden/GardenProject/NGA/Project/Berserker/Content/' took 0.70s
[2017.12.08-05.16.35:180][  0]LogGameplayTags: Display: UGameplayTagsManager::DoneAddingNativeTags. DelegateIsBound: 0
[2017.12.08-05.16.45:494][  0]SourceControl: 소스 콘트롤이 꺼졌습니다.
[2017.12.08-05.16.45:708][  0]Cmd: MAP LOAD FILE="../../../../../NewGarden/GardenProject/NGA/Project/Berserker/Content/FLAG.umap" TEMPLATE=0 SHOWPROGRESS=1 FEATURELEVEL=3
[2017.12.08-05.16.46:120][  0]LightingResults: New page: 라이팅 빌드
[2017.12.08-05.16.46:776][  0]MapCheck: New page: 맵 체크
[2017.12.08-05.16.46:776][  0]LightingResults: New page: 라이팅 빌드
[2017.12.08-05.18.06:701][  0]LogClothingAssetFactory: Finished physical mesh import
[2017.12.08-05.18.06:702][  0]LogClothingAssetFactory: Finished physical mesh import
[2017.12.08-05.18.06:801][  0]LogActorComponent: ReregisterComponent: (/Game/FLAG.FLAG:PersistentLevel.flag_real6.SkeletalMeshComponent0) Not currently registered. Aborting.
[2017.12.08-05.18.06:801][  0]LogActorComponent: ReregisterComponent: (/Game/FLAG.FLAG:PersistentLevel.flag_real7.SkeletalMeshComponent0) Not currently registered. Aborting.
[2017.12.08-05.18.06:801][  0]LogActorComponent: ReregisterComponent: (/Game/FLAG.FLAG:PersistentLevel.flag_real6.SkeletalMeshComponent0) Not currently registered. Aborting.
[2017.12.08-05.18.06:801][  0]LogActorComponent: ReregisterComponent: (/Game/FLAG.FLAG:PersistentLevel.flag_real7.SkeletalMeshComponent0) Not currently registered. Aborting.
[2017.12.08-05.18.07:164][  0]LogAIModule: Creating AISystem for world FLAG
[2017.12.08-05.18.07:968][  0]LogEditorServer: Finished looking for orphan Actors (0.000 secs)
[2017.12.08-05.18.08:122][  0]Cmd: MAP CHECKDEP NOCLEARLOG
[2017.12.08-05.18.08:271][  0]MapCheck: 맵 체크 완료: 오류 0 회, 경고 0 회, 소요 시간 148.562ms.
[2017.12.08-05.18.08:271][  0]LogFileHelpers: Loading map 'FLAG' took 82.663
[2017.12.08-05.18.09:954][  0]LogCollectionManager: Loaded 0 collections in 0.001172 seconds
[2017.12.08-05.18.10:192][  0]LogFileCache: Scanning file cache for directory 'D:/NewGarden/GardenProject/NGA/Project/Berserker/Saved/Collections/' took 0.01s
[2017.12.08-05.18.10:192][  0]LogFileCache: Scanning file cache for directory 'D:/NewGarden/GardenProject/NGA/Project/Berserker/Content/Developers/JWOH/Collections/' took 0.01s
[2017.12.08-05.18.10:192][  0]LogFileCache: Scanning file cache for directory 'D:/NewGarden/GardenProject/NGA/Project/Berserker/Content/Collections/' took 0.01s
[2017.12.08-05.18.10:192][  0]LogCollectionManager: Rebuilt the GUID cache for 0 collections in 0.000001 seconds
[2017.12.08-05.18.10:222][  0]LogContentBrowser: Native class hierarchy populated in 0.0092 seconds. Added 2386 classes and 500 folders.
[2017.12.08-05.18.10:348][  0]LogContentBrowser: Native class hierarchy updated for 'WidgetCarousel' in 0.0011 seconds. Added 0 classes and 0 folders.
[2017.12.08-05.18.11:682][  0]LogContentBrowser: Native class hierarchy updated for 'AddContentDialog' in 0.0007 seconds. Added 0 classes and 0 folders.
[2017.12.08-05.18.11:827][  0]LogContentBrowser: Native class hierarchy updated for 'SceneOutliner' in 0.0008 seconds. Added 1 classes and 2 folders.
[2017.12.08-05.18.13:692][  0]LogSlate: Took 0.068540 seconds to synchronously load lazily loaded font '../../../Engine/Content/Slate/Fonts/Roboto-Regular.ttf' (155K)
[2017.12.08-05.18.13:787][  0]LogSlate: Took 0.080220 seconds to synchronously load lazily loaded font '../../../Engine/Content/Slate/Fonts/NanumGothic.ttf' (4243K)
[2017.12.08-05.18.13:831][  0]LogSlate: Took 0.026865 seconds to synchronously load lazily loaded font '../../../Engine/Content/Slate/Fonts/Roboto-Bold.ttf' (160K)
[2017.12.08-05.18.14:012][  0]LogSlate: Took 0.111657 seconds to synchronously load lazily loaded font '../../../Engine/Content/Editor/Slate/Fonts/FontAwesome.ttf' (139K)
[2017.12.08-05.18.14:918][  0]LogRenderer: Reallocating scene render targets to support 1208x576 Format 10 NumSamples 1 (Frame:1).
[2017.12.08-05.18.15:828][  0]LogSlate: Took 0.111117 seconds to synchronously load lazily loaded font '../../../Engine/Content/Slate/Fonts/Roboto-Light.ttf' (159K)
[2017.12.08-05.18.17:330][  0]LogContentBrowser: Native class hierarchy updated for 'HierarchicalLODOutliner' in 0.0007 seconds. Added 1 classes and 2 folders.
[2017.12.08-05.18.17:330][  0]LogLoad: (Engine Initialization) Total time: 215.75 seconds
[2017.12.08-05.18.17:330][  0]LogLoad: (Engine Initialization) Total Blueprint compile time: 0.00 seconds
[2017.12.08-05.18.17:330][  0]LogExternalProfiler: Found external profiler: VSPerf
[2017.12.08-05.18.17:330][  0]LogExternalProfiler: Using external profiler: VSPerf
[2017.12.08-05.18.18:043][  0]LogContentStreaming: Texture pool size now 1000 MB
[2017.12.08-05.18.19:391][  5]LogAssetRegistry: Asset discovery search completed in 169.6539 seconds
[2017.12.08-05.18.19:394][  5]LogCollectionManager: Rebuilt the object cache for 0 collections in 0.000000 seconds (found 0 objects)
[2017.12.08-05.18.19:394][  5]LogCollectionManager: Fixed up redirectors for 0 collections in 0.000054 seconds (updated 0 objects)
[2017.12.08-05.20.23:962][402]LogEditorViewport: Clicking on Actor (context menu): RecastNavMesh (RecastNavMesh-Default)
[2017.12.08-05.20.30:015][486]LogTemp: Repeating last play command: 새 에디터 창 (PIE)
[2017.12.08-05.20.33:447][486]LogBlueprintUserMessages: Early PlayInEditor Detection: Level '/Game/FLAG.FLAG:PersistentLevel' has LevelScriptBlueprint '/Game/FLAG.FLAG:PersistentLevel.FLAG' with GeneratedClass '/Game/FLAG.FLAG_C' with ClassGeneratedBy '/Game/FLAG.FLAG:PersistentLevel.FLAG'
[2017.12.08-05.20.33:458][486]LogPlayLevel: PlayLevel: No blueprints needed recompiling
[2017.12.08-05.20.33:610][486]PIE: New page: PIE 세션: FLAG (2017. 12. 8. 오후 11:20:33)
[2017.12.08-05.20.33:643][486]LogPlayLevel: Creating play world package: /Game/UEDPIE_0_FLAG
[2017.12.08-05.20.33:783][486]LogPlayLevel: PIE: StaticDuplicateObject took: (0.139127s)
[2017.12.08-05.20.33:783][486]LogAIModule: Creating AISystem for world FLAG
[2017.12.08-05.20.33:784][486]LogPlayLevel: PIE: World Init took: (0.000953s)
[2017.12.08-05.20.33:793][486]LogPlayLevel: PIE: Created PIE world by copying editor world from /Game/FLAG.FLAG to /Game/UEDPIE_0_FLAG.FLAG (0.149103s)
[2017.12.08-05.20.33:871][486]LogInit: XAudio2 using '스피커(Realtek High Definition Audio(SST))' : 2 channels at 48 kHz using 32 bits per sample (channel mask 0x3)
[2017.12.08-05.20.33:891][486]LogInit: FAudioDevice initialized.
[2017.12.08-05.20.34:219][486]LogLoad: Game class is 'BerserkerGameMode_C'
[2017.12.08-05.20.35:174][486]LogWorld: Bringing World /Game/UEDPIE_0_FLAG.FLAG up for play (max tick rate 60) at 2017.12.08-14.20.35
[2017.12.08-05.20.37:446][486]LogWorld: Bringing up level for play took: 2.558764
[2017.12.08-05.20.38:001][486]LogContentBrowser: Native class hierarchy updated for 'MovieSceneCapture' in 0.0009 seconds. Added 11 classes and 0 folders.
[2017.12.08-05.20.38:058][486]AnimBlueprint: Warning: 슬롯노드: PlayerCharacterAnim_BP_C 애니메이션 인스턴트 클래스의 'DefaultSlot' 는 이미 존재합니다. 이 클래스의 애니메이션 그래프에서 중복을 제거하세요.
[2017.12.08-05.20.38:401][486]PIE: /Game/UEDPIE_0_FLAG 에 대한 에디터에서 플레이 시작 시간: 5.228
[2017.12.08-05.20.38:474][486]LogBlueprintUserMessages: Late PlayInEditor Detection: Level '/Game/FLAG.FLAG:PersistentLevel' has LevelScriptBlueprint '/Game/FLAG.FLAG:PersistentLevel.FLAG' with GeneratedClass '/Game/FLAG.FLAG_C' with ClassGeneratedBy '/Game/FLAG.FLAG:PersistentLevel.FLAG'
[2017.12.08-05.20.39:043][486]LogRenderer: Reallocating scene render targets to support 1292x756 Format 10 NumSamples 1 (Frame:1).
[2017.12.08-05.22.55:274][272]LogBlueprintUserMessages: Early EndPlayMap Detection: Level '/Game/FLAG.FLAG:PersistentLevel' has LevelScriptBlueprint '/Game/FLAG.FLAG:PersistentLevel.FLAG' with GeneratedClass '/Game/FLAG.FLAG_C' with ClassGeneratedBy '/Game/FLAG.FLAG:PersistentLevel.FLAG'
[2017.12.08-05.22.55:623][272]LogBlueprintUserMessages: Late EndPlayMap Detection: Level '/Game/FLAG.FLAG:PersistentLevel' has LevelScriptBlueprint '/Game/FLAG.FLAG:PersistentLevel.FLAG' with GeneratedClass '/Game/FLAG.FLAG_C' with ClassGeneratedBy '/Game/FLAG.FLAG:PersistentLevel.FLAG'
[2017.12.08-05.30.34:300][933]LogSlate: Took 0.004508 seconds to synchronously load lazily loaded font '../../../Engine/Content/Slate/Fonts/Roboto-Light.ttf' (159K)
[2017.12.08-05.30.42:888][958]LogSlate: Took 0.026759 seconds to synchronously load lazily loaded font '../../../Engine/Content/Slate/Fonts/Roboto-Light.ttf' (159K)
[2017.12.08-05.30.43:088][958]Cmd: OBJ SAVEPACKAGE PACKAGE="/Game/FLAG" FILE="../../../../../NewGarden/GardenProject/NGA/Project/Berserker/Saved/Autosaves/Game/FLAG_Auto1.umap" SILENT=true AUTOSAVING=true KEEPDIRTY=false
[2017.12.08-05.30.45:190][958]LogSlate: Took 0.004513 seconds to synchronously load lazily loaded font '../../../Engine/Content/Slate/Fonts/Roboto-Regular.ttf' (155K)
[2017.12.08-05.30.45:756][958]LogSavePackage: Save=936.21ms
[2017.12.08-05.30.45:757][958]LogSavePackage: Moving '../../../../../NewGarden/GardenProject/NGA/Project/Berserker/Saved/FLAG_Auto11BDC69464B913C1C5BF902A59B68A7F1.tmp' to '../../../../../NewGarden/GardenProject/NGA/Project/Berserker/Saved/Autosaves/Game/FLAG_Auto1.umap'
[2017.12.08-05.30.46:088][958]LogSavePackage: Display: Finished SavePackage ../../../../../NewGarden/GardenProject/NGA/Project/Berserker/Saved/Autosaves/Game/FLAG_Auto1.umap
[2017.12.08-05.30.46:225][958]LogFileHelpers: Editor autosave (incl. sublevels) for '/Game/FLAG' took 3.255
[2017.12.08-05.30.46:225][958]LogFileHelpers: Editor autosave (incl. sublevels) for all levels took 3.255
[2017.12.08-05.34.38:586][751]LogTemp: Repeating last play command: 새 에디터 창 (PIE)
[2017.12.08-05.34.38:683][751]LogBlueprintUserMessages: Early PlayInEditor Detection: Level '/Game/FLAG.FLAG:PersistentLevel' has LevelScriptBlueprint '/Game/FLAG.FLAG:PersistentLevel.FLAG' with GeneratedClass '/Game/FLAG.FLAG_C' with ClassGeneratedBy '/Game/FLAG.FLAG:PersistentLevel.FLAG'
[2017.12.08-05.34.38:685][751]LogPlayLevel: PlayLevel: No blueprints needed recompiling
[2017.12.08-05.34.38:685][751]PIE: New page: PIE 세션: FLAG (2017. 12. 8. 오후 11:34:38)
[2017.12.08-05.34.38:685][751]LogPlayLevel: Creating play world package: /Game/UEDPIE_0_FLAG
[2017.12.08-05.34.39:037][751]LogPlayLevel: PIE: StaticDuplicateObject took: (0.351842s)
[2017.12.08-05.34.39:038][751]LogAIModule: Creating AISystem for world FLAG
[2017.12.08-05.34.39:038][751]LogPlayLevel: PIE: World Init took: (0.001237s)
[2017.12.08-05.34.39:038][751]LogPlayLevel: PIE: Created PIE world by copying editor world from /Game/FLAG.FLAG to /Game/UEDPIE_0_FLAG.FLAG (0.353533s)
[2017.12.08-05.34.39:063][751]LogInit: XAudio2 using '스피커(Realtek High Definition Audio(SST))' : 2 channels at 48 kHz using 32 bits per sample (channel mask 0x3)
[2017.12.08-05.34.39:091][751]LogInit: FAudioDevice initialized.
[2017.12.08-05.34.39:156][751]LogLoad: Game class is 'BerserkerGameMode_C'
[2017.12.08-05.34.39:208][751]LogWorld: Bringing World /Game/UEDPIE_0_FLAG.FLAG up for play (max tick rate 0) at 2017.12.08-14.34.39
[2017.12.08-05.34.39:214][751]LogWorld: Bringing up level for play took: 0.055099
[2017.12.08-05.34.39:216][751]AnimBlueprint: Warning: 슬롯노드: PlayerCharacterAnim_BP_C 애니메이션 인스턴트 클래스의 'DefaultSlot' 는 이미 존재합니다. 이 클래스의 애니메이션 그래프에서 중복을 제거하세요.
[2017.12.08-05.34.39:227][751]PIE: /Game/UEDPIE_0_FLAG 에 대한 에디터에서 플레이 시작 시간: 0.054
[2017.12.08-05.34.40:040][751]LogBlueprintUserMessages: Late PlayInEditor Detection: Level '/Game/FLAG.FLAG:PersistentLevel' has LevelScriptBlueprint '/Game/FLAG.FLAG:PersistentLevel.FLAG' with GeneratedClass '/Game/FLAG.FLAG_C' with ClassGeneratedBy '/Game/FLAG.FLAG:PersistentLevel.FLAG'
[2017.12.08-05.35.04:204][897]LogBlueprintUserMessages: Early EndPlayMap Detection: Level '/Game/FLAG.FLAG:PersistentLevel' has LevelScriptBlueprint '/Game/FLAG.FLAG:PersistentLevel.FLAG' with GeneratedClass '/Game/FLAG.FLAG_C' with ClassGeneratedBy '/Game/FLAG.FLAG:PersistentLevel.FLAG'
[2017.12.08-05.35.04:316][897]LogBlueprintUserMessages: Late EndPlayMap Detection: Level '/Game/FLAG.FLAG:PersistentLevel' has LevelScriptBlueprint '/Game/FLAG.FLAG:PersistentLevel.FLAG' with GeneratedClass '/Game/FLAG.FLAG_C' with ClassGeneratedBy '/Game/FLAG.FLAG:PersistentLevel.FLAG'
[2017.12.08-05.36.01:512][565]LogContentBrowser: Native class hierarchy updated for 'Cascade' in 0.0008 seconds. Added 2 classes and 2 folders.
[2017.12.08-05.36.11:523][807]LogCascade: Quitting Cascade. FXSystem=0x00000289281F63E0
[2017.12.08-05.36.46:610][540]LogClass: Warning: Enum '/Game/AdvancedMagicFX05/DemoRoomData/Blueprints/BP_DemoDisplay_Enum.BP_DemoDisplay_Enum' was upgraded to use FText to store its display name data. Please re-save this asset to avoid issues with localization and determinstic cooking.
[2017.12.08-05.36.46:654][540]LogBlueprint: Warning: [Compiler BP_DemoDisplay] Set Text (String)  : 폐기되었습니다. Use the SetText function taking an FText instead.
[2017.12.08-05.36.46:655][540]LogBlueprint: Warning: [Compiler BP_DemoDisplay] Set Text (String)  : 폐기되었습니다. Use the SetText function taking an FText instead.
[2017.12.08-05.36.46:657][540]LogBlueprint: Warning: [Compiler BP_DemoDisplay] Set Text (String)  : 폐기되었습니다. Use the SetText function taking an FText instead.
[2017.12.08-05.36.46:658][540]LogBlueprint: Warning: [Compiler BP_DemoDisplay] Set Text (String)  : 폐기되었습니다. Use the SetText function taking an FText instead.
[2017.12.08-05.36.46:662][540]LogBlueprint: Warning: [Compiler BP_DemoDisplay] Set Text (String)  : 폐기되었습니다. Use the SetText function taking an FText instead.
[2017.12.08-05.36.46:669][540]LogBlueprint: Warning: [Compiler BP_DemoDisplay] [1325.09] BP_DemoDisplay 컴파일에 성공했습니다만, 경고가 5 회 있습니다. [소요시간 72 ms] (/Game/AdvancedMagicFX05/DemoRoomData/Blueprints/BP_DemoDisplay.BP_DemoDisplay)
[2017.12.08-05.36.47:442][540]LogBlueprint: Warning: [Compiler BP_DemoRoom] Set Text (String)  : 폐기되었습니다. Use the SetText function taking an FText instead.
[2017.12.08-05.36.47:442][540]LogBlueprint: Warning: [Compiler BP_DemoRoom] Set Text (String)  : 폐기되었습니다. Use the SetText function taking an FText instead.
[2017.12.08-05.36.47:467][540]LogBlueprint: Warning: [Compiler BP_DemoRoom] [1325.89] BP_DemoRoom 컴파일에 성공했습니다만, 경고가 2 회 있습니다. [소요시간 104 ms] (/Game/AdvancedMagicFX05/DemoRoomData/Blueprints/BP_DemoRoom.BP_DemoRoom)
[2017.12.08-05.36.50:550][540]LogAIModule: Creating AISystem for world Overview
[2017.12.08-05.36.50:555][540]LogActorComponent: RegisterComponentWithWorld: (/Game/AdvancedMagicFX05/Maps/Overview.Overview:PersistentLevel.WorldSettings.StaticMeshComponent0) Trying to register component with IsPendingKill() == true. Aborting.
[2017.12.08-05.36.57:498][540]Cmd: MAP LOAD FILE="../../../../../NewGarden/GardenProject/NGA/Project/Berserker/Content/AdvancedMagicFX05/Maps/Overview.umap" TEMPLATE=0 SHOWPROGRESS=1 FEATURELEVEL=3
[2017.12.08-05.36.57:500][540]LightingResults: New page: 라이팅 빌드
[2017.12.08-05.36.57:502][540]LoadErrors: New page: 맵 로드중: Overview.umap
[2017.12.08-05.36.57:525][540]MapCheck: New page: 맵 체크
[2017.12.08-05.36.57:525][540]LightingResults: New page: 라이팅 빌드
[2017.12.08-05.36.57:763][540]LogEditorServer: Finished looking for orphan Actors (0.000 secs)
[2017.12.08-05.36.57:932][540]Cmd: MAP CHECKDEP NOCLEARLOG
[2017.12.08-05.37.02:273][540]MapCheck: 맵 체크 완료: 오류 0 회, 경고 0 회, 소요 시간 4,340.735ms.
[2017.12.08-05.37.02:280][540]LogFileHelpers: Loading map 'Overview' took 4.814
[2017.12.08-05.37.04:568][664]LogTemp: Repeating last play command: 새 에디터 창 (PIE)
[2017.12.08-05.37.04:632][664]LogBlueprintUserMessages: Early PlayInEditor Detection: Level '/Game/AdvancedMagicFX05/Maps/Overview.Overview:PersistentLevel' has LevelScriptBlueprint '/Game/AdvancedMagicFX05/Maps/Overview.Overview:PersistentLevel.Overview' with GeneratedClass '/Game/AdvancedMagicFX05/Maps/Overview.Overview_C' with ClassGeneratedBy '/Game/AdvancedMagicFX05/Maps/Overview.Overview:PersistentLevel.Overview'
[2017.12.08-05.37.04:632][664]LogPlayLevel: PlayLevel: No blueprints needed recompiling
[2017.12.08-05.37.04:632][664]PIE: New page: PIE 세션: Overview (2017. 12. 8. 오후 11:37:04)
[2017.12.08-05.37.04:632][664]LogPlayLevel: Creating play world package: /Game/AdvancedMagicFX05/Maps/UEDPIE_0_Overview
[2017.12.08-05.37.04:645][664]LogPlayLevel: PIE: StaticDuplicateObject took: (0.012472s)
[2017.12.08-05.37.04:645][664]LogAIModule: Creating AISystem for world Overview
[2017.12.08-05.37.04:646][664]LogPlayLevel: PIE: World Init took: (0.000704s)
[2017.12.08-05.37.04:646][664]LogPlayLevel: PIE: Created PIE world by copying editor world from /Game/AdvancedMagicFX05/Maps/Overview.Overview to /Game/AdvancedMagicFX05/Maps/UEDPIE_0_Overview.Overview (0.013444s)
[2017.12.08-05.37.04:665][664]LogInit: XAudio2 using '스피커(Realtek High Definition Audio(SST))' : 2 channels at 48 kHz using 32 bits per sample (channel mask 0x3)
[2017.12.08-05.37.04:686][664]LogInit: FAudioDevice initialized.
[2017.12.08-05.37.04:737][664]LogLoad: Game class is 'BerserkerGameMode_C'
[2017.12.08-05.37.04:745][664]LogWorld: Bringing World /Game/AdvancedMagicFX05/Maps/UEDPIE_0_Overview.Overview up for play (max tick rate 60) at 2017.12.08-14.37.04
[2017.12.08-05.37.04:746][664]LogWorld: Bringing up level for play took: 0.007633
[2017.12.08-05.37.04:747][664]AnimBlueprint: Warning: 슬롯노드: PlayerCharacterAnim_BP_C 애니메이션 인스턴트 클래스의 'DefaultSlot' 는 이미 존재합니다. 이 클래스의 애니메이션 그래프에서 중복을 제거하세요.
[2017.12.08-05.37.04:758][664]PIE: /Game/AdvancedMagicFX05/Maps/UEDPIE_0_Overview 에 대한 에디터에서 플레이 시작 시간: -0.416
[2017.12.08-05.37.04:758][664]LogBlueprintUserMessages: Late PlayInEditor Detection: Level '/Game/AdvancedMagicFX05/Maps/Overview.Overview:PersistentLevel' has LevelScriptBlueprint '/Game/AdvancedMagicFX05/Maps/Overview.Overview:PersistentLevel.Overview' with GeneratedClass '/Game/AdvancedMagicFX05/Maps/Overview.Overview_C' with ClassGeneratedBy '/Game/AdvancedMagicFX05/Maps/Overview.Overview:PersistentLevel.Overview'
[2017.12.08-05.37.26:832][743]LogBlueprintUserMessages: Early EndPlayMap Detection: Level '/Game/AdvancedMagicFX05/Maps/Overview.Overview:PersistentLevel' has LevelScriptBlueprint '/Game/AdvancedMagicFX05/Maps/Overview.Overview:PersistentLevel.Overview' with GeneratedClass '/Game/AdvancedMagicFX05/Maps/Overview.Overview_C' with ClassGeneratedBy '/Game/AdvancedMagicFX05/Maps/Overview.Overview:PersistentLevel.Overview'
[2017.12.08-05.37.26:928][743]LogBlueprintUserMessages: Late EndPlayMap Detection: Level '/Game/AdvancedMagicFX05/Maps/Overview.Overview:PersistentLevel' has LevelScriptBlueprint '/Game/AdvancedMagicFX05/Maps/Overview.Overview:PersistentLevel.Overview' with GeneratedClass '/Game/AdvancedMagicFX05/Maps/Overview.Overview_C' with ClassGeneratedBy '/Game/AdvancedMagicFX05/Maps/Overview.Overview:PersistentLevel.Overview'
[2017.12.08-05.37.31:681][814]LogEnum: Warning: Enum name collision: 'BP_DemoDisplay_Enum::ROund' is in both '/Game/AdvancedMagicFX12/DemoRoomData/Blueprints/BP_DemoDisplay_Enum.BP_DemoDisplay_Enum' and '/Game/AdvancedMagicFX05/DemoRoomData/Blueprints/BP_DemoDisplay_Enum.BP_DemoDisplay_Enum'
[2017.12.08-05.37.31:681][814]LogEnum: Warning: Enum name collision: 'BP_DemoDisplay_Enum::SquareL' is in both '/Game/AdvancedMagicFX12/DemoRoomData/Blueprints/BP_DemoDisplay_Enum.BP_DemoDisplay_Enum' and '/Game/AdvancedMagicFX05/DemoRoomData/Blueprints/BP_DemoDisplay_Enum.BP_DemoDisplay_Enum'
[2017.12.08-05.37.31:681][814]LogEnum: Warning: Enum name collision: 'BP_DemoDisplay_Enum::RoomL' is in both '/Game/AdvancedMagicFX12/DemoRoomData/Blueprints/BP_DemoDisplay_Enum.BP_DemoDisplay_Enum' and '/Game/AdvancedMagicFX05/DemoRoomData/Blueprints/BP_DemoDisplay_Enum.BP_DemoDisplay_Enum'
[2017.12.08-05.37.31:681][814]LogEnum: Warning: Enum name collision: 'BP_DemoDisplay_Enum::DescriptionOnly' is in both '/Game/AdvancedMagicFX12/DemoRoomData/Blueprints/BP_DemoDisplay_Enum.BP_DemoDisplay_Enum' and '/Game/AdvancedMagicFX05/DemoRoomData/Blueprints/BP_DemoDisplay_Enum.BP_DemoDisplay_Enum'
[2017.12.08-05.37.31:681][814]LogEnum: Warning: Enum name collision: 'BP_DemoDisplay_Enum::NewEnumerator0' is in both '/Game/AdvancedMagicFX12/DemoRoomData/Blueprints/BP_DemoDisplay_Enum.BP_DemoDisplay_Enum' and '/Game/AdvancedMagicFX05/DemoRoomData/Blueprints/BP_DemoDisplay_Enum.BP_DemoDisplay_Enum'
[2017.12.08-05.37.31:681][814]LogEnum: Warning: Enum name collision: 'BP_DemoDisplay_Enum::BP_DemoDisplay_MAX' is in both '/Game/AdvancedMagicFX12/DemoRoomData/Blueprints/BP_DemoDisplay_Enum.BP_DemoDisplay_Enum' and '/Game/AdvancedMagicFX05/DemoRoomData/Blueprints/BP_DemoDisplay_Enum.BP_DemoDisplay_Enum'
[2017.12.08-05.37.31:751][814]LogEnum: Warning: Enum name collision: 'BP_DemoDisplay_Enum::ROund' is in both '/Game/AdvancedMagicFX12/DemoRoomData/Blueprints/BP_DemoDisplay_Enum.BP_DemoDisplay_Enum' and '/Game/AdvancedMagicFX05/DemoRoomData/Blueprints/BP_DemoDisplay_Enum.BP_DemoDisplay_Enum'
[2017.12.08-05.37.31:751][814]LogEnum: Warning: Enum name collision: 'BP_DemoDisplay_Enum::SquareL' is in both '/Game/AdvancedMagicFX12/DemoRoomData/Blueprints/BP_DemoDisplay_Enum.BP_DemoDisplay_Enum' and '/Game/AdvancedMagicFX05/DemoRoomData/Blueprints/BP_DemoDisplay_Enum.BP_DemoDisplay_Enum'
[2017.12.08-05.37.31:751][814]LogEnum: Warning: Enum name collision: 'BP_DemoDisplay_Enum::RoomL' is in both '/Game/AdvancedMagicFX12/DemoRoomData/Blueprints/BP_DemoDisplay_Enum.BP_DemoDisplay_Enum' and '/Game/AdvancedMagicFX05/DemoRoomData/Blueprints/BP_DemoDisplay_Enum.BP_DemoDisplay_Enum'
[2017.12.08-05.37.31:751][814]LogEnum: Warning: Enum name collision: 'BP_DemoDisplay_Enum::DescriptionOnly' is in both '/Game/AdvancedMagicFX12/DemoRoomData/Blueprints/BP_DemoDisplay_Enum.BP_DemoDisplay_Enum' and '/Game/AdvancedMagicFX05/DemoRoomData/Blueprints/BP_DemoDisplay_Enum.BP_DemoDisplay_Enum'
[2017.12.08-05.37.31:751][814]LogEnum: Warning: Enum name collision: 'BP_DemoDisplay_Enum::NewEnumerator0' is in both '/Game/AdvancedMagicFX12/DemoRoomData/Blueprints/BP_DemoDisplay_Enum.BP_DemoDisplay_Enum' and '/Game/AdvancedMagicFX05/DemoRoomData/Blueprints/BP_DemoDisplay_Enum.BP_DemoDisplay_Enum'
[2017.12.08-05.37.31:751][814]LogClass: Warning: Enum '/Game/AdvancedMagicFX12/DemoRoomData/Blueprints/BP_DemoDisplay_Enum.BP_DemoDisplay_Enum' was upgraded to use FText to store its display name data. Please re-save this asset to avoid issues with localization and determinstic cooking.
[2017.12.08-05.37.31:778][814]LogBlueprint: Warning: [Compiler BP_DemoDisplay] Set Text (String)  : 폐기되었습니다. Use the SetText function taking an FText instead.
[2017.12.08-05.37.31:779][814]LogBlueprint: Warning: [Compiler BP_DemoDisplay] Set Text (String)  : 폐기되었습니다. Use the SetText function taking an FText instead.
[2017.12.08-05.37.31:780][814]LogBlueprint: Warning: [Compiler BP_DemoDisplay] Set Text (String)  : 폐기되었습니다. Use the SetText function taking an FText instead.
[2017.12.08-05.37.31:782][814]LogBlueprint: Warning: [Compiler BP_DemoDisplay] Set Text (String)  : 폐기되었습니다. Use the SetText function taking an FText instead.
[2017.12.08-05.37.31:786][814]LogBlueprint: Warning: [Compiler BP_DemoDisplay] Set Text (String)  : 폐기되었습니다. Use the SetText function taking an FText instead.
[2017.12.08-05.37.31:797][814]LogBlueprint: Warning: [Compiler BP_DemoDisplay] [1370.21] BP_DemoDisplay 컴파일에 성공했습니다만, 경고가 5 회 있습니다. [소요시간 47 ms] (/Game/AdvancedMagicFX12/DemoRoomData/Blueprints/BP_DemoDisplay.BP_DemoDisplay)
[2017.12.08-05.37.32:449][814]LogEnum: Warning: Enum name collision: 'BP_DemoRoom_Enum::Standard' is in both '/Game/AdvancedMagicFX12/DemoRoomData/Blueprints/BP_DemoRoom_Enum.BP_DemoRoom_Enum' and '/Game/AdvancedMagicFX05/DemoRoomData/Blueprints/BP_DemoRoom_Enum.BP_DemoRoom_Enum'
[2017.12.08-05.37.32:449][814]LogEnum: Warning: Enum name collision: 'BP_DemoRoom_Enum::RoofwithHole' is in both '/Game/AdvancedMagicFX12/DemoRoomData/Blueprints/BP_DemoRoom_Enum.BP_DemoRoom_Enum' and '/Game/AdvancedMagicFX05/DemoRoomData/Blueprints/BP_DemoRoom_Enum.BP_DemoRoom_Enum'
[2017.12.08-05.37.32:449][814]LogEnum: Warning: Enum name collision: 'BP_DemoRoom_Enum::RoofOpen' is in both '/Game/AdvancedMagicFX12/DemoRoomData/Blueprints/BP_DemoRoom_Enum.BP_DemoRoom_Enum' and '/Game/AdvancedMagicFX05/DemoRoomData/Blueprints/BP_DemoRoom_Enum.BP_DemoRoom_Enum'
[2017.12.08-05.37.32:449][814]LogEnum: Warning: Enum name collision: 'BP_DemoRoom_Enum::BP_DemoRoom_MAX' is in both '/Game/AdvancedMagicFX12/DemoRoomData/Blueprints/BP_DemoRoom_Enum.BP_DemoRoom_Enum' and '/Game/AdvancedMagicFX05/DemoRoomData/Blueprints/BP_DemoRoom_Enum.BP_DemoRoom_Enum'
[2017.12.08-05.37.32:615][814]LogBlueprint: Warning: [Compiler BP_DemoRoom] Set Text (String)  : 폐기되었습니다. Use the SetText function taking an FText instead.
[2017.12.08-05.37.32:615][814]LogBlueprint: Warning: [Compiler BP_DemoRoom] Set Text (String)  : 폐기되었습니다. Use the SetText function taking an FText instead.
[2017.12.08-05.37.32:630][814]LogBlueprint: Warning: [Compiler BP_DemoRoom] [1371.05] BP_DemoRoom 컴파일에 성공했습니다만, 경고가 2 회 있습니다. [소요시간 75 ms] (/Game/AdvancedMagicFX12/DemoRoomData/Blueprints/BP_DemoRoom.BP_DemoRoom)
[2017.12.08-05.37.33:533][814]LogEnum: Warning: Enum name collision: 'BP_DemoRoom_Enum::Standard' is in both '/Game/AdvancedMagicFX12/DemoRoomData/Blueprints/BP_DemoRoom_Enum.BP_DemoRoom_Enum' and '/Game/AdvancedMagicFX05/DemoRoomData/Blueprints/BP_DemoRoom_Enum.BP_DemoRoom_Enum'
[2017.12.08-05.37.33:533][814]LogEnum: Warning: Enum name collision: 'BP_DemoRoom_Enum::RoofwithHole' is in both '/Game/AdvancedMagicFX12/DemoRoomData/Blueprints/BP_DemoRoom_Enum.BP_DemoRoom_Enum' and '/Game/AdvancedMagicFX05/DemoRoomData/Blueprints/BP_DemoRoom_Enum.BP_DemoRoom_Enum'
[2017.12.08-05.37.33:533][814]LogEnum: Warning: Enum name collision: 'BP_DemoRoom_Enum::RoofOpen' is in both '/Game/AdvancedMagicFX12/DemoRoomData/Blueprints/BP_DemoRoom_Enum.BP_DemoRoom_Enum' and '/Game/AdvancedMagicFX05/DemoRoomData/Blueprints/BP_DemoRoom_Enum.BP_DemoRoom_Enum'
[2017.12.08-05.37.33:667][814]LogAIModule: Creating AISystem for world Overview
[2017.12.08-05.37.33:803][814]Cmd: MAP LOAD FILE="../../../../../NewGarden/GardenProject/NGA/Project/Berserker/Content/AdvancedMagicFX12/Maps/Overview.umap" TEMPLATE=0 SHOWPROGRESS=1 FEATURELEVEL=3
[2017.12.08-05.37.33:803][814]LightingResults: New page: 라이팅 빌드
[2017.12.08-05.37.33:805][814]LoadErrors: New page: 맵 로드중: Overview.umap
[2017.12.08-05.37.33:807][814]MapCheck: New page: 맵 체크
[2017.12.08-05.37.33:807][814]LightingResults: New page: 라이팅 빌드
[2017.12.08-05.37.33:993][814]LogEditorServer: Finished looking for orphan Actors (0.000 secs)
[2017.12.08-05.37.34:130][814]Cmd: MAP CHECKDEP NOCLEARLOG
[2017.12.08-05.37.34:350][814]MapCheck: 맵 체크 완료: 오류 0 회, 경고 0 회, 소요 시간 220.163ms.
[2017.12.08-05.37.34:351][814]LogFileHelpers: Loading map 'Overview' took 0.549
[2017.12.08-05.37.58:819][ 29]LogTemp: Repeating last play command: 새 에디터 창 (PIE)
[2017.12.08-05.37.58:896][ 29]LogBlueprintUserMessages: Early PlayInEditor Detection: Level '/Game/AdvancedMagicFX12/Maps/Overview.Overview:PersistentLevel' has LevelScriptBlueprint '/Game/AdvancedMagicFX12/Maps/Overview.Overview:PersistentLevel.Overview' with GeneratedClass '/Game/AdvancedMagicFX12/Maps/Overview.Overview_C' with ClassGeneratedBy '/Game/AdvancedMagicFX12/Maps/Overview.Overview:PersistentLevel.Overview'
[2017.12.08-05.37.58:896][ 29]LogPlayLevel: PlayLevel: No blueprints needed recompiling
[2017.12.08-05.37.58:896][ 29]PIE: New page: PIE 세션: Overview (2017. 12. 8. 오후 11:37:58)
[2017.12.08-05.37.58:896][ 29]LogPlayLevel: Creating play world package: /Game/AdvancedMagicFX12/Maps/UEDPIE_0_Overview
[2017.12.08-05.37.58:909][ 29]LogPlayLevel: PIE: StaticDuplicateObject took: (0.013347s)
[2017.12.08-05.37.58:910][ 29]LogAIModule: Creating AISystem for world Overview
[2017.12.08-05.37.58:910][ 29]LogPlayLevel: PIE: World Init took: (0.000755s)
[2017.12.08-05.37.58:910][ 29]LogPlayLevel: PIE: Created PIE world by copying editor world from /Game/AdvancedMagicFX12/Maps/Overview.Overview to /Game/AdvancedMagicFX12/Maps/UEDPIE_0_Overview.Overview (0.014436s)
[2017.12.08-05.37.58:933][ 29]LogInit: XAudio2 using '스피커(Realtek High Definition Audio(SST))' : 2 channels at 48 kHz using 32 bits per sample (channel mask 0x3)
[2017.12.08-05.37.58:957][ 29]LogInit: FAudioDevice initialized.
[2017.12.08-05.37.59:006][ 29]LogLoad: Game class is 'BerserkerGameMode_C'
[2017.12.08-05.37.59:013][ 29]LogWorld: Bringing World /Game/AdvancedMagicFX12/Maps/UEDPIE_0_Overview.Overview up for play (max tick rate 60) at 2017.12.08-14.37.59
[2017.12.08-05.37.59:880][ 29]LogWorld: Bringing up level for play took: 0.873233
[2017.12.08-05.37.59:881][ 29]AnimBlueprint: Warning: 슬롯노드: PlayerCharacterAnim_BP_C 애니메이션 인스턴트 클래스의 'DefaultSlot' 는 이미 존재합니다. 이 클래스의 애니메이션 그래프에서 중복을 제거하세요.
[2017.12.08-05.37.59:894][ 29]PIE: /Game/AdvancedMagicFX12/Maps/UEDPIE_0_Overview 에 대한 에디터에서 플레이 시작 시간: 0.721
[2017.12.08-05.37.59:895][ 29]LogBlueprintUserMessages: Late PlayInEditor Detection: Level '/Game/AdvancedMagicFX12/Maps/Overview.Overview:PersistentLevel' has LevelScriptBlueprint '/Game/AdvancedMagicFX12/Maps/Overview.Overview:PersistentLevel.Overview' with GeneratedClass '/Game/AdvancedMagicFX12/Maps/Overview.Overview_C' with ClassGeneratedBy '/Game/AdvancedMagicFX12/Maps/Overview.Overview:PersistentLevel.Overview'
[2017.12.08-05.38.11:749][623]LogBlueprintUserMessages: Early EndPlayMap Detection: Level '/Game/AdvancedMagicFX12/Maps/Overview.Overview:PersistentLevel' has LevelScriptBlueprint '/Game/AdvancedMagicFX12/Maps/Overview.Overview:PersistentLevel.Overview' with GeneratedClass '/Game/AdvancedMagicFX12/Maps/Overview.Overview_C' with ClassGeneratedBy '/Game/AdvancedMagicFX12/Maps/Overview.Overview:PersistentLevel.Overview'
[2017.12.08-05.38.11:869][623]LogBlueprintUserMessages: Late EndPlayMap Detection: Level '/Game/AdvancedMagicFX12/Maps/Overview.Overview:PersistentLevel' has LevelScriptBlueprint '/Game/AdvancedMagicFX12/Maps/Overview.Overview:PersistentLevel.Overview' with GeneratedClass '/Game/AdvancedMagicFX12/Maps/Overview.Overview_C' with ClassGeneratedBy '/Game/AdvancedMagicFX12/Maps/Overview.Overview:PersistentLevel.Overview'
[2017.12.08-05.38.15:658][824]LogEditorViewport: Clicking on Actor (LMB): SkeletalMeshActor (SK_ky_bigSword_anim4)
[2017.12.08-05.38.34:061][558]LogContentBrowser: Native class hierarchy updated for 'SkeletonEditor' in 0.0008 seconds. Added 1 classes and 2 folders.
[2017.12.08-05.38.34:711][558]LogActorComponent: RegisterComponentWithWorld: (/Engine/Transient.World_4:PersistentLevel.Actor_0.DebugSkelMeshComponent_0) Already registered. Aborting.
[2017.12.08-05.38.35:223][558]LogSkeletalMesh: USkeletalMeshComponent::InitArticulated : Bodies already created (/Engine/Transient.World_4:PersistentLevel.Actor_0.DebugSkelMeshComponent_0) - call TermArticulated first.
[2017.12.08-05.38.37:711][558]LogContentBrowser: Verbose: The majority of assets in the view are of type: AnimSequence
[2017.12.08-05.40.04:766][ 85]AnimBlueprint: Warning: 슬롯노드: PlayerCharacterAnim_BP_C 애니메이션 인스턴트 클래스의 'DefaultSlot' 는 이미 존재합니다. 이 클래스의 애니메이션 그래프에서 중복을 제거하세요.
[2017.12.08-05.40.07:245][132]LogActorComponent: RegisterComponentWithWorld: (/Engine/Transient.World_9:PersistentLevel.Actor_1.DebugSkelMeshComponent_3) Already registered. Aborting.
[2017.12.08-05.40.07:359][132]LogSkeletalMesh: USkeletalMeshComponent::InitArticulated : Bodies already created (/Engine/Transient.World_9:PersistentLevel.Actor_1.DebugSkelMeshComponent_3) - call TermArticulated first.
[2017.12.08-05.40.09:709][132]LogContentBrowser: Verbose: The majority of assets in the view are of type: AnimSequence
[2017.12.08-05.40.16:789][366]LogActorComponent: RegisterComponentWithWorld: (/Engine/Transient.World_11:PersistentLevel.Actor_2.DebugSkelMeshComponent_5) Already registered. Aborting.
[2017.12.08-05.40.16:878][366]LogSkeletalMesh: USkeletalMeshComponent::InitArticulated : Bodies already created (/Engine/Transient.World_11:PersistentLevel.Actor_2.DebugSkelMeshComponent_5) - call TermArticulated first.
[2017.12.08-05.40.19:033][366]LogContentBrowser: Verbose: The majority of assets in the view are of type: AnimSequence
[2017.12.08-05.41.00:189][831]LogParticles: Warning: Particle Notify: Particle system is null for particle notify 'PlayParticleEffect' in anim: '/Game/Player/Anim/Player_Attack_1.Player_Attack_1'
[2017.12.08-05.41.01:137][869]LogParticles: Warning: Particle Notify: Particle system is null for particle notify 'PlayParticleEffect' in anim: '/Game/Player/Anim/Player_Attack_1.Player_Attack_1'
[2017.12.08-05.41.02:084][900]LogParticles: Warning: Particle Notify: Particle system is null for particle notify 'PlayParticleEffect' in anim: '/Game/Player/Anim/Player_Attack_1.Player_Attack_1'
[2017.12.08-05.41.03:075][933]LogParticles: Warning: Particle Notify: Particle system is null for particle notify 'PlayParticleEffect' in anim: '/Game/Player/Anim/Player_Attack_1.Player_Attack_1'
[2017.12.08-05.41.04:018][965]LogParticles: Warning: Particle Notify: Particle system is null for particle notify 'PlayParticleEffect' in anim: '/Game/Player/Anim/Player_Attack_1.Player_Attack_1'
[2017.12.08-05.41.04:982][  0]LogParticles: Warning: Particle Notify: Particle system is null for particle notify 'PlayParticleEffect' in anim: '/Game/Player/Anim/Player_Attack_1.Player_Attack_1'
[2017.12.08-05.41.05:953][ 40]LogParticles: Warning: Particle Notify: Particle system is null for particle notify 'PlayParticleEffect' in anim: '/Game/Player/Anim/Player_Attack_1.Player_Attack_1'
[2017.12.08-05.41.06:929][ 78]LogParticles: Warning: Particle Notify: Particle system is null for particle notify 'PlayParticleEffect' in anim: '/Game/Player/Anim/Player_Attack_1.Player_Attack_1'
[2017.12.08-05.41.07:892][117]LogParticles: Warning: Particle Notify: Particle system is null for particle notify 'PlayParticleEffect' in anim: '/Game/Player/Anim/Player_Attack_1.Player_Attack_1'
[2017.12.08-05.41.08:862][155]LogParticles: Warning: Particle Notify: Particle system is null for particle notify 'PlayParticleEffect' in anim: '/Game/Player/Anim/Player_Attack_1.Player_Attack_1'
[2017.12.08-05.42.29:104][ 35]LogHttp: Warning: 00000289F1820100: request failed, libcurl error: 6 (Couldn't resolve host name)
[2017.12.08-05.42.29:104][ 35]LogHttp: Warning: 00000289F1820100: libcurl info message cache 0 (Connection 5 seems to be dead!)
[2017.12.08-05.42.29:104][ 35]LogHttp: Warning: 00000289F1820100: libcurl info message cache 1 (Closing connection 5)
[2017.12.08-05.42.29:104][ 35]LogHttp: Warning: 00000289F1820100: libcurl info message cache 2 (TLSv1.2 (OUT), TLS alert, Client hello (1):)
[2017.12.08-05.42.29:104][ 35]LogHttp: Warning: 00000289F1820100: libcurl info message cache 3 (Could not resolve host: datarouter.ol.epicgames.com)
[2017.12.08-05.42.29:104][ 35]LogHttp: Warning: 00000289F1820100: libcurl info message cache 4 (Closing connection 6)
[2017.12.08-05.43.59:502][460]LogParticles: Warning: Particle Notify: Particle system is null for particle notify 'PlayParticleEffect' in anim: '/Game/Player/Anim/Player_Attack_1.Player_Attack_1'
[2017.12.08-05.45.40:501][239]LogParticles: Warning: Particle Notify: Particle system is null for particle notify 'PlayParticleEffect' in anim: '/Game/Player/Anim/Player_Attack_1.Player_Attack_1'
[2017.12.08-05.45.43:719][350]LogParticles: Warning: Particle Notify: Particle system is null for particle notify 'PlayParticleEffect' in anim: '/Game/Player/Anim/Player_Attack_1.Player_Attack_1'
[2017.12.08-05.45.43:719][350]LogParticles: Warning: Particle Notify: Particle system is null for particle notify 'PlayParticleEffect' in anim: '/Game/Player/Anim/Player_Attack_1.Player_Attack_1'
[2017.12.08-05.45.46:914][462]LogParticles: Warning: Particle Notify: Particle system is null for particle notify 'PlayParticleEffect' in anim: '/Game/Player/Anim/Player_Attack_1.Player_Attack_1'
[2017.12.08-05.45.53:952][699]Cmd: TRANSACTION UNDO
[2017.12.08-05.45.53:952][699]LogEditorTransaction: Undo 애니메이션 마커 삭제
[2017.12.08-05.45.53:954][699]LogActorComponent: RegisterComponentWithWorld: (/Engine/Transient.World_4:PersistentLevel.Actor_0.DebugSkelMeshComponent_0) Already registered. Aborting.
[2017.12.08-05.45.58:583][699]LogActorComponent: RegisterComponentWithWorld: (/Engine/Transient.World_11:PersistentLevel.Actor_2.DebugSkelMeshComponent_5) Already registered. Aborting.
[2017.12.08-05.45.58:613][699]Cmd: TRANSACTION UNDO
[2017.12.08-05.45.58:613][699]LogEditorTransaction: Undo 애니메이션 마커 삭제
[2017.12.08-05.45.58:614][699]LogActorComponent: RegisterComponentWithWorld: (/Engine/Transient.World_4:PersistentLevel.Actor_0.DebugSkelMeshComponent_0) Already registered. Aborting.
[2017.12.08-05.46.07:003][699]LogActorComponent: RegisterComponentWithWorld: (/Engine/Transient.World_11:PersistentLevel.Actor_2.DebugSkelMeshComponent_5) Already registered. Aborting.
[2017.12.08-05.46.07:018][699]Cmd: TRANSACTION UNDO
[2017.12.08-05.46.07:018][699]LogEditorTransaction: Undo 프로퍼티 편집
[2017.12.08-05.46.07:036][699]LogActorComponent: RegisterComponentWithWorld: (/Engine/Transient.World_4:PersistentLevel.Actor_0.DebugSkelMeshComponent_0) Already registered. Aborting.
[2017.12.08-05.46.20:426][699]LogActorComponent: RegisterComponentWithWorld: (/Engine/Transient.World_11:PersistentLevel.Actor_2.DebugSkelMeshComponent_5) Already registered. Aborting.
[2017.12.08-05.46.20:439][699]Cmd: TRANSACTION UNDO
[2017.12.08-05.46.20:439][699]LogEditorTransaction: Undo 프로퍼티 편집
[2017.12.08-05.46.20:455][699]LogActorComponent: RegisterComponentWithWorld: (/Engine/Transient.World_4:PersistentLevel.Actor_0.DebugSkelMeshComponent_0) Already registered. Aborting.
[2017.12.08-05.46.38:893][699]LogActorComponent: RegisterComponentWithWorld: (/Engine/Transient.World_11:PersistentLevel.Actor_2.DebugSkelMeshComponent_5) Already registered. Aborting.
[2017.12.08-05.46.43:734][808]Cmd: TRANSACTION UNDO
[2017.12.08-05.46.43:734][808]LogEditorTransaction: Undo Particle System 편집
[2017.12.08-05.46.43:757][808]LogActorComponent: RegisterComponentWithWorld: (/Engine/Transient.World_4:PersistentLevel.Actor_0.DebugSkelMeshComponent_0) Already registered. Aborting.
[2017.12.08-05.47.09:342][808]LogActorComponent: RegisterComponentWithWorld: (/Engine/Transient.World_11:PersistentLevel.Actor_2.DebugSkelMeshComponent_5) Already registered. Aborting.
[2017.12.08-05.48.35:832][633]Cmd: QUIT_EDITOR
[2017.12.08-05.48.37:200][633]LogWindowsTextInputMethodSystem: Display: IME system now activated using TSF (Microsoft 입력기).
[2017.12.08-05.48.37:283][633]LogExit: Preparing to exit.
[2017.12.08-05.48.38:018][633]LogDirectoryWatcher: A directory notification for 'D:/NewGarden/GardenProject/NGA/Project/Berserker/Content/' was aborted.
[2017.12.08-05.48.38:440][633]LogExit: Editor shut down
[2017.12.08-05.48.38:475][633]LogExit: Transaction tracking system shut down
[2017.12.08-05.48.39:016][633]LogDirectoryWatcher: A directory notification for '../../../Engine/Content/' was aborted.
[2017.12.08-05.48.39:017][633]LogDirectoryWatcher: A directory notification for '../../../../../NewGarden/GardenProject/NGA/Project/Berserker/Content/' was aborted.
[2017.12.08-05.48.39:017][633]LogDirectoryWatcher: A directory notification for '../../../Engine/Plugins/2D/Paper2D/Content/' was aborted.
[2017.12.08-05.48.39:017][633]LogDirectoryWatcher: A directory notification for '../../../Engine/Plugins/Runtime/Oculus/OculusVR/Content/' was aborted.
[2017.12.08-05.48.39:017][633]LogDirectoryWatcher: A directory notification for '../../../Engine/Plugins/Runtime/Steam/SteamVR/Content/' was aborted.
[2017.12.08-05.48.43:356][633]LogExit: Object subsystem successfully closed.
[2017.12.08-05.48.43:578][633]LogD3D11RHI: Shutdown
[2017.12.08-05.48.43:595][633]LogD3D11RHI: CleanupD3DDevice
[2017.12.08-05.48.43:865][633]LogD3D11RHI: ~FD3D11DynamicRHI
[2017.12.08-05.48.44:908][633]LogModuleManager: Shutting down and abandoning module SkeletonEditor (542)
[2017.12.08-05.48.44:913][633]LogModuleManager: Shutting down and abandoning module AnimationEditor (540)
[2017.12.08-05.48.44:913][633]LogModuleManager: Shutting down and abandoning module DistCurveEditor (538)
[2017.12.08-05.48.44:913][633]LogModuleManager: Shutting down and abandoning module Cascade (536)
[2017.12.08-05.48.44:913][633]LogModuleManager: Shutting down and abandoning module MovieSceneCapture (534)
[2017.12.08-05.48.44:913][633]LogModuleManager: Shutting down and abandoning module HierarchicalLODOutliner (532)
[2017.12.08-05.48.44:913][633]LogModuleManager: Shutting down and abandoning module SceneOutliner (530)
[2017.12.08-05.48.44:916][633]LogModuleManager: Shutting down and abandoning module AddContentDialog (528)
[2017.12.08-05.48.44:932][633]LogDirectoryWatcher: A directory notification for 'D:/UnrealEngine/UE_4.17/FeaturePacks/' was aborted.
[2017.12.08-05.48.44:948][633]LogModuleManager: Shutting down and abandoning module WidgetCarousel (527)
[2017.12.08-05.48.44:949][633]LogModuleManager: Shutting down and abandoning module EditorWidgets (524)
[2017.12.08-05.48.44:949][633]LogModuleManager: Shutting down and abandoning module CollectionManager (522)
[2017.12.08-05.48.44:966][633]LogDirectoryWatcher: A directory notification for 'D:/NewGarden/GardenProject/NGA/Project/Berserker/Content/Collections/' was aborted.
[2017.12.08-05.48.44:966][633]LogDirectoryWatcher: A directory notification for 'D:/NewGarden/GardenProject/NGA/Project/Berserker/Content/Developers/JWOH/Collections/' was aborted.
[2017.12.08-05.48.44:966][633]LogDirectoryWatcher: A directory notification for 'D:/NewGarden/GardenProject/NGA/Project/Berserker/Saved/Collections/' was aborted.
[2017.12.08-05.48.44:966][633]LogModuleManager: Shutting down and abandoning module ClothingSystemEditorInterface (520)
[2017.12.08-05.48.44:966][633]LogModuleManager: Shutting down and abandoning module StatsViewer (518)
[2017.12.08-05.48.44:989][633]LogModuleManager: Shutting down and abandoning module FoliageEdit (516)
[2017.12.08-05.48.44:990][633]LogModuleManager: Shutting down and abandoning module LandscapeEditor (514)
[2017.12.08-05.48.45:020][633]LogModuleManager: Shutting down and abandoning module MeshPaintMode (512)
[2017.12.08-05.48.45:020][633]LogModuleManager: Shutting down and abandoning module SceneDepthPickerMode (510)
[2017.12.08-05.48.45:020][633]LogModuleManager: Shutting down and abandoning module ActorPickerMode (508)
[2017.12.08-05.48.45:020][633]LogModuleManager: Shutting down and abandoning module GeometryMode (506)
[2017.12.08-05.48.45:020][633]LogModuleManager: Shutting down and abandoning module TextureAlignMode (504)
[2017.12.08-05.48.45:020][633]LogModuleManager: Shutting down and abandoning module BspMode (502)
[2017.12.08-05.48.45:029][633]LogModuleManager: Shutting down and abandoning module PIEPreviewDeviceProfileSelector (500)
[2017.12.08-05.48.45:030][633]LogModuleManager: Shutting down and abandoning module HardwareSurvey (498)
[2017.12.08-05.48.45:030][633]LogModuleManager: Shutting down and abandoning module SequenceRecorderSections (496)
[2017.12.08-05.48.45:042][633]LogModuleManager: Shutting down and abandoning module AutomationWorker (494)
[2017.12.08-05.48.45:049][633]LogModuleManager: Shutting down and abandoning module MatineeToLevelSequence (492)
[2017.12.08-05.48.45:049][633]LogModuleManager: Shutting down and abandoning module LevelSequenceEditor (490)
[2017.12.08-05.48.45:097][633]LogModuleManager: Shutting down and abandoning module PlacementMode (489)
[2017.12.08-05.48.45:097][633]LogModuleManager: Shutting down and abandoning module WmfMediaFactory (486)
[2017.12.08-05.48.45:097][633]LogModuleManager: Shutting down and abandoning module WmfMediaEditor (484)
[2017.12.08-05.48.45:097][633]LogModuleManager: Shutting down and abandoning module AvfMediaFactory (482)
[2017.12.08-05.48.45:097][633]LogModuleManager: Shutting down and abandoning module AvfMediaEditor (480)
[2017.12.08-05.48.45:097][633]LogModuleManager: Shutting down and abandoning module AndroidMediaFactory (478)
[2017.12.08-05.48.45:097][633]LogModuleManager: Shutting down and abandoning module Media (477)
[2017.12.08-05.48.45:097][633]LogModuleManager: Shutting down and abandoning module AndroidMediaEditor (474)
[2017.12.08-05.48.45:097][633]LogModuleManager: Shutting down and abandoning module CharacterAI (472)
[2017.12.08-05.48.45:097][633]LogModuleManager: Shutting down and abandoning module AudioCapture (470)
[2017.12.08-05.48.45:097][633]LogModuleManager: Shutting down and abandoning module SequenceRecorder (469)
[2017.12.08-05.48.45:110][633]LogModuleManager: Shutting down and abandoning module SmartSnapping (466)
[2017.12.08-05.48.45:110][633]LogModuleManager: Shutting down and abandoning module SessionServices (464)
[2017.12.08-05.48.45:110][633]LogModuleManager: Shutting down and abandoning module ViewportSnapping (462)
[2017.12.08-05.48.45:110][633]LogModuleManager: Shutting down and abandoning module ViewportInteraction (460)
[2017.12.08-05.48.45:110][633]LogModuleManager: Shutting down and abandoning module ClothPainter (458)
[2017.12.08-05.48.45:148][633]LogModuleManager: Shutting down and abandoning module LogVisualizer (456)
[2017.12.08-05.48.45:165][633]LogModuleManager: Shutting down and abandoning module IntroTutorials (454)
[2017.12.08-05.48.45:197][633]LogModuleManager: Shutting down and abandoning module GameProjectGeneration (453)
[2017.12.08-05.48.45:215][633]LogModuleManager: Shutting down and abandoning module IOSPlatformEditor (450)
[2017.12.08-05.48.45:216][633]LogModuleManager: Shutting down and abandoning module HTML5PlatformEditor (448)
[2017.12.08-05.48.45:216][633]LogModuleManager: Shutting down and abandoning module AndroidPlatformEditor (446)
[2017.12.08-05.48.45:216][633]LogModuleManager: Shutting down and abandoning module AndroidDeviceDetection (445)
[2017.12.08-05.48.46:216][633]LogModuleManager: Shutting down and abandoning module WindowsPlatformEditor (442)
[2017.12.08-05.48.46:217][633]LogModuleManager: Shutting down and abandoning module IOSRuntimeSettings (440)
[2017.12.08-05.48.46:217][633]LogModuleManager: Shutting down and abandoning module AndroidRuntimeSettings (438)
[2017.12.08-05.48.46:217][633]LogModuleManager: Shutting down and abandoning module InputBindingEditor (436)
[2017.12.08-05.48.46:238][633]LogModuleManager: Shutting down and abandoning module MergeActors (434)
[2017.12.08-05.48.46:293][633]LogModuleManager: Shutting down and abandoning module SizeMap (432)
[2017.12.08-05.48.46:294][633]LogModuleManager: Shutting down and abandoning module TreeMap (430)
[2017.12.08-05.48.46:329][633]LogModuleManager: Shutting down and abandoning module ReferenceViewer (428)
[2017.12.08-05.48.46:329][633]LogModuleManager: Shutting down and abandoning module LocalizationDashboard (426)
[2017.12.08-05.48.46:379][633]LogModuleManager: Shutting down and abandoning module LocalizationService (425)
[2017.12.08-05.48.46:419][633]LogModuleManager: Shutting down and abandoning module HardwareTargeting (422)
[2017.12.08-05.48.46:419][633]LogModuleManager: Shutting down and abandoning module DeviceProfileEditor (420)
[2017.12.08-05.48.46:451][633]LogModuleManager: Shutting down and abandoning module UndoHistory (418)
[2017.12.08-05.48.46:451][633]LogModuleManager: Shutting down and abandoning module XmlParser (416)
[2017.12.08-05.48.46:487][633]LogModuleManager: Shutting down and abandoning module Blutility (414)
[2017.12.08-05.48.46:487][633]LogModuleManager: Shutting down and abandoning module ProjectSettingsViewer (412)
[2017.12.08-05.48.46:487][633]LogModuleManager: Shutting down and abandoning module ProjectTargetPlatformEditor (411)
[2017.12.08-05.48.46:487][633]LogModuleManager: Shutting down and abandoning module EditorSettingsViewer (408)
[2017.12.08-05.48.46:487][633]LogModuleManager: Shutting down and abandoning module SettingsEditor (406)
[2017.12.08-05.48.46:538][633]LogModuleManager: Shutting down and abandoning module ProjectLauncher (404)
[2017.12.08-05.48.46:554][633]LogModuleManager: Shutting down and abandoning module SessionFrontend (402)
[2017.12.08-05.48.46:568][633]LogModuleManager: Shutting down and abandoning module ProfilerClient (400)
[2017.12.08-05.48.46:603][633]LogModuleManager: Shutting down and abandoning module DeviceManager (398)
[2017.12.08-05.48.46:676][633]LogModuleManager: Shutting down and abandoning module TargetDeviceServices (397)
[2017.12.08-05.48.46:730][633]LogModuleManager: Shutting down and abandoning module AutomationController (394)
[2017.12.08-05.48.46:758][633]LogModuleManager: Shutting down and abandoning module AutomationWindow (392)
[2017.12.08-05.48.46:801][633]LogModuleManager: Shutting down and abandoning module Layers (390)
[2017.12.08-05.48.46:831][633]LogModuleManager: Shutting down and abandoning module ComponentVisualizers (388)
[2017.12.08-05.48.46:831][633]LogModuleManager: Shutting down and abandoning module DetailCustomizations (386)
[2017.12.08-05.48.46:849][633]LogModuleManager: Shutting down and abandoning module PackagesDialog (384)
[2017.12.08-05.48.46:849][633]LogModuleManager: Shutting down and abandoning module Persona (382)
[2017.12.08-05.48.46:861][633]LogModuleManager: Shutting down and abandoning module AdvancedPreviewScene (381)
[2017.12.08-05.48.46:861][633]LogModuleManager: Shutting down and abandoning module AnimGraph (379)
[2017.12.08-05.48.46:875][633]LogModuleManager: Shutting down and abandoning module Kismet (376)
[2017.12.08-05.48.46:958][633]LogModuleManager: Shutting down and abandoning module ClassViewer (374)
[2017.12.08-05.48.46:958][633]LogModuleManager: Shutting down and abandoning module Toolbox (372)
[2017.12.08-05.48.46:958][633]LogModuleManager: Shutting down and abandoning module ModuleUI (370)
[2017.12.08-05.48.47:001][633]LogModuleManager: Shutting down and abandoning module MovieSceneTools (368)
[2017.12.08-05.48.47:133][633]LogModuleManager: Shutting down and abandoning module OutputLog (366)
[2017.12.08-05.48.47:177][633]LogModuleManager: Shutting down and abandoning module GammaUI (364)
[2017.12.08-05.48.47:192][633]LogModuleManager: Shutting down and abandoning module Documentation (362)
[2017.12.08-05.48.47:193][633]LogModuleManager: Shutting down and abandoning module MovieSceneTracks (360)
[2017.12.08-05.48.47:193][633]LogModuleManager: Shutting down and abandoning module MovieScene (358)
[2017.12.08-05.48.47:193][633]LogModuleManager: Shutting down and abandoning module Niagara (356)
[2017.12.08-05.48.47:193][633]LogModuleManager: Shutting down and abandoning module NiagaraEditor (355)
[2017.12.08-05.48.47:323][633]LogModuleManager: Shutting down and abandoning module StreamingPauseRendering (352)
[2017.12.08-05.48.47:323][633]LogModuleManager: Shutting down and abandoning module LauncherPlatform (350)
[2017.12.08-05.48.47:324][633]LogModuleManager: Shutting down and abandoning module AnalyticsET (348)
[2017.12.08-05.48.47:324][633]LogModuleManager: Shutting down and abandoning module PortalServices (346)
[2017.12.08-05.48.47:324][633]LogModuleManager: Shutting down and abandoning module PortalRpc (344)
[2017.12.08-05.48.47:324][633]LogModuleManager: Shutting down and abandoning module MessagingRpc (342)
[2017.12.08-05.48.47:324][633]LogModuleManager: Shutting down and abandoning module AIModule (340)
[2017.12.08-05.48.47:324][633]LogModuleManager: Shutting down and abandoning module GameplayDebugger (339)
[2017.12.08-05.48.47:324][633]LogModuleManager: Shutting down and abandoning module AITestSuite (337)
[2017.12.08-05.48.47:355][633]LogModuleManager: Shutting down and abandoning module ProfilerService (334)
[2017.12.08-05.48.47:408][633]LogModuleManager: Shutting down and abandoning module TaskGraph (332)
[2017.12.08-05.48.47:432][633]LogModuleManager: Shutting down and abandoning module SteamVRController (330)
[2017.12.08-05.48.47:432][633]LogModuleManager: Shutting down and abandoning module ProceduralMeshComponentEditor (328)
[2017.12.08-05.48.47:432][633]LogModuleManager: Shutting down and abandoning module ProceduralMeshComponent (326)
[2017.12.08-05.48.47:432][633]LogModuleManager: Shutting down and abandoning module OculusInput (324)
[2017.12.08-05.48.47:443][633]LogModuleManager: Shutting down and abandoning module MobilePatchingUtils (322)
[2017.12.08-05.48.47:443][633]LogModuleManager: Shutting down and abandoning module CustomMeshComponent (320)
[2017.12.08-05.48.47:443][633]LogModuleManager: Shutting down and abandoning module CableComponent (318)
[2017.12.08-05.48.47:468][633]LogModuleManager: Shutting down and abandoning module ArchVisCharacter (316)
[2017.12.08-05.48.47:468][633]LogModuleManager: Shutting down and abandoning module AndroidPermission (314)
[2017.12.08-05.48.47:468][633]LogModuleManager: Shutting down and abandoning module MediaPlayerEditor (310)
[2017.12.08-05.48.47:569][633]LogModuleManager: Shutting down and abandoning module HTML5Networking (308)
[2017.12.08-05.48.47:569][633]LogModuleManager: Shutting down and abandoning module AlembicImporter (306)
[2017.12.08-05.48.47:587][633]LogModuleManager: Shutting down and abandoning module AlembicLibrary (305)
[2017.12.08-05.48.47:587][633]LogModuleManager: Shutting down and abandoning module GeometryCache (304)
[2017.12.08-05.48.47:587][633]LogModuleManager: Shutting down and abandoning module GeometryCacheEd (303)
[2017.12.08-05.48.47:587][633]LogModuleManager: Shutting down and abandoning module SpeedTreeImporter (298)
[2017.12.08-05.48.47:587][633]LogModuleManager: Shutting down and abandoning module PluginBrowser (296)
[2017.12.08-05.48.47:725][633]LogModuleManager: Shutting down and abandoning module MobileLauncherProfileWizard (294)
[2017.12.08-05.48.47:776][633]LogModuleManager: Shutting down and abandoning module VisualStudioSourceCodeAccess (292)
[2017.12.08-05.48.47:776][633]LogModuleManager: Shutting down and abandoning module DesktopPlatform (291)
[2017.12.08-05.48.47:792][633]LogModuleManager: Shutting down and abandoning module UObjectPlugin (288)
[2017.12.08-05.48.47:792][633]LogModuleManager: Shutting down and abandoning module SubversionSourceControl (286)
[2017.12.08-05.48.47:841][633]LogModuleManager: Shutting down and abandoning module PerforceSourceControl (284)
[2017.12.08-05.48.47:922][633]LogModuleManager: Shutting down and abandoning module GitSourceControl (282)
[2017.12.08-05.48.47:938][633]LogModuleManager: Shutting down and abandoning module SourceControl (281)
[2017.12.08-05.48.47:958][633]LogModuleManager: Shutting down and abandoning module LightPropagationVolumeEditor (278)
[2017.12.08-05.48.47:958][633]LogModuleManager: Shutting down and abandoning module PaperTiledImporter (276)
[2017.12.08-05.48.47:958][633]LogModuleManager: Shutting down and abandoning module PaperSpriteSheetImporter (274)
[2017.12.08-05.48.47:958][633]LogModuleManager: Shutting down and abandoning module Paper2DEditor (272)
[2017.12.08-05.48.47:976][633]LogModuleManager: Shutting down and abandoning module MeshPaint (271)
[2017.12.08-05.48.48:008][633]LogModuleManager: Shutting down and abandoning module LevelEditor (269)
[2017.12.08-05.48.48:055][633]LogModuleManager: Shutting down and abandoning module PixelInspectorModule (268)
[2017.12.08-05.48.48:134][633]LogModuleManager: Shutting down and abandoning module MainFrame (266)
[2017.12.08-05.48.48:134][633]LogModuleManager: Shutting down and abandoning module HotReload (265)
[2017.12.08-05.48.48:269][633]LogModuleManager: Shutting down and abandoning module RuntimePhysXCooking (260)
[2017.12.08-05.48.48:269][633]LogModuleManager: Shutting down and abandoning module PhysXVehiclesEditor (258)
[2017.12.08-05.48.48:269][633]LogModuleManager: Shutting down and abandoning module PhysXVehicles (256)
[2017.12.08-05.48.48:269][633]LogModuleManager: Shutting down and abandoning module OculusEditor (254)
[2017.12.08-05.48.48:269][633]LogModuleManager: Shutting down and abandoning module LocationServicesBPLibrary (252)
[2017.12.08-05.48.48:269][633]LogModuleManager: Shutting down and abandoning module ImmediatePhysicsEditor (250)
[2017.12.08-05.48.48:269][633]LogModuleManager: Shutting down and abandoning module ImmediatePhysics (248)
[2017.12.08-05.48.48:317][633]LogModuleManager: Shutting down and abandoning module UdpMessaging (246)
[2017.12.08-05.48.48:419][633]LogModuleManager: Shutting down and abandoning module TcpMessaging (244)
[2017.12.08-05.48.48:539][633]LogModuleManager: Shutting down and abandoning module GameplayTagsEditor (242)
[2017.12.08-05.48.48:615][633]LogModuleManager: Shutting down and abandoning module FacialAnimationEditor (240)
[2017.12.08-05.48.48:615][633]LogModuleManager: Shutting down and abandoning module FacialAnimation (238)
[2017.12.08-05.48.48:615][633]LogModuleManager: Shutting down and abandoning module AssetManagerEditor (236)
[2017.12.08-05.48.48:697][633]LogModuleManager: Shutting down and abandoning module GraphEditor (235)
[2017.12.08-05.48.48:914][633]LogModuleManager: Shutting down and abandoning module ContentBrowser (233)
[2017.12.08-05.48.48:916][633]LogModuleManager: Shutting down and abandoning module LightPropagationVolumeRuntime (230)
[2017.12.08-05.48.48:916][633]LogModuleManager: Shutting down and abandoning module Paper2D (228)
[2017.12.08-05.48.48:945][633]LogModuleManager: Shutting down and abandoning module WindowsMoviePlayer (226)
[2017.12.08-05.48.48:983][633]LogModuleManager: Shutting down and abandoning module WmfMedia (224)
[2017.12.08-05.48.49:024][633]LogModuleManager: Shutting down and abandoning module PacketHandler (222)
[2017.12.08-05.48.49:024][633]LogModuleManager: Shutting down and abandoning module ClothingSystemEditor (220)
[2017.12.08-05.48.49:024][633]LogModuleManager: Shutting down and abandoning module ClothingSystemRuntime (218)
[2017.12.08-05.48.49:024][633]LogModuleManager: Shutting down and abandoning module Overlay (216)
[2017.12.08-05.48.49:024][633]LogModuleManager: Shutting down and abandoning module OverlayEditor (215)
[2017.12.08-05.48.49:025][633]LogModuleManager: Shutting down and abandoning module MediaAssets (212)
[2017.12.08-05.48.49:025][633]LogModuleManager: Shutting down and abandoning module VREditor (210)
[2017.12.08-05.48.49:096][633]LogModuleManager: Shutting down and abandoning module StringTableEditor (208)
[2017.12.08-05.48.49:119][633]LogModuleManager: Shutting down and abandoning module GameplayTasksEditor (206)
[2017.12.08-05.48.49:119][633]LogModuleManager: Shutting down and abandoning module BehaviorTreeEditor (204)
[2017.12.08-05.48.49:262][633]LogModuleManager: Shutting down and abandoning module FunctionalTesting (202)
[2017.12.08-05.48.49:263][633]LogModuleManager: Shutting down and abandoning module CollisionAnalyzer (200)
[2017.12.08-05.48.49:353][633]LogModuleManager: Shutting down and abandoning module WorkspaceMenuStructure (199)
[2017.12.08-05.48.49:353][633]LogModuleManager: Shutting down and abandoning module UMG (196)
[2017.12.08-05.48.49:384][633]LogModuleManager: Shutting down and abandoning module UMGEditor (195)
[2017.12.08-05.48.49:516][633]LogModuleManager: Shutting down and abandoning module Sequencer (194)
[2017.12.08-05.48.49:565][633]LogModuleManager: Shutting down and abandoning module MessageLog (191)
[2017.12.08-05.48.49:565][633]LogModuleManager: Shutting down and abandoning module SlateReflector (186)
[2017.12.08-05.48.49:777][633]LogModuleManager: Shutting down and abandoning module Slate (184)
[2017.12.08-05.48.49:777][633]LogModuleManager: Shutting down and abandoning module EditorStyle (182)
[2017.12.08-05.48.49:789][633]LogModuleManager: Shutting down and abandoning module MRMesh (180)
[2017.12.08-05.48.49:789][633]LogModuleManager: Shutting down and abandoning module SourceCodeAccess (178)
[2017.12.08-05.48.49:789][633]LogModuleManager: Shutting down and abandoning module HeadMountedDisplay (176)
[2017.12.08-05.48.49:789][633]LogModuleManager: Shutting down and abandoning module XAudio2 (174)
[2017.12.08-05.48.49:789][633]LogModuleManager: Shutting down and abandoning module Networking (172)
[2017.12.08-05.48.49:789][633]LogModuleManager: Shutting down and abandoning module Core (168)
[2017.12.08-05.48.49:789][633]LogModuleManager: Shutting down and abandoning module KismetCompiler (164)
[2017.12.08-05.48.49:789][633]LogModuleManager: Shutting down and abandoning module LevelSequence (162)
[2017.12.08-05.48.49:789][633]LogModuleManager: Shutting down and abandoning module MeshUtilities (160)
[2017.12.08-05.48.49:823][633]LogModuleManager: Shutting down and abandoning module MeshMergeUtilities (159)
[2017.12.08-05.48.49:868][633]LogModuleManager: Shutting down and abandoning module MeshReductionInterface (158)
[2017.12.08-05.48.49:868][633]LogModuleManager: Shutting down and abandoning module SimplygonSwarm (157)
[2017.12.08-05.48.49:894][633]LogModuleManager: Shutting down and abandoning module SimplygonMeshReduction (155)
[2017.12.08-05.48.49:894][633]LogModuleManager: Shutting down and abandoning module QuadricMeshReduction (153)
[2017.12.08-05.48.49:946][633]LogModuleManager: Shutting down and abandoning module MaterialBaking (149)
[2017.12.08-05.48.49:959][633]LogModuleManager: Shutting down and abandoning module DirectoryWatcher (146)
[2017.12.08-05.48.49:964][633]LogModuleManager: Shutting down and abandoning module DerivedDataCache (144)
[2017.12.08-05.48.49:995][633]LogDerivedDataCache: Shutdown
[2017.12.08-05.48.50:011][633]LogModuleManager: Shutting down and abandoning module TargetPlatform (142)
[2017.12.08-05.48.50:011][633]LogModuleManager: Shutting down and abandoning module VulkanShaderFormat (141)
[2017.12.08-05.48.50:062][633]LogModuleManager: Shutting down and abandoning module ShaderFormatVectorVM (139)
[2017.12.08-05.48.50:076][633]LogModuleManager: Shutting down and abandoning module ShaderFormatOpenGL (137)
[2017.12.08-05.48.50:113][633]LogModuleManager: Shutting down and abandoning module ShaderFormatD3D (135)
[2017.12.08-05.48.50:143][633]LogModuleManager: Shutting down and abandoning module MetalShaderFormat (133)
[2017.12.08-05.48.50:207][633]LogModuleManager: Shutting down and abandoning module TextureFormatUncompressed (131)
[2017.12.08-05.48.50:208][633]LogModuleManager: Shutting down and abandoning module TextureFormatPVR (129)
[2017.12.08-05.48.50:208][633]LogModuleManager: Shutting down and abandoning module TextureFormatDXT (127)
[2017.12.08-05.48.50:239][633]LogModuleManager: Shutting down and abandoning module TextureFormatIntelISPCTexComp (125)
[2017.12.08-05.48.50:271][633]LogModuleManager: Shutting down and abandoning module TextureFormatASTC (123)
[2017.12.08-05.48.50:271][633]LogModuleManager: Shutting down and abandoning module ImageWrapper (122)
[2017.12.08-05.48.50:271][633]LogModuleManager: Shutting down and abandoning module TextureFormatAndroid (119)
[2017.12.08-05.48.50:271][633]LogModuleManager: Shutting down and abandoning module AudioFormatOpus (117)
[2017.12.08-05.48.50:271][633]LogModuleManager: Shutting down and abandoning module AudioFormatOgg (115)
[2017.12.08-05.48.50:271][633]LogModuleManager: Shutting down and abandoning module AudioFormatADPCM (113)
[2017.12.08-05.48.50:271][633]LogModuleManager: Shutting down and abandoning module LinuxTargetPlatform (111)
[2017.12.08-05.48.50:272][633]LogModuleManager: Shutting down and abandoning module LinuxServerTargetPlatform (109)
[2017.12.08-05.48.50:272][633]LogModuleManager: Shutting down and abandoning module LinuxNoEditorTargetPlatform (107)
[2017.12.08-05.48.50:272][633]LogModuleManager: Shutting down and abandoning module LinuxClientTargetPlatform (105)
[2017.12.08-05.48.50:272][633]LogModuleManager: Shutting down and abandoning module TVOSTargetPlatform (103)
[2017.12.08-05.48.50:272][633]LogModuleManager: Shutting down and abandoning module Messaging (101)
[2017.12.08-05.48.50:272][633]LogModuleManager: Shutting down and abandoning module IOSTargetPlatform (99)
[2017.12.08-05.48.50:272][633]LogModuleManager: Shutting down and abandoning module HTML5TargetPlatform (97)
[2017.12.08-05.48.50:272][633]LogModuleManager: Shutting down and abandoning module Android_PVRTCTargetPlatform (95)
[2017.12.08-05.48.50:272][633]LogModuleManager: Shutting down and abandoning module Android_MultiTargetPlatform (93)
[2017.12.08-05.48.50:272][633]LogModuleManager: Shutting down and abandoning module Android_ETC2TargetPlatform (91)
[2017.12.08-05.48.50:272][633]LogModuleManager: Shutting down and abandoning module Android_ETC1TargetPlatform (89)
[2017.12.08-05.48.50:272][633]LogModuleManager: Shutting down and abandoning module Android_DXTTargetPlatform (87)
[2017.12.08-05.48.50:272][633]LogModuleManager: Shutting down and abandoning module Android_ATCTargetPlatform (85)
[2017.12.08-05.48.50:272][633]LogModuleManager: Shutting down and abandoning module Android_ASTCTargetPlatform (83)
[2017.12.08-05.48.50:272][633]LogModuleManager: Shutting down and abandoning module AndroidTargetPlatform (81)
[2017.12.08-05.48.50:272][633]LogModuleManager: Shutting down and abandoning module WindowsTargetPlatform (79)
[2017.12.08-05.48.50:272][633]LogModuleManager: Shutting down and abandoning module WindowsServerTargetPlatform (77)
[2017.12.08-05.48.50:272][633]LogModuleManager: Shutting down and abandoning module WindowsNoEditorTargetPlatform (75)
[2017.12.08-05.48.50:272][633]LogModuleManager: Shutting down and abandoning module WindowsClientTargetPlatform (73)
[2017.12.08-05.48.50:272][633]LogModuleManager: Shutting down and abandoning module MacTargetPlatform (71)
[2017.12.08-05.48.50:272][633]LogModuleManager: Shutting down and abandoning module MacServerTargetPlatform (69)
[2017.12.08-05.48.50:272][633]LogModuleManager: Shutting down and abandoning module MacNoEditorTargetPlatform (67)
[2017.12.08-05.48.50:272][633]LogModuleManager: Shutting down and abandoning module MacClientTargetPlatform (65)
[2017.12.08-05.48.50:272][633]LogModuleManager: Shutting down and abandoning module AllDesktopTargetPlatform (63)
[2017.12.08-05.48.50:272][633]LogModuleManager: Shutting down and abandoning module InputCore (60)
[2017.12.08-05.48.50:272][633]LogModuleManager: Shutting down and abandoning module Settings (58)
[2017.12.08-05.48.50:272][633]LogModuleManager: Shutting down and abandoning module PhysXCooking (56)
[2017.12.08-05.48.50:272][633]LogModuleManager: Shutting down and abandoning module SteamVR (54)
[2017.12.08-05.48.50:272][633]LogModuleManager: Shutting down and abandoning module OculusHMD (52)
[2017.12.08-05.48.50:290][633]LogModuleManager: Shutting down and abandoning module ExampleDeviceProfileSelector (50)
[2017.12.08-05.48.50:290][633]LogModuleManager: Shutting down and abandoning module OnlineBlueprintSupport (48)
[2017.12.08-05.48.50:290][633]LogModuleManager: Shutting down and abandoning module OnlineSubsystem (44)
[2017.12.08-05.48.50:290][633]LogOnline: Display: Unloading online subsystem: NULL
[2017.12.08-05.48.50:316][633]LogModuleManager: Shutting down and abandoning module XMPP (43)
[2017.12.08-05.48.50:333][633]LogModuleManager: Shutting down and abandoning module HTTP (41)
[2017.12.08-05.48.50:333][633]LogHttp: Display: Http module shutting down, but needs to wait on 1 outstanding Http requests:
[2017.12.08-05.48.50:352][633]LogHttp: Display: 	verb=[POST] url=[https://datarouter.ol.epicgames.com/datarouter/api/v1/public/data?SessionID=%7BB2CAC247-44A6-F7E3-DB56-F5802EF8DB76%7D&AppID=UEEditor.Rocket.Release&AppVersion=4.17.1-3586342%2B%2B%2BUE4%2BRelease-4.17&UserID=2b4b9104449ff9352e6e79a22565f81d%7C3c455ced7e304eddb535ae3cbf37a172%7Cdff5993a-bb95-44de-bad5-df2ac76192ca&AppEnvironment=datacollector-binary&UploadType=eteventstream] status=Processing
[2017.12.08-05.48.50:379][633]LogModuleManager: Shutting down and abandoning module SSL (40)
[2017.12.08-05.48.50:398][633]LogModuleManager: Shutting down and abandoning module AnimationModifiers (36)
[2017.12.08-05.48.50:418][633]LogModuleManager: Shutting down and abandoning module PropertyEditor (35)
[2017.12.08-05.48.50:421][633]LogModuleManager: Shutting down and abandoning module AudioEditor (32)
[2017.12.08-05.48.50:494][633]LogModuleManager: Shutting down and abandoning module TextureCompressor (30)
[2017.12.08-05.48.50:508][633]LogModuleManager: Shutting down and abandoning module ShaderCore (28)
[2017.12.08-05.48.50:508][633]LogModuleManager: Shutting down and abandoning module Landscape (26)
[2017.12.08-05.48.50:508][633]LogModuleManager: Shutting down and abandoning module SlateRHIRenderer (24)
[2017.12.08-05.48.50:541][633]LogModuleManager: Shutting down and abandoning module OpenGLDrv (22)
[2017.12.08-05.48.50:567][633]LogModuleManager: Shutting down and abandoning module D3D11RHI (20)
[2017.12.08-05.48.50:567][633]LogModuleManager: Shutting down and abandoning module AnimGraphRuntime (18)
[2017.12.08-05.48.50:567][633]LogModuleManager: Shutting down and abandoning module Renderer (16)
[2017.12.08-05.48.50:567][633]LogModuleManager: Shutting down and abandoning module Engine (14)
[2017.12.08-05.48.50:567][633]LogModuleManager: Shutting down and abandoning module CoreUObject (12)
[2017.12.08-05.48.50:567][633]LogModuleManager: Shutting down and abandoning module NetworkFile (10)
[2017.12.08-05.48.50:567][633]LogModuleManager: Shutting down and abandoning module CookedIterativeFile (8)
[2017.12.08-05.48.50:567][633]LogModuleManager: Shutting down and abandoning module StreamingFile (6)
[2017.12.08-05.48.50:567][633]LogModuleManager: Shutting down and abandoning module SandboxFile (4)
[2017.12.08-05.48.50:567][633]LogModuleManager: Shutting down and abandoning module PakFile (2)
[2017.12.08-05.48.50:603][633]LogExit: Exiting.
[2017.12.08-05.48.50:668][633]Log file closed, 12/08/17 14:48:50
