Log file open, 12/24/17 22:37:28
LogWindows: LoadLibraryWithSearchPaths failed for file aqProf.dll. GetLastError=0
LogWindows: LoadLibraryWithSearchPaths failed for file VtuneApi.dll. GetLastError=0
LogWindows: LoadLibraryWithSearchPaths failed for file VtuneApi32e.dll. GetLastError=0
LogInit: Display: Running engine for game: Berserker
LogPlatformFile: Not using cached read wrapper
LogInit: Display: RandInit(-855542243) SRandInit(-855542243).
LogTaskGraph: Started task graph with 5 named threads and 14 total threads with 3 sets of task threads.
LogStats: Stats thread started at 0.250883
LogD3D11RHI: Aftermath initialized
LogPluginManager: Mounting plugin Paper2D
LogPluginManager: Mounting plugin LightPropagationVolume
LogPluginManager: Mounting plugin CodeLiteSourceCodeAccess
LogPluginManager: Mounting plugin GitSourceControl
LogPluginManager: Mounting plugin KDevelopSourceCodeAccess
LogPluginManager: Mounting plugin NullSourceCodeAccess
LogPluginManager: Mounting plugin PerforceSourceControl
LogPluginManager: Mounting plugin SubversionSourceControl
LogPluginManager: Mounting plugin UObjectPlugin
LogPluginManager: Mounting plugin VisualStudioSourceCodeAccess
LogPluginManager: Mounting plugin XCodeSourceCodeAccess
LogPluginManager: Mounting plugin AssetManagerEditor
LogPluginManager: Mounting plugin AudioCapture
LogPluginManager: Mounting plugin FacialAnimation
LogPluginManager: Mounting plugin GameplayTagsEditor
LogPluginManager: Mounting plugin MobileLauncherProfileWizard
LogPluginManager: Mounting plugin PluginBrowser
LogPluginManager: Mounting plugin SpeedTreeImporter
LogPluginManager: Mounting plugin AlembicImporter
LogPluginManager: Mounting plugin CharacterAI
LogPluginManager: Mounting plugin HTML5Networking
LogPluginManager: Mounting plugin AndroidMedia
LogPluginManager: Mounting plugin AvfMedia
LogPluginManager: Mounting plugin MediaPlayerEditor
LogPluginManager: Mounting plugin WmfMedia
LogPluginManager: Mounting plugin TcpMessaging
LogPluginManager: Mounting plugin UdpMessaging
LogPluginManager: Mounting plugin LevelSequenceEditor
LogPluginManager: Mounting plugin MatineeToLevelSequence
LogPluginManager: Mounting plugin OnlineSubsystemGooglePlay
LogPluginManager: Mounting plugin OnlineSubsystemIOS
LogPluginManager: Mounting plugin OnlineSubsystem
LogPluginManager: Mounting plugin OnlineSubsystemNull
LogPluginManager: Mounting plugin OnlineSubsystemUtils
LogPluginManager: Mounting plugin AndroidDeviceProfileSelector
LogPluginManager: Mounting plugin AndroidMoviePlayer
LogPluginManager: Mounting plugin AndroidPermission
LogPluginManager: Mounting plugin AppleMoviePlayer
LogPluginManager: Mounting plugin ArchVisCharacter
LogPluginManager: Mounting plugin CableComponent
LogPluginManager: Mounting plugin CustomMeshComponent
LogPluginManager: Mounting plugin ExampleDeviceProfileSelector
LogPluginManager: Mounting plugin GoogleCloudMessaging
LogPluginManager: Mounting plugin ImmediatePhysics
LogPluginManager: Mounting plugin IOSDeviceProfileSelector
LogPluginManager: Mounting plugin LinuxDeviceProfileSelector
LogPluginManager: Mounting plugin LocationServicesBPLibrary
LogPluginManager: Mounting plugin MobilePatchingUtils
LogPluginManager: Mounting plugin OculusVR
LogPluginManager: Mounting plugin PhysXVehicles
LogPluginManager: Mounting plugin ProceduralMeshComponent
LogPluginManager: Mounting plugin RuntimePhysXCooking
LogPluginManager: Mounting plugin SteamVR
LogPluginManager: Mounting plugin WindowsMoviePlayer
LogInit: Using libcurl 7.47.1
LogInit:  - built for x86_64-pc-win32
LogInit:  - supports SSL with OpenSSL/1.0.2g
LogInit:  - supports HTTP deflate (compression) using libz 1.2.8
LogInit:  - other features:
LogInit:      CURL_VERSION_SSL
LogInit:      CURL_VERSION_LIBZ
LogInit:      CURL_VERSION_IPV6
LogInit:      CURL_VERSION_ASYNCHDNS
LogInit:      CURL_VERSION_LARGEFILE
LogInit:      CURL_VERSION_IDN
LogInit:  CurlRequestOptions (configurable via config and command line):
LogInit:  - bVerifyPeer = false  - Libcurl will NOT verify peer certificate
LogInit:  - bUseHttpProxy = false  - Libcurl will NOT use HTTP proxy
LogInit:  - bDontReuseConnections = false  - Libcurl will reuse connections
LogInit:  - CertBundlePath = nullptr  - Libcurl will use whatever was configured at build time.
LogInit: Build: ++UE4+Release-4.17-CL-3586342
LogInit: Engine Version: 4.17.1-3586342+++UE4+Release-4.17
LogInit: Compatible Engine Version: 4.17.0-3573198+++UE4+Release-4.17
LogInit: Net CL: 3573198
LogDevObjectVersion: Number of dev versions registered: 16
LogDevObjectVersion:   Dev-Blueprints (B0D832E4-1F89-4F0D-ACCF-7EB736FD4AA2): 10
LogDevObjectVersion:   Dev-Build (E1C64328-A22C-4D53-A36C-8E866417BD8C): 0
LogDevObjectVersion:   Dev-Core (375EC13C-06E4-48FB-B500-84F0262A717E): 2
LogDevObjectVersion:   Dev-Editor (E4B068ED-F494-42E9-A231-DA0B2E46BB41): 20
LogDevObjectVersion:   Dev-Framework (CFFC743F-43B0-4480-9391-14DF171D2073): 28
LogDevObjectVersion:   Dev-Mobile (B02B49B5-BB20-44E9-A304-32B752E40360): 0
LogDevObjectVersion:   Dev-Networking (A4E4105C-59A1-49B5-A7C5-40C4547EDFEE): 0
LogDevObjectVersion:   Dev-Online (39C831C9-5AE6-47DC-9A44-9C173E1C8E7C): 0
LogDevObjectVersion:   Dev-Physics (78F01B33-EBEA-4F98-B9B4-84EACCB95AA2): 0
LogDevObjectVersion:   Dev-Platform (6631380F-2D4D-43E0-8009-CF276956A95A): 0
LogDevObjectVersion:   Dev-Rendering (12F88B9F-8875-4AFC-A67C-D90C383ABD29): 19
LogDevObjectVersion:   Dev-Sequencer (7B5AE74C-D270-4C10-A958-57980B212A5A): 4
LogDevObjectVersion:   Dev-VR (D7296918-1DD6-4BDD-9DE2-64A83CC13884): 0
LogDevObjectVersion:   Dev-LoadTimes (C2A15278-BFE7-4AFE-6C17-90FF531DF755): 1
LogDevObjectVersion:   Private-Geometry (6EACA3D4-40EC-4CC1-B786-8BED09428FC5): 1
LogDevObjectVersion:   Dev-AnimPhys (29E575DD-E0A3-4627-9D10-D276232CDCEA): 7
LogInit: Compiled (64-bit): Aug 15 2017 02:05:26
LogInit: Compiled with Visual C++: 19.00.24215.01
LogInit: Build Configuration: Development
LogInit: Branch Name: ++UE4+Release-4.17
LogInit: Command line:  
LogInit: Base directory: D:/UnrealEngine/UE_4.17/Engine/Binaries/Win64/
LogInit: Installed Engine Build: 1
LogInit: Presizing for max 8388607 objects, including 0 objects not considered by GC, pre-allocating 0 bytes for permanent pool.
LogInit: Object subsystem initialized
[2017.12.24-13.37.29:154][  0]LogInit: Selected Device Profile: [Windows]
[2017.12.24-13.37.29:154][  0]LogInit: Applying CVar settings loaded from the selected device profile: [Windows]
[2017.12.24-13.37.29:288][  0]LogInit: Computer: DESKTOP-6JOGDQL
[2017.12.24-13.37.29:288][  0]LogInit: User: JWOH
[2017.12.24-13.37.29:289][  0]LogInit: CPU Page size=4096, Cores=4
[2017.12.24-13.37.29:289][  0]LogInit: High frequency timer resolution =2.531248 MHz
[2017.12.24-13.37.29:289][  0]LogMemory: Memory total: Physical=7.9GB (8GB approx)
[2017.12.24-13.37.29:289][  0]LogMemory: Platform Memory Stats for Windows
[2017.12.24-13.37.29:289][  0]LogMemory: Process Physical Memory: 282.80 MB used, 282.80 MB peak
[2017.12.24-13.37.29:289][  0]LogMemory: Process Virtual Memory: 277.58 MB used, 277.58 MB peak
[2017.12.24-13.37.29:289][  0]LogMemory: Physical Memory: 4608.15 MB used,  3447.50 MB free, 8055.66 MB total
[2017.12.24-13.37.29:289][  0]LogMemory: Virtual Memory: 672.29 MB used,  3447.50 MB free, 134217728.00 MB total
[2017.12.24-13.37.29:610][  0]LogInit: Using OS detected language (ko-KR).
[2017.12.24-13.37.29:610][  0]LogInit: Using OS detected locale (ko-KR).
[2017.12.24-13.37.29:615][  0]LogTextLocalizationManager: No specific localization for 'ko-KR' exists, so the 'ko' localization will be used.
[2017.12.24-13.37.36:375][  0]LogD3D11RHI: D3D11 adapters:
[2017.12.24-13.37.36:631][  0]LogD3D11RHI:    0. 'NVIDIA GeForce GTX 960M' (Feature Level 11_0)
[2017.12.24-13.37.36:631][  0]LogD3D11RHI:       2019/0/4027 MB DedicatedVideo/DedicatedSystem/SharedSystem, Outputs:1, VendorId:0x10de
[2017.12.24-13.37.36:654][  0]LogD3D11RHI:    1. 'Intel(R) HD Graphics 530' (Feature Level 11_0)
[2017.12.24-13.37.36:654][  0]LogD3D11RHI:       128/0/4027 MB DedicatedVideo/DedicatedSystem/SharedSystem, Outputs:0, VendorId:0x8086
[2017.12.24-13.37.36:659][  0]LogD3D11RHI:    2. 'Microsoft Basic Render Driver' (Feature Level 11_0)
[2017.12.24-13.37.36:659][  0]LogD3D11RHI:       0/0/4027 MB DedicatedVideo/DedicatedSystem/SharedSystem, Outputs:0, VendorId:0x1414
[2017.12.24-13.37.36:659][  0]LogD3D11RHI: Chosen D3D11 Adapter: 0
[2017.12.24-13.37.36:674][  0]LogD3D11RHI: Creating new Direct3DDevice
[2017.12.24-13.37.36:675][  0]LogD3D11RHI:     GPU DeviceId: 0x139b (for the marketing name, search the web for "GPU Device Id")
[2017.12.24-13.37.36:675][  0]LogWindows: EnumDisplayDevices:
[2017.12.24-13.37.36:676][  0]LogWindows:    0. 'Intel(R) HD Graphics 530' (P:1 D:1)
[2017.12.24-13.37.36:678][  0]LogWindows:    1. 'Intel(R) HD Graphics 530' (P:0 D:0)
[2017.12.24-13.37.36:682][  0]LogWindows:    2. 'Intel(R) HD Graphics 530' (P:0 D:0)
[2017.12.24-13.37.36:684][  0]LogWindows: DebugString: PrimaryIsNotTheChoosenAdapter PrimaryIsNotTheChoosenAdapter PrimaryIsNotTheChoosenAdapter FoundDriverCount:0 
[2017.12.24-13.37.36:684][  0]LogD3D11RHI:     Adapter Name: NVIDIA GeForce GTX 960M
[2017.12.24-13.37.36:684][  0]LogD3D11RHI:   Driver Version: Unknown (internal:Unknown, unified:Unknown)
[2017.12.24-13.37.36:684][  0]LogD3D11RHI:      Driver Date: Unknown
[2017.12.24-13.37.36:684][  0]LogRHI: Texture pool is 1361 MB (70% of 1945 MB)
[2017.12.24-13.37.36:782][  0]LogD3D11RHI: Async texture creation enabled
[2017.12.24-13.37.36:827][  0]LogD3D11RHI: GPU Timing Frequency: 1000.000000 (Debug: 2 5)
[2017.12.24-13.37.36:832][  0]LogShaderCompilers: Guid format shader working directory is -13 characters bigger than the processId version (../../../../../NewGarden/GardenProject/NGA/Project/Berserker/Intermediate/Shaders/WorkingDirectory/9468/).
[2017.12.24-13.37.36:832][  0]LogShaderCompilers: Cleaned the shader compiler working directory 'C:/Users/J.W OH/AppData/Local/Temp/UnrealShaderWorkingDir/6FF9A90F4AEE94FB99C27AAFD62EDABD/'.
[2017.12.24-13.37.36:832][  0]LogShaderCompilers: Display: Using Local Shader Compiler.
[2017.12.24-13.37.46:201][  0]LogTemp: Display: Loaded TP AllDesktopTargetPlatform
[2017.12.24-13.37.46:388][  0]LogTemp: Display: Loaded TP MacClientTargetPlatform
[2017.12.24-13.37.46:566][  0]LogTemp: Display: Loaded TP MacNoEditorTargetPlatform
[2017.12.24-13.37.46:764][  0]LogTemp: Display: Loaded TP MacServerTargetPlatform
[2017.12.24-13.37.47:009][  0]LogTemp: Display: Loaded TP MacTargetPlatform
[2017.12.24-13.37.47:205][  0]LogTemp: Display: Loaded TP WindowsClientTargetPlatform
[2017.12.24-13.37.47:396][  0]LogTemp: Display: Loaded TP WindowsNoEditorTargetPlatform
[2017.12.24-13.37.47:582][  0]LogTemp: Display: Loaded TP WindowsServerTargetPlatform
[2017.12.24-13.37.47:751][  0]LogTemp: Display: Loaded TP WindowsTargetPlatform
[2017.12.24-13.37.48:011][  0]LogTemp: Display: Loaded TP AndroidTargetPlatform
[2017.12.24-13.37.48:205][  0]LogTemp: Display: Loaded TP Android_ASTCTargetPlatform
[2017.12.24-13.37.48:384][  0]LogTemp: Display: Loaded TP Android_ATCTargetPlatform
[2017.12.24-13.37.48:574][  0]LogTemp: Display: Loaded TP Android_DXTTargetPlatform
[2017.12.24-13.37.48:769][  0]LogTemp: Display: Loaded TP Android_ETC1TargetPlatform
[2017.12.24-13.37.48:954][  0]LogTemp: Display: Loaded TP Android_ETC2TargetPlatform
[2017.12.24-13.37.49:340][  0]LogTemp: Display: Loaded TP Android_MultiTargetPlatform
[2017.12.24-13.37.49:340][  0]LogTemp: Display: Loaded TP Android_PVRTCTargetPlatform
[2017.12.24-13.37.49:485][  0]LogTemp: Display: Loaded TP HTML5TargetPlatform
[2017.12.24-13.37.49:802][  0]LogTemp: Display: Loaded TP IOSTargetPlatform
[2017.12.24-13.37.49:908][  0]LogTemp: Display: Loaded TP TVOSTargetPlatform
[2017.12.24-13.37.50:098][  0]LogTemp: Display: Loaded TP LinuxClientTargetPlatform
[2017.12.24-13.37.50:278][  0]LogTemp: Display: Loaded TP LinuxNoEditorTargetPlatform
[2017.12.24-13.37.50:481][  0]LogTemp: Display: Loaded TP LinuxServerTargetPlatform
[2017.12.24-13.37.50:729][  0]LogTemp: Display: Loaded TP LinuxTargetPlatform
[2017.12.24-13.37.50:729][  0]LogTargetPlatformManager: Display: Building Assets For Windows
[2017.12.24-13.37.52:505][  0]LogDerivedDataCache: Display: Max Cache Size: 512 MB
[2017.12.24-13.37.53:342][  0]LogDerivedDataCache: Loaded boot cache 0.84s 93MB C:/Users/J.W OH/AppData/Local/UnrealEngine/4.17/DerivedDataCache/Boot.ddc.
[2017.12.24-13.37.53:342][  0]LogDerivedDataCache: Display: Loaded Boot cache: C:/Users/J.W OH/AppData/Local/UnrealEngine/4.17/DerivedDataCache/Boot.ddc
[2017.12.24-13.37.53:342][  0]LogDerivedDataCache: FDerivedDataBackendGraph:  Pak pak cache file ../../../../../NewGarden/GardenProject/NGA/Project/Berserker/DerivedDataCache/DDC.ddp not found, will not use a pak cache.
[2017.12.24-13.37.53:343][  0]LogDerivedDataCache: Unable to find inner node Pak for hierarchical cache Hierarchy.
[2017.12.24-13.37.53:343][  0]LogDerivedDataCache: FDerivedDataBackendGraph:  CompressedPak pak cache file ../../../../../NewGarden/GardenProject/NGA/Project/Berserker/DerivedDataCache/Compressed.ddp not found, will not use a pak cache.
[2017.12.24-13.37.53:343][  0]LogDerivedDataCache: Unable to find inner node CompressedPak for hierarchical cache Hierarchy.
[2017.12.24-13.37.53:429][  0]LogDerivedDataCache: Display: Pak cache opened for reading ../../../Engine/DerivedDataCache/Compressed.ddp.
[2017.12.24-13.37.53:446][  0]LogDerivedDataCache: Using Local data cache path C:/Users/J.W OH/AppData/Local/UnrealEngine/Common/DerivedDataCache: Writable
[2017.12.24-13.37.53:492][  0]LogMaterial: Verifying Global Shaders for PCD3D_SM5
[2017.12.24-13.37.53:493][  0]LogSlate: Using Freetype 2.6.0
[2017.12.24-13.37.53:562][  0]LogSlate: SlateFontCache - WITH_FREETYPE: 1, WITH_HARFBUZZ: 1
[2017.12.24-13.37.53:562][  0]LogSlate: SlateFontCache - WITH_FREETYPE: 1, WITH_HARFBUZZ: 1
[2017.12.24-13.38.00:343][  0]LogAssetRegistry: FAssetRegistry took 0.0394 seconds to start up
[2017.12.24-13.38.00:826][  0]LogInit: Selected Device Profile: [Windows]
[2017.12.24-13.38.01:339][  0]LogContentStreaming: Texture pool size is 0.00 MB
[2017.12.24-13.38.02:431][  0]LogSimplygon: Simplygon DLL not present - disabling.
[2017.12.24-13.38.02:556][  0]LogMeshReduction: Using SimplygonSwarm for distributed automatic mesh merging
[2017.12.24-13.38.02:556][  0]LogMeshReduction: Using QuadricMeshReduction for automatic static mesh reduction
[2017.12.24-13.38.02:556][  0]LogMeshReduction: No automatic skeletal mesh reduction module available
[2017.12.24-13.38.02:556][  0]LogMeshReduction: No automatic mesh merging module available
[2017.12.24-13.38.02:556][  0]LogMeshMerging: No automatic mesh merging module available
[2017.12.24-13.38.03:874][  0]LogNetVersion: Berserker , NetCL: 3573198, EngineNetVer: 2, GameNetVer: 0 (Checksum: 408643392)
[2017.12.24-13.38.04:715][  0]LogPackageLocalizationCache: Processed 5 localized package path(s) for 2 prioritized culture(s) in 0.286853 seconds
[2017.12.24-13.38.04:732][  0]LogUObjectArray: 35825 objects as part of root set at end of initial load.
[2017.12.24-13.38.04:732][  0]LogUObjectAllocator: 7529112 out of 0 bytes used by permanent object pool.
[2017.12.24-13.38.04:732][  0]LogUObjectArray: CloseDisregardForGC: 0/0 objects in disregard for GC pool
[2017.12.24-13.38.04:894][  0]LogInit: WinSock: version 1.1 (2.2), MaxSocks=32767, MaxUdp=65467
[2017.12.24-13.38.30:306][  0]LogTcpMessaging: Initializing TcpMessaging bridge
[2017.12.24-13.38.30:415][  0]LogUdpMessaging: Initializing bridge on interface 0.0.0.0:0 to multicast group 230.0.0.1:6666.
[2017.12.24-13.38.32:657][  0]LogMaterial: Uniform references updated for custom material expression Custom.
[2017.12.24-13.38.33:980][  0]SourceControl: 소스 콘트롤이 꺼졌습니다.
[2017.12.24-13.38.33:980][  0]SourceControl: 소스 콘트롤이 꺼졌습니다.
[2017.12.24-13.38.34:160][  0]SourceControl: 소스 콘트롤이 꺼졌습니다.
[2017.12.24-13.38.34:312][  0]SourceControl: 소스 콘트롤이 꺼졌습니다.
[2017.12.24-13.38.36:358][  0]LogAndroidPermission: UAndroidPermissionCallbackProxy::GetInstance
[2017.12.24-13.38.37:093][  0]LogOcInput: OculusInput pre-init called
[2017.12.24-13.38.37:959][  0]LogEngine: Initializing Engine...
[2017.12.24-13.38.37:965][  0]LogHMD: Failed to initialize OpenVR with code 110
[2017.12.24-13.38.38:761][  0]LogStats: UGameplayTagsManager::ConstructGameplayTagTree: Construct from data asset -  0.000 s
[2017.12.24-13.38.38:761][  0]LogStats: UGameplayTagsManager::ConstructGameplayTagTree: GameplayTagTreeChangedEvent.Broadcast -  0.000 s
[2017.12.24-13.38.39:163][  0]LogAIModule: Creating AISystem for world Untitled
[2017.12.24-13.38.39:200][  0]LogInit: XAudio2 using '스피커(Realtek High Definition Audio(SST))' : 2 channels at 48 kHz using 32 bits per sample (channel mask 0x3)
[2017.12.24-13.38.39:866][  0]LogInit: FAudioDevice initialized.
[2017.12.24-13.38.40:126][  0]LogDerivedDataCache: Saved boot cache 0.26s 93MB C:/Users/J.W OH/AppData/Local/UnrealEngine/4.17/DerivedDataCache/Boot.ddc.
[2017.12.24-13.38.40:161][  0]LogInit: Texture streaming: Enabled
[2017.12.24-13.38.40:443][  0]LogEngineSessionManager: EngineSessionManager initialized
[2017.12.24-13.38.41:273][  0]LogInit: Transaction tracking system initialized
[2017.12.24-13.38.42:267][  0]BlueprintLog: New page: 에디터 로드
[2017.12.24-13.38.45:079][  0]LocalizationService: 현지화 서비스가 비활성화되었습니다.
[2017.12.24-13.38.48:032][  0]LogConsoleResponse: Display: 
[2017.12.24-13.38.49:298][  0]LogCook: Display: Max memory allowance for cook 16384mb min free memory 0mb
[2017.12.24-13.38.49:298][  0]LogCook: Display: Mobile HDR setting 1
[2017.12.24-13.38.49:298][  0]LogGameplayTags: Display: UGameplayTagsManager::DoneAddingNativeTags. DelegateIsBound: 0
[2017.12.24-13.38.50:488][  0]LogFileCache: Scanning file cache for directory 'D:/NewGarden/GardenProject/NGA/Project/Berserker/Content/' took 0.09s
[2017.12.24-13.38.53:517][  0]SourceControl: 소스 콘트롤이 꺼졌습니다.
[2017.12.24-13.38.53:517][  0]Cmd: MAP LOAD FILE="../../../../../NewGarden/GardenProject/NGA/Project/Berserker/Content/GameLevel.umap" TEMPLATE=0 SHOWPROGRESS=1 FEATURELEVEL=3
[2017.12.24-13.38.53:518][  0]LightingResults: New page: 라이팅 빌드
[2017.12.24-13.38.53:648][  0]MapCheck: New page: 맵 체크
[2017.12.24-13.38.53:648][  0]LightingResults: New page: 라이팅 빌드
[2017.12.24-13.38.57:952][  0]LogClothingAssetFactory: Finished physical mesh import
[2017.12.24-13.38.57:953][  0]LogClothingAssetFactory: Finished physical mesh import
[2017.12.24-13.38.57:955][  0]LogActorComponent: ReregisterComponent: (/Game/GameLevel.GameLevel:PersistentLevel.flag_real6.SkeletalMeshComponent0) Not currently registered. Aborting.
[2017.12.24-13.38.57:955][  0]LogActorComponent: ReregisterComponent: (/Game/GameLevel.GameLevel:PersistentLevel.flag_real7.SkeletalMeshComponent0) Not currently registered. Aborting.
[2017.12.24-13.38.57:955][  0]LogActorComponent: ReregisterComponent: (/Game/GameLevel.GameLevel:PersistentLevel.flag_real6.SkeletalMeshComponent0) Not currently registered. Aborting.
[2017.12.24-13.38.57:955][  0]LogActorComponent: ReregisterComponent: (/Game/GameLevel.GameLevel:PersistentLevel.flag_real7.SkeletalMeshComponent0) Not currently registered. Aborting.
[2017.12.24-13.38.58:321][  0]LogAIModule: Creating AISystem for world GameLevel
[2017.12.24-13.38.58:366][  0]AnimBlueprint: Warning: 슬롯노드: PlayerCharacterAnim_BP_C 애니메이션 인스턴트 클래스의 'DefaultSlot' 는 이미 존재합니다. 이 클래스의 애니메이션 그래프에서 중복을 제거하세요.
[2017.12.24-13.38.58:391][  0]LogEditorServer: Finished looking for orphan Actors (0.000 secs)
[2017.12.24-13.38.58:627][  0]Cmd: MAP CHECKDEP NOCLEARLOG
[2017.12.24-13.38.58:785][  0]MapCheck: 맵 체크 완료: 오류 0 회, 경고 0 회, 소요 시간 158.276ms.
[2017.12.24-13.38.58:785][  0]LogFileHelpers: Loading map 'GameLevel' took 5.268
[2017.12.24-13.38.59:062][  0]LogCollectionManager: Loaded 0 collections in 0.002037 seconds
[2017.12.24-13.38.59:170][  0]LogFileCache: Scanning file cache for directory 'D:/NewGarden/GardenProject/NGA/Project/Berserker/Saved/Collections/' took 0.01s
[2017.12.24-13.38.59:170][  0]LogFileCache: Scanning file cache for directory 'D:/NewGarden/GardenProject/NGA/Project/Berserker/Content/Developers/JWOH/Collections/' took 0.01s
[2017.12.24-13.38.59:170][  0]LogFileCache: Scanning file cache for directory 'D:/NewGarden/GardenProject/NGA/Project/Berserker/Content/Collections/' took 0.01s
[2017.12.24-13.38.59:170][  0]LogCollectionManager: Rebuilt the GUID cache for 0 collections in 0.000001 seconds
[2017.12.24-13.38.59:197][  0]LogContentBrowser: Native class hierarchy populated in 0.0267 seconds. Added 2386 classes and 500 folders.
[2017.12.24-13.38.59:267][  0]LogContentBrowser: Native class hierarchy updated for 'WidgetCarousel' in 0.0012 seconds. Added 0 classes and 0 folders.
[2017.12.24-13.39.00:363][  0]LogContentBrowser: Native class hierarchy updated for 'AddContentDialog' in 0.0008 seconds. Added 0 classes and 0 folders.
[2017.12.24-13.39.00:527][  0]LogContentBrowser: Native class hierarchy updated for 'SceneOutliner' in 0.0010 seconds. Added 1 classes and 2 folders.
[2017.12.24-13.39.00:843][  0]LogSlate: Took 0.025938 seconds to synchronously load lazily loaded font '../../../Engine/Content/Slate/Fonts/Roboto-Regular.ttf' (155K)
[2017.12.24-13.39.00:926][  0]LogSlate: Took 0.082409 seconds to synchronously load lazily loaded font '../../../Engine/Content/Slate/Fonts/NanumGothic.ttf' (4243K)
[2017.12.24-13.39.00:941][  0]LogSlate: Took 0.014347 seconds to synchronously load lazily loaded font '../../../Engine/Content/Slate/Fonts/Roboto-Bold.ttf' (160K)
[2017.12.24-13.39.00:976][  0]LogSlate: Took 0.027876 seconds to synchronously load lazily loaded font '../../../Engine/Content/Editor/Slate/Fonts/FontAwesome.ttf' (139K)
[2017.12.24-13.39.01:247][  0]LogRenderer: Reallocating scene render targets to support 1208x576 Format 10 NumSamples 1 (Frame:1).
[2017.12.24-13.39.01:366][  0]LogSlate: Took 0.005796 seconds to synchronously load lazily loaded font '../../../Engine/Content/Slate/Fonts/Roboto-Light.ttf' (159K)
[2017.12.24-13.39.02:219][  0]LogContentBrowser: Native class hierarchy updated for 'HierarchicalLODOutliner' in 0.0014 seconds. Added 1 classes and 2 folders.
[2017.12.24-13.39.02:219][  0]LogLoad: (Engine Initialization) Total time: 99.24 seconds
[2017.12.24-13.39.02:219][  0]LogLoad: (Engine Initialization) Total Blueprint compile time: 0.00 seconds
[2017.12.24-13.39.02:219][  0]LogExternalProfiler: Found external profiler: VSPerf
[2017.12.24-13.39.02:219][  0]LogExternalProfiler: Using external profiler: VSPerf
[2017.12.24-13.39.02:592][  0]LogContentStreaming: Texture pool size now 1000 MB
[2017.12.24-13.39.03:007][  3]LogAssetRegistry: Asset discovery search completed in 62.6868 seconds
[2017.12.24-13.39.03:012][  3]LogCollectionManager: Rebuilt the object cache for 0 collections in 0.000001 seconds (found 0 objects)
[2017.12.24-13.39.03:012][  3]LogCollectionManager: Fixed up redirectors for 0 collections in 0.000070 seconds (updated 0 objects)
[2017.12.24-13.39.10:002][262]LogBlueprintUserMessages: Early PlayInEditor Detection: Level '/Game/GameLevel.GameLevel:PersistentLevel' has LevelScriptBlueprint '/Game/GameLevel.GameLevel:PersistentLevel.GameLevel' with GeneratedClass '/Game/GameLevel.GameLevel_C' with ClassGeneratedBy '/Game/GameLevel.GameLevel:PersistentLevel.GameLevel'
[2017.12.24-13.39.10:002][262]LogPlayLevel: PlayLevel: No blueprints needed recompiling
[2017.12.24-13.39.10:003][262]PIE: New page: SIE 세션: GameLevel (2017. 12. 25. 오전 7:39:10)
[2017.12.24-13.39.10:003][262]LogPlayLevel: Creating play world package: /Game/UEDPIE_0_GameLevel
[2017.12.24-13.39.10:053][262]LogPlayLevel: PIE: StaticDuplicateObject took: (0.050024s)
[2017.12.24-13.39.10:054][262]LogAIModule: Creating AISystem for world GameLevel
[2017.12.24-13.39.10:054][262]LogPlayLevel: PIE: World Init took: (0.001072s)
[2017.12.24-13.39.10:054][262]LogPlayLevel: PIE: Created PIE world by copying editor world from /Game/GameLevel.GameLevel to /Game/UEDPIE_0_GameLevel.GameLevel (0.051701s)
[2017.12.24-13.39.10:073][262]LogInit: XAudio2 using '스피커(Realtek High Definition Audio(SST))' : 2 channels at 48 kHz using 32 bits per sample (channel mask 0x3)
[2017.12.24-13.39.10:096][262]LogInit: FAudioDevice initialized.
[2017.12.24-13.39.10:156][262]LogLoad: Game class is 'BerserkerGameMode_C'
[2017.12.24-13.39.10:184][262]AnimBlueprint: Warning: 슬롯노드: PlayerCharacterAnim_BP_C 애니메이션 인스턴트 클래스의 'DefaultSlot' 는 이미 존재합니다. 이 클래스의 애니메이션 그래프에서 중복을 제거하세요.
[2017.12.24-13.39.10:187][262]LogWorld: Bringing World /Game/UEDPIE_0_GameLevel.GameLevel up for play (max tick rate 60) at 2017.12.24-22.39.10
[2017.12.24-13.39.10:190][262]LogWorld: Bringing up level for play took: 0.032678
[2017.12.24-13.39.10:230][262]LogContentBrowser: Native class hierarchy updated for 'MovieSceneCapture' in 0.0008 seconds. Added 11 classes and 0 folders.
[2017.12.24-13.39.10:236][262]PIE: /Game/UEDPIE_0_GameLevel 에 대한 에디터에서 플레이 시작 시간: -0.311
[2017.12.24-13.39.10:265][262]LogBlueprintUserMessages: Late PlayInEditor Detection: Level '/Game/GameLevel.GameLevel:PersistentLevel' has LevelScriptBlueprint '/Game/GameLevel.GameLevel:PersistentLevel.GameLevel' with GeneratedClass '/Game/GameLevel.GameLevel_C' with ClassGeneratedBy '/Game/GameLevel.GameLevel:PersistentLevel.GameLevel'
[2017.12.24-13.39.10:266][262]LogBlueprintUserMessages: [NODE_AddChildActorComponent-3_PunchEnemy_C_CAT_0] 1410.0
[2017.12.24-13.39.10:487][263]LogBlueprintUserMessages: [NODE_AddChildActorComponent-3_PunchEnemy_C_CAT_0] 1410.0
[2017.12.24-13.39.10:566][264]LogBlueprintUserMessages: [NODE_AddChildActorComponent-3_PunchEnemy_C_CAT_0] 1410.0
[2017.12.24-13.39.10:673][265]LogBlueprintUserMessages: [NODE_AddChildActorComponent-3_PunchEnemy_C_CAT_0] 1410.0
[2017.12.24-13.39.10:761][266]LogBlueprintUserMessages: [NODE_AddChildActorComponent-3_PunchEnemy_C_CAT_0] 1410.0
[2017.12.24-13.39.10:884][267]LogBlueprintUserMessages: [NODE_AddChildActorComponent-3_PunchEnemy_C_CAT_0] 1410.0
[2017.12.24-13.39.10:933][268]LogBlueprintUserMessages: [NODE_AddChildActorComponent-3_PunchEnemy_C_CAT_0] 1410.0
[2017.12.24-13.39.11:122][269]LogBlueprintUserMessages: [NODE_AddChildActorComponent-3_PunchEnemy_C_CAT_0] 1410.0
[2017.12.24-13.39.11:157][270]LogBlueprintUserMessages: [NODE_AddChildActorComponent-3_PunchEnemy_C_CAT_0] 1410.0
[2017.12.24-13.39.11:176][271]LogBlueprintUserMessages: [NODE_AddChildActorComponent-3_PunchEnemy_C_CAT_0] 1410.0
[2017.12.24-13.39.11:366][272]LogBlueprintUserMessages: [NODE_AddChildActorComponent-3_PunchEnemy_C_CAT_0] 1410.0
[2017.12.24-13.39.11:431][273]LogBlueprintUserMessages: [NODE_AddChildActorComponent-3_PunchEnemy_C_CAT_0] 1410.0
[2017.12.24-13.39.11:505][274]LogBlueprintUserMessages: [NODE_AddChildActorComponent-3_PunchEnemy_C_CAT_0] 1410.0
[2017.12.24-13.39.11:569][275]LogBlueprintUserMessages: [NODE_AddChildActorComponent-3_PunchEnemy_C_CAT_0] 1410.0
[2017.12.24-13.39.11:633][276]LogBlueprintUserMessages: [NODE_AddChildActorComponent-3_PunchEnemy_C_CAT_0] 1410.0
[2017.12.24-13.39.11:741][277]LogBlueprintUserMessages: [NODE_AddChildActorComponent-3_PunchEnemy_C_CAT_0] 1410.0
[2017.12.24-13.39.11:784][278]LogBlueprintUserMessages: [NODE_AddChildActorComponent-3_PunchEnemy_C_CAT_0] 1410.0
[2017.12.24-13.39.11:860][279]LogBlueprintUserMessages: [NODE_AddChildActorComponent-3_PunchEnemy_C_CAT_0] 1410.0
[2017.12.24-13.39.11:937][280]LogBlueprintUserMessages: [NODE_AddChildActorComponent-3_PunchEnemy_C_CAT_0] 1410.0
[2017.12.24-13.39.11:980][281]LogBlueprintUserMessages: [NODE_AddChildActorComponent-3_PunchEnemy_C_CAT_0] 1410.0
[2017.12.24-13.39.12:147][282]LogBlueprintUserMessages: [NODE_AddChildActorComponent-3_PunchEnemy_C_CAT_0] 1410.0
[2017.12.24-13.39.12:197][283]LogBlueprintUserMessages: [NODE_AddChildActorComponent-3_PunchEnemy_C_CAT_0] 1410.0
[2017.12.24-13.39.12:490][284]LogBlueprintUserMessages: [NODE_AddChildActorComponent-3_PunchEnemy_C_CAT_0] 1410.0
[2017.12.24-13.39.12:564][285]LogBlueprintUserMessages: [NODE_AddChildActorComponent-3_PunchEnemy_C_CAT_0] 1410.0
[2017.12.24-13.39.12:672][286]LogBlueprintUserMessages: [NODE_AddChildActorComponent-3_PunchEnemy_C_CAT_0] 1410.0
[2017.12.24-13.39.12:764][287]LogBlueprintUserMessages: [NODE_AddChildActorComponent-3_PunchEnemy_C_CAT_0] 1410.0
[2017.12.24-13.39.12:793][288]LogBlueprintUserMessages: [NODE_AddChildActorComponent-3_PunchEnemy_C_CAT_0] 1410.0
[2017.12.24-13.39.12:851][289]LogBlueprintUserMessages: [NODE_AddChildActorComponent-3_PunchEnemy_C_CAT_0] 1410.0
[2017.12.24-13.39.13:023][291]LogBlueprintUserMessages: [NODE_AddChildActorComponent-3_PunchEnemy_C_CAT_0] 1410.0
[2017.12.24-13.39.13:026][291]LogBlueprintUserMessages: Early EndPlayMap Detection: Level '/Game/GameLevel.GameLevel:PersistentLevel' has LevelScriptBlueprint '/Game/GameLevel.GameLevel:PersistentLevel.GameLevel' with GeneratedClass '/Game/GameLevel.GameLevel_C' with ClassGeneratedBy '/Game/GameLevel.GameLevel:PersistentLevel.GameLevel'
[2017.12.24-13.39.13:060][291]LogBlueprintUserMessages: Late EndPlayMap Detection: Level '/Game/GameLevel.GameLevel:PersistentLevel' has LevelScriptBlueprint '/Game/GameLevel.GameLevel:PersistentLevel.GameLevel' with GeneratedClass '/Game/GameLevel.GameLevel_C' with ClassGeneratedBy '/Game/GameLevel.GameLevel:PersistentLevel.GameLevel'
[2017.12.24-13.39.15:124][322]LogTemp: Repeating last play command: 시뮬레이트
[2017.12.24-13.39.15:211][322]LogBlueprintUserMessages: Early PlayInEditor Detection: Level '/Game/GameLevel.GameLevel:PersistentLevel' has LevelScriptBlueprint '/Game/GameLevel.GameLevel:PersistentLevel.GameLevel' with GeneratedClass '/Game/GameLevel.GameLevel_C' with ClassGeneratedBy '/Game/GameLevel.GameLevel:PersistentLevel.GameLevel'
[2017.12.24-13.39.15:211][322]LogPlayLevel: PlayLevel: No blueprints needed recompiling
[2017.12.24-13.39.15:211][322]PIE: New page: SIE 세션: GameLevel (2017. 12. 25. 오전 7:39:15)
[2017.12.24-13.39.15:211][322]LogPlayLevel: Creating play world package: /Game/UEDPIE_0_GameLevel
[2017.12.24-13.39.15:253][322]LogPlayLevel: PIE: StaticDuplicateObject took: (0.041115s)
[2017.12.24-13.39.15:253][322]LogAIModule: Creating AISystem for world GameLevel
[2017.12.24-13.39.15:253][322]LogPlayLevel: PIE: World Init took: (0.000998s)
[2017.12.24-13.39.15:254][322]LogPlayLevel: PIE: Created PIE world by copying editor world from /Game/GameLevel.GameLevel to /Game/UEDPIE_0_GameLevel.GameLevel (0.042782s)
[2017.12.24-13.39.15:268][322]LogInit: XAudio2 using '스피커(Realtek High Definition Audio(SST))' : 2 channels at 48 kHz using 32 bits per sample (channel mask 0x3)
[2017.12.24-13.39.15:284][322]LogInit: FAudioDevice initialized.
[2017.12.24-13.39.15:318][322]LogLoad: Game class is 'BerserkerGameMode_C'
[2017.12.24-13.39.15:347][322]AnimBlueprint: Warning: 슬롯노드: PlayerCharacterAnim_BP_C 애니메이션 인스턴트 클래스의 'DefaultSlot' 는 이미 존재합니다. 이 클래스의 애니메이션 그래프에서 중복을 제거하세요.
[2017.12.24-13.39.15:349][322]LogWorld: Bringing World /Game/UEDPIE_0_GameLevel.GameLevel up for play (max tick rate 60) at 2017.12.24-22.39.15
[2017.12.24-13.39.15:352][322]LogWorld: Bringing up level for play took: 0.032734
[2017.12.24-13.39.15:357][322]PIE: /Game/UEDPIE_0_GameLevel 에 대한 에디터에서 플레이 시작 시간: 0.81
[2017.12.24-13.39.15:360][322]LogBlueprintUserMessages: Late PlayInEditor Detection: Level '/Game/GameLevel.GameLevel:PersistentLevel' has LevelScriptBlueprint '/Game/GameLevel.GameLevel:PersistentLevel.GameLevel' with GeneratedClass '/Game/GameLevel.GameLevel_C' with ClassGeneratedBy '/Game/GameLevel.GameLevel:PersistentLevel.GameLevel'
[2017.12.24-13.39.15:360][322]LogBlueprintUserMessages: [NODE_AddChildActorComponent-3_PunchEnemy_C_CAT_0] 1410.0
[2017.12.24-13.39.16:259][323]LogBlueprintUserMessages: [NODE_AddChildActorComponent-3_PunchEnemy_C_CAT_0] 1410.0
[2017.12.24-13.39.16:300][324]LogBlueprintUserMessages: [NODE_AddChildActorComponent-3_PunchEnemy_C_CAT_0] 1410.0
[2017.12.24-13.39.16:353][325]LogBlueprintUserMessages: [NODE_AddChildActorComponent-3_PunchEnemy_C_CAT_0] 1410.0
[2017.12.24-13.39.16:398][326]LogBlueprintUserMessages: [NODE_AddChildActorComponent-3_PunchEnemy_C_CAT_0] 1410.0
[2017.12.24-13.39.16:492][327]LogBlueprintUserMessages: [NODE_AddChildActorComponent-3_PunchEnemy_C_CAT_0] 1410.0
[2017.12.24-13.39.16:530][328]LogBlueprintUserMessages: [NODE_AddChildActorComponent-3_PunchEnemy_C_CAT_0] 1410.0
[2017.12.24-13.39.16:576][329]LogBlueprintUserMessages: [NODE_AddChildActorComponent-3_PunchEnemy_C_CAT_0] 1410.0
[2017.12.24-13.39.16:615][330]LogBlueprintUserMessages: [NODE_AddChildActorComponent-3_PunchEnemy_C_CAT_0] 1410.0
[2017.12.24-13.39.16:659][331]LogBlueprintUserMessages: [NODE_AddChildActorComponent-3_PunchEnemy_C_CAT_0] 1410.0
[2017.12.24-13.39.16:700][332]LogBlueprintUserMessages: [NODE_AddChildActorComponent-3_PunchEnemy_C_CAT_0] 1410.0
[2017.12.24-13.39.16:731][333]LogBlueprintUserMessages: [NODE_AddChildActorComponent-3_PunchEnemy_C_CAT_0] 1410.0
[2017.12.24-13.39.16:766][334]LogBlueprintUserMessages: [NODE_AddChildActorComponent-3_PunchEnemy_C_CAT_0] 1410.0
[2017.12.24-13.39.16:801][335]LogBlueprintUserMessages: [NODE_AddChildActorComponent-3_PunchEnemy_C_CAT_0] 1410.0
[2017.12.24-13.39.16:839][336]LogBlueprintUserMessages: [NODE_AddChildActorComponent-3_PunchEnemy_C_CAT_0] 1410.0
[2017.12.24-13.39.16:893][337]LogBlueprintUserMessages: [NODE_AddChildActorComponent-3_PunchEnemy_C_CAT_0] 1410.0
[2017.12.24-13.39.16:957][338]LogBlueprintUserMessages: [NODE_AddChildActorComponent-3_PunchEnemy_C_CAT_0] 1410.0
[2017.12.24-13.39.16:997][339]LogBlueprintUserMessages: [NODE_AddChildActorComponent-3_PunchEnemy_C_CAT_0] 1410.0
[2017.12.24-13.39.17:100][340]LogBlueprintUserMessages: [NODE_AddChildActorComponent-3_PunchEnemy_C_CAT_0] 1410.0
[2017.12.24-13.39.17:170][341]LogBlueprintUserMessages: [NODE_AddChildActorComponent-3_PunchEnemy_C_CAT_0] 1410.0
[2017.12.24-13.39.17:278][342]LogBlueprintUserMessages: [NODE_AddChildActorComponent-3_PunchEnemy_C_CAT_0] 1410.0
[2017.12.24-13.39.17:348][343]LogBlueprintUserMessages: [NODE_AddChildActorComponent-3_PunchEnemy_C_CAT_0] 1410.0
[2017.12.24-13.39.17:362][344]LogBlueprintUserMessages: [NODE_AddChildActorComponent-3_PunchEnemy_C_CAT_0] 1410.0
[2017.12.24-13.39.17:449][345]LogBlueprintUserMessages: [NODE_AddChildActorComponent-3_PunchEnemy_C_CAT_0] 1410.0
[2017.12.24-13.39.17:476][346]LogBlueprintUserMessages: [NODE_AddChildActorComponent-3_PunchEnemy_C_CAT_0] 1410.0
[2017.12.24-13.39.17:519][347]LogBlueprintUserMessages: [NODE_AddChildActorComponent-3_PunchEnemy_C_CAT_0] 1410.0
[2017.12.24-13.39.17:559][348]LogBlueprintUserMessages: [NODE_AddChildActorComponent-3_PunchEnemy_C_CAT_0] 1410.0
[2017.12.24-13.39.17:586][349]LogBlueprintUserMessages: [NODE_AddChildActorComponent-3_PunchEnemy_C_CAT_0] 1410.0
[2017.12.24-13.39.17:656][350]LogBlueprintUserMessages: [NODE_AddChildActorComponent-3_PunchEnemy_C_CAT_0] 1410.0
[2017.12.24-13.39.17:674][351]LogBlueprintUserMessages: [NODE_AddChildActorComponent-3_PunchEnemy_C_CAT_0] 1410.0
[2017.12.24-13.39.17:710][352]LogBlueprintUserMessages: [NODE_AddChildActorComponent-3_PunchEnemy_C_CAT_0] 1410.0
[2017.12.24-13.39.17:764][353]LogBlueprintUserMessages: [NODE_AddChildActorComponent-3_PunchEnemy_C_CAT_0] 1410.0
[2017.12.24-13.39.17:812][354]LogBlueprintUserMessages: [NODE_AddChildActorComponent-3_PunchEnemy_C_CAT_0] 1410.0
[2017.12.24-13.39.17:842][355]LogBlueprintUserMessages: [NODE_AddChildActorComponent-3_PunchEnemy_C_CAT_0] 1410.0
[2017.12.24-13.39.17:858][356]LogBlueprintUserMessages: [NODE_AddChildActorComponent-3_PunchEnemy_C_CAT_0] 1410.0
[2017.12.24-13.39.17:874][357]LogBlueprintUserMessages: [NODE_AddChildActorComponent-3_PunchEnemy_C_CAT_0] 1410.0
[2017.12.24-13.39.17:891][358]LogBlueprintUserMessages: [NODE_AddChildActorComponent-3_PunchEnemy_C_CAT_0] 1410.0
[2017.12.24-13.39.17:911][359]LogBlueprintUserMessages: [NODE_AddChildActorComponent-3_PunchEnemy_C_CAT_0] 1410.0
[2017.12.24-13.39.17:937][360]LogBlueprintUserMessages: [NODE_AddChildActorComponent-3_PunchEnemy_C_CAT_0] 1410.0
[2017.12.24-13.39.17:953][361]LogBlueprintUserMessages: [NODE_AddChildActorComponent-3_PunchEnemy_C_CAT_0] 1410.0
[2017.12.24-13.39.17:977][362]LogBlueprintUserMessages: [NODE_AddChildActorComponent-3_PunchEnemy_C_CAT_0] 1410.0
[2017.12.24-13.39.18:003][363]LogBlueprintUserMessages: [NODE_AddChildActorComponent-3_PunchEnemy_C_CAT_0] 1410.0
[2017.12.24-13.39.18:023][364]LogBlueprintUserMessages: [NODE_AddChildActorComponent-3_PunchEnemy_C_CAT_0] 1410.0
[2017.12.24-13.39.18:053][365]LogBlueprintUserMessages: [NODE_AddChildActorComponent-3_PunchEnemy_C_CAT_0] 1410.0
[2017.12.24-13.39.18:085][366]LogBlueprintUserMessages: [NODE_AddChildActorComponent-3_PunchEnemy_C_CAT_0] 1410.0
[2017.12.24-13.39.18:113][367]LogBlueprintUserMessages: [NODE_AddChildActorComponent-3_PunchEnemy_C_CAT_0] 1410.0
[2017.12.24-13.39.18:135][368]LogBlueprintUserMessages: [NODE_AddChildActorComponent-3_PunchEnemy_C_CAT_0] 1410.0
[2017.12.24-13.39.18:155][369]LogBlueprintUserMessages: [NODE_AddChildActorComponent-3_PunchEnemy_C_CAT_0] 1410.0
[2017.12.24-13.39.18:177][370]LogBlueprintUserMessages: [NODE_AddChildActorComponent-3_PunchEnemy_C_CAT_0] 1410.0
[2017.12.24-13.39.18:206][371]LogBlueprintUserMessages: [NODE_AddChildActorComponent-3_PunchEnemy_C_CAT_0] 1410.0
[2017.12.24-13.39.18:234][372]LogBlueprintUserMessages: [NODE_AddChildActorComponent-3_PunchEnemy_C_CAT_0] 1410.0
[2017.12.24-13.39.18:258][373]LogBlueprintUserMessages: [NODE_AddChildActorComponent-3_PunchEnemy_C_CAT_0] 1410.0
[2017.12.24-13.39.18:283][374]LogBlueprintUserMessages: [NODE_AddChildActorComponent-3_PunchEnemy_C_CAT_0] 1410.0
[2017.12.24-13.39.18:301][375]LogBlueprintUserMessages: [NODE_AddChildActorComponent-3_PunchEnemy_C_CAT_0] 1410.0
[2017.12.24-13.39.18:330][376]LogBlueprintUserMessages: [NODE_AddChildActorComponent-3_PunchEnemy_C_CAT_0] 1410.0
[2017.12.24-13.39.18:354][377]LogBlueprintUserMessages: [NODE_AddChildActorComponent-3_PunchEnemy_C_CAT_0] 1410.0
[2017.12.24-13.39.18:371][378]LogBlueprintUserMessages: [NODE_AddChildActorComponent-3_PunchEnemy_C_CAT_0] 1410.0
[2017.12.24-13.39.18:389][379]LogBlueprintUserMessages: [NODE_AddChildActorComponent-3_PunchEnemy_C_CAT_0] 1410.0
[2017.12.24-13.39.18:406][380]LogBlueprintUserMessages: [NODE_AddChildActorComponent-3_PunchEnemy_C_CAT_0] 1410.0
[2017.12.24-13.39.18:426][381]LogBlueprintUserMessages: [NODE_AddChildActorComponent-3_PunchEnemy_C_CAT_0] 1410.0
[2017.12.24-13.39.18:454][382]LogBlueprintUserMessages: [NODE_AddChildActorComponent-3_PunchEnemy_C_CAT_0] 1410.0
[2017.12.24-13.39.18:481][383]LogBlueprintUserMessages: [NODE_AddChildActorComponent-3_PunchEnemy_C_CAT_0] 1410.0
[2017.12.24-13.39.18:498][384]LogBlueprintUserMessages: [NODE_AddChildActorComponent-3_PunchEnemy_C_CAT_0] 1410.0
[2017.12.24-13.39.18:516][385]LogBlueprintUserMessages: [NODE_AddChildActorComponent-3_PunchEnemy_C_CAT_0] 1410.0
[2017.12.24-13.39.18:532][386]LogBlueprintUserMessages: [NODE_AddChildActorComponent-3_PunchEnemy_C_CAT_0] 1410.0
[2017.12.24-13.39.18:550][387]LogBlueprintUserMessages: [NODE_AddChildActorComponent-3_PunchEnemy_C_CAT_0] 1410.0
[2017.12.24-13.39.18:565][388]LogBlueprintUserMessages: [NODE_AddChildActorComponent-3_PunchEnemy_C_CAT_0] 1410.0
[2017.12.24-13.39.18:585][389]LogBlueprintUserMessages: [NODE_AddChildActorComponent-3_PunchEnemy_C_CAT_0] 1410.0
[2017.12.24-13.39.18:655][390]LogBlueprintUserMessages: [NODE_AddChildActorComponent-3_PunchEnemy_C_CAT_0] 1410.0
[2017.12.24-13.39.18:698][391]LogBlueprintUserMessages: [NODE_AddChildActorComponent-3_PunchEnemy_C_CAT_0] 1410.0
[2017.12.24-13.39.18:734][392]LogBlueprintUserMessages: [NODE_AddChildActorComponent-3_PunchEnemy_C_CAT_0] 1410.0
[2017.12.24-13.39.18:752][393]LogBlueprintUserMessages: [NODE_AddChildActorComponent-3_PunchEnemy_C_CAT_0] 1410.0
[2017.12.24-13.39.18:768][394]LogBlueprintUserMessages: [NODE_AddChildActorComponent-3_PunchEnemy_C_CAT_0] 1410.0
[2017.12.24-13.39.18:790][395]LogBlueprintUserMessages: [NODE_AddChildActorComponent-3_PunchEnemy_C_CAT_0] 1410.0
[2017.12.24-13.39.18:808][396]LogBlueprintUserMessages: [NODE_AddChildActorComponent-3_PunchEnemy_C_CAT_0] 1410.0
[2017.12.24-13.39.18:830][397]LogBlueprintUserMessages: [NODE_AddChildActorComponent-3_PunchEnemy_C_CAT_0] 1410.0
[2017.12.24-13.39.18:871][398]LogBlueprintUserMessages: [NODE_AddChildActorComponent-3_PunchEnemy_C_CAT_0] 1410.0
[2017.12.24-13.39.18:886][399]LogBlueprintUserMessages: [NODE_AddChildActorComponent-3_PunchEnemy_C_CAT_0] 1410.0
[2017.12.24-13.39.18:903][400]LogBlueprintUserMessages: [NODE_AddChildActorComponent-3_PunchEnemy_C_CAT_0] 1410.0
[2017.12.24-13.39.18:921][401]LogBlueprintUserMessages: [NODE_AddChildActorComponent-3_PunchEnemy_C_CAT_0] 1410.0
[2017.12.24-13.39.18:939][402]LogBlueprintUserMessages: [NODE_AddChildActorComponent-3_PunchEnemy_C_CAT_0] 1410.0
[2017.12.24-13.39.18:960][403]LogBlueprintUserMessages: [NODE_AddChildActorComponent-3_PunchEnemy_C_CAT_0] 1410.0
[2017.12.24-13.39.18:982][404]LogBlueprintUserMessages: [NODE_AddChildActorComponent-3_PunchEnemy_C_CAT_0] 1410.0
[2017.12.24-13.39.19:003][405]LogBlueprintUserMessages: [NODE_AddChildActorComponent-3_PunchEnemy_C_CAT_0] 1410.0
[2017.12.24-13.39.19:024][406]LogBlueprintUserMessages: [NODE_AddChildActorComponent-3_PunchEnemy_C_CAT_0] 1410.0
[2017.12.24-13.39.19:154][413]LogBlueprintUserMessages: [NODE_AddChildActorComponent-3_PunchEnemy_C_CAT_0] 1410.0
[2017.12.24-13.39.19:157][413]LogBlueprintUserMessages: Early EndPlayMap Detection: Level '/Game/GameLevel.GameLevel:PersistentLevel' has LevelScriptBlueprint '/Game/GameLevel.GameLevel:PersistentLevel.GameLevel' with GeneratedClass '/Game/GameLevel.GameLevel_C' with ClassGeneratedBy '/Game/GameLevel.GameLevel:PersistentLevel.GameLevel'
[2017.12.24-13.39.19:196][413]LogBlueprintUserMessages: Late EndPlayMap Detection: Level '/Game/GameLevel.GameLevel:PersistentLevel' has LevelScriptBlueprint '/Game/GameLevel.GameLevel:PersistentLevel.GameLevel' with GeneratedClass '/Game/GameLevel.GameLevel_C' with ClassGeneratedBy '/Game/GameLevel.GameLevel:PersistentLevel.GameLevel'
[2017.12.24-13.39.31:528][949]LogSlate: Took 0.000568 seconds to synchronously load lazily loaded font '../../../Engine/Content/Slate/Fonts/Roboto-Light.ttf' (159K)
[2017.12.24-13.39.31:955][949]LogClass: Warning: Enum '/Game/AdvancedMagicFX05/DemoRoomData/Blueprints/BP_DemoDisplay_Enum.BP_DemoDisplay_Enum' was upgraded to use FText to store its display name data. Please re-save this asset to avoid issues with localization and determinstic cooking.
[2017.12.24-13.39.31:962][949]LogEnum: Warning: Enum name collision: 'BP_DemoDisplay_Enum::ROund' is in both '/Game/AdvancedMagicFX09/DemoRoomData/Blueprints/BP_DemoDisplay_Enum.BP_DemoDisplay_Enum' and '/Game/AdvancedMagicFX05/DemoRoomData/Blueprints/BP_DemoDisplay_Enum.BP_DemoDisplay_Enum'
[2017.12.24-13.39.31:962][949]LogEnum: Warning: Enum name collision: 'BP_DemoDisplay_Enum::SquareL' is in both '/Game/AdvancedMagicFX09/DemoRoomData/Blueprints/BP_DemoDisplay_Enum.BP_DemoDisplay_Enum' and '/Game/AdvancedMagicFX05/DemoRoomData/Blueprints/BP_DemoDisplay_Enum.BP_DemoDisplay_Enum'
[2017.12.24-13.39.31:962][949]LogEnum: Warning: Enum name collision: 'BP_DemoDisplay_Enum::RoomL' is in both '/Game/AdvancedMagicFX09/DemoRoomData/Blueprints/BP_DemoDisplay_Enum.BP_DemoDisplay_Enum' and '/Game/AdvancedMagicFX05/DemoRoomData/Blueprints/BP_DemoDisplay_Enum.BP_DemoDisplay_Enum'
[2017.12.24-13.39.31:962][949]LogEnum: Warning: Enum name collision: 'BP_DemoDisplay_Enum::DescriptionOnly' is in both '/Game/AdvancedMagicFX09/DemoRoomData/Blueprints/BP_DemoDisplay_Enum.BP_DemoDisplay_Enum' and '/Game/AdvancedMagicFX05/DemoRoomData/Blueprints/BP_DemoDisplay_Enum.BP_DemoDisplay_Enum'
[2017.12.24-13.39.31:962][949]LogEnum: Warning: Enum name collision: 'BP_DemoDisplay_Enum::NewEnumerator0' is in both '/Game/AdvancedMagicFX09/DemoRoomData/Blueprints/BP_DemoDisplay_Enum.BP_DemoDisplay_Enum' and '/Game/AdvancedMagicFX05/DemoRoomData/Blueprints/BP_DemoDisplay_Enum.BP_DemoDisplay_Enum'
[2017.12.24-13.39.31:962][949]LogEnum: Warning: Enum name collision: 'BP_DemoDisplay_Enum::BP_DemoDisplay_MAX' is in both '/Game/AdvancedMagicFX09/DemoRoomData/Blueprints/BP_DemoDisplay_Enum.BP_DemoDisplay_Enum' and '/Game/AdvancedMagicFX05/DemoRoomData/Blueprints/BP_DemoDisplay_Enum.BP_DemoDisplay_Enum'
[2017.12.24-13.39.31:962][949]LogEnum: Warning: Enum name collision: 'BP_DemoDisplay_Enum::ROund' is in both '/Game/AdvancedMagicFX09/DemoRoomData/Blueprints/BP_DemoDisplay_Enum.BP_DemoDisplay_Enum' and '/Game/AdvancedMagicFX05/DemoRoomData/Blueprints/BP_DemoDisplay_Enum.BP_DemoDisplay_Enum'
[2017.12.24-13.39.31:962][949]LogEnum: Warning: Enum name collision: 'BP_DemoDisplay_Enum::SquareL' is in both '/Game/AdvancedMagicFX09/DemoRoomData/Blueprints/BP_DemoDisplay_Enum.BP_DemoDisplay_Enum' and '/Game/AdvancedMagicFX05/DemoRoomData/Blueprints/BP_DemoDisplay_Enum.BP_DemoDisplay_Enum'
[2017.12.24-13.39.31:962][949]LogEnum: Warning: Enum name collision: 'BP_DemoDisplay_Enum::RoomL' is in both '/Game/AdvancedMagicFX09/DemoRoomData/Blueprints/BP_DemoDisplay_Enum.BP_DemoDisplay_Enum' and '/Game/AdvancedMagicFX05/DemoRoomData/Blueprints/BP_DemoDisplay_Enum.BP_DemoDisplay_Enum'
[2017.12.24-13.39.31:962][949]LogEnum: Warning: Enum name collision: 'BP_DemoDisplay_Enum::DescriptionOnly' is in both '/Game/AdvancedMagicFX09/DemoRoomData/Blueprints/BP_DemoDisplay_Enum.BP_DemoDisplay_Enum' and '/Game/AdvancedMagicFX05/DemoRoomData/Blueprints/BP_DemoDisplay_Enum.BP_DemoDisplay_Enum'
[2017.12.24-13.39.31:962][949]LogEnum: Warning: Enum name collision: 'BP_DemoDisplay_Enum::NewEnumerator0' is in both '/Game/AdvancedMagicFX09/DemoRoomData/Blueprints/BP_DemoDisplay_Enum.BP_DemoDisplay_Enum' and '/Game/AdvancedMagicFX05/DemoRoomData/Blueprints/BP_DemoDisplay_Enum.BP_DemoDisplay_Enum'
[2017.12.24-13.39.31:962][949]LogClass: Warning: Enum '/Game/AdvancedMagicFX09/DemoRoomData/Blueprints/BP_DemoDisplay_Enum.BP_DemoDisplay_Enum' was upgraded to use FText to store its display name data. Please re-save this asset to avoid issues with localization and determinstic cooking.
[2017.12.24-13.39.31:965][949]LogEnum: Warning: Enum name collision: 'BP_DemoRoom_Enum::Standard' is in both '/Game/AdvancedMagicFX09/DemoRoomData/Blueprints/BP_DemoRoom_Enum.BP_DemoRoom_Enum' and '/Game/AdvancedMagicFX05/DemoRoomData/Blueprints/BP_DemoRoom_Enum.BP_DemoRoom_Enum'
[2017.12.24-13.39.31:965][949]LogEnum: Warning: Enum name collision: 'BP_DemoRoom_Enum::RoofwithHole' is in both '/Game/AdvancedMagicFX09/DemoRoomData/Blueprints/BP_DemoRoom_Enum.BP_DemoRoom_Enum' and '/Game/AdvancedMagicFX05/DemoRoomData/Blueprints/BP_DemoRoom_Enum.BP_DemoRoom_Enum'
[2017.12.24-13.39.31:965][949]LogEnum: Warning: Enum name collision: 'BP_DemoRoom_Enum::RoofOpen' is in both '/Game/AdvancedMagicFX09/DemoRoomData/Blueprints/BP_DemoRoom_Enum.BP_DemoRoom_Enum' and '/Game/AdvancedMagicFX05/DemoRoomData/Blueprints/BP_DemoRoom_Enum.BP_DemoRoom_Enum'
[2017.12.24-13.39.31:965][949]LogEnum: Warning: Enum name collision: 'BP_DemoRoom_Enum::BP_DemoRoom_MAX' is in both '/Game/AdvancedMagicFX09/DemoRoomData/Blueprints/BP_DemoRoom_Enum.BP_DemoRoom_Enum' and '/Game/AdvancedMagicFX05/DemoRoomData/Blueprints/BP_DemoRoom_Enum.BP_DemoRoom_Enum'
[2017.12.24-13.39.31:965][949]LogEnum: Warning: Enum name collision: 'BP_DemoRoom_Enum::Standard' is in both '/Game/AdvancedMagicFX09/DemoRoomData/Blueprints/BP_DemoRoom_Enum.BP_DemoRoom_Enum' and '/Game/AdvancedMagicFX05/DemoRoomData/Blueprints/BP_DemoRoom_Enum.BP_DemoRoom_Enum'
[2017.12.24-13.39.31:965][949]LogEnum: Warning: Enum name collision: 'BP_DemoRoom_Enum::RoofwithHole' is in both '/Game/AdvancedMagicFX09/DemoRoomData/Blueprints/BP_DemoRoom_Enum.BP_DemoRoom_Enum' and '/Game/AdvancedMagicFX05/DemoRoomData/Blueprints/BP_DemoRoom_Enum.BP_DemoRoom_Enum'
[2017.12.24-13.39.31:965][949]LogEnum: Warning: Enum name collision: 'BP_DemoRoom_Enum::RoofOpen' is in both '/Game/AdvancedMagicFX09/DemoRoomData/Blueprints/BP_DemoRoom_Enum.BP_DemoRoom_Enum' and '/Game/AdvancedMagicFX05/DemoRoomData/Blueprints/BP_DemoRoom_Enum.BP_DemoRoom_Enum'
[2017.12.24-13.39.31:967][949]LogEnum: Warning: Enum name collision: 'BP_DemoDisplay_Enum::ROund' is in both '/Game/AdvancedMagicFX12/DemoRoomData/Blueprints/BP_DemoDisplay_Enum.BP_DemoDisplay_Enum' and '/Game/AdvancedMagicFX05/DemoRoomData/Blueprints/BP_DemoDisplay_Enum.BP_DemoDisplay_Enum'
[2017.12.24-13.39.31:967][949]LogEnum: Warning: Enum name collision: 'BP_DemoDisplay_Enum::SquareL' is in both '/Game/AdvancedMagicFX12/DemoRoomData/Blueprints/BP_DemoDisplay_Enum.BP_DemoDisplay_Enum' and '/Game/AdvancedMagicFX05/DemoRoomData/Blueprints/BP_DemoDisplay_Enum.BP_DemoDisplay_Enum'
[2017.12.24-13.39.31:967][949]LogEnum: Warning: Enum name collision: 'BP_DemoDisplay_Enum::RoomL' is in both '/Game/AdvancedMagicFX12/DemoRoomData/Blueprints/BP_DemoDisplay_Enum.BP_DemoDisplay_Enum' and '/Game/AdvancedMagicFX05/DemoRoomData/Blueprints/BP_DemoDisplay_Enum.BP_DemoDisplay_Enum'
[2017.12.24-13.39.31:967][949]LogEnum: Warning: Enum name collision: 'BP_DemoDisplay_Enum::DescriptionOnly' is in both '/Game/AdvancedMagicFX12/DemoRoomData/Blueprints/BP_DemoDisplay_Enum.BP_DemoDisplay_Enum' and '/Game/AdvancedMagicFX05/DemoRoomData/Blueprints/BP_DemoDisplay_Enum.BP_DemoDisplay_Enum'
[2017.12.24-13.39.31:967][949]LogEnum: Warning: Enum name collision: 'BP_DemoDisplay_Enum::NewEnumerator0' is in both '/Game/AdvancedMagicFX12/DemoRoomData/Blueprints/BP_DemoDisplay_Enum.BP_DemoDisplay_Enum' and '/Game/AdvancedMagicFX05/DemoRoomData/Blueprints/BP_DemoDisplay_Enum.BP_DemoDisplay_Enum'
[2017.12.24-13.39.31:967][949]LogEnum: Warning: Enum name collision: 'BP_DemoDisplay_Enum::BP_DemoDisplay_MAX' is in both '/Game/AdvancedMagicFX12/DemoRoomData/Blueprints/BP_DemoDisplay_Enum.BP_DemoDisplay_Enum' and '/Game/AdvancedMagicFX05/DemoRoomData/Blueprints/BP_DemoDisplay_Enum.BP_DemoDisplay_Enum'
[2017.12.24-13.39.31:967][949]LogEnum: Warning: Enum name collision: 'BP_DemoDisplay_Enum::ROund' is in both '/Game/AdvancedMagicFX12/DemoRoomData/Blueprints/BP_DemoDisplay_Enum.BP_DemoDisplay_Enum' and '/Game/AdvancedMagicFX05/DemoRoomData/Blueprints/BP_DemoDisplay_Enum.BP_DemoDisplay_Enum'
[2017.12.24-13.39.31:967][949]LogEnum: Warning: Enum name collision: 'BP_DemoDisplay_Enum::SquareL' is in both '/Game/AdvancedMagicFX12/DemoRoomData/Blueprints/BP_DemoDisplay_Enum.BP_DemoDisplay_Enum' and '/Game/AdvancedMagicFX05/DemoRoomData/Blueprints/BP_DemoDisplay_Enum.BP_DemoDisplay_Enum'
[2017.12.24-13.39.31:967][949]LogEnum: Warning: Enum name collision: 'BP_DemoDisplay_Enum::RoomL' is in both '/Game/AdvancedMagicFX12/DemoRoomData/Blueprints/BP_DemoDisplay_Enum.BP_DemoDisplay_Enum' and '/Game/AdvancedMagicFX05/DemoRoomData/Blueprints/BP_DemoDisplay_Enum.BP_DemoDisplay_Enum'
[2017.12.24-13.39.31:967][949]LogEnum: Warning: Enum name collision: 'BP_DemoDisplay_Enum::DescriptionOnly' is in both '/Game/AdvancedMagicFX12/DemoRoomData/Blueprints/BP_DemoDisplay_Enum.BP_DemoDisplay_Enum' and '/Game/AdvancedMagicFX05/DemoRoomData/Blueprints/BP_DemoDisplay_Enum.BP_DemoDisplay_Enum'
[2017.12.24-13.39.31:967][949]LogEnum: Warning: Enum name collision: 'BP_DemoDisplay_Enum::NewEnumerator0' is in both '/Game/AdvancedMagicFX12/DemoRoomData/Blueprints/BP_DemoDisplay_Enum.BP_DemoDisplay_Enum' and '/Game/AdvancedMagicFX05/DemoRoomData/Blueprints/BP_DemoDisplay_Enum.BP_DemoDisplay_Enum'
[2017.12.24-13.39.31:967][949]LogClass: Warning: Enum '/Game/AdvancedMagicFX12/DemoRoomData/Blueprints/BP_DemoDisplay_Enum.BP_DemoDisplay_Enum' was upgraded to use FText to store its display name data. Please re-save this asset to avoid issues with localization and determinstic cooking.
[2017.12.24-13.39.31:970][949]LogEnum: Warning: Enum name collision: 'BP_DemoRoom_Enum::Standard' is in both '/Game/AdvancedMagicFX12/DemoRoomData/Blueprints/BP_DemoRoom_Enum.BP_DemoRoom_Enum' and '/Game/AdvancedMagicFX05/DemoRoomData/Blueprints/BP_DemoRoom_Enum.BP_DemoRoom_Enum'
[2017.12.24-13.39.31:970][949]LogEnum: Warning: Enum name collision: 'BP_DemoRoom_Enum::RoofwithHole' is in both '/Game/AdvancedMagicFX12/DemoRoomData/Blueprints/BP_DemoRoom_Enum.BP_DemoRoom_Enum' and '/Game/AdvancedMagicFX05/DemoRoomData/Blueprints/BP_DemoRoom_Enum.BP_DemoRoom_Enum'
[2017.12.24-13.39.31:970][949]LogEnum: Warning: Enum name collision: 'BP_DemoRoom_Enum::RoofOpen' is in both '/Game/AdvancedMagicFX12/DemoRoomData/Blueprints/BP_DemoRoom_Enum.BP_DemoRoom_Enum' and '/Game/AdvancedMagicFX05/DemoRoomData/Blueprints/BP_DemoRoom_Enum.BP_DemoRoom_Enum'
[2017.12.24-13.39.31:970][949]LogEnum: Warning: Enum name collision: 'BP_DemoRoom_Enum::BP_DemoRoom_MAX' is in both '/Game/AdvancedMagicFX12/DemoRoomData/Blueprints/BP_DemoRoom_Enum.BP_DemoRoom_Enum' and '/Game/AdvancedMagicFX05/DemoRoomData/Blueprints/BP_DemoRoom_Enum.BP_DemoRoom_Enum'
[2017.12.24-13.39.31:970][949]LogEnum: Warning: Enum name collision: 'BP_DemoRoom_Enum::Standard' is in both '/Game/AdvancedMagicFX12/DemoRoomData/Blueprints/BP_DemoRoom_Enum.BP_DemoRoom_Enum' and '/Game/AdvancedMagicFX05/DemoRoomData/Blueprints/BP_DemoRoom_Enum.BP_DemoRoom_Enum'
[2017.12.24-13.39.31:970][949]LogEnum: Warning: Enum name collision: 'BP_DemoRoom_Enum::RoofwithHole' is in both '/Game/AdvancedMagicFX12/DemoRoomData/Blueprints/BP_DemoRoom_Enum.BP_DemoRoom_Enum' and '/Game/AdvancedMagicFX05/DemoRoomData/Blueprints/BP_DemoRoom_Enum.BP_DemoRoom_Enum'
[2017.12.24-13.39.31:970][949]LogEnum: Warning: Enum name collision: 'BP_DemoRoom_Enum::RoofOpen' is in both '/Game/AdvancedMagicFX12/DemoRoomData/Blueprints/BP_DemoRoom_Enum.BP_DemoRoom_Enum' and '/Game/AdvancedMagicFX05/DemoRoomData/Blueprints/BP_DemoRoom_Enum.BP_DemoRoom_Enum'
[2017.12.24-13.39.32:047][949]LogContentBrowser: Native class hierarchy updated for 'BlueprintGraph' in 0.0009 seconds. Added 113 classes and 0 folders.
[2017.12.24-13.39.32:892][949]LogSlate: Took 0.000304 seconds to synchronously load lazily loaded font '../../../Engine/Content/Slate/Fonts/Roboto-Regular.ttf' (155K)
[2017.12.24-13.39.33:049][949]LogSlate: Took 0.021812 seconds to synchronously load lazily loaded font '../../../Engine/Content/Editor/Slate/Fonts/Roboto-BoldCondensed.ttf' (158K)
[2017.12.24-13.39.33:451][950]LogSlate: Took 0.019676 seconds to synchronously load lazily loaded font '../../../Engine/Content/Editor/Slate/Fonts/Roboto-Italic.ttf' (157K)
[2017.12.24-13.39.34:811][  3]LogRenderer: Reallocating scene render targets to support 1208x696 Format 10 NumSamples 1 (Frame:1).
[2017.12.24-13.40.04:819][238]BlueprintLog: New page: Level1_EnemySpawner 컴파일
[2017.12.24-13.40.06:797][292]LogBlueprintUserMessages: [NODE_AddChildActorComponent-3_PunchEnemy_C_CAT_0] 1410.0
[2017.12.24-13.40.06:808][293]LogBlueprintUserMessages: [NODE_AddChildActorComponent-3_PunchEnemy_C_CAT_0] 1410.0
[2017.12.24-13.40.06:825][294]LogBlueprintUserMessages: [NODE_AddChildActorComponent-3_PunchEnemy_C_CAT_0] 1410.0
[2017.12.24-13.40.06:842][295]LogBlueprintUserMessages: [NODE_AddChildActorComponent-3_PunchEnemy_C_CAT_0] 1410.0
[2017.12.24-13.40.06:860][296]LogBlueprintUserMessages: [NODE_AddChildActorComponent-3_PunchEnemy_C_CAT_0] 1410.0
[2017.12.24-13.40.06:881][297]LogBlueprintUserMessages: [NODE_AddChildActorComponent-3_PunchEnemy_C_CAT_0] 1410.0
[2017.12.24-13.40.06:909][298]LogBlueprintUserMessages: [NODE_AddChildActorComponent-3_PunchEnemy_C_CAT_0] 1410.0
[2017.12.24-13.40.06:932][299]LogBlueprintUserMessages: [NODE_AddChildActorComponent-3_PunchEnemy_C_CAT_0] 1410.0
[2017.12.24-13.40.06:958][300]LogBlueprintUserMessages: [NODE_AddChildActorComponent-3_PunchEnemy_C_CAT_0] 1410.0
[2017.12.24-13.40.06:983][301]LogBlueprintUserMessages: [NODE_AddChildActorComponent-3_PunchEnemy_C_CAT_0] 1410.0
[2017.12.24-13.40.07:009][302]LogBlueprintUserMessages: [NODE_AddChildActorComponent-3_PunchEnemy_C_CAT_0] 1410.0
[2017.12.24-13.40.07:034][303]LogBlueprintUserMessages: [NODE_AddChildActorComponent-3_PunchEnemy_C_CAT_0] 1410.0
[2017.12.24-13.40.07:058][304]LogBlueprintUserMessages: [NODE_AddChildActorComponent-3_PunchEnemy_C_CAT_0] 1410.0
[2017.12.24-13.40.07:085][305]LogBlueprintUserMessages: [NODE_AddChildActorComponent-3_PunchEnemy_C_CAT_0] 1410.0
[2017.12.24-13.40.07:111][306]LogBlueprintUserMessages: [NODE_AddChildActorComponent-3_PunchEnemy_C_CAT_0] 1410.0
[2017.12.24-13.40.07:136][307]LogBlueprintUserMessages: [NODE_AddChildActorComponent-3_PunchEnemy_C_CAT_0] 1410.0
[2017.12.24-13.40.07:161][308]LogBlueprintUserMessages: [NODE_AddChildActorComponent-3_PunchEnemy_C_CAT_0] 1410.0
[2017.12.24-13.40.07:186][309]LogBlueprintUserMessages: [NODE_AddChildActorComponent-3_PunchEnemy_C_CAT_0] 1410.0
[2017.12.24-13.40.07:214][310]LogBlueprintUserMessages: [NODE_AddChildActorComponent-3_PunchEnemy_C_CAT_0] 1410.0
[2017.12.24-13.40.07:238][311]LogBlueprintUserMessages: [NODE_AddChildActorComponent-3_PunchEnemy_C_CAT_0] 1410.0
[2017.12.24-13.40.07:264][312]LogBlueprintUserMessages: [NODE_AddChildActorComponent-3_PunchEnemy_C_CAT_0] 1410.0
[2017.12.24-13.40.07:289][313]LogBlueprintUserMessages: [NODE_AddChildActorComponent-3_PunchEnemy_C_CAT_0] 1410.0
[2017.12.24-13.40.07:314][314]LogBlueprintUserMessages: [NODE_AddChildActorComponent-3_PunchEnemy_C_CAT_0] 1410.0
[2017.12.24-13.40.07:339][315]LogBlueprintUserMessages: [NODE_AddChildActorComponent-3_PunchEnemy_C_CAT_0] 1410.0
[2017.12.24-13.40.07:364][316]LogBlueprintUserMessages: [NODE_AddChildActorComponent-3_PunchEnemy_C_CAT_0] 1410.0
[2017.12.24-13.40.08:032][346]LogBlueprintUserMessages: [NODE_AddChildActorComponent-3_PunchEnemy_C_CAT_2] 1410.0
[2017.12.24-13.40.08:048][347]LogBlueprintUserMessages: [NODE_AddChildActorComponent-3_PunchEnemy_C_CAT_2] 1410.0
[2017.12.24-13.40.08:067][348]LogBlueprintUserMessages: [NODE_AddChildActorComponent-3_PunchEnemy_C_CAT_2] 1410.0
[2017.12.24-13.40.08:084][349]LogBlueprintUserMessages: [NODE_AddChildActorComponent-3_PunchEnemy_C_CAT_2] 1410.0
[2017.12.24-13.40.08:100][350]LogBlueprintUserMessages: [NODE_AddChildActorComponent-3_PunchEnemy_C_CAT_2] 1410.0
[2017.12.24-13.40.08:122][351]LogBlueprintUserMessages: [NODE_AddChildActorComponent-3_PunchEnemy_C_CAT_2] 1410.0
[2017.12.24-13.40.08:147][352]LogBlueprintUserMessages: [NODE_AddChildActorComponent-3_PunchEnemy_C_CAT_2] 1410.0
[2017.12.24-13.40.08:173][353]LogBlueprintUserMessages: [NODE_AddChildActorComponent-3_PunchEnemy_C_CAT_2] 1410.0
[2017.12.24-13.40.08:197][354]LogBlueprintUserMessages: [NODE_AddChildActorComponent-3_PunchEnemy_C_CAT_2] 1410.0
[2017.12.24-13.40.08:223][355]LogBlueprintUserMessages: [NODE_AddChildActorComponent-3_PunchEnemy_C_CAT_2] 1410.0
[2017.12.24-13.40.08:248][356]LogBlueprintUserMessages: [NODE_AddChildActorComponent-3_PunchEnemy_C_CAT_2] 1410.0
[2017.12.24-13.40.08:274][357]LogBlueprintUserMessages: [NODE_AddChildActorComponent-3_PunchEnemy_C_CAT_2] 1410.0
[2017.12.24-13.40.08:297][358]LogBlueprintUserMessages: [NODE_AddChildActorComponent-3_PunchEnemy_C_CAT_2] 1410.0
[2017.12.24-13.40.08:324][359]LogBlueprintUserMessages: [NODE_AddChildActorComponent-3_PunchEnemy_C_CAT_2] 1410.0
[2017.12.24-13.40.08:348][360]LogBlueprintUserMessages: [NODE_AddChildActorComponent-3_PunchEnemy_C_CAT_2] 1410.0
[2017.12.24-13.40.08:374][361]LogBlueprintUserMessages: [NODE_AddChildActorComponent-3_PunchEnemy_C_CAT_2] 1410.0
[2017.12.24-13.40.08:398][362]LogBlueprintUserMessages: [NODE_AddChildActorComponent-3_PunchEnemy_C_CAT_2] 1410.0
[2017.12.24-13.40.08:423][363]LogBlueprintUserMessages: [NODE_AddChildActorComponent-3_PunchEnemy_C_CAT_2] 1410.0
[2017.12.24-13.40.08:448][364]LogBlueprintUserMessages: [NODE_AddChildActorComponent-3_PunchEnemy_C_CAT_2] 1410.0
[2017.12.24-13.40.08:474][365]LogBlueprintUserMessages: [NODE_AddChildActorComponent-3_PunchEnemy_C_CAT_2] 1410.0
[2017.12.24-13.40.09:044][389]LogBlueprintUserMessages: [NODE_AddChildActorComponent-3_PunchEnemy_C_CAT_4] 1410.0
[2017.12.24-13.40.09:061][390]LogBlueprintUserMessages: [NODE_AddChildActorComponent-3_PunchEnemy_C_CAT_4] 1410.0
[2017.12.24-13.40.09:080][391]LogBlueprintUserMessages: [NODE_AddChildActorComponent-3_PunchEnemy_C_CAT_4] 1410.0
[2017.12.24-13.40.09:107][392]LogBlueprintUserMessages: [NODE_AddChildActorComponent-3_PunchEnemy_C_CAT_4] 1410.0
[2017.12.24-13.40.09:123][393]LogBlueprintUserMessages: [NODE_AddChildActorComponent-3_PunchEnemy_C_CAT_4] 1410.0
[2017.12.24-13.40.09:143][394]LogBlueprintUserMessages: [NODE_AddChildActorComponent-3_PunchEnemy_C_CAT_4] 1410.0
[2017.12.24-13.40.09:166][395]LogBlueprintUserMessages: [NODE_AddChildActorComponent-3_PunchEnemy_C_CAT_4] 1410.0
[2017.12.24-13.40.09:193][396]LogBlueprintUserMessages: [NODE_AddChildActorComponent-3_PunchEnemy_C_CAT_4] 1410.0
[2017.12.24-13.40.09:217][397]LogBlueprintUserMessages: [NODE_AddChildActorComponent-3_PunchEnemy_C_CAT_4] 1410.0
[2017.12.24-13.40.09:242][398]LogBlueprintUserMessages: [NODE_AddChildActorComponent-3_PunchEnemy_C_CAT_4] 1410.0
[2017.12.24-13.40.09:267][399]LogBlueprintUserMessages: [NODE_AddChildActorComponent-3_PunchEnemy_C_CAT_4] 1410.0
[2017.12.24-13.40.09:292][400]LogBlueprintUserMessages: [NODE_AddChildActorComponent-3_PunchEnemy_C_CAT_4] 1410.0
[2017.12.24-13.40.09:318][401]LogBlueprintUserMessages: [NODE_AddChildActorComponent-3_PunchEnemy_C_CAT_4] 1410.0
[2017.12.24-13.40.09:343][402]LogBlueprintUserMessages: [NODE_AddChildActorComponent-3_PunchEnemy_C_CAT_4] 1410.0
[2017.12.24-13.40.09:369][403]LogBlueprintUserMessages: [NODE_AddChildActorComponent-3_PunchEnemy_C_CAT_4] 1410.0
[2017.12.24-13.40.09:395][404]LogBlueprintUserMessages: [NODE_AddChildActorComponent-3_PunchEnemy_C_CAT_4] 1410.0
[2017.12.24-13.40.09:420][405]LogBlueprintUserMessages: [NODE_AddChildActorComponent-3_PunchEnemy_C_CAT_4] 1410.0
[2017.12.24-13.40.09:446][406]LogBlueprintUserMessages: [NODE_AddChildActorComponent-3_PunchEnemy_C_CAT_4] 1410.0
[2017.12.24-13.40.09:470][407]LogBlueprintUserMessages: [NODE_AddChildActorComponent-3_PunchEnemy_C_CAT_4] 1410.0
[2017.12.24-13.40.09:495][408]LogBlueprintUserMessages: [NODE_AddChildActorComponent-3_PunchEnemy_C_CAT_4] 1410.0
[2017.12.24-13.40.10:148][436]LogBlueprintUserMessages: [NODE_AddChildActorComponent-3_PunchEnemy_C_CAT_6] 1410.0
[2017.12.24-13.40.10:164][437]LogBlueprintUserMessages: [NODE_AddChildActorComponent-3_PunchEnemy_C_CAT_6] 1410.0
[2017.12.24-13.40.10:186][438]LogBlueprintUserMessages: [NODE_AddChildActorComponent-3_PunchEnemy_C_CAT_6] 1410.0
[2017.12.24-13.40.10:202][439]LogBlueprintUserMessages: [NODE_AddChildActorComponent-3_PunchEnemy_C_CAT_6] 1410.0
[2017.12.24-13.40.10:220][440]LogBlueprintUserMessages: [NODE_AddChildActorComponent-3_PunchEnemy_C_CAT_6] 1410.0
[2017.12.24-13.40.10:247][441]LogBlueprintUserMessages: [NODE_AddChildActorComponent-3_PunchEnemy_C_CAT_6] 1410.0
[2017.12.24-13.40.10:271][442]LogBlueprintUserMessages: [NODE_AddChildActorComponent-3_PunchEnemy_C_CAT_6] 1410.0
[2017.12.24-13.40.10:295][443]LogBlueprintUserMessages: [NODE_AddChildActorComponent-3_PunchEnemy_C_CAT_6] 1410.0
[2017.12.24-13.40.10:321][444]LogBlueprintUserMessages: [NODE_AddChildActorComponent-3_PunchEnemy_C_CAT_6] 1410.0
[2017.12.24-13.40.10:346][445]LogBlueprintUserMessages: [NODE_AddChildActorComponent-3_PunchEnemy_C_CAT_6] 1410.0
[2017.12.24-13.40.10:371][446]LogBlueprintUserMessages: [NODE_AddChildActorComponent-3_PunchEnemy_C_CAT_6] 1410.0
[2017.12.24-13.40.10:395][447]LogBlueprintUserMessages: [NODE_AddChildActorComponent-3_PunchEnemy_C_CAT_6] 1410.0
[2017.12.24-13.40.10:421][448]LogBlueprintUserMessages: [NODE_AddChildActorComponent-3_PunchEnemy_C_CAT_6] 1410.0
[2017.12.24-13.40.10:446][449]LogBlueprintUserMessages: [NODE_AddChildActorComponent-3_PunchEnemy_C_CAT_6] 1410.0
[2017.12.24-13.40.10:471][450]LogBlueprintUserMessages: [NODE_AddChildActorComponent-3_PunchEnemy_C_CAT_6] 1410.0
[2017.12.24-13.40.10:496][451]LogBlueprintUserMessages: [NODE_AddChildActorComponent-3_PunchEnemy_C_CAT_6] 1410.0
[2017.12.24-13.40.10:521][452]LogBlueprintUserMessages: [NODE_AddChildActorComponent-3_PunchEnemy_C_CAT_6] 1410.0
[2017.12.24-13.40.10:546][453]LogBlueprintUserMessages: [NODE_AddChildActorComponent-3_PunchEnemy_C_CAT_6] 1410.0
[2017.12.24-13.40.10:573][454]LogBlueprintUserMessages: [NODE_AddChildActorComponent-3_PunchEnemy_C_CAT_6] 1410.0
[2017.12.24-13.40.10:596][455]LogBlueprintUserMessages: [NODE_AddChildActorComponent-3_PunchEnemy_C_CAT_6] 1410.0
[2017.12.24-13.40.10:622][456]LogBlueprintUserMessages: [NODE_AddChildActorComponent-3_PunchEnemy_C_CAT_6] 1410.0
[2017.12.24-13.40.10:646][457]LogBlueprintUserMessages: [NODE_AddChildActorComponent-3_PunchEnemy_C_CAT_6] 1410.0
[2017.12.24-13.40.10:671][458]LogBlueprintUserMessages: [NODE_AddChildActorComponent-3_PunchEnemy_C_CAT_6] 1410.0
[2017.12.24-13.40.10:695][459]LogBlueprintUserMessages: [NODE_AddChildActorComponent-3_PunchEnemy_C_CAT_6] 1410.0
[2017.12.24-13.40.10:722][460]LogBlueprintUserMessages: [NODE_AddChildActorComponent-3_PunchEnemy_C_CAT_6] 1410.0
[2017.12.24-13.40.10:746][461]LogBlueprintUserMessages: [NODE_AddChildActorComponent-3_PunchEnemy_C_CAT_6] 1410.0
[2017.12.24-13.40.11:393][489]LogBlueprintUserMessages: [NODE_AddChildActorComponent-3_PunchEnemy_C_CAT_8] 1410.0
[2017.12.24-13.40.11:411][490]LogBlueprintUserMessages: [NODE_AddChildActorComponent-3_PunchEnemy_C_CAT_8] 1410.0
[2017.12.24-13.40.11:428][491]LogBlueprintUserMessages: [NODE_AddChildActorComponent-3_PunchEnemy_C_CAT_8] 1410.0
[2017.12.24-13.40.11:447][492]LogBlueprintUserMessages: [NODE_AddChildActorComponent-3_PunchEnemy_C_CAT_8] 1410.0
[2017.12.24-13.40.11:464][493]LogBlueprintUserMessages: [NODE_AddChildActorComponent-3_PunchEnemy_C_CAT_8] 1410.0
[2017.12.24-13.40.11:490][494]LogBlueprintUserMessages: [NODE_AddChildActorComponent-3_PunchEnemy_C_CAT_8] 1410.0
[2017.12.24-13.40.11:515][495]LogBlueprintUserMessages: [NODE_AddChildActorComponent-3_PunchEnemy_C_CAT_8] 1410.0
[2017.12.24-13.40.11:541][496]LogBlueprintUserMessages: [NODE_AddChildActorComponent-3_PunchEnemy_C_CAT_8] 1410.0
[2017.12.24-13.40.11:565][497]LogBlueprintUserMessages: [NODE_AddChildActorComponent-3_PunchEnemy_C_CAT_8] 1410.0
[2017.12.24-13.40.11:591][498]LogBlueprintUserMessages: [NODE_AddChildActorComponent-3_PunchEnemy_C_CAT_8] 1410.0
[2017.12.24-13.40.11:615][499]LogBlueprintUserMessages: [NODE_AddChildActorComponent-3_PunchEnemy_C_CAT_8] 1410.0
[2017.12.24-13.40.11:645][500]LogBlueprintUserMessages: [NODE_AddChildActorComponent-3_PunchEnemy_C_CAT_8] 1410.0
[2017.12.24-13.40.11:667][501]LogBlueprintUserMessages: [NODE_AddChildActorComponent-3_PunchEnemy_C_CAT_8] 1410.0
[2017.12.24-13.40.11:692][502]LogBlueprintUserMessages: [NODE_AddChildActorComponent-3_PunchEnemy_C_CAT_8] 1410.0
[2017.12.24-13.40.11:717][503]LogBlueprintUserMessages: [NODE_AddChildActorComponent-3_PunchEnemy_C_CAT_8] 1410.0
[2017.12.24-13.40.11:742][504]LogBlueprintUserMessages: [NODE_AddChildActorComponent-3_PunchEnemy_C_CAT_8] 1410.0
[2017.12.24-13.40.11:768][505]LogBlueprintUserMessages: [NODE_AddChildActorComponent-3_PunchEnemy_C_CAT_8] 1410.0
[2017.12.24-13.40.11:793][506]LogBlueprintUserMessages: [NODE_AddChildActorComponent-3_PunchEnemy_C_CAT_8] 1410.0
[2017.12.24-13.40.11:818][507]LogBlueprintUserMessages: [NODE_AddChildActorComponent-3_PunchEnemy_C_CAT_8] 1410.0
[2017.12.24-13.40.11:843][508]LogBlueprintUserMessages: [NODE_AddChildActorComponent-3_PunchEnemy_C_CAT_8] 1410.0
[2017.12.24-13.40.11:868][509]LogBlueprintUserMessages: [NODE_AddChildActorComponent-3_PunchEnemy_C_CAT_8] 1410.0
[2017.12.24-13.40.11:893][510]LogBlueprintUserMessages: [NODE_AddChildActorComponent-3_PunchEnemy_C_CAT_8] 1410.0
[2017.12.24-13.40.11:919][511]LogBlueprintUserMessages: [NODE_AddChildActorComponent-3_PunchEnemy_C_CAT_8] 1410.0
[2017.12.24-13.40.11:945][512]LogBlueprintUserMessages: [NODE_AddChildActorComponent-3_PunchEnemy_C_CAT_8] 1410.0
[2017.12.24-13.40.11:968][513]LogBlueprintUserMessages: [NODE_AddChildActorComponent-3_PunchEnemy_C_CAT_8] 1410.0
[2017.12.24-13.40.11:994][514]LogBlueprintUserMessages: [NODE_AddChildActorComponent-3_PunchEnemy_C_CAT_8] 1410.0
[2017.12.24-13.40.36:501][600]BlueprintLog: New page: Level1_EnemySpawner 컴파일
[2017.12.24-13.40.37:243][609]LogBlueprintUserMessages: [NODE_AddChildActorComponent-3_PunchEnemy_C_CAT_10] 1410.0
[2017.12.24-13.40.37:260][610]LogBlueprintUserMessages: [NODE_AddChildActorComponent-3_PunchEnemy_C_CAT_10] 1410.0
[2017.12.24-13.40.37:277][611]LogBlueprintUserMessages: [NODE_AddChildActorComponent-3_PunchEnemy_C_CAT_10] 1410.0
[2017.12.24-13.40.37:293][612]LogBlueprintUserMessages: [NODE_AddChildActorComponent-3_PunchEnemy_C_CAT_10] 1410.0
[2017.12.24-13.40.37:310][613]LogBlueprintUserMessages: [NODE_AddChildActorComponent-3_PunchEnemy_C_CAT_10] 1410.0
[2017.12.24-13.40.37:332][614]LogBlueprintUserMessages: [NODE_AddChildActorComponent-3_PunchEnemy_C_CAT_10] 1410.0
[2017.12.24-13.40.37:357][615]LogBlueprintUserMessages: [NODE_AddChildActorComponent-3_PunchEnemy_C_CAT_10] 1410.0
[2017.12.24-13.40.37:383][616]LogBlueprintUserMessages: [NODE_AddChildActorComponent-3_PunchEnemy_C_CAT_10] 1410.0
[2017.12.24-13.40.37:408][617]LogBlueprintUserMessages: [NODE_AddChildActorComponent-3_PunchEnemy_C_CAT_10] 1410.0
[2017.12.24-13.40.37:434][618]LogBlueprintUserMessages: [NODE_AddChildActorComponent-3_PunchEnemy_C_CAT_10] 1410.0
[2017.12.24-13.40.37:458][619]LogBlueprintUserMessages: [NODE_AddChildActorComponent-3_PunchEnemy_C_CAT_10] 1410.0
[2017.12.24-13.40.37:484][620]LogBlueprintUserMessages: [NODE_AddChildActorComponent-3_PunchEnemy_C_CAT_10] 1410.0
[2017.12.24-13.40.37:508][621]LogBlueprintUserMessages: [NODE_AddChildActorComponent-3_PunchEnemy_C_CAT_10] 1410.0
[2017.12.24-13.40.37:534][622]LogBlueprintUserMessages: [NODE_AddChildActorComponent-3_PunchEnemy_C_CAT_10] 1410.0
[2017.12.24-13.40.37:559][623]LogBlueprintUserMessages: [NODE_AddChildActorComponent-3_PunchEnemy_C_CAT_10] 1410.0
[2017.12.24-13.40.37:585][624]LogBlueprintUserMessages: [NODE_AddChildActorComponent-3_PunchEnemy_C_CAT_10] 1410.0
[2017.12.24-13.40.37:611][625]LogBlueprintUserMessages: [NODE_AddChildActorComponent-3_PunchEnemy_C_CAT_10] 1410.0
[2017.12.24-13.40.37:641][626]LogBlueprintUserMessages: [NODE_AddChildActorComponent-3_PunchEnemy_C_CAT_10] 1410.0
[2017.12.24-13.40.37:662][627]LogBlueprintUserMessages: [NODE_AddChildActorComponent-3_PunchEnemy_C_CAT_10] 1410.0
[2017.12.24-13.40.37:686][628]LogBlueprintUserMessages: [NODE_AddChildActorComponent-3_PunchEnemy_C_CAT_10] 1410.0
[2017.12.24-13.40.37:712][629]LogBlueprintUserMessages: [NODE_AddChildActorComponent-3_PunchEnemy_C_CAT_10] 1410.0
[2017.12.24-13.40.38:166][648]LogBlueprintUserMessages: [NODE_AddChildActorComponent-3_PunchEnemy_C_CAT_12] 1410.0
[2017.12.24-13.40.38:184][649]LogBlueprintUserMessages: [NODE_AddChildActorComponent-3_PunchEnemy_C_CAT_12] 1410.0
[2017.12.24-13.40.38:201][650]LogBlueprintUserMessages: [NODE_AddChildActorComponent-3_PunchEnemy_C_CAT_12] 1410.0
[2017.12.24-13.40.38:217][651]LogBlueprintUserMessages: [NODE_AddChildActorComponent-3_PunchEnemy_C_CAT_12] 1410.0
[2017.12.24-13.40.38:236][652]LogBlueprintUserMessages: [NODE_AddChildActorComponent-3_PunchEnemy_C_CAT_12] 1410.0
[2017.12.24-13.40.38:254][653]LogBlueprintUserMessages: [NODE_AddChildActorComponent-3_PunchEnemy_C_CAT_12] 1410.0
[2017.12.24-13.40.38:281][654]LogBlueprintUserMessages: [NODE_AddChildActorComponent-3_PunchEnemy_C_CAT_12] 1410.0
[2017.12.24-13.40.38:304][655]LogBlueprintUserMessages: [NODE_AddChildActorComponent-3_PunchEnemy_C_CAT_12] 1410.0
[2017.12.24-13.40.38:330][656]LogBlueprintUserMessages: [NODE_AddChildActorComponent-3_PunchEnemy_C_CAT_12] 1410.0
[2017.12.24-13.40.38:355][657]LogBlueprintUserMessages: [NODE_AddChildActorComponent-3_PunchEnemy_C_CAT_12] 1410.0
[2017.12.24-13.40.38:382][658]LogBlueprintUserMessages: [NODE_AddChildActorComponent-3_PunchEnemy_C_CAT_12] 1410.0
[2017.12.24-13.40.38:406][659]LogBlueprintUserMessages: [NODE_AddChildActorComponent-3_PunchEnemy_C_CAT_12] 1410.0
[2017.12.24-13.40.38:432][660]LogBlueprintUserMessages: [NODE_AddChildActorComponent-3_PunchEnemy_C_CAT_12] 1410.0
[2017.12.24-13.40.38:456][661]LogBlueprintUserMessages: [NODE_AddChildActorComponent-3_PunchEnemy_C_CAT_12] 1410.0
[2017.12.24-13.40.38:483][662]LogBlueprintUserMessages: [NODE_AddChildActorComponent-3_PunchEnemy_C_CAT_12] 1410.0
[2017.12.24-13.40.38:506][663]LogBlueprintUserMessages: [NODE_AddChildActorComponent-3_PunchEnemy_C_CAT_12] 1410.0
[2017.12.24-13.40.38:532][664]LogBlueprintUserMessages: [NODE_AddChildActorComponent-3_PunchEnemy_C_CAT_12] 1410.0
[2017.12.24-13.40.38:557][665]LogBlueprintUserMessages: [NODE_AddChildActorComponent-3_PunchEnemy_C_CAT_12] 1410.0
[2017.12.24-13.40.38:913][680]LogBlueprintUserMessages: [NODE_AddChildActorComponent-3_PunchEnemy_C_CAT_14] 1410.0
[2017.12.24-13.40.38:931][681]LogBlueprintUserMessages: [NODE_AddChildActorComponent-3_PunchEnemy_C_CAT_14] 1410.0
[2017.12.24-13.40.38:947][682]LogBlueprintUserMessages: [NODE_AddChildActorComponent-3_PunchEnemy_C_CAT_14] 1410.0
[2017.12.24-13.40.38:964][683]LogBlueprintUserMessages: [NODE_AddChildActorComponent-3_PunchEnemy_C_CAT_14] 1410.0
[2017.12.24-13.40.38:981][684]LogBlueprintUserMessages: [NODE_AddChildActorComponent-3_PunchEnemy_C_CAT_14] 1410.0
[2017.12.24-13.40.39:000][685]LogBlueprintUserMessages: [NODE_AddChildActorComponent-3_PunchEnemy_C_CAT_14] 1410.0
[2017.12.24-13.40.39:025][686]LogBlueprintUserMessages: [NODE_AddChildActorComponent-3_PunchEnemy_C_CAT_14] 1410.0
[2017.12.24-13.40.39:050][687]LogBlueprintUserMessages: [NODE_AddChildActorComponent-3_PunchEnemy_C_CAT_14] 1410.0
[2017.12.24-13.40.39:075][688]LogBlueprintUserMessages: [NODE_AddChildActorComponent-3_PunchEnemy_C_CAT_14] 1410.0
[2017.12.24-13.40.39:215][694]LogBlueprintUserMessages: [NODE_AddChildActorComponent-3_PunchEnemy_C_CAT_16] 1410.0
[2017.12.24-13.40.39:233][695]LogBlueprintUserMessages: [NODE_AddChildActorComponent-3_PunchEnemy_C_CAT_16] 1410.0
[2017.12.24-13.40.39:248][696]LogBlueprintUserMessages: [NODE_AddChildActorComponent-3_PunchEnemy_C_CAT_16] 1410.0
[2017.12.24-13.40.39:265][697]LogBlueprintUserMessages: [NODE_AddChildActorComponent-3_PunchEnemy_C_CAT_16] 1410.0
[2017.12.24-13.40.39:283][698]LogBlueprintUserMessages: [NODE_AddChildActorComponent-3_PunchEnemy_C_CAT_16] 1410.0
[2017.12.24-13.40.39:303][699]LogBlueprintUserMessages: [NODE_AddChildActorComponent-3_PunchEnemy_C_CAT_16] 1410.0
[2017.12.24-13.40.39:331][700]LogBlueprintUserMessages: [NODE_AddChildActorComponent-3_PunchEnemy_C_CAT_16] 1410.0
[2017.12.24-13.40.39:353][701]LogBlueprintUserMessages: [NODE_AddChildActorComponent-3_PunchEnemy_C_CAT_16] 1410.0
[2017.12.24-13.40.39:378][702]LogBlueprintUserMessages: [NODE_AddChildActorComponent-3_PunchEnemy_C_CAT_16] 1410.0
[2017.12.24-13.40.40:096][731]LogBlueprintUserMessages: [NODE_AddChildActorComponent-3_PunchEnemy_C_CAT_18] 1410.0
[2017.12.24-13.40.40:115][732]LogBlueprintUserMessages: [NODE_AddChildActorComponent-3_PunchEnemy_C_CAT_18] 1410.0
[2017.12.24-13.40.40:132][733]LogBlueprintUserMessages: [NODE_AddChildActorComponent-3_PunchEnemy_C_CAT_18] 1410.0
[2017.12.24-13.40.40:149][734]LogBlueprintUserMessages: [NODE_AddChildActorComponent-3_PunchEnemy_C_CAT_18] 1410.0
[2017.12.24-13.40.40:166][735]LogBlueprintUserMessages: [NODE_AddChildActorComponent-3_PunchEnemy_C_CAT_18] 1410.0
[2017.12.24-13.40.40:185][736]LogBlueprintUserMessages: [NODE_AddChildActorComponent-3_PunchEnemy_C_CAT_18] 1410.0
[2017.12.24-13.40.40:209][737]LogBlueprintUserMessages: [NODE_AddChildActorComponent-3_PunchEnemy_C_CAT_18] 1410.0
[2017.12.24-13.40.40:235][738]LogBlueprintUserMessages: [NODE_AddChildActorComponent-3_PunchEnemy_C_CAT_18] 1410.0
[2017.12.24-13.40.40:261][739]LogBlueprintUserMessages: [NODE_AddChildActorComponent-3_PunchEnemy_C_CAT_18] 1410.0
[2017.12.24-13.40.40:286][740]LogBlueprintUserMessages: [NODE_AddChildActorComponent-3_PunchEnemy_C_CAT_18] 1410.0
[2017.12.24-13.40.40:312][741]LogBlueprintUserMessages: [NODE_AddChildActorComponent-3_PunchEnemy_C_CAT_18] 1410.0
[2017.12.24-13.40.40:336][742]LogBlueprintUserMessages: [NODE_AddChildActorComponent-3_PunchEnemy_C_CAT_18] 1410.0
[2017.12.24-13.40.40:363][743]LogBlueprintUserMessages: [NODE_AddChildActorComponent-3_PunchEnemy_C_CAT_18] 1410.0
[2017.12.24-13.40.40:386][744]LogBlueprintUserMessages: [NODE_AddChildActorComponent-3_PunchEnemy_C_CAT_18] 1410.0
[2017.12.24-13.40.40:413][745]LogBlueprintUserMessages: [NODE_AddChildActorComponent-3_PunchEnemy_C_CAT_18] 1410.0
[2017.12.24-13.40.40:437][746]LogBlueprintUserMessages: [NODE_AddChildActorComponent-3_PunchEnemy_C_CAT_18] 1410.0
[2017.12.24-13.40.40:463][747]LogBlueprintUserMessages: [NODE_AddChildActorComponent-3_PunchEnemy_C_CAT_18] 1410.0
[2017.12.24-13.40.40:488][748]LogBlueprintUserMessages: [NODE_AddChildActorComponent-3_PunchEnemy_C_CAT_18] 1410.0
[2017.12.24-13.40.40:513][749]LogBlueprintUserMessages: [NODE_AddChildActorComponent-3_PunchEnemy_C_CAT_18] 1410.0
[2017.12.24-13.40.40:537][750]LogBlueprintUserMessages: [NODE_AddChildActorComponent-3_PunchEnemy_C_CAT_18] 1410.0
[2017.12.24-13.41.15:998][981]Cmd: OBJ SAVEPACKAGE PACKAGE="/Game/Enemy/PunchEnemy/PunchEnemy" FILE="../../../../../NewGarden/GardenProject/NGA/Project/Berserker/Content/Enemy/PunchEnemy/PunchEnemy.uasset" SILENT=true
[2017.12.24-13.41.16:264][981]LogSavePackage: Save=149.98ms
[2017.12.24-13.41.16:264][981]LogSavePackage: Moving '../../../../../NewGarden/GardenProject/NGA/Project/Berserker/Saved/PunchEnemyCE28EB9C439C9EEA842368BEDF623197.tmp' to '../../../../../NewGarden/GardenProject/NGA/Project/Berserker/Content/Enemy/PunchEnemy/PunchEnemy.uasset'
[2017.12.24-13.41.16:267][981]LogSavePackage: Display: Finished SavePackage ../../../../../NewGarden/GardenProject/NGA/Project/Berserker/Content/Enemy/PunchEnemy/PunchEnemy.uasset
[2017.12.24-13.41.16:403][981]Cmd: OBJ SAVEPACKAGE PACKAGE="/Game/GameLevel" FILE="../../../../../NewGarden/GardenProject/NGA/Project/Berserker/Content/GameLevel.umap" SILENT=true AUTOSAVING=false KEEPDIRTY=false
[2017.12.24-13.41.18:324][981]LogSavePackage: Save=1564.98ms
[2017.12.24-13.41.18:324][981]LogSavePackage: Moving '../../../../../NewGarden/GardenProject/NGA/Project/Berserker/Saved/GameLevelC00C67FE47A2E41168E58494590809A7.tmp' to '../../../../../NewGarden/GardenProject/NGA/Project/Berserker/Content/GameLevel.umap'
[2017.12.24-13.41.18:330][981]LogSavePackage: Display: Finished SavePackage ../../../../../NewGarden/GardenProject/NGA/Project/Berserker/Content/GameLevel.umap
[2017.12.24-13.41.18:513][981]LogFileHelpers: Saving map 'GameLevel' took 2.242
[2017.12.24-13.41.18:827][981]LogSavePackage: Save=242.95ms
[2017.12.24-13.41.18:827][981]LogSavePackage: Moving '../../../../../NewGarden/GardenProject/NGA/Project/Berserker/Saved/Level1_EnemySpawner925451524013F854919E639B623041A2.tmp' to '../../../../../NewGarden/GardenProject/NGA/Project/Berserker/Content/SpawnManager/Level_1/Level1_EnemySpawner.uasset'
[2017.12.24-13.41.18:831][981]LogSavePackage: Display: Finished SavePackage ../../../../../NewGarden/GardenProject/NGA/Project/Berserker/Content/SpawnManager/Level_1/Level1_EnemySpawner.uasset
[2017.12.24-13.41.19:365][981]LogWindowsTextInputMethodSystem: Display: IME system now activated using TSF (Microsoft 입력기).
[2017.12.24-13.41.19:694][982]Cmd: QUIT_EDITOR
[2017.12.24-13.41.20:022][982]LogExit: Preparing to exit.
[2017.12.24-13.41.20:700][982]LogDirectoryWatcher: A directory notification for 'D:/NewGarden/GardenProject/NGA/Project/Berserker/Content/' was aborted.
[2017.12.24-13.41.20:817][982]LogExit: Editor shut down
[2017.12.24-13.41.20:824][982]LogExit: Transaction tracking system shut down
[2017.12.24-13.41.21:083][982]LogDirectoryWatcher: A directory notification for '../../../Engine/Content/' was aborted.
[2017.12.24-13.41.21:083][982]LogDirectoryWatcher: A directory notification for '../../../../../NewGarden/GardenProject/NGA/Project/Berserker/Content/' was aborted.
[2017.12.24-13.41.21:083][982]LogDirectoryWatcher: A directory notification for '../../../Engine/Plugins/2D/Paper2D/Content/' was aborted.
[2017.12.24-13.41.21:083][982]LogDirectoryWatcher: A directory notification for '../../../Engine/Plugins/Runtime/Oculus/OculusVR/Content/' was aborted.
[2017.12.24-13.41.21:083][982]LogDirectoryWatcher: A directory notification for '../../../Engine/Plugins/Runtime/Steam/SteamVR/Content/' was aborted.
[2017.12.24-13.41.21:211][982]LogExit: Object subsystem successfully closed.
[2017.12.24-13.41.21:243][982]LogD3D11RHI: Shutdown
[2017.12.24-13.41.21:243][982]LogD3D11RHI: CleanupD3DDevice
[2017.12.24-13.41.21:246][982]LogD3D11RHI: ~FD3D11DynamicRHI
[2017.12.24-13.41.21:469][982]LogModuleManager: Shutting down and abandoning module BlueprintGraph (538)
[2017.12.24-13.41.21:469][982]LogModuleManager: Shutting down and abandoning module BlueprintProfiler (536)
[2017.12.24-13.41.21:469][982]LogModuleManager: Shutting down and abandoning module MovieSceneCapture (534)
[2017.12.24-13.41.21:469][982]LogModuleManager: Shutting down and abandoning module HierarchicalLODOutliner (532)
[2017.12.24-13.41.21:469][982]LogModuleManager: Shutting down and abandoning module SceneOutliner (530)
[2017.12.24-13.41.21:469][982]LogModuleManager: Shutting down and abandoning module AddContentDialog (528)
[2017.12.24-13.41.21:469][982]LogDirectoryWatcher: A directory notification for 'D:/UnrealEngine/UE_4.17/FeaturePacks/' was aborted.
[2017.12.24-13.41.21:477][982]LogModuleManager: Shutting down and abandoning module WidgetCarousel (527)
[2017.12.24-13.41.21:477][982]LogModuleManager: Shutting down and abandoning module EditorWidgets (524)
[2017.12.24-13.41.21:477][982]LogModuleManager: Shutting down and abandoning module CollectionManager (522)
[2017.12.24-13.41.21:477][982]LogDirectoryWatcher: A directory notification for 'D:/NewGarden/GardenProject/NGA/Project/Berserker/Content/Collections/' was aborted.
[2017.12.24-13.41.21:478][982]LogDirectoryWatcher: A directory notification for 'D:/NewGarden/GardenProject/NGA/Project/Berserker/Content/Developers/JWOH/Collections/' was aborted.
[2017.12.24-13.41.21:478][982]LogDirectoryWatcher: A directory notification for 'D:/NewGarden/GardenProject/NGA/Project/Berserker/Saved/Collections/' was aborted.
[2017.12.24-13.41.21:478][982]LogModuleManager: Shutting down and abandoning module ClothingSystemEditorInterface (520)
[2017.12.24-13.41.21:478][982]LogModuleManager: Shutting down and abandoning module StatsViewer (518)
[2017.12.24-13.41.21:478][982]LogModuleManager: Shutting down and abandoning module FoliageEdit (516)
[2017.12.24-13.41.21:478][982]LogModuleManager: Shutting down and abandoning module LandscapeEditor (514)
[2017.12.24-13.41.21:478][982]LogModuleManager: Shutting down and abandoning module MeshPaintMode (512)
[2017.12.24-13.41.21:478][982]LogModuleManager: Shutting down and abandoning module SceneDepthPickerMode (510)
[2017.12.24-13.41.21:478][982]LogModuleManager: Shutting down and abandoning module ActorPickerMode (508)
[2017.12.24-13.41.21:478][982]LogModuleManager: Shutting down and abandoning module GeometryMode (506)
[2017.12.24-13.41.21:478][982]LogModuleManager: Shutting down and abandoning module TextureAlignMode (504)
[2017.12.24-13.41.21:479][982]LogModuleManager: Shutting down and abandoning module BspMode (502)
[2017.12.24-13.41.21:479][982]LogModuleManager: Shutting down and abandoning module PIEPreviewDeviceProfileSelector (500)
[2017.12.24-13.41.21:479][982]LogModuleManager: Shutting down and abandoning module HardwareSurvey (498)
[2017.12.24-13.41.21:479][982]LogModuleManager: Shutting down and abandoning module SequenceRecorderSections (496)
[2017.12.24-13.41.21:479][982]LogModuleManager: Shutting down and abandoning module AutomationWorker (494)
[2017.12.24-13.41.21:479][982]LogModuleManager: Shutting down and abandoning module MatineeToLevelSequence (492)
[2017.12.24-13.41.21:479][982]LogModuleManager: Shutting down and abandoning module LevelSequenceEditor (490)
[2017.12.24-13.41.21:479][982]LogModuleManager: Shutting down and abandoning module PlacementMode (489)
[2017.12.24-13.41.21:479][982]LogModuleManager: Shutting down and abandoning module WmfMediaFactory (486)
[2017.12.24-13.41.21:479][982]LogModuleManager: Shutting down and abandoning module WmfMediaEditor (484)
[2017.12.24-13.41.21:479][982]LogModuleManager: Shutting down and abandoning module AvfMediaFactory (482)
[2017.12.24-13.41.21:479][982]LogModuleManager: Shutting down and abandoning module AvfMediaEditor (480)
[2017.12.24-13.41.21:479][982]LogModuleManager: Shutting down and abandoning module AndroidMediaFactory (478)
[2017.12.24-13.41.21:479][982]LogModuleManager: Shutting down and abandoning module Media (477)
[2017.12.24-13.41.21:479][982]LogModuleManager: Shutting down and abandoning module AndroidMediaEditor (474)
[2017.12.24-13.41.21:479][982]LogModuleManager: Shutting down and abandoning module CharacterAI (472)
[2017.12.24-13.41.21:479][982]LogModuleManager: Shutting down and abandoning module AudioCapture (470)
[2017.12.24-13.41.21:479][982]LogModuleManager: Shutting down and abandoning module SequenceRecorder (469)
[2017.12.24-13.41.21:479][982]LogModuleManager: Shutting down and abandoning module SmartSnapping (466)
[2017.12.24-13.41.21:479][982]LogModuleManager: Shutting down and abandoning module SessionServices (464)
[2017.12.24-13.41.21:479][982]LogModuleManager: Shutting down and abandoning module ViewportSnapping (462)
[2017.12.24-13.41.21:479][982]LogModuleManager: Shutting down and abandoning module ViewportInteraction (460)
[2017.12.24-13.41.21:479][982]LogModuleManager: Shutting down and abandoning module ClothPainter (458)
[2017.12.24-13.41.21:479][982]LogModuleManager: Shutting down and abandoning module LogVisualizer (456)
[2017.12.24-13.41.21:480][982]LogModuleManager: Shutting down and abandoning module IntroTutorials (454)
[2017.12.24-13.41.21:480][982]LogModuleManager: Shutting down and abandoning module GameProjectGeneration (453)
[2017.12.24-13.41.21:480][982]LogModuleManager: Shutting down and abandoning module IOSPlatformEditor (450)
[2017.12.24-13.41.21:480][982]LogModuleManager: Shutting down and abandoning module HTML5PlatformEditor (448)
[2017.12.24-13.41.21:480][982]LogModuleManager: Shutting down and abandoning module AndroidPlatformEditor (446)
[2017.12.24-13.41.21:480][982]LogModuleManager: Shutting down and abandoning module AndroidDeviceDetection (445)
