Log file open, 11/20/17 18:43:09
LogWindows: LoadLibraryWithSearchPaths failed for file aqProf.dll. GetLastError=0
LogWindows: LoadLibraryWithSearchPaths failed for file VtuneApi.dll. GetLastError=0
LogWindows: LoadLibraryWithSearchPaths failed for file VtuneApi32e.dll. GetLastError=0
LogInit: Display: Running engine for game: Berserker
LogPlatformFile: Not using cached read wrapper
LogInit: Display: RandInit(1813981317) SRandInit(1813981317).
LogTaskGraph: Started task graph with 5 named threads and 14 total threads with 3 sets of task threads.
LogStats: Stats thread started at 20.206503
LogD3D11RHI: Aftermath initialized
LogPluginManager: Mounting plugin Paper2D
LogPluginManager: Mounting plugin LightPropagationVolume
LogPluginManager: Mounting plugin CodeLiteSourceCodeAccess
LogPluginManager: Mounting plugin GitSourceControl
LogPluginManager: Mounting plugin KDevelopSourceCodeAccess
LogPluginManager: Mounting plugin NullSourceCodeAccess
LogPluginManager: Mounting plugin PerforceSourceControl
LogPluginManager: Mounting plugin SubversionSourceControl
LogPluginManager: Mounting plugin UObjectPlugin
LogPluginManager: Mounting plugin VisualStudioSourceCodeAccess
LogPluginManager: Mounting plugin XCodeSourceCodeAccess
LogPluginManager: Mounting plugin AssetManagerEditor
LogPluginManager: Mounting plugin AudioCapture
LogPluginManager: Mounting plugin FacialAnimation
LogPluginManager: Mounting plugin GameplayTagsEditor
LogPluginManager: Mounting plugin MobileLauncherProfileWizard
LogPluginManager: Mounting plugin PluginBrowser
LogPluginManager: Mounting plugin SpeedTreeImporter
LogPluginManager: Mounting plugin AlembicImporter
LogPluginManager: Mounting plugin CharacterAI
LogPluginManager: Mounting plugin HTML5Networking
LogPluginManager: Mounting plugin AndroidMedia
LogPluginManager: Mounting plugin AvfMedia
LogPluginManager: Mounting plugin MediaPlayerEditor
LogPluginManager: Mounting plugin WmfMedia
LogPluginManager: Mounting plugin TcpMessaging
LogPluginManager: Mounting plugin UdpMessaging
LogPluginManager: Mounting plugin LevelSequenceEditor
LogPluginManager: Mounting plugin MatineeToLevelSequence
LogPluginManager: Mounting plugin OnlineSubsystemGooglePlay
LogPluginManager: Mounting plugin OnlineSubsystemIOS
LogPluginManager: Mounting plugin OnlineSubsystem
LogPluginManager: Mounting plugin OnlineSubsystemNull
LogPluginManager: Mounting plugin OnlineSubsystemUtils
LogPluginManager: Mounting plugin AndroidDeviceProfileSelector
LogPluginManager: Mounting plugin AndroidMoviePlayer
LogPluginManager: Mounting plugin AndroidPermission
LogPluginManager: Mounting plugin AppleMoviePlayer
LogPluginManager: Mounting plugin ArchVisCharacter
LogPluginManager: Mounting plugin CableComponent
LogPluginManager: Mounting plugin CustomMeshComponent
LogPluginManager: Mounting plugin ExampleDeviceProfileSelector
LogPluginManager: Mounting plugin GoogleCloudMessaging
LogPluginManager: Mounting plugin ImmediatePhysics
LogPluginManager: Mounting plugin IOSDeviceProfileSelector
LogPluginManager: Mounting plugin LinuxDeviceProfileSelector
LogPluginManager: Mounting plugin LocationServicesBPLibrary
LogPluginManager: Mounting plugin MobilePatchingUtils
LogPluginManager: Mounting plugin OculusVR
LogPluginManager: Mounting plugin PhysXVehicles
LogPluginManager: Mounting plugin ProceduralMeshComponent
LogPluginManager: Mounting plugin RuntimePhysXCooking
LogPluginManager: Mounting plugin SteamVR
LogPluginManager: Mounting plugin WindowsMoviePlayer
LogInit: Using libcurl 7.47.1
LogInit:  - built for x86_64-pc-win32
LogInit:  - supports SSL with OpenSSL/1.0.2g
LogInit:  - supports HTTP deflate (compression) using libz 1.2.8
LogInit:  - other features:
LogInit:      CURL_VERSION_SSL
LogInit:      CURL_VERSION_LIBZ
LogInit:      CURL_VERSION_IPV6
LogInit:      CURL_VERSION_ASYNCHDNS
LogInit:      CURL_VERSION_LARGEFILE
LogInit:      CURL_VERSION_IDN
LogInit:  CurlRequestOptions (configurable via config and command line):
LogInit:  - bVerifyPeer = false  - Libcurl will NOT verify peer certificate
LogInit:  - bUseHttpProxy = false  - Libcurl will NOT use HTTP proxy
LogInit:  - bDontReuseConnections = false  - Libcurl will reuse connections
LogInit:  - CertBundlePath = nullptr  - Libcurl will use whatever was configured at build time.
LogInit: Build: ++UE4+Release-4.17-CL-3586342
LogInit: Engine Version: 4.17.1-3586342+++UE4+Release-4.17
LogInit: Compatible Engine Version: 4.17.0-3573198+++UE4+Release-4.17
LogInit: Net CL: 3573198
LogDevObjectVersion: Number of dev versions registered: 16
LogDevObjectVersion:   Dev-Blueprints (B0D832E4-1F89-4F0D-ACCF-7EB736FD4AA2): 10
LogDevObjectVersion:   Dev-Build (E1C64328-A22C-4D53-A36C-8E866417BD8C): 0
LogDevObjectVersion:   Dev-Core (375EC13C-06E4-48FB-B500-84F0262A717E): 2
LogDevObjectVersion:   Dev-Editor (E4B068ED-F494-42E9-A231-DA0B2E46BB41): 20
LogDevObjectVersion:   Dev-Framework (CFFC743F-43B0-4480-9391-14DF171D2073): 28
LogDevObjectVersion:   Dev-Mobile (B02B49B5-BB20-44E9-A304-32B752E40360): 0
LogDevObjectVersion:   Dev-Networking (A4E4105C-59A1-49B5-A7C5-40C4547EDFEE): 0
LogDevObjectVersion:   Dev-Online (39C831C9-5AE6-47DC-9A44-9C173E1C8E7C): 0
LogDevObjectVersion:   Dev-Physics (78F01B33-EBEA-4F98-B9B4-84EACCB95AA2): 0
LogDevObjectVersion:   Dev-Platform (6631380F-2D4D-43E0-8009-CF276956A95A): 0
LogDevObjectVersion:   Dev-Rendering (12F88B9F-8875-4AFC-A67C-D90C383ABD29): 19
LogDevObjectVersion:   Dev-Sequencer (7B5AE74C-D270-4C10-A958-57980B212A5A): 4
LogDevObjectVersion:   Dev-VR (D7296918-1DD6-4BDD-9DE2-64A83CC13884): 0
LogDevObjectVersion:   Dev-LoadTimes (C2A15278-BFE7-4AFE-6C17-90FF531DF755): 1
LogDevObjectVersion:   Private-Geometry (6EACA3D4-40EC-4CC1-B786-8BED09428FC5): 1
LogDevObjectVersion:   Dev-AnimPhys (29E575DD-E0A3-4627-9D10-D276232CDCEA): 7
LogInit: Compiled (64-bit): Aug 15 2017 02:05:26
LogInit: Compiled with Visual C++: 19.00.24215.01
LogInit: Build Configuration: Development
LogInit: Branch Name: ++UE4+Release-4.17
LogInit: Command line:  
LogInit: Base directory: D:/UnrealEngine/UE_4.17/Engine/Binaries/Win64/
LogInit: Installed Engine Build: 1
LogInit: Presizing for max 8388607 objects, including 0 objects not considered by GC, pre-allocating 0 bytes for permanent pool.
LogInit: Object subsystem initialized
[2017.11.20-09.43.22:530][  0]LogInit: Selected Device Profile: [Windows]
[2017.11.20-09.43.22:530][  0]LogInit: Applying CVar settings loaded from the selected device profile: [Windows]
[2017.11.20-09.43.23:300][  0]LogInit: Computer: DESKTOP-6JOGDQL
[2017.11.20-09.43.23:300][  0]LogInit: User: JWOH
[2017.11.20-09.43.23:300][  0]LogInit: CPU Page size=4096, Cores=4
[2017.11.20-09.43.23:300][  0]LogInit: High frequency timer resolution =2.531251 MHz
[2017.11.20-09.43.23:300][  0]LogMemory: Memory total: Physical=7.9GB (8GB approx)
[2017.11.20-09.43.23:300][  0]LogMemory: Platform Memory Stats for Windows
[2017.11.20-09.43.23:300][  0]LogMemory: Process Physical Memory: 280.71 MB used, 280.71 MB peak
[2017.11.20-09.43.23:300][  0]LogMemory: Process Virtual Memory: 286.39 MB used, 286.39 MB peak
[2017.11.20-09.43.23:300][  0]LogMemory: Physical Memory: 5293.18 MB used,  2762.48 MB free, 8055.66 MB total
[2017.11.20-09.43.23:300][  0]LogMemory: Virtual Memory: 676.42 MB used,  2762.48 MB free, 134217728.00 MB total
[2017.11.20-09.43.29:847][  0]LogInit: Using OS detected language (ko-KR).
[2017.11.20-09.43.29:847][  0]LogInit: Using OS detected locale (ko-KR).
[2017.11.20-09.43.30:671][  0]LogTextLocalizationManager: No specific localization for 'ko-KR' exists, so the 'ko' localization will be used.
[2017.11.20-09.43.43:160][  0]LogD3D11RHI: D3D11 adapters:
[2017.11.20-09.43.43:215][  0]LogD3D11RHI:    0. 'NVIDIA GeForce GTX 960M' (Feature Level 11_0)
[2017.11.20-09.43.43:215][  0]LogD3D11RHI:       2019/0/4027 MB DedicatedVideo/DedicatedSystem/SharedSystem, Outputs:1, VendorId:0x10de
[2017.11.20-09.43.43:257][  0]LogD3D11RHI:    1. 'Intel(R) HD Graphics 530' (Feature Level 11_0)
[2017.11.20-09.43.43:257][  0]LogD3D11RHI:       128/0/4027 MB DedicatedVideo/DedicatedSystem/SharedSystem, Outputs:0, VendorId:0x8086
[2017.11.20-09.43.43:261][  0]LogD3D11RHI:    2. 'Microsoft Basic Render Driver' (Feature Level 11_0)
[2017.11.20-09.43.43:261][  0]LogD3D11RHI:       0/0/4027 MB DedicatedVideo/DedicatedSystem/SharedSystem, Outputs:0, VendorId:0x1414
[2017.11.20-09.43.43:261][  0]LogD3D11RHI: Chosen D3D11 Adapter: 0
[2017.11.20-09.43.43:295][  0]LogD3D11RHI: Creating new Direct3DDevice
[2017.11.20-09.43.43:295][  0]LogD3D11RHI:     GPU DeviceId: 0x139b (for the marketing name, search the web for "GPU Device Id")
[2017.11.20-09.43.43:305][  0]LogWindows: EnumDisplayDevices:
[2017.11.20-09.43.43:305][  0]LogWindows:    0. 'Intel(R) HD Graphics 530' (P:1 D:1)
[2017.11.20-09.43.43:306][  0]LogWindows:    1. 'Intel(R) HD Graphics 530' (P:0 D:0)
[2017.11.20-09.43.43:307][  0]LogWindows:    2. 'Intel(R) HD Graphics 530' (P:0 D:0)
[2017.11.20-09.43.43:307][  0]LogWindows: DebugString: PrimaryIsNotTheChoosenAdapter PrimaryIsNotTheChoosenAdapter PrimaryIsNotTheChoosenAdapter FoundDriverCount:0 
[2017.11.20-09.43.43:307][  0]LogD3D11RHI:     Adapter Name: NVIDIA GeForce GTX 960M
[2017.11.20-09.43.43:307][  0]LogD3D11RHI:   Driver Version: Unknown (internal:Unknown, unified:Unknown)
[2017.11.20-09.43.43:307][  0]LogD3D11RHI:      Driver Date: Unknown
[2017.11.20-09.43.43:307][  0]LogRHI: Texture pool is 1361 MB (70% of 1945 MB)
[2017.11.20-09.43.43:430][  0]LogD3D11RHI: Async texture creation enabled
[2017.11.20-09.43.45:660][  0]LogD3D11RHI: GPU Timing Frequency: 1000.000000 (Debug: 2 1)
[2017.11.20-09.43.46:590][  0]LogShaderCompilers: Guid format shader working directory is -13 characters bigger than the processId version (../../../../../NewGarden/GardenProject/NGA/Project/Berserker/Intermediate/Shaders/WorkingDirectory/8532/).
[2017.11.20-09.43.46:591][  0]LogShaderCompilers: Cleaned the shader compiler working directory 'C:/Users/J.W OH/AppData/Local/Temp/UnrealShaderWorkingDir/CAF60CF64E35546FA27C0AB3E7AAF5E2/'.
[2017.11.20-09.43.46:653][  0]LogShaderCompilers: Display: Using Local Shader Compiler.
[2017.11.20-09.44.02:378][  0]LogTemp: Display: Loaded TP AllDesktopTargetPlatform
[2017.11.20-09.44.02:476][  0]LogTemp: Display: Loaded TP MacClientTargetPlatform
[2017.11.20-09.44.02:558][  0]LogTemp: Display: Loaded TP MacNoEditorTargetPlatform
[2017.11.20-09.44.02:621][  0]LogTemp: Display: Loaded TP MacServerTargetPlatform
[2017.11.20-09.44.02:733][  0]LogTemp: Display: Loaded TP MacTargetPlatform
[2017.11.20-09.44.02:794][  0]LogTemp: Display: Loaded TP WindowsClientTargetPlatform
[2017.11.20-09.44.02:852][  0]LogTemp: Display: Loaded TP WindowsNoEditorTargetPlatform
[2017.11.20-09.44.02:922][  0]LogTemp: Display: Loaded TP WindowsServerTargetPlatform
[2017.11.20-09.44.02:971][  0]LogTemp: Display: Loaded TP WindowsTargetPlatform
[2017.11.20-09.44.03:096][  0]LogTemp: Display: Loaded TP AndroidTargetPlatform
[2017.11.20-09.44.03:154][  0]LogTemp: Display: Loaded TP Android_ASTCTargetPlatform
[2017.11.20-09.44.03:208][  0]LogTemp: Display: Loaded TP Android_ATCTargetPlatform
[2017.11.20-09.44.03:261][  0]LogTemp: Display: Loaded TP Android_DXTTargetPlatform
[2017.11.20-09.44.03:316][  0]LogTemp: Display: Loaded TP Android_ETC1TargetPlatform
[2017.11.20-09.44.03:372][  0]LogTemp: Display: Loaded TP Android_ETC2TargetPlatform
[2017.11.20-09.44.03:480][  0]LogTemp: Display: Loaded TP Android_MultiTargetPlatform
[2017.11.20-09.44.03:480][  0]LogTemp: Display: Loaded TP Android_PVRTCTargetPlatform
[2017.11.20-09.44.03:518][  0]LogTemp: Display: Loaded TP HTML5TargetPlatform
[2017.11.20-09.44.03:919][  0]LogTemp: Display: Loaded TP IOSTargetPlatform
[2017.11.20-09.44.03:957][  0]LogTemp: Display: Loaded TP TVOSTargetPlatform
[2017.11.20-09.44.04:012][  0]LogTemp: Display: Loaded TP LinuxClientTargetPlatform
[2017.11.20-09.44.04:086][  0]LogTemp: Display: Loaded TP LinuxNoEditorTargetPlatform
[2017.11.20-09.44.04:150][  0]LogTemp: Display: Loaded TP LinuxServerTargetPlatform
[2017.11.20-09.44.04:270][  0]LogTemp: Display: Loaded TP LinuxTargetPlatform
[2017.11.20-09.44.04:293][  0]LogTargetPlatformManager: Display: Building Assets For Windows
[2017.11.20-09.44.09:100][  0]LogDerivedDataCache: Display: Max Cache Size: 512 MB
[2017.11.20-09.44.09:535][  0]LogDerivedDataCache: Loaded boot cache 0.43s 93MB C:/Users/J.W OH/AppData/Local/UnrealEngine/4.17/DerivedDataCache/Boot.ddc.
[2017.11.20-09.44.09:535][  0]LogDerivedDataCache: Display: Loaded Boot cache: C:/Users/J.W OH/AppData/Local/UnrealEngine/4.17/DerivedDataCache/Boot.ddc
[2017.11.20-09.44.09:535][  0]LogDerivedDataCache: FDerivedDataBackendGraph:  Pak pak cache file ../../../../../NewGarden/GardenProject/NGA/Project/Berserker/DerivedDataCache/DDC.ddp not found, will not use a pak cache.
[2017.11.20-09.44.09:535][  0]LogDerivedDataCache: Unable to find inner node Pak for hierarchical cache Hierarchy.
[2017.11.20-09.44.09:535][  0]LogDerivedDataCache: FDerivedDataBackendGraph:  CompressedPak pak cache file ../../../../../NewGarden/GardenProject/NGA/Project/Berserker/DerivedDataCache/Compressed.ddp not found, will not use a pak cache.
[2017.11.20-09.44.09:535][  0]LogDerivedDataCache: Unable to find inner node CompressedPak for hierarchical cache Hierarchy.
[2017.11.20-09.44.09:720][  0]LogDerivedDataCache: Display: Pak cache opened for reading ../../../Engine/DerivedDataCache/Compressed.ddp.
[2017.11.20-09.44.09:732][  0]LogDerivedDataCache: Using Local data cache path C:/Users/J.W OH/AppData/Local/UnrealEngine/Common/DerivedDataCache: Writable
[2017.11.20-09.44.10:212][  0]LogMaterial: Verifying Global Shaders for PCD3D_SM5
[2017.11.20-09.44.10:552][  0]LogSlate: Using Freetype 2.6.0
[2017.11.20-09.44.11:060][  0]LogSlate: SlateFontCache - WITH_FREETYPE: 1, WITH_HARFBUZZ: 1
[2017.11.20-09.44.11:082][  0]LogSlate: SlateFontCache - WITH_FREETYPE: 1, WITH_HARFBUZZ: 1
[2017.11.20-09.45.01:553][  0]LogAssetRegistry: FAssetRegistry took 0.1549 seconds to start up
[2017.11.20-09.45.08:250][  0]LogInit: Selected Device Profile: [Windows]
[2017.11.20-09.45.25:347][  0]LogContentStreaming: Texture pool size is 0.00 MB
[2017.11.20-09.45.31:914][  0]LogSimplygon: Simplygon DLL not present - disabling.
[2017.11.20-09.45.32:055][  0]LogMeshReduction: Using SimplygonSwarm for distributed automatic mesh merging
[2017.11.20-09.45.32:096][  0]LogMeshReduction: Using QuadricMeshReduction for automatic static mesh reduction
[2017.11.20-09.45.32:147][  0]LogMeshReduction: No automatic skeletal mesh reduction module available
[2017.11.20-09.45.32:147][  0]LogMeshReduction: No automatic mesh merging module available
[2017.11.20-09.45.32:147][  0]LogMeshMerging: No automatic mesh merging module available
[2017.11.20-09.45.51:164][  0]LogNetVersion: Berserker , NetCL: 3573198, EngineNetVer: 2, GameNetVer: 0 (Checksum: 408643392)
[2017.11.20-09.46.02:348][  0]LogPackageLocalizationCache: Processed 5 localized package path(s) for 2 prioritized culture(s) in 0.553081 seconds
[2017.11.20-09.46.02:413][  0]LogUObjectArray: 35825 objects as part of root set at end of initial load.
[2017.11.20-09.46.02:413][  0]LogUObjectAllocator: 7529104 out of 0 bytes used by permanent object pool.
[2017.11.20-09.46.02:413][  0]LogUObjectArray: CloseDisregardForGC: 0/0 objects in disregard for GC pool
[2017.11.20-09.46.02:478][  0]LogInit: WinSock: version 1.1 (2.2), MaxSocks=32767, MaxUdp=65467
[2017.11.20-09.47.33:185][  0]LogTcpMessaging: Initializing TcpMessaging bridge
[2017.11.20-09.47.33:437][  0]LogUdpMessaging: Initializing bridge on interface 0.0.0.0:0 to multicast group 230.0.0.1:6666.
[2017.11.20-09.47.42:449][  0]LogMaterial: Uniform references updated for custom material expression Custom.
[2017.11.20-09.47.47:348][  0]SourceControl: 소스 콘트롤이 꺼졌습니다.
[2017.11.20-09.47.47:352][  0]SourceControl: 소스 콘트롤이 꺼졌습니다.
[2017.11.20-09.47.48:316][  0]SourceControl: 소스 콘트롤이 꺼졌습니다.
[2017.11.20-09.47.48:560][  0]SourceControl: 소스 콘트롤이 꺼졌습니다.
[2017.11.20-09.47.54:726][  0]LogAndroidPermission: UAndroidPermissionCallbackProxy::GetInstance
[2017.11.20-09.47.55:563][  0]LogOcInput: OculusInput pre-init called
[2017.11.20-09.48.00:421][  0]LogEngine: Initializing Engine...
[2017.11.20-09.48.00:758][  0]LogHMD: Failed to initialize OpenVR with code 110
[2017.11.20-09.48.04:099][  0]LogStats: UGameplayTagsManager::ConstructGameplayTagTree: Construct from data asset -  0.000 s
[2017.11.20-09.48.04:120][  0]LogStats: UGameplayTagsManager::ConstructGameplayTagTree: GameplayTagTreeChangedEvent.Broadcast -  0.000 s
[2017.11.20-09.48.08:559][  0]LogAIModule: Creating AISystem for world Untitled
[2017.11.20-09.48.10:322][  0]LogInit: XAudio2 using '스피커(Realtek High Definition Audio(SST))' : 2 channels at 48 kHz using 32 bits per sample (channel mask 0x3)
[2017.11.20-09.48.10:439][  0]LogInit: FAudioDevice initialized.
[2017.11.20-09.48.10:661][  0]LogDerivedDataCache: Saved boot cache 0.20s 93MB C:/Users/J.W OH/AppData/Local/UnrealEngine/4.17/DerivedDataCache/Boot.ddc.
[2017.11.20-09.48.10:675][  0]LogInit: Texture streaming: Enabled
[2017.11.20-09.48.11:397][  0]LogEngineSessionManager: EngineSessionManager initialized
[2017.11.20-09.48.15:995][  0]LogInit: Transaction tracking system initialized
[2017.11.20-09.48.19:527][  0]BlueprintLog: New page: 에디터 로드
[2017.11.20-09.48.30:412][  0]LocalizationService: 현지화 서비스가 비활성화되었습니다.
[2017.11.20-09.48.39:047][  0]LogConsoleResponse: Display: 
[2017.11.20-09.48.48:092][  0]LogFileCache: Scanning file cache for directory 'D:/NewGarden/GardenProject/NGA/Project/Berserker/Content/' took 0.33s
[2017.11.20-09.48.48:092][  0]LogCook: Display: Max memory allowance for cook 16384mb min free memory 0mb
[2017.11.20-09.48.48:113][  0]LogCook: Display: Mobile HDR setting 1
[2017.11.20-09.48.48:290][  0]LogGameplayTags: Display: UGameplayTagsManager::DoneAddingNativeTags. DelegateIsBound: 0
[2017.11.20-09.48.54:386][  0]SourceControl: 소스 콘트롤이 꺼졌습니다.
[2017.11.20-09.48.54:503][  0]Cmd: MAP LOAD FILE="../../../../../NewGarden/GardenProject/NGA/Project/Berserker/Content/PlayerCharacterBP/Maps/Arena.umap" TEMPLATE=0 SHOWPROGRESS=1 FEATURELEVEL=3
[2017.11.20-09.48.54:676][  0]LightingResults: New page: 라이팅 빌드
[2017.11.20-09.48.55:021][  0]MapCheck: New page: 맵 체크
[2017.11.20-09.48.55:021][  0]LightingResults: New page: 라이팅 빌드
[2017.11.20-09.49.03:460][  0]LogAIModule: Creating AISystem for world Arena
[2017.11.20-09.49.04:628][  0]LogEditorServer: Finished looking for orphan Actors (0.000 secs)
[2017.11.20-09.49.05:097][  0]Cmd: MAP CHECKDEP NOCLEARLOG
[2017.11.20-09.49.06:029][  0]MapCheck: 맵 체크 완료: 오류 0 회, 경고 0 회, 소요 시간 931.541ms.
[2017.11.20-09.49.06:030][  0]LogFileHelpers: Loading map 'Arena' took 11.605
[2017.11.20-09.49.08:288][  0]LogCollectionManager: Loaded 0 collections in 0.001132 seconds
[2017.11.20-09.49.08:507][  0]LogFileCache: Scanning file cache for directory 'D:/NewGarden/GardenProject/NGA/Project/Berserker/Saved/Collections/' took 0.01s
[2017.11.20-09.49.08:507][  0]LogFileCache: Scanning file cache for directory 'D:/NewGarden/GardenProject/NGA/Project/Berserker/Content/Developers/JWOH/Collections/' took 0.01s
[2017.11.20-09.49.08:507][  0]LogFileCache: Scanning file cache for directory 'D:/NewGarden/GardenProject/NGA/Project/Berserker/Content/Collections/' took 0.01s
[2017.11.20-09.49.08:507][  0]LogCollectionManager: Rebuilt the GUID cache for 0 collections in 0.000001 seconds
[2017.11.20-09.49.08:539][  0]LogContentBrowser: Native class hierarchy populated in 0.0302 seconds. Added 2386 classes and 500 folders.
[2017.11.20-09.49.08:726][  0]LogContentBrowser: Native class hierarchy updated for 'WidgetCarousel' in 0.0007 seconds. Added 0 classes and 0 folders.
[2017.11.20-09.49.09:961][  0]LogContentBrowser: Native class hierarchy updated for 'AddContentDialog' in 0.0007 seconds. Added 0 classes and 0 folders.
[2017.11.20-09.49.10:094][  0]LogContentBrowser: Native class hierarchy updated for 'SceneOutliner' in 0.0008 seconds. Added 1 classes and 2 folders.
[2017.11.20-09.49.11:100][  0]LogSlate: Took 0.050503 seconds to synchronously load lazily loaded font '../../../Engine/Content/Slate/Fonts/Roboto-Regular.ttf' (155K)
[2017.11.20-09.49.11:180][  0]LogSlate: Took 0.078353 seconds to synchronously load lazily loaded font '../../../Engine/Content/Slate/Fonts/NanumGothic.ttf' (4243K)
[2017.11.20-09.49.11:201][  0]LogSlate: Took 0.020445 seconds to synchronously load lazily loaded font '../../../Engine/Content/Slate/Fonts/Roboto-Bold.ttf' (160K)
[2017.11.20-09.49.11:288][  0]LogSlate: Took 0.015697 seconds to synchronously load lazily loaded font '../../../Engine/Content/Editor/Slate/Fonts/FontAwesome.ttf' (139K)
[2017.11.20-09.49.12:296][  0]LogRenderer: Reallocating scene render targets to support 1208x576 Format 10 NumSamples 1 (Frame:1).
[2017.11.20-09.49.14:653][  0]LogContentBrowser: Native class hierarchy updated for 'HierarchicalLODOutliner' in 0.0012 seconds. Added 1 classes and 2 folders.
[2017.11.20-09.49.14:653][  0]LogLoad: (Engine Initialization) Total time: 427.50 seconds
[2017.11.20-09.49.14:653][  0]LogLoad: (Engine Initialization) Total Blueprint compile time: 0.00 seconds
[2017.11.20-09.49.14:666][  0]LogExternalProfiler: Found external profiler: VSPerf
[2017.11.20-09.49.14:666][  0]LogExternalProfiler: Using external profiler: VSPerf
[2017.11.20-09.49.15:605][  0]LogContentStreaming: Texture pool size now 1000 MB
[2017.11.20-09.49.16:320][  1]LogSlate: Took 0.018889 seconds to synchronously load lazily loaded font '../../../Engine/Content/Slate/Fonts/Roboto-Light.ttf' (159K)
[2017.11.20-09.49.17:386][  4]LogAssetRegistry: Asset discovery search completed in 255.8705 seconds
[2017.11.20-09.49.17:400][  4]LogCollectionManager: Rebuilt the object cache for 0 collections in 0.000001 seconds (found 0 objects)
[2017.11.20-09.49.17:405][  4]LogCollectionManager: Fixed up redirectors for 0 collections in 0.005126 seconds (updated 0 objects)
[2017.11.20-09.53.41:358][900]LogWindowsTextInputMethodSystem: Display: IME system now activated using TSF (Microsoft 입력기).
[2017.11.20-09.53.42:219][901]Cmd: QUIT_EDITOR
[2017.11.20-09.53.42:884][901]LogExit: Preparing to exit.
[2017.11.20-09.53.44:328][901]LogDirectoryWatcher: A directory notification for 'D:/NewGarden/GardenProject/NGA/Project/Berserker/Content/' was aborted.
[2017.11.20-09.53.44:721][901]LogExit: Editor shut down
[2017.11.20-09.53.44:729][901]LogExit: Transaction tracking system shut down
[2017.11.20-09.53.45:039][901]LogDirectoryWatcher: A directory notification for '../../../Engine/Content/' was aborted.
[2017.11.20-09.53.45:040][901]LogDirectoryWatcher: A directory notification for '../../../../../NewGarden/GardenProject/NGA/Project/Berserker/Content/' was aborted.
[2017.11.20-09.53.45:040][901]LogDirectoryWatcher: A directory notification for '../../../Engine/Plugins/2D/Paper2D/Content/' was aborted.
[2017.11.20-09.53.45:040][901]LogDirectoryWatcher: A directory notification for '../../../Engine/Plugins/Runtime/Oculus/OculusVR/Content/' was aborted.
[2017.11.20-09.53.45:040][901]LogDirectoryWatcher: A directory notification for '../../../Engine/Plugins/Runtime/Steam/SteamVR/Content/' was aborted.
[2017.11.20-09.53.46:741][901]LogExit: Object subsystem successfully closed.
[2017.11.20-09.53.46:982][901]LogD3D11RHI: Shutdown
[2017.11.20-09.53.47:000][901]LogD3D11RHI: CleanupD3DDevice
[2017.11.20-09.53.47:190][901]LogD3D11RHI: ~FD3D11DynamicRHI
[2017.11.20-09.53.48:239][901]LogModuleManager: Shutting down and abandoning module HierarchicalLODOutliner (530)
[2017.11.20-09.53.48:239][901]LogModuleManager: Shutting down and abandoning module SceneOutliner (528)
[2017.11.20-09.53.48:253][901]LogModuleManager: Shutting down and abandoning module AddContentDialog (526)
[2017.11.20-09.53.48:270][901]LogDirectoryWatcher: A directory notification for 'D:/UnrealEngine/UE_4.17/FeaturePacks/' was aborted.
[2017.11.20-09.53.48:283][901]LogModuleManager: Shutting down and abandoning module WidgetCarousel (525)
[2017.11.20-09.53.48:283][901]LogModuleManager: Shutting down and abandoning module EditorWidgets (522)
[2017.11.20-09.53.48:283][901]LogModuleManager: Shutting down and abandoning module CollectionManager (520)
[2017.11.20-09.53.48:293][901]LogDirectoryWatcher: A directory notification for 'D:/NewGarden/GardenProject/NGA/Project/Berserker/Content/Collections/' was aborted.
[2017.11.20-09.53.48:293][901]LogDirectoryWatcher: A directory notification for 'D:/NewGarden/GardenProject/NGA/Project/Berserker/Content/Developers/JWOH/Collections/' was aborted.
[2017.11.20-09.53.48:293][901]LogDirectoryWatcher: A directory notification for 'D:/NewGarden/GardenProject/NGA/Project/Berserker/Saved/Collections/' was aborted.
[2017.11.20-09.53.48:293][901]LogModuleManager: Shutting down and abandoning module StatsViewer (518)
[2017.11.20-09.53.48:316][901]LogModuleManager: Shutting down and abandoning module FoliageEdit (516)
[2017.11.20-09.53.48:316][901]LogModuleManager: Shutting down and abandoning module LandscapeEditor (514)
[2017.11.20-09.53.48:355][901]LogModuleManager: Shutting down and abandoning module MeshPaintMode (512)
[2017.11.20-09.53.48:355][901]LogModuleManager: Shutting down and abandoning module SceneDepthPickerMode (510)
[2017.11.20-09.53.48:355][901]LogModuleManager: Shutting down and abandoning module ActorPickerMode (508)
[2017.11.20-09.53.48:355][901]LogModuleManager: Shutting down and abandoning module GeometryMode (506)
[2017.11.20-09.53.48:355][901]LogModuleManager: Shutting down and abandoning module TextureAlignMode (504)
[2017.11.20-09.53.48:355][901]LogModuleManager: Shutting down and abandoning module BspMode (502)
[2017.11.20-09.53.48:367][901]LogModuleManager: Shutting down and abandoning module PIEPreviewDeviceProfileSelector (500)
[2017.11.20-09.53.48:367][901]LogModuleManager: Shutting down and abandoning module HardwareSurvey (498)
[2017.11.20-09.53.48:367][901]LogModuleManager: Shutting down and abandoning module SequenceRecorderSections (496)
[2017.11.20-09.53.48:367][901]LogModuleManager: Shutting down and abandoning module AutomationWorker (494)
[2017.11.20-09.53.48:376][901]LogModuleManager: Shutting down and abandoning module MatineeToLevelSequence (492)
[2017.11.20-09.53.48:393][901]LogModuleManager: Shutting down and abandoning module LevelSequenceEditor (490)
[2017.11.20-09.53.48:417][901]LogModuleManager: Shutting down and abandoning module PlacementMode (489)
[2017.11.20-09.53.48:418][901]LogModuleManager: Shutting down and abandoning module WmfMediaFactory (486)
[2017.11.20-09.53.48:418][901]LogModuleManager: Shutting down and abandoning module WmfMediaEditor (484)
[2017.11.20-09.53.48:418][901]LogModuleManager: Shutting down and abandoning module AvfMediaFactory (482)
[2017.11.20-09.53.48:418][901]LogModuleManager: Shutting down and abandoning module AvfMediaEditor (480)
[2017.11.20-09.53.48:418][901]LogModuleManager: Shutting down and abandoning module AndroidMediaFactory (478)
[2017.11.20-09.53.48:418][901]LogModuleManager: Shutting down and abandoning module Media (477)
[2017.11.20-09.53.48:418][901]LogModuleManager: Shutting down and abandoning module AndroidMediaEditor (474)
[2017.11.20-09.53.48:418][901]LogModuleManager: Shutting down and abandoning module CharacterAI (472)
[2017.11.20-09.53.48:418][901]LogModuleManager: Shutting down and abandoning module AudioCapture (470)
[2017.11.20-09.53.48:418][901]LogModuleManager: Shutting down and abandoning module SequenceRecorder (469)
[2017.11.20-09.53.48:437][901]LogModuleManager: Shutting down and abandoning module SmartSnapping (466)
[2017.11.20-09.53.48:437][901]LogModuleManager: Shutting down and abandoning module SessionServices (464)
[2017.11.20-09.53.48:437][901]LogModuleManager: Shutting down and abandoning module ViewportSnapping (462)
[2017.11.20-09.53.48:437][901]LogModuleManager: Shutting down and abandoning module ViewportInteraction (460)
[2017.11.20-09.53.48:437][901]LogModuleManager: Shutting down and abandoning module ClothPainter (458)
[2017.11.20-09.53.48:476][901]LogModuleManager: Shutting down and abandoning module LogVisualizer (456)
[2017.11.20-09.53.48:503][901]LogModuleManager: Shutting down and abandoning module IntroTutorials (454)
[2017.11.20-09.53.48:534][901]LogModuleManager: Shutting down and abandoning module GameProjectGeneration (453)
[2017.11.20-09.53.48:559][901]LogModuleManager: Shutting down and abandoning module IOSPlatformEditor (450)
[2017.11.20-09.53.48:559][901]LogModuleManager: Shutting down and abandoning module HTML5PlatformEditor (448)
[2017.11.20-09.53.48:559][901]LogModuleManager: Shutting down and abandoning module AndroidPlatformEditor (446)
[2017.11.20-09.53.48:559][901]LogModuleManager: Shutting down and abandoning module AndroidDeviceDetection (445)
[2017.11.20-09.53.48:974][901]LogModuleManager: Shutting down and abandoning module WindowsPlatformEditor (442)
[2017.11.20-09.53.48:974][901]LogModuleManager: Shutting down and abandoning module IOSRuntimeSettings (440)
[2017.11.20-09.53.48:974][901]LogModuleManager: Shutting down and abandoning module AndroidRuntimeSettings (438)
[2017.11.20-09.53.48:974][901]LogModuleManager: Shutting down and abandoning module InputBindingEditor (436)
[2017.11.20-09.53.48:999][901]LogModuleManager: Shutting down and abandoning module MergeActors (434)
[2017.11.20-09.53.49:024][901]LogModuleManager: Shutting down and abandoning module SizeMap (432)
[2017.11.20-09.53.49:024][901]LogModuleManager: Shutting down and abandoning module TreeMap (430)
[2017.11.20-09.53.49:055][901]LogModuleManager: Shutting down and abandoning module ReferenceViewer (428)
[2017.11.20-09.53.49:055][901]LogModuleManager: Shutting down and abandoning module LocalizationDashboard (426)
[2017.11.20-09.53.49:089][901]LogModuleManager: Shutting down and abandoning module LocalizationService (425)
[2017.11.20-09.53.49:113][901]LogModuleManager: Shutting down and abandoning module HardwareTargeting (422)
[2017.11.20-09.53.49:113][901]LogModuleManager: Shutting down and abandoning module DeviceProfileEditor (420)
[2017.11.20-09.53.49:123][901]LogModuleManager: Shutting down and abandoning module UndoHistory (418)
[2017.11.20-09.53.49:123][901]LogModuleManager: Shutting down and abandoning module XmlParser (416)
[2017.11.20-09.53.49:123][901]LogModuleManager: Shutting down and abandoning module Blutility (414)
[2017.11.20-09.53.49:123][901]LogModuleManager: Shutting down and abandoning module ProjectSettingsViewer (412)
[2017.11.20-09.53.49:123][901]LogModuleManager: Shutting down and abandoning module ProjectTargetPlatformEditor (411)
[2017.11.20-09.53.49:123][901]LogModuleManager: Shutting down and abandoning module EditorSettingsViewer (408)
[2017.11.20-09.53.49:123][901]LogModuleManager: Shutting down and abandoning module SettingsEditor (406)
[2017.11.20-09.53.49:148][901]LogModuleManager: Shutting down and abandoning module ProjectLauncher (404)
[2017.11.20-09.53.49:159][901]LogModuleManager: Shutting down and abandoning module SessionFrontend (402)
[2017.11.20-09.53.49:173][901]LogModuleManager: Shutting down and abandoning module ProfilerClient (400)
[2017.11.20-09.53.49:197][901]LogModuleManager: Shutting down and abandoning module DeviceManager (398)
[2017.11.20-09.53.49:226][901]LogModuleManager: Shutting down and abandoning module TargetDeviceServices (397)
[2017.11.20-09.53.49:310][901]LogModuleManager: Shutting down and abandoning module AutomationController (394)
[2017.11.20-09.53.49:388][901]LogModuleManager: Shutting down and abandoning module AutomationWindow (392)
[2017.11.20-09.53.49:425][901]LogModuleManager: Shutting down and abandoning module Layers (390)
[2017.11.20-09.53.49:468][901]LogModuleManager: Shutting down and abandoning module ComponentVisualizers (388)
[2017.11.20-09.53.49:469][901]LogModuleManager: Shutting down and abandoning module DetailCustomizations (386)
[2017.11.20-09.53.49:563][901]LogModuleManager: Shutting down and abandoning module PackagesDialog (384)
[2017.11.20-09.53.49:607][901]LogModuleManager: Shutting down and abandoning module Persona (382)
[2017.11.20-09.53.49:679][901]LogModuleManager: Shutting down and abandoning module AdvancedPreviewScene (381)
[2017.11.20-09.53.49:680][901]LogModuleManager: Shutting down and abandoning module AnimGraph (379)
[2017.11.20-09.53.49:703][901]LogModuleManager: Shutting down and abandoning module Kismet (376)
[2017.11.20-09.53.49:741][901]LogModuleManager: Shutting down and abandoning module ClassViewer (374)
[2017.11.20-09.53.49:741][901]LogModuleManager: Shutting down and abandoning module Toolbox (372)
[2017.11.20-09.53.49:741][901]LogModuleManager: Shutting down and abandoning module ModuleUI (370)
[2017.11.20-09.53.49:751][901]LogModuleManager: Shutting down and abandoning module MovieSceneTools (368)
[2017.11.20-09.53.49:784][901]LogModuleManager: Shutting down and abandoning module OutputLog (366)
[2017.11.20-09.53.49:806][901]LogModuleManager: Shutting down and abandoning module GammaUI (364)
[2017.11.20-09.53.49:812][901]LogModuleManager: Shutting down and abandoning module Documentation (362)
[2017.11.20-09.53.49:812][901]LogModuleManager: Shutting down and abandoning module MovieSceneTracks (360)
[2017.11.20-09.53.49:812][901]LogModuleManager: Shutting down and abandoning module MovieScene (358)
[2017.11.20-09.53.49:821][901]LogModuleManager: Shutting down and abandoning module Niagara (356)
[2017.11.20-09.53.49:821][901]LogModuleManager: Shutting down and abandoning module NiagaraEditor (355)
[2017.11.20-09.53.49:870][901]LogModuleManager: Shutting down and abandoning module StreamingPauseRendering (352)
[2017.11.20-09.53.49:870][901]LogModuleManager: Shutting down and abandoning module LauncherPlatform (350)
[2017.11.20-09.53.49:870][901]LogModuleManager: Shutting down and abandoning module AnalyticsET (348)
[2017.11.20-09.53.49:870][901]LogModuleManager: Shutting down and abandoning module PortalServices (346)
[2017.11.20-09.53.49:870][901]LogModuleManager: Shutting down and abandoning module PortalRpc (344)
[2017.11.20-09.53.49:870][901]LogModuleManager: Shutting down and abandoning module MessagingRpc (342)
[2017.11.20-09.53.49:870][901]LogModuleManager: Shutting down and abandoning module AIModule (340)
[2017.11.20-09.53.49:880][901]LogModuleManager: Shutting down and abandoning module GameplayDebugger (339)
[2017.11.20-09.53.49:890][901]LogModuleManager: Shutting down and abandoning module AITestSuite (337)
[2017.11.20-09.53.49:906][901]LogModuleManager: Shutting down and abandoning module ProfilerService (334)
[2017.11.20-09.53.50:037][901]LogModuleManager: Shutting down and abandoning module TaskGraph (332)
[2017.11.20-09.53.50:114][901]LogModuleManager: Shutting down and abandoning module SteamVRController (330)
[2017.11.20-09.53.50:114][901]LogModuleManager: Shutting down and abandoning module ProceduralMeshComponentEditor (328)
[2017.11.20-09.53.50:114][901]LogModuleManager: Shutting down and abandoning module ProceduralMeshComponent (326)
[2017.11.20-09.53.50:114][901]LogModuleManager: Shutting down and abandoning module OculusInput (324)
[2017.11.20-09.53.50:114][901]LogModuleManager: Shutting down and abandoning module MobilePatchingUtils (322)
[2017.11.20-09.53.50:114][901]LogModuleManager: Shutting down and abandoning module CustomMeshComponent (320)
[2017.11.20-09.53.50:114][901]LogModuleManager: Shutting down and abandoning module CableComponent (318)
[2017.11.20-09.53.50:114][901]LogModuleManager: Shutting down and abandoning module ArchVisCharacter (316)
[2017.11.20-09.53.50:114][901]LogModuleManager: Shutting down and abandoning module AndroidPermission (314)
[2017.11.20-09.53.50:114][901]LogModuleManager: Shutting down and abandoning module MediaPlayerEditor (310)
[2017.11.20-09.53.50:238][901]LogModuleManager: Shutting down and abandoning module HTML5Networking (308)
[2017.11.20-09.53.50:238][901]LogModuleManager: Shutting down and abandoning module AlembicImporter (306)
[2017.11.20-09.53.50:248][901]LogModuleManager: Shutting down and abandoning module AlembicLibrary (305)
[2017.11.20-09.53.50:248][901]LogModuleManager: Shutting down and abandoning module GeometryCache (304)
[2017.11.20-09.53.50:249][901]LogModuleManager: Shutting down and abandoning module GeometryCacheEd (303)
[2017.11.20-09.53.50:249][901]LogModuleManager: Shutting down and abandoning module SpeedTreeImporter (298)
[2017.11.20-09.53.50:249][901]LogModuleManager: Shutting down and abandoning module PluginBrowser (296)
[2017.11.20-09.53.50:367][901]LogModuleManager: Shutting down and abandoning module MobileLauncherProfileWizard (294)
[2017.11.20-09.53.50:373][901]LogModuleManager: Shutting down and abandoning module VisualStudioSourceCodeAccess (292)
[2017.11.20-09.53.50:373][901]LogModuleManager: Shutting down and abandoning module DesktopPlatform (291)
[2017.11.20-09.53.50:387][901]LogModuleManager: Shutting down and abandoning module UObjectPlugin (288)
[2017.11.20-09.53.50:387][901]LogModuleManager: Shutting down and abandoning module SubversionSourceControl (286)
[2017.11.20-09.53.50:434][901]LogModuleManager: Shutting down and abandoning module PerforceSourceControl (284)
[2017.11.20-09.53.50:488][901]LogModuleManager: Shutting down and abandoning module GitSourceControl (282)
[2017.11.20-09.53.50:533][901]LogModuleManager: Shutting down and abandoning module SourceControl (281)
[2017.11.20-09.53.50:552][901]LogModuleManager: Shutting down and abandoning module LightPropagationVolumeEditor (278)
[2017.11.20-09.53.50:552][901]LogModuleManager: Shutting down and abandoning module PaperTiledImporter (276)
[2017.11.20-09.53.50:552][901]LogModuleManager: Shutting down and abandoning module PaperSpriteSheetImporter (274)
[2017.11.20-09.53.50:552][901]LogModuleManager: Shutting down and abandoning module Paper2DEditor (272)
[2017.11.20-09.53.50:606][901]LogModuleManager: Shutting down and abandoning module MeshPaint (271)
[2017.11.20-09.53.50:626][901]LogModuleManager: Shutting down and abandoning module LevelEditor (269)
[2017.11.20-09.53.50:992][901]LogModuleManager: Shutting down and abandoning module PixelInspectorModule (268)
[2017.11.20-09.53.51:028][901]LogModuleManager: Shutting down and abandoning module MainFrame (266)
[2017.11.20-09.53.51:029][901]LogModuleManager: Shutting down and abandoning module HotReload (265)
[2017.11.20-09.53.51:053][901]LogModuleManager: Shutting down and abandoning module RuntimePhysXCooking (260)
[2017.11.20-09.53.51:053][901]LogModuleManager: Shutting down and abandoning module PhysXVehiclesEditor (258)
[2017.11.20-09.53.51:053][901]LogModuleManager: Shutting down and abandoning module PhysXVehicles (256)
[2017.11.20-09.53.51:053][901]LogModuleManager: Shutting down and abandoning module OculusEditor (254)
[2017.11.20-09.53.51:053][901]LogModuleManager: Shutting down and abandoning module LocationServicesBPLibrary (252)
[2017.11.20-09.53.51:053][901]LogModuleManager: Shutting down and abandoning module ImmediatePhysicsEditor (250)
[2017.11.20-09.53.51:053][901]LogModuleManager: Shutting down and abandoning module ImmediatePhysics (248)
[2017.11.20-09.53.51:089][901]LogModuleManager: Shutting down and abandoning module UdpMessaging (246)
[2017.11.20-09.53.51:190][901]LogModuleManager: Shutting down and abandoning module TcpMessaging (244)
[2017.11.20-09.53.51:301][901]LogModuleManager: Shutting down and abandoning module GameplayTagsEditor (242)
[2017.11.20-09.53.51:365][901]LogModuleManager: Shutting down and abandoning module FacialAnimationEditor (240)
[2017.11.20-09.53.51:365][901]LogModuleManager: Shutting down and abandoning module FacialAnimation (238)
[2017.11.20-09.53.51:365][901]LogModuleManager: Shutting down and abandoning module AssetManagerEditor (236)
[2017.11.20-09.53.51:372][901]LogModuleManager: Shutting down and abandoning module GraphEditor (235)
[2017.11.20-09.53.51:438][901]LogModuleManager: Shutting down and abandoning module ContentBrowser (233)
[2017.11.20-09.53.51:439][901]LogModuleManager: Shutting down and abandoning module LightPropagationVolumeRuntime (230)
[2017.11.20-09.53.51:439][901]LogModuleManager: Shutting down and abandoning module Paper2D (228)
[2017.11.20-09.53.51:451][901]LogModuleManager: Shutting down and abandoning module WindowsMoviePlayer (226)
[2017.11.20-09.53.51:451][901]LogModuleManager: Shutting down and abandoning module WmfMedia (224)
[2017.11.20-09.53.51:451][901]LogModuleManager: Shutting down and abandoning module PacketHandler (222)
[2017.11.20-09.53.51:451][901]LogModuleManager: Shutting down and abandoning module ClothingSystemEditor (220)
[2017.11.20-09.53.51:451][901]LogModuleManager: Shutting down and abandoning module ClothingSystemRuntime (218)
[2017.11.20-09.53.51:458][901]LogModuleManager: Shutting down and abandoning module Overlay (216)
[2017.11.20-09.53.51:458][901]LogModuleManager: Shutting down and abandoning module OverlayEditor (215)
[2017.11.20-09.53.51:458][901]LogModuleManager: Shutting down and abandoning module MediaAssets (212)
[2017.11.20-09.53.51:459][901]LogModuleManager: Shutting down and abandoning module VREditor (210)
[2017.11.20-09.53.51:480][901]LogModuleManager: Shutting down and abandoning module StringTableEditor (208)
[2017.11.20-09.53.51:492][901]LogModuleManager: Shutting down and abandoning module GameplayTasksEditor (206)
[2017.11.20-09.53.51:492][901]LogModuleManager: Shutting down and abandoning module BehaviorTreeEditor (204)
[2017.11.20-09.53.51:524][901]LogModuleManager: Shutting down and abandoning module FunctionalTesting (202)
[2017.11.20-09.53.51:524][901]LogModuleManager: Shutting down and abandoning module CollisionAnalyzer (200)
[2017.11.20-09.53.51:537][901]LogModuleManager: Shutting down and abandoning module WorkspaceMenuStructure (199)
[2017.11.20-09.53.51:537][901]LogModuleManager: Shutting down and abandoning module UMG (196)
[2017.11.20-09.53.51:548][901]LogModuleManager: Shutting down and abandoning module UMGEditor (195)
[2017.11.20-09.53.51:583][901]LogModuleManager: Shutting down and abandoning module Sequencer (194)
[2017.11.20-09.53.51:594][901]LogModuleManager: Shutting down and abandoning module MessageLog (191)
[2017.11.20-09.53.51:599][901]LogModuleManager: Shutting down and abandoning module SlateReflector (186)
[2017.11.20-09.53.51:624][901]LogModuleManager: Shutting down and abandoning module Slate (184)
[2017.11.20-09.53.51:624][901]LogModuleManager: Shutting down and abandoning module EditorStyle (182)
[2017.11.20-09.53.51:626][901]LogModuleManager: Shutting down and abandoning module MRMesh (180)
[2017.11.20-09.53.51:626][901]LogModuleManager: Shutting down and abandoning module SourceCodeAccess (178)
[2017.11.20-09.53.51:626][901]LogModuleManager: Shutting down and abandoning module HeadMountedDisplay (176)
[2017.11.20-09.53.51:626][901]LogModuleManager: Shutting down and abandoning module XAudio2 (174)
[2017.11.20-09.53.51:626][901]LogModuleManager: Shutting down and abandoning module Networking (172)
[2017.11.20-09.53.51:626][901]LogModuleManager: Shutting down and abandoning module Core (168)
[2017.11.20-09.53.51:626][901]LogModuleManager: Shutting down and abandoning module KismetCompiler (164)
[2017.11.20-09.53.51:626][901]LogModuleManager: Shutting down and abandoning module LevelSequence (162)
[2017.11.20-09.53.51:626][901]LogModuleManager: Shutting down and abandoning module MeshUtilities (160)
[2017.11.20-09.53.51:647][901]LogModuleManager: Shutting down and abandoning module MeshMergeUtilities (159)
[2017.11.20-09.53.51:663][901]LogModuleManager: Shutting down and abandoning module MeshReductionInterface (158)
[2017.11.20-09.53.51:663][901]LogModuleManager: Shutting down and abandoning module SimplygonSwarm (157)
[2017.11.20-09.53.51:667][901]LogModuleManager: Shutting down and abandoning module SimplygonMeshReduction (155)
[2017.11.20-09.53.51:667][901]LogModuleManager: Shutting down and abandoning module QuadricMeshReduction (153)
[2017.11.20-09.53.51:678][901]LogModuleManager: Shutting down and abandoning module MaterialBaking (149)
[2017.11.20-09.53.51:688][901]LogModuleManager: Shutting down and abandoning module DirectoryWatcher (146)
[2017.11.20-09.53.51:688][901]LogModuleManager: Shutting down and abandoning module DerivedDataCache (144)
[2017.11.20-09.53.51:710][901]LogDerivedDataCache: Shutdown
[2017.11.20-09.53.51:718][901]LogModuleManager: Shutting down and abandoning module TargetPlatform (142)
[2017.11.20-09.53.51:718][901]LogModuleManager: Shutting down and abandoning module VulkanShaderFormat (141)
[2017.11.20-09.53.51:732][901]LogModuleManager: Shutting down and abandoning module ShaderFormatVectorVM (139)
[2017.11.20-09.53.51:738][901]LogModuleManager: Shutting down and abandoning module ShaderFormatOpenGL (137)
[2017.11.20-09.53.51:743][901]LogModuleManager: Shutting down and abandoning module ShaderFormatD3D (135)
[2017.11.20-09.53.51:744][901]LogModuleManager: Shutting down and abandoning module MetalShaderFormat (133)
[2017.11.20-09.53.51:758][901]LogModuleManager: Shutting down and abandoning module TextureFormatUncompressed (131)
[2017.11.20-09.53.51:758][901]LogModuleManager: Shutting down and abandoning module TextureFormatPVR (129)
[2017.11.20-09.53.51:758][901]LogModuleManager: Shutting down and abandoning module TextureFormatDXT (127)
[2017.11.20-09.53.51:758][901]LogModuleManager: Shutting down and abandoning module TextureFormatIntelISPCTexComp (125)
[2017.11.20-09.53.51:758][901]LogModuleManager: Shutting down and abandoning module TextureFormatASTC (123)
[2017.11.20-09.53.51:758][901]LogModuleManager: Shutting down and abandoning module ImageWrapper (122)
[2017.11.20-09.53.51:758][901]LogModuleManager: Shutting down and abandoning module TextureFormatAndroid (119)
[2017.11.20-09.53.51:758][901]LogModuleManager: Shutting down and abandoning module AudioFormatOpus (117)
[2017.11.20-09.53.51:758][901]LogModuleManager: Shutting down and abandoning module AudioFormatOgg (115)
[2017.11.20-09.53.51:758][901]LogModuleManager: Shutting down and abandoning module AudioFormatADPCM (113)
[2017.11.20-09.53.51:758][901]LogModuleManager: Shutting down and abandoning module LinuxTargetPlatform (111)
[2017.11.20-09.53.51:758][901]LogModuleManager: Shutting down and abandoning module LinuxServerTargetPlatform (109)
[2017.11.20-09.53.51:758][901]LogModuleManager: Shutting down and abandoning module LinuxNoEditorTargetPlatform (107)
[2017.11.20-09.53.51:758][901]LogModuleManager: Shutting down and abandoning module LinuxClientTargetPlatform (105)
[2017.11.20-09.53.51:758][901]LogModuleManager: Shutting down and abandoning module TVOSTargetPlatform (103)
[2017.11.20-09.53.51:758][901]LogModuleManager: Shutting down and abandoning module Messaging (101)
[2017.11.20-09.53.51:758][901]LogModuleManager: Shutting down and abandoning module IOSTargetPlatform (99)
[2017.11.20-09.53.51:758][901]LogModuleManager: Shutting down and abandoning module HTML5TargetPlatform (97)
[2017.11.20-09.53.51:758][901]LogModuleManager: Shutting down and abandoning module Android_PVRTCTargetPlatform (95)
[2017.11.20-09.53.51:758][901]LogModuleManager: Shutting down and abandoning module Android_MultiTargetPlatform (93)
[2017.11.20-09.53.51:758][901]LogModuleManager: Shutting down and abandoning module Android_ETC2TargetPlatform (91)
[2017.11.20-09.53.51:758][901]LogModuleManager: Shutting down and abandoning module Android_ETC1TargetPlatform (89)
[2017.11.20-09.53.51:758][901]LogModuleManager: Shutting down and abandoning module Android_DXTTargetPlatform (87)
[2017.11.20-09.53.51:758][901]LogModuleManager: Shutting down and abandoning module Android_ATCTargetPlatform (85)
[2017.11.20-09.53.51:758][901]LogModuleManager: Shutting down and abandoning module Android_ASTCTargetPlatform (83)
[2017.11.20-09.53.51:758][901]LogModuleManager: Shutting down and abandoning module AndroidTargetPlatform (81)
[2017.11.20-09.53.51:758][901]LogModuleManager: Shutting down and abandoning module WindowsTargetPlatform (79)
[2017.11.20-09.53.51:758][901]LogModuleManager: Shutting down and abandoning module WindowsServerTargetPlatform (77)
[2017.11.20-09.53.51:758][901]LogModuleManager: Shutting down and abandoning module WindowsNoEditorTargetPlatform (75)
[2017.11.20-09.53.51:758][901]LogModuleManager: Shutting down and abandoning module WindowsClientTargetPlatform (73)
[2017.11.20-09.53.51:758][901]LogModuleManager: Shutting down and abandoning module MacTargetPlatform (71)
[2017.11.20-09.53.51:758][901]LogModuleManager: Shutting down and abandoning module MacServerTargetPlatform (69)
[2017.11.20-09.53.51:758][901]LogModuleManager: Shutting down and abandoning module MacNoEditorTargetPlatform (67)
[2017.11.20-09.53.51:758][901]LogModuleManager: Shutting down and abandoning module MacClientTargetPlatform (65)
[2017.11.20-09.53.51:758][901]LogModuleManager: Shutting down and abandoning module AllDesktopTargetPlatform (63)
[2017.11.20-09.53.51:758][901]LogModuleManager: Shutting down and abandoning module InputCore (60)
[2017.11.20-09.53.51:759][901]LogModuleManager: Shutting down and abandoning module Settings (58)
[2017.11.20-09.53.51:759][901]LogModuleManager: Shutting down and abandoning module PhysXCooking (56)
[2017.11.20-09.53.51:759][901]LogModuleManager: Shutting down and abandoning module SteamVR (54)
[2017.11.20-09.53.51:759][901]LogModuleManager: Shutting down and abandoning module OculusHMD (52)
[2017.11.20-09.53.51:775][901]LogModuleManager: Shutting down and abandoning module ExampleDeviceProfileSelector (50)
[2017.11.20-09.53.51:775][901]LogModuleManager: Shutting down and abandoning module OnlineBlueprintSupport (48)
[2017.11.20-09.53.51:775][901]LogModuleManager: Shutting down and abandoning module OnlineSubsystem (44)
[2017.11.20-09.53.51:775][901]LogOnline: Display: Unloading online subsystem: NULL
[2017.11.20-09.53.51:801][901]LogModuleManager: Shutting down and abandoning module XMPP (43)
[2017.11.20-09.53.51:818][901]LogModuleManager: Shutting down and abandoning module HTTP (41)
[2017.11.20-09.53.51:818][901]LogHttp: Display: Http module shutting down, but needs to wait on 1 outstanding Http requests:
[2017.11.20-09.53.51:837][901]LogHttp: Display: 	verb=[POST] url=[https://datarouter.ol.epicgames.com/datarouter/api/v1/public/data?SessionID=%7B9497C653-4365-D49F-4385-DD81736CFFFE%7D&AppID=UEEditor.Rocket.Release&AppVersion=4.17.1-3586342%2B%2B%2BUE4%2BRelease-4.17&UserID=2b4b9104449ff9352e6e79a22565f81d%7C7c7d6b3990ad4a62a4d878ae6b0c72dd%7Cdff5993a-bb95-44de-bad5-df2ac76192ca&AppEnvironment=datacollector-binary&UploadType=eteventstream] status=Processing
[2017.11.20-09.53.51:868][901]LogModuleManager: Shutting down and abandoning module SSL (40)
[2017.11.20-09.53.51:880][901]LogModuleManager: Shutting down and abandoning module AnimationModifiers (36)
[2017.11.20-09.53.51:890][901]LogModuleManager: Shutting down and abandoning module PropertyEditor (35)
[2017.11.20-09.53.51:890][901]LogModuleManager: Shutting down and abandoning module AudioEditor (32)
[2017.11.20-09.53.51:937][901]LogModuleManager: Shutting down and abandoning module TextureCompressor (30)
[2017.11.20-09.53.51:937][901]LogModuleManager: Shutting down and abandoning module ShaderCore (28)
[2017.11.20-09.53.51:937][901]LogModuleManager: Shutting down and abandoning module Landscape (26)
[2017.11.20-09.53.51:937][901]LogModuleManager: Shutting down and abandoning module SlateRHIRenderer (24)
[2017.11.20-09.53.51:960][901]LogModuleManager: Shutting down and abandoning module OpenGLDrv (22)
[2017.11.20-09.53.51:974][901]LogModuleManager: Shutting down and abandoning module D3D11RHI (20)
[2017.11.20-09.53.51:974][901]LogModuleManager: Shutting down and abandoning module AnimGraphRuntime (18)
[2017.11.20-09.53.51:984][901]LogModuleManager: Shutting down and abandoning module Renderer (16)
[2017.11.20-09.53.51:984][901]LogModuleManager: Shutting down and abandoning module Engine (14)
[2017.11.20-09.53.51:992][901]LogModuleManager: Shutting down and abandoning module CoreUObject (12)
[2017.11.20-09.53.51:992][901]LogModuleManager: Shutting down and abandoning module NetworkFile (10)
[2017.11.20-09.53.51:992][901]LogModuleManager: Shutting down and abandoning module CookedIterativeFile (8)
[2017.11.20-09.53.51:992][901]LogModuleManager: Shutting down and abandoning module StreamingFile (6)
[2017.11.20-09.53.51:992][901]LogModuleManager: Shutting down and abandoning module SandboxFile (4)
[2017.11.20-09.53.51:992][901]LogModuleManager: Shutting down and abandoning module PakFile (2)
[2017.11.20-09.53.52:021][901]LogExit: Exiting.
[2017.11.20-09.53.52:058][901]Log file closed, 11/20/17 18:53:52
