Log file open, 11/21/17 23:18:49
LogWindows: LoadLibraryWithSearchPaths failed for file aqProf.dll. GetLastError=0
LogWindows: LoadLibraryWithSearchPaths failed for file VtuneApi.dll. GetLastError=0
LogWindows: LoadLibraryWithSearchPaths failed for file VtuneApi32e.dll. GetLastError=0
LogInit: Display: Running engine for game: Berserker
LogPlatformFile: Not using cached read wrapper
LogInit: Display: RandInit(508022609) SRandInit(508022609).
LogTaskGraph: Started task graph with 5 named threads and 14 total threads with 3 sets of task threads.
LogStats: Stats thread started at 0.339514
LogD3D11RHI: Aftermath initialized
LogPluginManager: Mounting plugin Paper2D
LogPluginManager: Mounting plugin LightPropagationVolume
LogPluginManager: Mounting plugin CodeLiteSourceCodeAccess
LogPluginManager: Mounting plugin GitSourceControl
LogPluginManager: Mounting plugin KDevelopSourceCodeAccess
LogPluginManager: Mounting plugin NullSourceCodeAccess
LogPluginManager: Mounting plugin PerforceSourceControl
LogPluginManager: Mounting plugin SubversionSourceControl
LogPluginManager: Mounting plugin UObjectPlugin
LogPluginManager: Mounting plugin VisualStudioSourceCodeAccess
LogPluginManager: Mounting plugin XCodeSourceCodeAccess
LogPluginManager: Mounting plugin AssetManagerEditor
LogPluginManager: Mounting plugin AudioCapture
LogPluginManager: Mounting plugin FacialAnimation
LogPluginManager: Mounting plugin GameplayTagsEditor
LogPluginManager: Mounting plugin MobileLauncherProfileWizard
LogPluginManager: Mounting plugin PluginBrowser
LogPluginManager: Mounting plugin SpeedTreeImporter
LogPluginManager: Mounting plugin AlembicImporter
LogPluginManager: Mounting plugin CharacterAI
LogPluginManager: Mounting plugin HTML5Networking
LogPluginManager: Mounting plugin AndroidMedia
LogPluginManager: Mounting plugin AvfMedia
LogPluginManager: Mounting plugin MediaPlayerEditor
LogPluginManager: Mounting plugin WmfMedia
LogPluginManager: Mounting plugin TcpMessaging
LogPluginManager: Mounting plugin UdpMessaging
LogPluginManager: Mounting plugin LevelSequenceEditor
LogPluginManager: Mounting plugin MatineeToLevelSequence
LogPluginManager: Mounting plugin OnlineSubsystemGooglePlay
LogPluginManager: Mounting plugin OnlineSubsystemIOS
LogPluginManager: Mounting plugin OnlineSubsystem
LogPluginManager: Mounting plugin OnlineSubsystemNull
LogPluginManager: Mounting plugin OnlineSubsystemUtils
LogPluginManager: Mounting plugin AndroidDeviceProfileSelector
LogPluginManager: Mounting plugin AndroidMoviePlayer
LogPluginManager: Mounting plugin AndroidPermission
LogPluginManager: Mounting plugin AppleMoviePlayer
LogPluginManager: Mounting plugin ArchVisCharacter
LogPluginManager: Mounting plugin CableComponent
LogPluginManager: Mounting plugin CustomMeshComponent
LogPluginManager: Mounting plugin ExampleDeviceProfileSelector
LogPluginManager: Mounting plugin GoogleCloudMessaging
LogPluginManager: Mounting plugin ImmediatePhysics
LogPluginManager: Mounting plugin IOSDeviceProfileSelector
LogPluginManager: Mounting plugin LinuxDeviceProfileSelector
LogPluginManager: Mounting plugin LocationServicesBPLibrary
LogPluginManager: Mounting plugin MobilePatchingUtils
LogPluginManager: Mounting plugin OculusVR
LogPluginManager: Mounting plugin PhysXVehicles
LogPluginManager: Mounting plugin ProceduralMeshComponent
LogPluginManager: Mounting plugin RuntimePhysXCooking
LogPluginManager: Mounting plugin SteamVR
LogPluginManager: Mounting plugin WindowsMoviePlayer
LogInit: Using libcurl 7.47.1
LogInit:  - built for x86_64-pc-win32
LogInit:  - supports SSL with OpenSSL/1.0.2g
LogInit:  - supports HTTP deflate (compression) using libz 1.2.8
LogInit:  - other features:
LogInit:      CURL_VERSION_SSL
LogInit:      CURL_VERSION_LIBZ
LogInit:      CURL_VERSION_IPV6
LogInit:      CURL_VERSION_ASYNCHDNS
LogInit:      CURL_VERSION_LARGEFILE
LogInit:      CURL_VERSION_IDN
LogInit:  CurlRequestOptions (configurable via config and command line):
LogInit:  - bVerifyPeer = false  - Libcurl will NOT verify peer certificate
LogInit:  - bUseHttpProxy = false  - Libcurl will NOT use HTTP proxy
LogInit:  - bDontReuseConnections = false  - Libcurl will reuse connections
LogInit:  - CertBundlePath = nullptr  - Libcurl will use whatever was configured at build time.
LogInit: Build: ++UE4+Release-4.17-CL-3586342
LogInit: Engine Version: 4.17.1-3586342+++UE4+Release-4.17
LogInit: Compatible Engine Version: 4.17.0-3573198+++UE4+Release-4.17
LogInit: Net CL: 3573198
LogDevObjectVersion: Number of dev versions registered: 16
LogDevObjectVersion:   Dev-Blueprints (B0D832E4-1F89-4F0D-ACCF-7EB736FD4AA2): 10
LogDevObjectVersion:   Dev-Build (E1C64328-A22C-4D53-A36C-8E866417BD8C): 0
LogDevObjectVersion:   Dev-Core (375EC13C-06E4-48FB-B500-84F0262A717E): 2
LogDevObjectVersion:   Dev-Editor (E4B068ED-F494-42E9-A231-DA0B2E46BB41): 20
LogDevObjectVersion:   Dev-Framework (CFFC743F-43B0-4480-9391-14DF171D2073): 28
LogDevObjectVersion:   Dev-Mobile (B02B49B5-BB20-44E9-A304-32B752E40360): 0
LogDevObjectVersion:   Dev-Networking (A4E4105C-59A1-49B5-A7C5-40C4547EDFEE): 0
LogDevObjectVersion:   Dev-Online (39C831C9-5AE6-47DC-9A44-9C173E1C8E7C): 0
LogDevObjectVersion:   Dev-Physics (78F01B33-EBEA-4F98-B9B4-84EACCB95AA2): 0
LogDevObjectVersion:   Dev-Platform (6631380F-2D4D-43E0-8009-CF276956A95A): 0
LogDevObjectVersion:   Dev-Rendering (12F88B9F-8875-4AFC-A67C-D90C383ABD29): 19
LogDevObjectVersion:   Dev-Sequencer (7B5AE74C-D270-4C10-A958-57980B212A5A): 4
LogDevObjectVersion:   Dev-VR (D7296918-1DD6-4BDD-9DE2-64A83CC13884): 0
LogDevObjectVersion:   Dev-LoadTimes (C2A15278-BFE7-4AFE-6C17-90FF531DF755): 1
LogDevObjectVersion:   Private-Geometry (6EACA3D4-40EC-4CC1-B786-8BED09428FC5): 1
LogDevObjectVersion:   Dev-AnimPhys (29E575DD-E0A3-4627-9D10-D276232CDCEA): 7
LogInit: Compiled (64-bit): Aug 15 2017 02:05:26
LogInit: Compiled with Visual C++: 19.00.24215.01
LogInit: Build Configuration: Development
LogInit: Branch Name: ++UE4+Release-4.17
LogInit: Command line:  
LogInit: Base directory: D:/UnrealEngine/UE_4.17/Engine/Binaries/Win64/
LogInit: Installed Engine Build: 1
LogInit: Presizing for max 8388607 objects, including 0 objects not considered by GC, pre-allocating 0 bytes for permanent pool.
LogInit: Object subsystem initialized
[2017.11.21-14.18.51:262][  0]LogInit: Selected Device Profile: [Windows]
[2017.11.21-14.18.51:262][  0]LogInit: Applying CVar settings loaded from the selected device profile: [Windows]
[2017.11.21-14.18.51:382][  0]LogInit: Computer: DESKTOP-6JOGDQL
[2017.11.21-14.18.51:382][  0]LogInit: User: JWOH
[2017.11.21-14.18.51:382][  0]LogInit: CPU Page size=4096, Cores=4
[2017.11.21-14.18.51:382][  0]LogInit: High frequency timer resolution =2.531251 MHz
[2017.11.21-14.18.51:382][  0]LogMemory: Memory total: Physical=7.9GB (8GB approx)
[2017.11.21-14.18.51:382][  0]LogMemory: Platform Memory Stats for Windows
[2017.11.21-14.18.51:382][  0]LogMemory: Process Physical Memory: 280.45 MB used, 280.45 MB peak
[2017.11.21-14.18.51:382][  0]LogMemory: Process Virtual Memory: 286.61 MB used, 286.61 MB peak
[2017.11.21-14.18.51:382][  0]LogMemory: Physical Memory: 6343.42 MB used,  1712.23 MB free, 8055.66 MB total
[2017.11.21-14.18.51:382][  0]LogMemory: Virtual Memory: 681.23 MB used,  1712.23 MB free, 134217728.00 MB total
[2017.11.21-14.18.52:229][  0]LogInit: Using OS detected language (ko-KR).
[2017.11.21-14.18.52:229][  0]LogInit: Using OS detected locale (ko-KR).
[2017.11.21-14.18.52:511][  0]LogTextLocalizationManager: No specific localization for 'ko-KR' exists, so the 'ko' localization will be used.
[2017.11.21-14.18.58:321][  0]LogD3D11RHI: D3D11 adapters:
[2017.11.21-14.18.58:373][  0]LogD3D11RHI:    0. 'NVIDIA GeForce GTX 960M' (Feature Level 11_0)
[2017.11.21-14.18.58:373][  0]LogD3D11RHI:       2019/0/4027 MB DedicatedVideo/DedicatedSystem/SharedSystem, Outputs:1, VendorId:0x10de
[2017.11.21-14.18.58:390][  0]LogD3D11RHI:    1. 'Intel(R) HD Graphics 530' (Feature Level 11_0)
[2017.11.21-14.18.58:390][  0]LogD3D11RHI:       128/0/4027 MB DedicatedVideo/DedicatedSystem/SharedSystem, Outputs:0, VendorId:0x8086
[2017.11.21-14.18.58:396][  0]LogD3D11RHI:    2. 'Microsoft Basic Render Driver' (Feature Level 11_0)
[2017.11.21-14.18.58:396][  0]LogD3D11RHI:       0/0/4027 MB DedicatedVideo/DedicatedSystem/SharedSystem, Outputs:0, VendorId:0x1414
[2017.11.21-14.18.58:396][  0]LogD3D11RHI: Chosen D3D11 Adapter: 0
[2017.11.21-14.18.58:403][  0]LogD3D11RHI: Creating new Direct3DDevice
[2017.11.21-14.18.58:403][  0]LogD3D11RHI:     GPU DeviceId: 0x139b (for the marketing name, search the web for "GPU Device Id")
[2017.11.21-14.18.58:404][  0]LogWindows: EnumDisplayDevices:
[2017.11.21-14.18.58:404][  0]LogWindows:    0. 'Intel(R) HD Graphics 530' (P:1 D:1)
[2017.11.21-14.18.58:405][  0]LogWindows:    1. 'Intel(R) HD Graphics 530' (P:0 D:0)
[2017.11.21-14.18.58:406][  0]LogWindows:    2. 'Intel(R) HD Graphics 530' (P:0 D:0)
[2017.11.21-14.18.58:407][  0]LogWindows: DebugString: PrimaryIsNotTheChoosenAdapter PrimaryIsNotTheChoosenAdapter PrimaryIsNotTheChoosenAdapter FoundDriverCount:0 
[2017.11.21-14.18.58:407][  0]LogD3D11RHI:     Adapter Name: NVIDIA GeForce GTX 960M
[2017.11.21-14.18.58:407][  0]LogD3D11RHI:   Driver Version: Unknown (internal:Unknown, unified:Unknown)
[2017.11.21-14.18.58:407][  0]LogD3D11RHI:      Driver Date: Unknown
[2017.11.21-14.18.58:407][  0]LogRHI: Texture pool is 1361 MB (70% of 1945 MB)
[2017.11.21-14.18.58:437][  0]LogD3D11RHI: Async texture creation enabled
[2017.11.21-14.18.58:683][  0]LogD3D11RHI: GPU Timing Frequency: 1000.000000 (Debug: 2 1)
[2017.11.21-14.18.58:826][  0]LogShaderCompilers: Guid format shader working directory is -14 characters bigger than the processId version (../../../../../NewGarden/GardenProject/NGA/Project/Berserker/Intermediate/Shaders/WorkingDirectory/11572/).
[2017.11.21-14.18.58:826][  0]LogShaderCompilers: Cleaned the shader compiler working directory 'C:/Users/J.W OH/AppData/Local/Temp/UnrealShaderWorkingDir/C12810A1464358D3DBA1339744792955/'.
[2017.11.21-14.18.58:844][  0]LogShaderCompilers: Display: Using Local Shader Compiler.
[2017.11.21-14.19.06:933][  0]LogTemp: Display: Loaded TP AllDesktopTargetPlatform
[2017.11.21-14.19.07:004][  0]LogTemp: Display: Loaded TP MacClientTargetPlatform
[2017.11.21-14.19.07:066][  0]LogTemp: Display: Loaded TP MacNoEditorTargetPlatform
[2017.11.21-14.19.07:127][  0]LogTemp: Display: Loaded TP MacServerTargetPlatform
[2017.11.21-14.19.07:239][  0]LogTemp: Display: Loaded TP MacTargetPlatform
[2017.11.21-14.19.07:312][  0]LogTemp: Display: Loaded TP WindowsClientTargetPlatform
[2017.11.21-14.19.07:374][  0]LogTemp: Display: Loaded TP WindowsNoEditorTargetPlatform
[2017.11.21-14.19.07:435][  0]LogTemp: Display: Loaded TP WindowsServerTargetPlatform
[2017.11.21-14.19.07:492][  0]LogTemp: Display: Loaded TP WindowsTargetPlatform
[2017.11.21-14.19.07:602][  0]LogTemp: Display: Loaded TP AndroidTargetPlatform
[2017.11.21-14.19.07:673][  0]LogTemp: Display: Loaded TP Android_ASTCTargetPlatform
[2017.11.21-14.19.07:737][  0]LogTemp: Display: Loaded TP Android_ATCTargetPlatform
[2017.11.21-14.19.07:799][  0]LogTemp: Display: Loaded TP Android_DXTTargetPlatform
[2017.11.21-14.19.07:871][  0]LogTemp: Display: Loaded TP Android_ETC1TargetPlatform
[2017.11.21-14.19.07:938][  0]LogTemp: Display: Loaded TP Android_ETC2TargetPlatform
[2017.11.21-14.19.08:068][  0]LogTemp: Display: Loaded TP Android_MultiTargetPlatform
[2017.11.21-14.19.08:068][  0]LogTemp: Display: Loaded TP Android_PVRTCTargetPlatform
[2017.11.21-14.19.08:114][  0]LogTemp: Display: Loaded TP HTML5TargetPlatform
[2017.11.21-14.19.08:467][  0]LogTemp: Display: Loaded TP IOSTargetPlatform
[2017.11.21-14.19.08:510][  0]LogTemp: Display: Loaded TP TVOSTargetPlatform
[2017.11.21-14.19.08:591][  0]LogTemp: Display: Loaded TP LinuxClientTargetPlatform
[2017.11.21-14.19.08:665][  0]LogTemp: Display: Loaded TP LinuxNoEditorTargetPlatform
[2017.11.21-14.19.08:740][  0]LogTemp: Display: Loaded TP LinuxServerTargetPlatform
[2017.11.21-14.19.08:867][  0]LogTemp: Display: Loaded TP LinuxTargetPlatform
[2017.11.21-14.19.08:867][  0]LogTargetPlatformManager: Display: Building Assets For Windows
[2017.11.21-14.19.10:984][  0]LogDerivedDataCache: Display: Max Cache Size: 512 MB
[2017.11.21-14.19.11:501][  0]LogDerivedDataCache: Loaded boot cache 0.52s 93MB C:/Users/J.W OH/AppData/Local/UnrealEngine/4.17/DerivedDataCache/Boot.ddc.
[2017.11.21-14.19.11:501][  0]LogDerivedDataCache: Display: Loaded Boot cache: C:/Users/J.W OH/AppData/Local/UnrealEngine/4.17/DerivedDataCache/Boot.ddc
[2017.11.21-14.19.11:501][  0]LogDerivedDataCache: FDerivedDataBackendGraph:  Pak pak cache file ../../../../../NewGarden/GardenProject/NGA/Project/Berserker/DerivedDataCache/DDC.ddp not found, will not use a pak cache.
[2017.11.21-14.19.11:501][  0]LogDerivedDataCache: Unable to find inner node Pak for hierarchical cache Hierarchy.
[2017.11.21-14.19.11:501][  0]LogDerivedDataCache: FDerivedDataBackendGraph:  CompressedPak pak cache file ../../../../../NewGarden/GardenProject/NGA/Project/Berserker/DerivedDataCache/Compressed.ddp not found, will not use a pak cache.
[2017.11.21-14.19.11:501][  0]LogDerivedDataCache: Unable to find inner node CompressedPak for hierarchical cache Hierarchy.
[2017.11.21-14.19.11:634][  0]LogDerivedDataCache: Display: Pak cache opened for reading ../../../Engine/DerivedDataCache/Compressed.ddp.
[2017.11.21-14.19.11:649][  0]LogDerivedDataCache: Using Local data cache path C:/Users/J.W OH/AppData/Local/UnrealEngine/Common/DerivedDataCache: Writable
[2017.11.21-14.19.11:747][  0]LogMaterial: Verifying Global Shaders for PCD3D_SM5
[2017.11.21-14.19.11:771][  0]LogSlate: Using Freetype 2.6.0
[2017.11.21-14.19.11:832][  0]LogSlate: SlateFontCache - WITH_FREETYPE: 1, WITH_HARFBUZZ: 1
[2017.11.21-14.19.11:832][  0]LogSlate: SlateFontCache - WITH_FREETYPE: 1, WITH_HARFBUZZ: 1
[2017.11.21-14.19.22:738][  0]LogAssetRegistry: FAssetRegistry took 0.0398 seconds to start up
[2017.11.21-14.19.28:206][  0]LogInit: Selected Device Profile: [Windows]
[2017.11.21-14.19.34:912][  0]LogContentStreaming: Texture pool size is 0.00 MB
[2017.11.21-14.19.36:433][  0]LogSimplygon: Simplygon DLL not present - disabling.
[2017.11.21-14.19.36:504][  0]LogMeshReduction: Using SimplygonSwarm for distributed automatic mesh merging
[2017.11.21-14.19.36:524][  0]LogMeshReduction: Using QuadricMeshReduction for automatic static mesh reduction
[2017.11.21-14.19.36:524][  0]LogMeshReduction: No automatic skeletal mesh reduction module available
[2017.11.21-14.19.36:524][  0]LogMeshReduction: No automatic mesh merging module available
[2017.11.21-14.19.36:524][  0]LogMeshMerging: No automatic mesh merging module available
[2017.11.21-14.19.40:681][  0]LogNetVersion: Berserker , NetCL: 3573198, EngineNetVer: 2, GameNetVer: 0 (Checksum: 408643392)
[2017.11.21-14.19.43:212][  0]LogPackageLocalizationCache: Processed 5 localized package path(s) for 2 prioritized culture(s) in 0.186764 seconds
[2017.11.21-14.19.43:410][  0]LogUObjectArray: 35825 objects as part of root set at end of initial load.
[2017.11.21-14.19.43:411][  0]LogUObjectAllocator: 7529104 out of 0 bytes used by permanent object pool.
[2017.11.21-14.19.43:411][  0]LogUObjectArray: CloseDisregardForGC: 0/0 objects in disregard for GC pool
[2017.11.21-14.19.43:484][  0]LogInit: WinSock: version 1.1 (2.2), MaxSocks=32767, MaxUdp=65467
[2017.11.21-14.20.12:022][  0]LogTcpMessaging: Initializing TcpMessaging bridge
[2017.11.21-14.20.12:093][  0]LogUdpMessaging: Initializing bridge on interface 0.0.0.0:0 to multicast group 230.0.0.1:6666.
[2017.11.21-14.20.14:574][  0]LogMaterial: Uniform references updated for custom material expression Custom.
[2017.11.21-14.20.15:916][  0]SourceControl: 소스 콘트롤이 꺼졌습니다.
[2017.11.21-14.20.15:916][  0]SourceControl: 소스 콘트롤이 꺼졌습니다.
[2017.11.21-14.20.16:084][  0]SourceControl: 소스 콘트롤이 꺼졌습니다.
[2017.11.21-14.20.16:189][  0]SourceControl: 소스 콘트롤이 꺼졌습니다.
[2017.11.21-14.20.17:802][  0]LogAndroidPermission: UAndroidPermissionCallbackProxy::GetInstance
[2017.11.21-14.20.18:323][  0]LogOcInput: OculusInput pre-init called
[2017.11.21-14.20.20:347][  0]LogEngine: Initializing Engine...
[2017.11.21-14.20.20:434][  0]LogHMD: Failed to initialize OpenVR with code 110
[2017.11.21-14.20.21:849][  0]LogStats: UGameplayTagsManager::ConstructGameplayTagTree: Construct from data asset -  0.000 s
[2017.11.21-14.20.21:850][  0]LogStats: UGameplayTagsManager::ConstructGameplayTagTree: GameplayTagTreeChangedEvent.Broadcast -  0.000 s
[2017.11.21-14.20.23:274][  0]LogAIModule: Creating AISystem for world Untitled
[2017.11.21-14.20.24:143][  0]LogInit: XAudio2 using '스피커(Realtek High Definition Audio(SST))' : 2 channels at 48 kHz using 32 bits per sample (channel mask 0x3)
[2017.11.21-14.20.24:260][  0]LogInit: FAudioDevice initialized.
[2017.11.21-14.20.24:458][  0]LogDerivedDataCache: Saved boot cache 0.19s 93MB C:/Users/J.W OH/AppData/Local/UnrealEngine/4.17/DerivedDataCache/Boot.ddc.
[2017.11.21-14.20.24:500][  0]LogInit: Texture streaming: Enabled
[2017.11.21-14.20.26:123][  0]LogEngineSessionManager: EngineSessionManager initialized
[2017.11.21-14.20.27:639][  0]LogInit: Transaction tracking system initialized
[2017.11.21-14.20.29:508][  0]BlueprintLog: New page: 에디터 로드
[2017.11.21-14.20.33:238][  0]LocalizationService: 현지화 서비스가 비활성화되었습니다.
[2017.11.21-14.20.36:132][  0]LogConsoleResponse: Display: 
[2017.11.21-14.20.42:402][  0]LogFileCache: Scanning file cache for directory 'D:/NewGarden/GardenProject/NGA/Project/Berserker/Content/' took 0.10s
[2017.11.21-14.20.42:402][  0]LogCook: Display: Max memory allowance for cook 16384mb min free memory 0mb
[2017.11.21-14.20.42:418][  0]LogCook: Display: Mobile HDR setting 1
[2017.11.21-14.20.42:584][  0]LogGameplayTags: Display: UGameplayTagsManager::DoneAddingNativeTags. DelegateIsBound: 0
[2017.11.21-14.20.47:881][  0]SourceControl: 소스 콘트롤이 꺼졌습니다.
[2017.11.21-14.20.47:986][  0]Cmd: MAP LOAD FILE="../../../../../NewGarden/GardenProject/NGA/Project/Berserker/Content/PlayerCharacterBP/Maps/Arena.umap" TEMPLATE=0 SHOWPROGRESS=1 FEATURELEVEL=3
[2017.11.21-14.20.48:192][  0]LightingResults: New page: 라이팅 빌드
[2017.11.21-14.20.48:750][  0]MapCheck: New page: 맵 체크
[2017.11.21-14.20.48:750][  0]LightingResults: New page: 라이팅 빌드
[2017.11.21-14.20.58:689][  0]LogAIModule: Creating AISystem for world Arena
[2017.11.21-14.20.59:953][  0]LogEditorServer: Finished looking for orphan Actors (0.000 secs)
[2017.11.21-14.21.00:602][  0]Cmd: MAP CHECKDEP NOCLEARLOG
[2017.11.21-14.21.00:939][  0]MapCheck: 맵 체크 완료: 오류 0 회, 경고 0 회, 소요 시간 336.856ms.
[2017.11.21-14.21.00:939][  0]LogFileHelpers: Loading map 'Arena' took 13.008
[2017.11.21-14.21.04:576][  0]LogCollectionManager: Loaded 0 collections in 0.001397 seconds
[2017.11.21-14.21.05:038][  0]LogFileCache: Scanning file cache for directory 'D:/NewGarden/GardenProject/NGA/Project/Berserker/Saved/Collections/' took 0.01s
[2017.11.21-14.21.05:038][  0]LogFileCache: Scanning file cache for directory 'D:/NewGarden/GardenProject/NGA/Project/Berserker/Content/Developers/JWOH/Collections/' took 0.01s
[2017.11.21-14.21.05:038][  0]LogFileCache: Scanning file cache for directory 'D:/NewGarden/GardenProject/NGA/Project/Berserker/Content/Collections/' took 0.01s
[2017.11.21-14.21.05:038][  0]LogCollectionManager: Rebuilt the GUID cache for 0 collections in 0.000001 seconds
[2017.11.21-14.21.05:064][  0]LogContentBrowser: Native class hierarchy populated in 0.0247 seconds. Added 2386 classes and 500 folders.
[2017.11.21-14.21.05:310][  0]LogContentBrowser: Native class hierarchy updated for 'WidgetCarousel' in 0.0008 seconds. Added 0 classes and 0 folders.
[2017.11.21-14.21.07:229][  0]LogContentBrowser: Native class hierarchy updated for 'AddContentDialog' in 0.0009 seconds. Added 0 classes and 0 folders.
[2017.11.21-14.21.07:535][  0]LogContentBrowser: Native class hierarchy updated for 'SceneOutliner' in 0.0012 seconds. Added 1 classes and 2 folders.
[2017.11.21-14.21.09:179][  0]LogSlate: Took 0.051331 seconds to synchronously load lazily loaded font '../../../Engine/Content/Slate/Fonts/Roboto-Regular.ttf' (155K)
[2017.11.21-14.21.09:312][  0]LogSlate: Took 0.088926 seconds to synchronously load lazily loaded font '../../../Engine/Content/Slate/Fonts/NanumGothic.ttf' (4243K)
[2017.11.21-14.21.09:357][  0]LogSlate: Took 0.023624 seconds to synchronously load lazily loaded font '../../../Engine/Content/Slate/Fonts/Roboto-Bold.ttf' (160K)
[2017.11.21-14.21.09:541][  0]LogSlate: Took 0.058826 seconds to synchronously load lazily loaded font '../../../Engine/Content/Editor/Slate/Fonts/FontAwesome.ttf' (139K)
[2017.11.21-14.21.10:951][  0]LogRenderer: Reallocating scene render targets to support 1208x576 Format 10 NumSamples 1 (Frame:1).
[2017.11.21-14.21.13:393][  0]LogContentBrowser: Native class hierarchy updated for 'HierarchicalLODOutliner' in 0.0010 seconds. Added 1 classes and 2 folders.
[2017.11.21-14.21.13:393][  0]LogLoad: (Engine Initialization) Total time: 149.46 seconds
[2017.11.21-14.21.13:393][  0]LogLoad: (Engine Initialization) Total Blueprint compile time: 0.00 seconds
[2017.11.21-14.21.13:413][  0]LogExternalProfiler: Found external profiler: VSPerf
[2017.11.21-14.21.13:413][  0]LogExternalProfiler: Using external profiler: VSPerf
[2017.11.21-14.21.14:337][  0]LogContentStreaming: Texture pool size now 1000 MB
[2017.11.21-14.21.14:997][  1]LogSlate: Took 0.021060 seconds to synchronously load lazily loaded font '../../../Engine/Content/Slate/Fonts/Roboto-Light.ttf' (159K)
[2017.11.21-14.21.16:189][  5]LogAssetRegistry: Asset discovery search completed in 113.4737 seconds
[2017.11.21-14.21.16:210][  5]LogCollectionManager: Rebuilt the object cache for 0 collections in 0.000001 seconds (found 0 objects)
[2017.11.21-14.21.16:215][  5]LogCollectionManager: Fixed up redirectors for 0 collections in 0.004808 seconds (updated 0 objects)
[2017.11.21-14.21.28:379][168]LogSlate: Took 0.027761 seconds to synchronously load lazily loaded font '../../../Engine/Content/Slate/Fonts/Roboto-Light.ttf' (159K)
[2017.11.21-14.21.29:346][168]LogSlate: Took 0.000327 seconds to synchronously load lazily loaded font '../../../Engine/Content/Slate/Fonts/Roboto-Regular.ttf' (155K)
[2017.11.21-14.21.35:495][168]LogContentBrowser: Native class hierarchy updated for 'ClothingSystemEditorInterface' in 0.0008 seconds. Added 1 classes and 0 folders.
[2017.11.21-14.21.35:536][168]LogClothingAssetFactory: Finished physical mesh import
[2017.11.21-14.21.35:541][168]LogClothingAssetFactory: Finished physical mesh import
[2017.11.21-14.21.35:583][168]LogActorComponent: ReregisterComponent: (/Game/FLAG.FLAG:PersistentLevel.flag_real6.SkeletalMeshComponent0) Not currently registered. Aborting.
[2017.11.21-14.21.35:583][168]LogActorComponent: ReregisterComponent: (/Game/FLAG.FLAG:PersistentLevel.flag_real7.SkeletalMeshComponent0) Not currently registered. Aborting.
[2017.11.21-14.21.35:583][168]LogActorComponent: ReregisterComponent: (/Game/FLAG.FLAG:PersistentLevel.flag_real6.SkeletalMeshComponent0) Not currently registered. Aborting.
[2017.11.21-14.21.35:583][168]LogActorComponent: ReregisterComponent: (/Game/FLAG.FLAG:PersistentLevel.flag_real7.SkeletalMeshComponent0) Not currently registered. Aborting.
[2017.11.21-14.21.36:806][168]LogAIModule: Creating AISystem for world FLAG
[2017.11.21-14.21.37:146][168]Cmd: MAP LOAD FILE="../../../../../NewGarden/GardenProject/NGA/Project/Berserker/Content/FLAG.umap" TEMPLATE=0 SHOWPROGRESS=1 FEATURELEVEL=3
[2017.11.21-14.21.37:147][168]LightingResults: New page: 라이팅 빌드
[2017.11.21-14.21.37:148][168]LoadErrors: New page: 맵 로드중: FLAG.umap
[2017.11.21-14.21.37:280][168]MapCheck: New page: 맵 체크
[2017.11.21-14.21.37:280][168]LightingResults: New page: 라이팅 빌드
[2017.11.21-14.21.37:677][168]LogEditorServer: Finished looking for orphan Actors (0.000 secs)
[2017.11.21-14.21.37:923][168]Cmd: MAP CHECKDEP NOCLEARLOG
[2017.11.21-14.21.38:058][168]MapCheck: 맵 체크 완료: 오류 0 회, 경고 0 회, 소요 시간 134.975ms.
[2017.11.21-14.21.38:058][168]LogFileHelpers: Loading map 'FLAG' took 1.023
[2017.11.21-14.22.03:493][231]LogEditorViewport: Clicking on Actor (context menu): StaticMeshActor (넷마블_wall65)
[2017.11.21-14.22.09:596][294]LogTemp: Repeating last play command: 선택된 뷰포트
[2017.11.21-14.22.11:116][294]LogBlueprintUserMessages: Early PlayInEditor Detection: Level '/Game/FLAG.FLAG:PersistentLevel' has LevelScriptBlueprint '/Game/FLAG.FLAG:PersistentLevel.FLAG' with GeneratedClass '/Game/FLAG.FLAG_C' with ClassGeneratedBy '/Game/FLAG.FLAG:PersistentLevel.FLAG'
[2017.11.21-14.22.11:165][294]LogPlayLevel: PlayLevel: No blueprints needed recompiling
[2017.11.21-14.22.11:400][294]PIE: New page: PIE 세션: FLAG (2017. 11. 22. 오전 8:22:11)
[2017.11.21-14.22.11:424][294]LogPlayLevel: Creating play world package: /Game/UEDPIE_0_FLAG
[2017.11.21-14.22.11:587][294]LogPlayLevel: PIE: StaticDuplicateObject took: (0.162376s)
[2017.11.21-14.22.11:588][294]LogAIModule: Creating AISystem for world FLAG
[2017.11.21-14.22.11:589][294]LogPlayLevel: PIE: World Init took: (0.001468s)
[2017.11.21-14.22.11:607][294]LogPlayLevel: PIE: Created PIE world by copying editor world from /Game/FLAG.FLAG to /Game/UEDPIE_0_FLAG.FLAG (0.182721s)
[2017.11.21-14.22.11:717][294]LogInit: XAudio2 using '스피커(Realtek High Definition Audio(SST))' : 2 channels at 48 kHz using 32 bits per sample (channel mask 0x3)
[2017.11.21-14.22.11:743][294]LogInit: FAudioDevice initialized.
[2017.11.21-14.22.11:930][294]LogLoad: Game class is 'BerserkerGameMode_C'
[2017.11.21-14.22.12:234][294]LogWorld: Bringing World /Game/UEDPIE_0_FLAG.FLAG up for play (max tick rate 60) at 2017.11.21-23.22.12
[2017.11.21-14.22.12:831][294]LogWorld: Bringing up level for play took: 0.706734
[2017.11.21-14.22.15:106][294]LogContentBrowser: Native class hierarchy updated for 'MovieSceneCapture' in 0.0011 seconds. Added 11 classes and 0 folders.
[2017.11.21-14.22.15:573][294]AnimBlueprint: Warning: 슬롯노드: PlayerCharacterAnim_BP_C 애니메이션 인스턴트 클래스의 'DefaultSlot' 는 이미 존재합니다. 이 클래스의 애니메이션 그래프에서 중복을 제거하세요.
[2017.11.21-14.22.16:326][294]PIE: /Game/UEDPIE_0_FLAG 에 대한 에디터에서 플레이 시작 시간: 6.248
[2017.11.21-14.22.16:333][294]LogBlueprintUserMessages: Late PlayInEditor Detection: Level '/Game/FLAG.FLAG:PersistentLevel' has LevelScriptBlueprint '/Game/FLAG.FLAG:PersistentLevel.FLAG' with GeneratedClass '/Game/FLAG.FLAG_C' with ClassGeneratedBy '/Game/FLAG.FLAG:PersistentLevel.FLAG'
[2017.11.21-14.22.30:134][529]LogBlueprintUserMessages: Early EndPlayMap Detection: Level '/Game/FLAG.FLAG:PersistentLevel' has LevelScriptBlueprint '/Game/FLAG.FLAG:PersistentLevel.FLAG' with GeneratedClass '/Game/FLAG.FLAG_C' with ClassGeneratedBy '/Game/FLAG.FLAG:PersistentLevel.FLAG'
[2017.11.21-14.22.30:884][529]LogBlueprintUserMessages: Late EndPlayMap Detection: Level '/Game/FLAG.FLAG:PersistentLevel' has LevelScriptBlueprint '/Game/FLAG.FLAG:PersistentLevel.FLAG' with GeneratedClass '/Game/FLAG.FLAG_C' with ClassGeneratedBy '/Game/FLAG.FLAG:PersistentLevel.FLAG'
[2017.11.21-14.22.33:455][537]LogTemp: Repeating last play command: 선택된 뷰포트
[2017.11.21-14.22.33:510][537]LogBlueprintUserMessages: Early PlayInEditor Detection: Level '/Game/FLAG.FLAG:PersistentLevel' has LevelScriptBlueprint '/Game/FLAG.FLAG:PersistentLevel.FLAG' with GeneratedClass '/Game/FLAG.FLAG_C' with ClassGeneratedBy '/Game/FLAG.FLAG:PersistentLevel.FLAG'
[2017.11.21-14.22.33:510][537]LogPlayLevel: PlayLevel: No blueprints needed recompiling
[2017.11.21-14.22.33:510][537]PIE: New page: PIE 세션: FLAG (2017. 11. 22. 오전 8:22:33)
[2017.11.21-14.22.33:511][537]LogPlayLevel: Creating play world package: /Game/UEDPIE_0_FLAG
[2017.11.21-14.22.33:573][537]LogPlayLevel: PIE: StaticDuplicateObject took: (0.061891s)
[2017.11.21-14.22.33:574][537]LogAIModule: Creating AISystem for world FLAG
[2017.11.21-14.22.33:574][537]LogPlayLevel: PIE: World Init took: (0.000887s)
[2017.11.21-14.22.33:574][537]LogPlayLevel: PIE: Created PIE world by copying editor world from /Game/FLAG.FLAG to /Game/UEDPIE_0_FLAG.FLAG (0.063200s)
[2017.11.21-14.22.33:594][537]LogInit: XAudio2 using '스피커(Realtek High Definition Audio(SST))' : 2 channels at 48 kHz using 32 bits per sample (channel mask 0x3)
[2017.11.21-14.22.33:621][537]LogInit: FAudioDevice initialized.
[2017.11.21-14.22.33:661][537]LogLoad: Game class is 'BerserkerGameMode_C'
[2017.11.21-14.22.33:698][537]LogWorld: Bringing World /Game/UEDPIE_0_FLAG.FLAG up for play (max tick rate 60) at 2017.11.21-23.22.33
[2017.11.21-14.22.33:699][537]LogWorld: Bringing up level for play took: 0.036914
[2017.11.21-14.22.33:702][537]AnimBlueprint: Warning: 슬롯노드: PlayerCharacterAnim_BP_C 애니메이션 인스턴트 클래스의 'DefaultSlot' 는 이미 존재합니다. 이 클래스의 애니메이션 그래프에서 중복을 제거하세요.
[2017.11.21-14.22.33:705][537]PIE: /Game/UEDPIE_0_FLAG 에 대한 에디터에서 플레이 시작 시간: -0.373
[2017.11.21-14.22.33:706][537]LogBlueprintUserMessages: Late PlayInEditor Detection: Level '/Game/FLAG.FLAG:PersistentLevel' has LevelScriptBlueprint '/Game/FLAG.FLAG:PersistentLevel.FLAG' with GeneratedClass '/Game/FLAG.FLAG_C' with ClassGeneratedBy '/Game/FLAG.FLAG:PersistentLevel.FLAG'
[2017.11.21-14.22.59:897][497]Cmd: LevelEditor.ToggleImmersive
[2017.11.21-14.23.00:847][498]LogRenderer: Reallocating scene render targets to support 1920x1040 Format 10 NumSamples 1 (Frame:962).
[2017.11.21-14.23.18:611][957]LogBlueprintUserMessages: Early EndPlayMap Detection: Level '/Game/FLAG.FLAG:PersistentLevel' has LevelScriptBlueprint '/Game/FLAG.FLAG:PersistentLevel.FLAG' with GeneratedClass '/Game/FLAG.FLAG_C' with ClassGeneratedBy '/Game/FLAG.FLAG:PersistentLevel.FLAG'
[2017.11.21-14.23.18:865][957]LogBlueprintUserMessages: Late EndPlayMap Detection: Level '/Game/FLAG.FLAG:PersistentLevel' has LevelScriptBlueprint '/Game/FLAG.FLAG:PersistentLevel.FLAG' with GeneratedClass '/Game/FLAG.FLAG_C' with ClassGeneratedBy '/Game/FLAG.FLAG:PersistentLevel.FLAG'
[2017.11.21-14.23.43:520][ 62]LogEditorViewport: Clicking on Actor (LMB): StaticMeshActor (넷마블_floor_21)
[2017.11.21-14.24.45:160][457]Cmd: QUIT_EDITOR
[2017.11.21-14.24.46:660][457]LogWindowsTextInputMethodSystem: Display: IME system now activated using TSF (Microsoft 입력기).
[2017.11.21-14.24.46:753][457]LogExit: Preparing to exit.
[2017.11.21-14.24.47:974][457]LogDirectoryWatcher: A directory notification for 'D:/NewGarden/GardenProject/NGA/Project/Berserker/Content/' was aborted.
[2017.11.21-14.24.48:489][457]LogExit: Editor shut down
[2017.11.21-14.24.48:533][457]LogExit: Transaction tracking system shut down
[2017.11.21-14.24.48:996][457]LogDirectoryWatcher: A directory notification for '../../../Engine/Content/' was aborted.
[2017.11.21-14.24.48:996][457]LogDirectoryWatcher: A directory notification for '../../../../../NewGarden/GardenProject/NGA/Project/Berserker/Content/' was aborted.
[2017.11.21-14.24.48:996][457]LogDirectoryWatcher: A directory notification for '../../../Engine/Plugins/2D/Paper2D/Content/' was aborted.
[2017.11.21-14.24.48:996][457]LogDirectoryWatcher: A directory notification for '../../../Engine/Plugins/Runtime/Oculus/OculusVR/Content/' was aborted.
[2017.11.21-14.24.48:996][457]LogDirectoryWatcher: A directory notification for '../../../Engine/Plugins/Runtime/Steam/SteamVR/Content/' was aborted.
[2017.11.21-14.24.50:871][457]LogExit: Object subsystem successfully closed.
[2017.11.21-14.24.51:106][457]LogD3D11RHI: Shutdown
[2017.11.21-14.24.51:123][457]LogD3D11RHI: CleanupD3DDevice
[2017.11.21-14.24.51:429][457]LogD3D11RHI: ~FD3D11DynamicRHI
[2017.11.21-14.24.52:557][457]LogModuleManager: Shutting down and abandoning module MovieSceneCapture (534)
[2017.11.21-14.24.52:557][457]LogModuleManager: Shutting down and abandoning module ClothingSystemEditorInterface (532)
[2017.11.21-14.24.52:557][457]LogModuleManager: Shutting down and abandoning module HierarchicalLODOutliner (530)
[2017.11.21-14.24.52:557][457]LogModuleManager: Shutting down and abandoning module SceneOutliner (528)
[2017.11.21-14.24.52:565][457]LogModuleManager: Shutting down and abandoning module AddContentDialog (526)
[2017.11.21-14.24.52:581][457]LogDirectoryWatcher: A directory notification for 'D:/UnrealEngine/UE_4.17/FeaturePacks/' was aborted.
[2017.11.21-14.24.52:597][457]LogModuleManager: Shutting down and abandoning module WidgetCarousel (525)
[2017.11.21-14.24.52:597][457]LogModuleManager: Shutting down and abandoning module EditorWidgets (522)
[2017.11.21-14.24.52:597][457]LogModuleManager: Shutting down and abandoning module CollectionManager (520)
[2017.11.21-14.24.52:615][457]LogDirectoryWatcher: A directory notification for 'D:/NewGarden/GardenProject/NGA/Project/Berserker/Content/Collections/' was aborted.
[2017.11.21-14.24.52:616][457]LogDirectoryWatcher: A directory notification for 'D:/NewGarden/GardenProject/NGA/Project/Berserker/Content/Developers/JWOH/Collections/' was aborted.
[2017.11.21-14.24.52:616][457]LogDirectoryWatcher: A directory notification for 'D:/NewGarden/GardenProject/NGA/Project/Berserker/Saved/Collections/' was aborted.
[2017.11.21-14.24.52:616][457]LogModuleManager: Shutting down and abandoning module StatsViewer (518)
[2017.11.21-14.24.52:639][457]LogModuleManager: Shutting down and abandoning module FoliageEdit (516)
[2017.11.21-14.24.52:639][457]LogModuleManager: Shutting down and abandoning module LandscapeEditor (514)
[2017.11.21-14.24.52:670][457]LogModuleManager: Shutting down and abandoning module MeshPaintMode (512)
[2017.11.21-14.24.52:670][457]LogModuleManager: Shutting down and abandoning module SceneDepthPickerMode (510)
[2017.11.21-14.24.52:670][457]LogModuleManager: Shutting down and abandoning module ActorPickerMode (508)
[2017.11.21-14.24.52:670][457]LogModuleManager: Shutting down and abandoning module GeometryMode (506)
[2017.11.21-14.24.52:670][457]LogModuleManager: Shutting down and abandoning module TextureAlignMode (504)
[2017.11.21-14.24.52:670][457]LogModuleManager: Shutting down and abandoning module BspMode (502)
[2017.11.21-14.24.52:680][457]LogModuleManager: Shutting down and abandoning module PIEPreviewDeviceProfileSelector (500)
[2017.11.21-14.24.52:680][457]LogModuleManager: Shutting down and abandoning module HardwareSurvey (498)
[2017.11.21-14.24.52:680][457]LogModuleManager: Shutting down and abandoning module SequenceRecorderSections (496)
[2017.11.21-14.24.52:692][457]LogModuleManager: Shutting down and abandoning module AutomationWorker (494)
[2017.11.21-14.24.52:698][457]LogModuleManager: Shutting down and abandoning module MatineeToLevelSequence (492)
[2017.11.21-14.24.52:700][457]LogModuleManager: Shutting down and abandoning module LevelSequenceEditor (490)
[2017.11.21-14.24.52:746][457]LogModuleManager: Shutting down and abandoning module PlacementMode (489)
[2017.11.21-14.24.52:747][457]LogModuleManager: Shutting down and abandoning module WmfMediaFactory (486)
[2017.11.21-14.24.52:747][457]LogModuleManager: Shutting down and abandoning module WmfMediaEditor (484)
[2017.11.21-14.24.52:747][457]LogModuleManager: Shutting down and abandoning module AvfMediaFactory (482)
[2017.11.21-14.24.52:747][457]LogModuleManager: Shutting down and abandoning module AvfMediaEditor (480)
[2017.11.21-14.24.52:747][457]LogModuleManager: Shutting down and abandoning module AndroidMediaFactory (478)
[2017.11.21-14.24.52:747][457]LogModuleManager: Shutting down and abandoning module Media (477)
[2017.11.21-14.24.52:747][457]LogModuleManager: Shutting down and abandoning module AndroidMediaEditor (474)
[2017.11.21-14.24.52:747][457]LogModuleManager: Shutting down and abandoning module CharacterAI (472)
[2017.11.21-14.24.52:747][457]LogModuleManager: Shutting down and abandoning module AudioCapture (470)
[2017.11.21-14.24.52:747][457]LogModuleManager: Shutting down and abandoning module SequenceRecorder (469)
[2017.11.21-14.24.52:760][457]LogModuleManager: Shutting down and abandoning module SmartSnapping (466)
[2017.11.21-14.24.52:760][457]LogModuleManager: Shutting down and abandoning module SessionServices (464)
[2017.11.21-14.24.52:760][457]LogModuleManager: Shutting down and abandoning module ViewportSnapping (462)
[2017.11.21-14.24.52:760][457]LogModuleManager: Shutting down and abandoning module ViewportInteraction (460)
[2017.11.21-14.24.52:760][457]LogModuleManager: Shutting down and abandoning module ClothPainter (458)
[2017.11.21-14.24.52:800][457]LogModuleManager: Shutting down and abandoning module LogVisualizer (456)
[2017.11.21-14.24.52:826][457]LogModuleManager: Shutting down and abandoning module IntroTutorials (454)
[2017.11.21-14.24.52:857][457]LogModuleManager: Shutting down and abandoning module GameProjectGeneration (453)
[2017.11.21-14.24.52:877][457]LogModuleManager: Shutting down and abandoning module IOSPlatformEditor (450)
[2017.11.21-14.24.52:877][457]LogModuleManager: Shutting down and abandoning module HTML5PlatformEditor (448)
[2017.11.21-14.24.52:877][457]LogModuleManager: Shutting down and abandoning module AndroidPlatformEditor (446)
[2017.11.21-14.24.52:877][457]LogModuleManager: Shutting down and abandoning module AndroidDeviceDetection (445)
[2017.11.21-14.24.53:315][457]LogModuleManager: Shutting down and abandoning module WindowsPlatformEditor (442)
[2017.11.21-14.24.53:315][457]LogModuleManager: Shutting down and abandoning module IOSRuntimeSettings (440)
[2017.11.21-14.24.53:315][457]LogModuleManager: Shutting down and abandoning module AndroidRuntimeSettings (438)
[2017.11.21-14.24.53:315][457]LogModuleManager: Shutting down and abandoning module InputBindingEditor (436)
[2017.11.21-14.24.53:355][457]LogModuleManager: Shutting down and abandoning module MergeActors (434)
[2017.11.21-14.24.53:383][457]LogModuleManager: Shutting down and abandoning module SizeMap (432)
[2017.11.21-14.24.53:383][457]LogModuleManager: Shutting down and abandoning module TreeMap (430)
[2017.11.21-14.24.53:400][457]LogModuleManager: Shutting down and abandoning module ReferenceViewer (428)
[2017.11.21-14.24.53:401][457]LogModuleManager: Shutting down and abandoning module LocalizationDashboard (426)
[2017.11.21-14.24.53:422][457]LogModuleManager: Shutting down and abandoning module LocalizationService (425)
[2017.11.21-14.24.53:425][457]LogModuleManager: Shutting down and abandoning module HardwareTargeting (422)
[2017.11.21-14.24.53:425][457]LogModuleManager: Shutting down and abandoning module DeviceProfileEditor (420)
[2017.11.21-14.24.53:435][457]LogModuleManager: Shutting down and abandoning module UndoHistory (418)
[2017.11.21-14.24.53:435][457]LogModuleManager: Shutting down and abandoning module XmlParser (416)
[2017.11.21-14.24.53:449][457]LogModuleManager: Shutting down and abandoning module Blutility (414)
[2017.11.21-14.24.53:449][457]LogModuleManager: Shutting down and abandoning module ProjectSettingsViewer (412)
[2017.11.21-14.24.53:449][457]LogModuleManager: Shutting down and abandoning module ProjectTargetPlatformEditor (411)
[2017.11.21-14.24.53:449][457]LogModuleManager: Shutting down and abandoning module EditorSettingsViewer (408)
[2017.11.21-14.24.53:449][457]LogModuleManager: Shutting down and abandoning module SettingsEditor (406)
[2017.11.21-14.24.53:459][457]LogModuleManager: Shutting down and abandoning module ProjectLauncher (404)
[2017.11.21-14.24.53:471][457]LogModuleManager: Shutting down and abandoning module SessionFrontend (402)
[2017.11.21-14.24.53:485][457]LogModuleManager: Shutting down and abandoning module ProfilerClient (400)
[2017.11.21-14.24.53:498][457]LogModuleManager: Shutting down and abandoning module DeviceManager (398)
[2017.11.21-14.24.53:515][457]LogModuleManager: Shutting down and abandoning module TargetDeviceServices (397)
[2017.11.21-14.24.53:568][457]LogModuleManager: Shutting down and abandoning module AutomationController (394)
[2017.11.21-14.24.53:768][457]LogModuleManager: Shutting down and abandoning module AutomationWindow (392)
[2017.11.21-14.24.53:791][457]LogModuleManager: Shutting down and abandoning module Layers (390)
[2017.11.21-14.24.53:825][457]LogModuleManager: Shutting down and abandoning module ComponentVisualizers (388)
[2017.11.21-14.24.53:825][457]LogModuleManager: Shutting down and abandoning module DetailCustomizations (386)
[2017.11.21-14.24.53:848][457]LogModuleManager: Shutting down and abandoning module PackagesDialog (384)
[2017.11.21-14.24.53:849][457]LogModuleManager: Shutting down and abandoning module Persona (382)
[2017.11.21-14.24.53:891][457]LogModuleManager: Shutting down and abandoning module AdvancedPreviewScene (381)
[2017.11.21-14.24.53:891][457]LogModuleManager: Shutting down and abandoning module AnimGraph (379)
[2017.11.21-14.24.53:904][457]LogModuleManager: Shutting down and abandoning module Kismet (376)
[2017.11.21-14.24.53:931][457]LogModuleManager: Shutting down and abandoning module ClassViewer (374)
[2017.11.21-14.24.53:931][457]LogModuleManager: Shutting down and abandoning module Toolbox (372)
[2017.11.21-14.24.53:931][457]LogModuleManager: Shutting down and abandoning module ModuleUI (370)
[2017.11.21-14.24.53:941][457]LogModuleManager: Shutting down and abandoning module MovieSceneTools (368)
[2017.11.21-14.24.53:962][457]LogModuleManager: Shutting down and abandoning module OutputLog (366)
[2017.11.21-14.24.53:973][457]LogModuleManager: Shutting down and abandoning module GammaUI (364)
[2017.11.21-14.24.53:973][457]LogModuleManager: Shutting down and abandoning module Documentation (362)
[2017.11.21-14.24.53:973][457]LogModuleManager: Shutting down and abandoning module MovieSceneTracks (360)
[2017.11.21-14.24.53:973][457]LogModuleManager: Shutting down and abandoning module MovieScene (358)
[2017.11.21-14.24.53:977][457]LogModuleManager: Shutting down and abandoning module Niagara (356)
[2017.11.21-14.24.53:977][457]LogModuleManager: Shutting down and abandoning module NiagaraEditor (355)
[2017.11.21-14.24.54:042][457]LogModuleManager: Shutting down and abandoning module StreamingPauseRendering (352)
[2017.11.21-14.24.54:042][457]LogModuleManager: Shutting down and abandoning module LauncherPlatform (350)
[2017.11.21-14.24.54:042][457]LogModuleManager: Shutting down and abandoning module AnalyticsET (348)
[2017.11.21-14.24.54:042][457]LogModuleManager: Shutting down and abandoning module PortalServices (346)
[2017.11.21-14.24.54:042][457]LogModuleManager: Shutting down and abandoning module PortalRpc (344)
[2017.11.21-14.24.54:042][457]LogModuleManager: Shutting down and abandoning module MessagingRpc (342)
[2017.11.21-14.24.54:042][457]LogModuleManager: Shutting down and abandoning module AIModule (340)
[2017.11.21-14.24.54:042][457]LogModuleManager: Shutting down and abandoning module GameplayDebugger (339)
[2017.11.21-14.24.54:042][457]LogModuleManager: Shutting down and abandoning module AITestSuite (337)
[2017.11.21-14.24.54:062][457]LogModuleManager: Shutting down and abandoning module ProfilerService (334)
[2017.11.21-14.24.54:211][457]LogModuleManager: Shutting down and abandoning module TaskGraph (332)
[2017.11.21-14.24.54:227][457]LogModuleManager: Shutting down and abandoning module SteamVRController (330)
[2017.11.21-14.24.54:227][457]LogModuleManager: Shutting down and abandoning module ProceduralMeshComponentEditor (328)
[2017.11.21-14.24.54:227][457]LogModuleManager: Shutting down and abandoning module ProceduralMeshComponent (326)
[2017.11.21-14.24.54:227][457]LogModuleManager: Shutting down and abandoning module OculusInput (324)
[2017.11.21-14.24.54:238][457]LogModuleManager: Shutting down and abandoning module MobilePatchingUtils (322)
[2017.11.21-14.24.54:238][457]LogModuleManager: Shutting down and abandoning module CustomMeshComponent (320)
[2017.11.21-14.24.54:238][457]LogModuleManager: Shutting down and abandoning module CableComponent (318)
[2017.11.21-14.24.54:252][457]LogModuleManager: Shutting down and abandoning module ArchVisCharacter (316)
[2017.11.21-14.24.54:252][457]LogModuleManager: Shutting down and abandoning module AndroidPermission (314)
[2017.11.21-14.24.54:252][457]LogModuleManager: Shutting down and abandoning module MediaPlayerEditor (310)
[2017.11.21-14.24.54:283][457]LogModuleManager: Shutting down and abandoning module HTML5Networking (308)
[2017.11.21-14.24.54:283][457]LogModuleManager: Shutting down and abandoning module AlembicImporter (306)
[2017.11.21-14.24.54:305][457]LogModuleManager: Shutting down and abandoning module AlembicLibrary (305)
[2017.11.21-14.24.54:305][457]LogModuleManager: Shutting down and abandoning module GeometryCache (304)
[2017.11.21-14.24.54:305][457]LogModuleManager: Shutting down and abandoning module GeometryCacheEd (303)
[2017.11.21-14.24.54:305][457]LogModuleManager: Shutting down and abandoning module SpeedTreeImporter (298)
[2017.11.21-14.24.54:305][457]LogModuleManager: Shutting down and abandoning module PluginBrowser (296)
[2017.11.21-14.24.54:328][457]LogModuleManager: Shutting down and abandoning module MobileLauncherProfileWizard (294)
[2017.11.21-14.24.54:341][457]LogModuleManager: Shutting down and abandoning module VisualStudioSourceCodeAccess (292)
[2017.11.21-14.24.54:341][457]LogModuleManager: Shutting down and abandoning module DesktopPlatform (291)
[2017.11.21-14.24.54:355][457]LogModuleManager: Shutting down and abandoning module UObjectPlugin (288)
[2017.11.21-14.24.54:355][457]LogModuleManager: Shutting down and abandoning module SubversionSourceControl (286)
[2017.11.21-14.24.54:381][457]LogModuleManager: Shutting down and abandoning module PerforceSourceControl (284)
[2017.11.21-14.24.54:400][457]LogModuleManager: Shutting down and abandoning module GitSourceControl (282)
[2017.11.21-14.24.54:412][457]LogModuleManager: Shutting down and abandoning module SourceControl (281)
[2017.11.21-14.24.54:431][457]LogModuleManager: Shutting down and abandoning module LightPropagationVolumeEditor (278)
[2017.11.21-14.24.54:431][457]LogModuleManager: Shutting down and abandoning module PaperTiledImporter (276)
[2017.11.21-14.24.54:432][457]LogModuleManager: Shutting down and abandoning module PaperSpriteSheetImporter (274)
[2017.11.21-14.24.54:432][457]LogModuleManager: Shutting down and abandoning module Paper2DEditor (272)
[2017.11.21-14.24.54:450][457]LogModuleManager: Shutting down and abandoning module MeshPaint (271)
[2017.11.21-14.24.54:460][457]LogModuleManager: Shutting down and abandoning module LevelEditor (269)
[2017.11.21-14.24.54:472][457]LogModuleManager: Shutting down and abandoning module PixelInspectorModule (268)
[2017.11.21-14.24.54:485][457]LogModuleManager: Shutting down and abandoning module MainFrame (266)
[2017.11.21-14.24.54:486][457]LogModuleManager: Shutting down and abandoning module HotReload (265)
[2017.11.21-14.24.54:576][457]LogModuleManager: Shutting down and abandoning module RuntimePhysXCooking (260)
[2017.11.21-14.24.54:576][457]LogModuleManager: Shutting down and abandoning module PhysXVehiclesEditor (258)
[2017.11.21-14.24.54:576][457]LogModuleManager: Shutting down and abandoning module PhysXVehicles (256)
[2017.11.21-14.24.54:576][457]LogModuleManager: Shutting down and abandoning module OculusEditor (254)
[2017.11.21-14.24.54:576][457]LogModuleManager: Shutting down and abandoning module LocationServicesBPLibrary (252)
[2017.11.21-14.24.54:576][457]LogModuleManager: Shutting down and abandoning module ImmediatePhysicsEditor (250)
[2017.11.21-14.24.54:576][457]LogModuleManager: Shutting down and abandoning module ImmediatePhysics (248)
[2017.11.21-14.24.54:591][457]LogModuleManager: Shutting down and abandoning module UdpMessaging (246)
[2017.11.21-14.24.54:692][457]LogModuleManager: Shutting down and abandoning module TcpMessaging (244)
[2017.11.21-14.24.54:913][457]LogModuleManager: Shutting down and abandoning module GameplayTagsEditor (242)
[2017.11.21-14.24.54:967][457]LogModuleManager: Shutting down and abandoning module FacialAnimationEditor (240)
[2017.11.21-14.24.54:967][457]LogModuleManager: Shutting down and abandoning module FacialAnimation (238)
[2017.11.21-14.24.54:967][457]LogModuleManager: Shutting down and abandoning module AssetManagerEditor (236)
[2017.11.21-14.24.54:974][457]LogModuleManager: Shutting down and abandoning module GraphEditor (235)
[2017.11.21-14.24.55:040][457]LogModuleManager: Shutting down and abandoning module ContentBrowser (233)
[2017.11.21-14.24.55:044][457]LogModuleManager: Shutting down and abandoning module LightPropagationVolumeRuntime (230)
[2017.11.21-14.24.55:044][457]LogModuleManager: Shutting down and abandoning module Paper2D (228)
[2017.11.21-14.24.55:064][457]LogModuleManager: Shutting down and abandoning module WindowsMoviePlayer (226)
[2017.11.21-14.24.55:080][457]LogModuleManager: Shutting down and abandoning module WmfMedia (224)
[2017.11.21-14.24.55:109][457]LogModuleManager: Shutting down and abandoning module PacketHandler (222)
[2017.11.21-14.24.55:109][457]LogModuleManager: Shutting down and abandoning module ClothingSystemEditor (220)
[2017.11.21-14.24.55:128][457]LogModuleManager: Shutting down and abandoning module ClothingSystemRuntime (218)
[2017.11.21-14.24.55:128][457]LogModuleManager: Shutting down and abandoning module Overlay (216)
[2017.11.21-14.24.55:128][457]LogModuleManager: Shutting down and abandoning module OverlayEditor (215)
[2017.11.21-14.24.55:128][457]LogModuleManager: Shutting down and abandoning module MediaAssets (212)
[2017.11.21-14.24.55:128][457]LogModuleManager: Shutting down and abandoning module VREditor (210)
[2017.11.21-14.24.55:148][457]LogModuleManager: Shutting down and abandoning module StringTableEditor (208)
[2017.11.21-14.24.55:160][457]LogModuleManager: Shutting down and abandoning module GameplayTasksEditor (206)
[2017.11.21-14.24.55:160][457]LogModuleManager: Shutting down and abandoning module BehaviorTreeEditor (204)
[2017.11.21-14.24.55:192][457]LogModuleManager: Shutting down and abandoning module FunctionalTesting (202)
[2017.11.21-14.24.55:193][457]LogModuleManager: Shutting down and abandoning module CollisionAnalyzer (200)
[2017.11.21-14.24.55:205][457]LogModuleManager: Shutting down and abandoning module WorkspaceMenuStructure (199)
[2017.11.21-14.24.55:205][457]LogModuleManager: Shutting down and abandoning module UMG (196)
[2017.11.21-14.24.55:217][457]LogModuleManager: Shutting down and abandoning module UMGEditor (195)
[2017.11.21-14.24.55:252][457]LogModuleManager: Shutting down and abandoning module Sequencer (194)
[2017.11.21-14.24.55:273][457]LogModuleManager: Shutting down and abandoning module MessageLog (191)
[2017.11.21-14.24.55:273][457]LogModuleManager: Shutting down and abandoning module SlateReflector (186)
[2017.11.21-14.24.55:304][457]LogModuleManager: Shutting down and abandoning module Slate (184)
[2017.11.21-14.24.55:304][457]LogModuleManager: Shutting down and abandoning module EditorStyle (182)
[2017.11.21-14.24.55:331][457]LogModuleManager: Shutting down and abandoning module MRMesh (180)
[2017.11.21-14.24.55:331][457]LogModuleManager: Shutting down and abandoning module SourceCodeAccess (178)
[2017.11.21-14.24.55:331][457]LogModuleManager: Shutting down and abandoning module HeadMountedDisplay (176)
[2017.11.21-14.24.55:332][457]LogModuleManager: Shutting down and abandoning module XAudio2 (174)
[2017.11.21-14.24.55:332][457]LogModuleManager: Shutting down and abandoning module Networking (172)
[2017.11.21-14.24.55:332][457]LogModuleManager: Shutting down and abandoning module Core (168)
[2017.11.21-14.24.55:332][457]LogModuleManager: Shutting down and abandoning module KismetCompiler (164)
[2017.11.21-14.24.55:332][457]LogModuleManager: Shutting down and abandoning module LevelSequence (162)
[2017.11.21-14.24.55:332][457]LogModuleManager: Shutting down and abandoning module MeshUtilities (160)
[2017.11.21-14.24.55:353][457]LogModuleManager: Shutting down and abandoning module MeshMergeUtilities (159)
[2017.11.21-14.24.55:365][457]LogModuleManager: Shutting down and abandoning module MeshReductionInterface (158)
[2017.11.21-14.24.55:365][457]LogModuleManager: Shutting down and abandoning module SimplygonSwarm (157)
[2017.11.21-14.24.55:369][457]LogModuleManager: Shutting down and abandoning module SimplygonMeshReduction (155)
[2017.11.21-14.24.55:369][457]LogModuleManager: Shutting down and abandoning module QuadricMeshReduction (153)
[2017.11.21-14.24.55:381][457]LogModuleManager: Shutting down and abandoning module MaterialBaking (149)
[2017.11.21-14.24.55:389][457]LogModuleManager: Shutting down and abandoning module DirectoryWatcher (146)
[2017.11.21-14.24.55:398][457]LogModuleManager: Shutting down and abandoning module DerivedDataCache (144)
[2017.11.21-14.24.55:471][457]LogDerivedDataCache: Shutdown
[2017.11.21-14.24.55:486][457]LogModuleManager: Shutting down and abandoning module TargetPlatform (142)
[2017.11.21-14.24.55:486][457]LogModuleManager: Shutting down and abandoning module VulkanShaderFormat (141)
[2017.11.21-14.24.55:501][457]LogModuleManager: Shutting down and abandoning module ShaderFormatVectorVM (139)
[2017.11.21-14.24.55:507][457]LogModuleManager: Shutting down and abandoning module ShaderFormatOpenGL (137)
[2017.11.21-14.24.55:511][457]LogModuleManager: Shutting down and abandoning module ShaderFormatD3D (135)
[2017.11.21-14.24.55:518][457]LogModuleManager: Shutting down and abandoning module MetalShaderFormat (133)
[2017.11.21-14.24.55:537][457]LogModuleManager: Shutting down and abandoning module TextureFormatUncompressed (131)
[2017.11.21-14.24.55:537][457]LogModuleManager: Shutting down and abandoning module TextureFormatPVR (129)
[2017.11.21-14.24.55:537][457]LogModuleManager: Shutting down and abandoning module TextureFormatDXT (127)
[2017.11.21-14.24.55:549][457]LogModuleManager: Shutting down and abandoning module TextureFormatIntelISPCTexComp (125)
[2017.11.21-14.24.55:558][457]LogModuleManager: Shutting down and abandoning module TextureFormatASTC (123)
[2017.11.21-14.24.55:558][457]LogModuleManager: Shutting down and abandoning module ImageWrapper (122)
[2017.11.21-14.24.55:558][457]LogModuleManager: Shutting down and abandoning module TextureFormatAndroid (119)
[2017.11.21-14.24.55:558][457]LogModuleManager: Shutting down and abandoning module AudioFormatOpus (117)
[2017.11.21-14.24.55:558][457]LogModuleManager: Shutting down and abandoning module AudioFormatOgg (115)
[2017.11.21-14.24.55:558][457]LogModuleManager: Shutting down and abandoning module AudioFormatADPCM (113)
[2017.11.21-14.24.55:558][457]LogModuleManager: Shutting down and abandoning module LinuxTargetPlatform (111)
[2017.11.21-14.24.55:558][457]LogModuleManager: Shutting down and abandoning module LinuxServerTargetPlatform (109)
[2017.11.21-14.24.55:558][457]LogModuleManager: Shutting down and abandoning module LinuxNoEditorTargetPlatform (107)
[2017.11.21-14.24.55:558][457]LogModuleManager: Shutting down and abandoning module LinuxClientTargetPlatform (105)
[2017.11.21-14.24.55:559][457]LogModuleManager: Shutting down and abandoning module TVOSTargetPlatform (103)
[2017.11.21-14.24.55:559][457]LogModuleManager: Shutting down and abandoning module Messaging (101)
[2017.11.21-14.24.55:559][457]LogModuleManager: Shutting down and abandoning module IOSTargetPlatform (99)
[2017.11.21-14.24.55:559][457]LogModuleManager: Shutting down and abandoning module HTML5TargetPlatform (97)
[2017.11.21-14.24.55:559][457]LogModuleManager: Shutting down and abandoning module Android_PVRTCTargetPlatform (95)
[2017.11.21-14.24.55:559][457]LogModuleManager: Shutting down and abandoning module Android_MultiTargetPlatform (93)
[2017.11.21-14.24.55:559][457]LogModuleManager: Shutting down and abandoning module Android_ETC2TargetPlatform (91)
[2017.11.21-14.24.55:559][457]LogModuleManager: Shutting down and abandoning module Android_ETC1TargetPlatform (89)
[2017.11.21-14.24.55:559][457]LogModuleManager: Shutting down and abandoning module Android_DXTTargetPlatform (87)
[2017.11.21-14.24.55:559][457]LogModuleManager: Shutting down and abandoning module Android_ATCTargetPlatform (85)
[2017.11.21-14.24.55:559][457]LogModuleManager: Shutting down and abandoning module Android_ASTCTargetPlatform (83)
[2017.11.21-14.24.55:559][457]LogModuleManager: Shutting down and abandoning module AndroidTargetPlatform (81)
[2017.11.21-14.24.55:559][457]LogModuleManager: Shutting down and abandoning module WindowsTargetPlatform (79)
[2017.11.21-14.24.55:559][457]LogModuleManager: Shutting down and abandoning module WindowsServerTargetPlatform (77)
[2017.11.21-14.24.55:559][457]LogModuleManager: Shutting down and abandoning module WindowsNoEditorTargetPlatform (75)
[2017.11.21-14.24.55:559][457]LogModuleManager: Shutting down and abandoning module WindowsClientTargetPlatform (73)
[2017.11.21-14.24.55:559][457]LogModuleManager: Shutting down and abandoning module MacTargetPlatform (71)
[2017.11.21-14.24.55:559][457]LogModuleManager: Shutting down and abandoning module MacServerTargetPlatform (69)
[2017.11.21-14.24.55:559][457]LogModuleManager: Shutting down and abandoning module MacNoEditorTargetPlatform (67)
[2017.11.21-14.24.55:559][457]LogModuleManager: Shutting down and abandoning module MacClientTargetPlatform (65)
[2017.11.21-14.24.55:559][457]LogModuleManager: Shutting down and abandoning module AllDesktopTargetPlatform (63)
[2017.11.21-14.24.55:559][457]LogModuleManager: Shutting down and abandoning module InputCore (60)
[2017.11.21-14.24.55:559][457]LogModuleManager: Shutting down and abandoning module Settings (58)
[2017.11.21-14.24.55:559][457]LogModuleManager: Shutting down and abandoning module PhysXCooking (56)
[2017.11.21-14.24.55:559][457]LogModuleManager: Shutting down and abandoning module SteamVR (54)
[2017.11.21-14.24.55:559][457]LogModuleManager: Shutting down and abandoning module OculusHMD (52)
[2017.11.21-14.24.55:577][457]LogModuleManager: Shutting down and abandoning module ExampleDeviceProfileSelector (50)
[2017.11.21-14.24.55:577][457]LogModuleManager: Shutting down and abandoning module OnlineBlueprintSupport (48)
[2017.11.21-14.24.55:577][457]LogModuleManager: Shutting down and abandoning module OnlineSubsystem (44)
[2017.11.21-14.24.55:577][457]LogOnline: Display: Unloading online subsystem: NULL
[2017.11.21-14.24.55:614][457]LogModuleManager: Shutting down and abandoning module XMPP (43)
[2017.11.21-14.24.55:631][457]LogModuleManager: Shutting down and abandoning module HTTP (41)
[2017.11.21-14.24.55:632][457]LogHttp: Display: Http module shutting down, but needs to wait on 1 outstanding Http requests:
[2017.11.21-14.24.55:650][457]LogHttp: Display: 	verb=[POST] url=[https://datarouter.ol.epicgames.com/datarouter/api/v1/public/data?SessionID=%7B242F92FE-4285-F9B1-4FD4-03B1F90E83E1%7D&AppID=UEEditor.Rocket.Release&AppVersion=4.17.1-3586342%2B%2B%2BUE4%2BRelease-4.17&UserID=2b4b9104449ff9352e6e79a22565f81d%7C7c7d6b3990ad4a62a4d878ae6b0c72dd%7Cdff5993a-bb95-44de-bad5-df2ac76192ca&AppEnvironment=datacollector-binary&UploadType=eteventstream] status=Processing
[2017.11.21-14.24.55:658][457]LogModuleManager: Shutting down and abandoning module SSL (40)
[2017.11.21-14.24.55:671][457]LogModuleManager: Shutting down and abandoning module AnimationModifiers (36)
[2017.11.21-14.24.55:681][457]LogModuleManager: Shutting down and abandoning module PropertyEditor (35)
[2017.11.21-14.24.55:681][457]LogModuleManager: Shutting down and abandoning module AudioEditor (32)
[2017.11.21-14.24.55:728][457]LogModuleManager: Shutting down and abandoning module TextureCompressor (30)
[2017.11.21-14.24.55:739][457]LogModuleManager: Shutting down and abandoning module ShaderCore (28)
[2017.11.21-14.24.55:739][457]LogModuleManager: Shutting down and abandoning module Landscape (26)
[2017.11.21-14.24.55:739][457]LogModuleManager: Shutting down and abandoning module SlateRHIRenderer (24)
[2017.11.21-14.24.55:771][457]LogModuleManager: Shutting down and abandoning module OpenGLDrv (22)
[2017.11.21-14.24.55:776][457]LogModuleManager: Shutting down and abandoning module D3D11RHI (20)
[2017.11.21-14.24.55:776][457]LogModuleManager: Shutting down and abandoning module AnimGraphRuntime (18)
[2017.11.21-14.24.55:776][457]LogModuleManager: Shutting down and abandoning module Renderer (16)
[2017.11.21-14.24.55:776][457]LogModuleManager: Shutting down and abandoning module Engine (14)
[2017.11.21-14.24.55:776][457]LogModuleManager: Shutting down and abandoning module CoreUObject (12)
[2017.11.21-14.24.55:776][457]LogModuleManager: Shutting down and abandoning module NetworkFile (10)
[2017.11.21-14.24.55:790][457]LogModuleManager: Shutting down and abandoning module CookedIterativeFile (8)
[2017.11.21-14.24.55:790][457]LogModuleManager: Shutting down and abandoning module StreamingFile (6)
[2017.11.21-14.24.55:796][457]LogModuleManager: Shutting down and abandoning module SandboxFile (4)
[2017.11.21-14.24.55:803][457]LogModuleManager: Shutting down and abandoning module PakFile (2)
[2017.11.21-14.24.55:834][457]LogExit: Exiting.
[2017.11.21-14.24.55:897][457]Log file closed, 11/21/17 23:24:55
