Log file open, 09/25/17 10:53:13
LogWindows: LoadLibraryWithSearchPaths failed for file aqProf.dll. GetLastError=0
LogWindows: LoadLibraryWithSearchPaths failed for file VtuneApi.dll. GetLastError=0
LogWindows: LoadLibraryWithSearchPaths failed for file VtuneApi32e.dll. GetLastError=0
LogInit: Display: Running engine for game: Berserker
LogPlatformFile: Not using cached read wrapper
LogInit: Display: RandInit(1785475056) SRandInit(1785475056).
LogTaskGraph: Started task graph with 5 named threads and 14 total threads with 3 sets of task threads.
LogStats: Stats thread started at 4.338739
LogD3D11RHI: Aftermath initialized
LogPluginManager: Mounting plugin Paper2D
LogPluginManager: Mounting plugin LightPropagationVolume
LogPluginManager: Mounting plugin CodeLiteSourceCodeAccess
LogPluginManager: Mounting plugin GitSourceControl
LogPluginManager: Mounting plugin KDevelopSourceCodeAccess
LogPluginManager: Mounting plugin NullSourceCodeAccess
LogPluginManager: Mounting plugin PerforceSourceControl
LogPluginManager: Mounting plugin SubversionSourceControl
LogPluginManager: Mounting plugin UObjectPlugin
LogPluginManager: Mounting plugin VisualStudioSourceCodeAccess
LogPluginManager: Mounting plugin XCodeSourceCodeAccess
LogPluginManager: Mounting plugin AssetManagerEditor
LogPluginManager: Mounting plugin AudioCapture
LogPluginManager: Mounting plugin FacialAnimation
LogPluginManager: Mounting plugin GameplayTagsEditor
LogPluginManager: Mounting plugin MobileLauncherProfileWizard
LogPluginManager: Mounting plugin PluginBrowser
LogPluginManager: Mounting plugin SpeedTreeImporter
LogPluginManager: Mounting plugin AlembicImporter
LogPluginManager: Mounting plugin CharacterAI
LogPluginManager: Mounting plugin HTML5Networking
LogPluginManager: Mounting plugin AndroidMedia
LogPluginManager: Mounting plugin AvfMedia
LogPluginManager: Mounting plugin MediaPlayerEditor
LogPluginManager: Mounting plugin WmfMedia
LogPluginManager: Mounting plugin TcpMessaging
LogPluginManager: Mounting plugin UdpMessaging
LogPluginManager: Mounting plugin LevelSequenceEditor
LogPluginManager: Mounting plugin MatineeToLevelSequence
LogPluginManager: Mounting plugin OnlineSubsystemGooglePlay
LogPluginManager: Mounting plugin OnlineSubsystemIOS
LogPluginManager: Mounting plugin OnlineSubsystem
LogPluginManager: Mounting plugin OnlineSubsystemNull
LogPluginManager: Mounting plugin OnlineSubsystemUtils
LogPluginManager: Mounting plugin AndroidDeviceProfileSelector
LogPluginManager: Mounting plugin AndroidMoviePlayer
LogPluginManager: Mounting plugin AndroidPermission
LogPluginManager: Mounting plugin AppleMoviePlayer
LogPluginManager: Mounting plugin ArchVisCharacter
LogPluginManager: Mounting plugin CableComponent
LogPluginManager: Mounting plugin CustomMeshComponent
LogPluginManager: Mounting plugin ExampleDeviceProfileSelector
LogPluginManager: Mounting plugin GoogleCloudMessaging
LogPluginManager: Mounting plugin ImmediatePhysics
LogPluginManager: Mounting plugin IOSDeviceProfileSelector
LogPluginManager: Mounting plugin LinuxDeviceProfileSelector
LogPluginManager: Mounting plugin LocationServicesBPLibrary
LogPluginManager: Mounting plugin MobilePatchingUtils
LogPluginManager: Mounting plugin OculusVR
LogPluginManager: Mounting plugin PhysXVehicles
LogPluginManager: Mounting plugin ProceduralMeshComponent
LogPluginManager: Mounting plugin RuntimePhysXCooking
LogPluginManager: Mounting plugin SteamVR
LogPluginManager: Mounting plugin WindowsMoviePlayer
LogInit: Using libcurl 7.47.1
LogInit:  - built for x86_64-pc-win32
LogInit:  - supports SSL with OpenSSL/1.0.2g
LogInit:  - supports HTTP deflate (compression) using libz 1.2.8
LogInit:  - other features:
LogInit:      CURL_VERSION_SSL
LogInit:      CURL_VERSION_LIBZ
LogInit:      CURL_VERSION_IPV6
LogInit:      CURL_VERSION_ASYNCHDNS
LogInit:      CURL_VERSION_LARGEFILE
LogInit:      CURL_VERSION_IDN
LogInit:  CurlRequestOptions (configurable via config and command line):
LogInit:  - bVerifyPeer = false  - Libcurl will NOT verify peer certificate
LogInit:  - bUseHttpProxy = false  - Libcurl will NOT use HTTP proxy
LogInit:  - bDontReuseConnections = false  - Libcurl will reuse connections
LogInit:  - CertBundlePath = nullptr  - Libcurl will use whatever was configured at build time.
LogInit: Build: ++UE4+Release-4.17-CL-3586342
LogInit: Engine Version: 4.17.1-3586342+++UE4+Release-4.17
LogInit: Compatible Engine Version: 4.17.0-3573198+++UE4+Release-4.17
LogInit: Net CL: 3573198
LogDevObjectVersion: Number of dev versions registered: 16
LogDevObjectVersion:   Dev-Blueprints (B0D832E4-1F89-4F0D-ACCF-7EB736FD4AA2): 10
LogDevObjectVersion:   Dev-Build (E1C64328-A22C-4D53-A36C-8E866417BD8C): 0
LogDevObjectVersion:   Dev-Core (375EC13C-06E4-48FB-B500-84F0262A717E): 2
LogDevObjectVersion:   Dev-Editor (E4B068ED-F494-42E9-A231-DA0B2E46BB41): 20
LogDevObjectVersion:   Dev-Framework (CFFC743F-43B0-4480-9391-14DF171D2073): 28
LogDevObjectVersion:   Dev-Mobile (B02B49B5-BB20-44E9-A304-32B752E40360): 0
LogDevObjectVersion:   Dev-Networking (A4E4105C-59A1-49B5-A7C5-40C4547EDFEE): 0
LogDevObjectVersion:   Dev-Online (39C831C9-5AE6-47DC-9A44-9C173E1C8E7C): 0
LogDevObjectVersion:   Dev-Physics (78F01B33-EBEA-4F98-B9B4-84EACCB95AA2): 0
LogDevObjectVersion:   Dev-Platform (6631380F-2D4D-43E0-8009-CF276956A95A): 0
LogDevObjectVersion:   Dev-Rendering (12F88B9F-8875-4AFC-A67C-D90C383ABD29): 19
LogDevObjectVersion:   Dev-Sequencer (7B5AE74C-D270-4C10-A958-57980B212A5A): 4
LogDevObjectVersion:   Dev-VR (D7296918-1DD6-4BDD-9DE2-64A83CC13884): 0
LogDevObjectVersion:   Dev-LoadTimes (C2A15278-BFE7-4AFE-6C17-90FF531DF755): 1
LogDevObjectVersion:   Private-Geometry (6EACA3D4-40EC-4CC1-B786-8BED09428FC5): 1
LogDevObjectVersion:   Dev-AnimPhys (29E575DD-E0A3-4627-9D10-D276232CDCEA): 7
LogInit: Compiled (64-bit): Aug 15 2017 02:05:26
LogInit: Compiled with Visual C++: 19.00.24215.01
LogInit: Build Configuration: Development
LogInit: Branch Name: ++UE4+Release-4.17
LogInit: Command line:  
LogInit: Base directory: D:/UnrealEngine/UE_4.17/Engine/Binaries/Win64/
LogInit: Installed Engine Build: 1
LogInit: Presizing for max 8388607 objects, including 0 objects not considered by GC, pre-allocating 0 bytes for permanent pool.
LogInit: Object subsystem initialized
[2017.09.25-01.53.15:832][  0]LogInit: Selected Device Profile: [Windows]
[2017.09.25-01.53.15:832][  0]LogInit: Applying CVar settings loaded from the selected device profile: [Windows]
[2017.09.25-01.53.16:014][  0]LogInit: Computer: DESKTOP-6JOGDQL
[2017.09.25-01.53.16:014][  0]LogInit: User: JWOH
[2017.09.25-01.53.16:014][  0]LogInit: CPU Page size=4096, Cores=4
[2017.09.25-01.53.16:014][  0]LogInit: High frequency timer resolution =2.531250 MHz
[2017.09.25-01.53.16:014][  0]LogMemory: Memory total: Physical=7.9GB (8GB approx)
[2017.09.25-01.53.16:014][  0]LogMemory: Platform Memory Stats for Windows
[2017.09.25-01.53.16:014][  0]LogMemory: Process Physical Memory: 279.60 MB used, 279.60 MB peak
[2017.09.25-01.53.16:014][  0]LogMemory: Process Virtual Memory: 282.34 MB used, 282.34 MB peak
[2017.09.25-01.53.16:015][  0]LogMemory: Physical Memory: 3939.15 MB used,  4116.50 MB free, 8055.66 MB total
[2017.09.25-01.53.16:015][  0]LogMemory: Virtual Memory: 677.23 MB used,  4116.50 MB free, 134217728.00 MB total
[2017.09.25-01.53.17:402][  0]LogInit: Using OS detected language (ko-KR).
[2017.09.25-01.53.17:402][  0]LogInit: Using OS detected locale (ko-KR).
[2017.09.25-01.53.17:726][  0]LogTextLocalizationManager: No specific localization for 'ko-KR' exists, so the 'ko' localization will be used.
[2017.09.25-01.53.22:429][  0]LogD3D11RHI: D3D11 adapters:
[2017.09.25-01.53.22:995][  0]LogD3D11RHI:    0. 'NVIDIA GeForce GTX 960M' (Feature Level 11_0)
[2017.09.25-01.53.22:995][  0]LogD3D11RHI:       2019/0/4027 MB DedicatedVideo/DedicatedSystem/SharedSystem, Outputs:1, VendorId:0x10de
[2017.09.25-01.53.23:003][  0]LogD3D11RHI:    1. 'Intel(R) HD Graphics 530' (Feature Level 11_0)
[2017.09.25-01.53.23:003][  0]LogD3D11RHI:       128/0/4027 MB DedicatedVideo/DedicatedSystem/SharedSystem, Outputs:0, VendorId:0x8086
[2017.09.25-01.53.23:007][  0]LogD3D11RHI:    2. 'Microsoft Basic Render Driver' (Feature Level 11_0)
[2017.09.25-01.53.23:007][  0]LogD3D11RHI:       0/0/4027 MB DedicatedVideo/DedicatedSystem/SharedSystem, Outputs:0, VendorId:0x1414
[2017.09.25-01.53.23:007][  0]LogD3D11RHI: Chosen D3D11 Adapter: 0
[2017.09.25-01.53.23:012][  0]LogD3D11RHI: Creating new Direct3DDevice
[2017.09.25-01.53.23:012][  0]LogD3D11RHI:     GPU DeviceId: 0x139b (for the marketing name, search the web for "GPU Device Id")
[2017.09.25-01.53.23:012][  0]LogWindows: EnumDisplayDevices:
[2017.09.25-01.53.23:012][  0]LogWindows:    0. 'Intel(R) HD Graphics 530' (P:1 D:1)
[2017.09.25-01.53.23:013][  0]LogWindows:    1. 'Intel(R) HD Graphics 530' (P:0 D:0)
[2017.09.25-01.53.23:013][  0]LogWindows:    2. 'Intel(R) HD Graphics 530' (P:0 D:0)
[2017.09.25-01.53.23:014][  0]LogWindows: DebugString: PrimaryIsNotTheChoosenAdapter PrimaryIsNotTheChoosenAdapter PrimaryIsNotTheChoosenAdapter FoundDriverCount:0 
[2017.09.25-01.53.23:014][  0]LogD3D11RHI:     Adapter Name: NVIDIA GeForce GTX 960M
[2017.09.25-01.53.23:014][  0]LogD3D11RHI:   Driver Version: Unknown (internal:Unknown, unified:Unknown)
[2017.09.25-01.53.23:014][  0]LogD3D11RHI:      Driver Date: Unknown
[2017.09.25-01.53.23:014][  0]LogRHI: Texture pool is 1361 MB (70% of 1945 MB)
[2017.09.25-01.53.23:031][  0]LogD3D11RHI: Async texture creation enabled
[2017.09.25-01.53.23:412][  0]LogD3D11RHI: GPU Timing Frequency: 1000.000000 (Debug: 2 1)
[2017.09.25-01.53.23:502][  0]LogShaderCompilers: Guid format shader working directory is -14 characters bigger than the processId version (../../../../../NewGarden/GardenProject/NGA/Project/Berserker/Intermediate/Shaders/WorkingDirectory/11472/).
[2017.09.25-01.53.23:502][  0]LogShaderCompilers: Cleaned the shader compiler working directory 'C:/Users/J.W OH/AppData/Local/Temp/UnrealShaderWorkingDir/78EC527B40F9FF44C2317F9E46AC481C/'.
[2017.09.25-01.53.23:513][  0]LogShaderCompilers: Display: Using Local Shader Compiler.
[2017.09.25-01.53.28:185][  0]LogTemp: Display: Loaded TP AllDesktopTargetPlatform
[2017.09.25-01.53.28:238][  0]LogTemp: Display: Loaded TP MacClientTargetPlatform
[2017.09.25-01.53.28:296][  0]LogTemp: Display: Loaded TP MacNoEditorTargetPlatform
[2017.09.25-01.53.28:349][  0]LogTemp: Display: Loaded TP MacServerTargetPlatform
[2017.09.25-01.53.28:421][  0]LogTemp: Display: Loaded TP MacTargetPlatform
[2017.09.25-01.53.28:466][  0]LogTemp: Display: Loaded TP WindowsClientTargetPlatform
[2017.09.25-01.53.28:512][  0]LogTemp: Display: Loaded TP WindowsNoEditorTargetPlatform
[2017.09.25-01.53.28:575][  0]LogTemp: Display: Loaded TP WindowsServerTargetPlatform
[2017.09.25-01.53.28:616][  0]LogTemp: Display: Loaded TP WindowsTargetPlatform
[2017.09.25-01.53.28:685][  0]LogTemp: Display: Loaded TP AndroidTargetPlatform
[2017.09.25-01.53.28:739][  0]LogTemp: Display: Loaded TP Android_ASTCTargetPlatform
[2017.09.25-01.53.28:784][  0]LogTemp: Display: Loaded TP Android_ATCTargetPlatform
[2017.09.25-01.53.28:825][  0]LogTemp: Display: Loaded TP Android_DXTTargetPlatform
[2017.09.25-01.53.28:877][  0]LogTemp: Display: Loaded TP Android_ETC1TargetPlatform
[2017.09.25-01.53.28:919][  0]LogTemp: Display: Loaded TP Android_ETC2TargetPlatform
[2017.09.25-01.53.29:005][  0]LogTemp: Display: Loaded TP Android_MultiTargetPlatform
[2017.09.25-01.53.29:005][  0]LogTemp: Display: Loaded TP Android_PVRTCTargetPlatform
[2017.09.25-01.53.29:041][  0]LogTemp: Display: Loaded TP HTML5TargetPlatform
[2017.09.25-01.53.29:240][  0]LogTemp: Display: Loaded TP IOSTargetPlatform
[2017.09.25-01.53.29:265][  0]LogTemp: Display: Loaded TP TVOSTargetPlatform
[2017.09.25-01.53.29:307][  0]LogTemp: Display: Loaded TP LinuxClientTargetPlatform
[2017.09.25-01.53.29:349][  0]LogTemp: Display: Loaded TP LinuxNoEditorTargetPlatform
[2017.09.25-01.53.29:392][  0]LogTemp: Display: Loaded TP LinuxServerTargetPlatform
[2017.09.25-01.53.29:456][  0]LogTemp: Display: Loaded TP LinuxTargetPlatform
[2017.09.25-01.53.29:456][  0]LogTargetPlatformManager: Display: Building Assets For Windows
[2017.09.25-01.53.30:931][  0]LogDerivedDataCache: Display: Max Cache Size: 512 MB
[2017.09.25-01.53.31:318][  0]LogDerivedDataCache: Loaded boot cache 0.39s 93MB C:/Users/J.W OH/AppData/Local/UnrealEngine/4.17/DerivedDataCache/Boot.ddc.
[2017.09.25-01.53.31:318][  0]LogDerivedDataCache: Display: Loaded Boot cache: C:/Users/J.W OH/AppData/Local/UnrealEngine/4.17/DerivedDataCache/Boot.ddc
[2017.09.25-01.53.31:318][  0]LogDerivedDataCache: FDerivedDataBackendGraph:  Pak pak cache file ../../../../../NewGarden/GardenProject/NGA/Project/Berserker/DerivedDataCache/DDC.ddp not found, will not use a pak cache.
[2017.09.25-01.53.31:318][  0]LogDerivedDataCache: Unable to find inner node Pak for hierarchical cache Hierarchy.
[2017.09.25-01.53.31:318][  0]LogDerivedDataCache: FDerivedDataBackendGraph:  CompressedPak pak cache file ../../../../../NewGarden/GardenProject/NGA/Project/Berserker/DerivedDataCache/Compressed.ddp not found, will not use a pak cache.
[2017.09.25-01.53.31:318][  0]LogDerivedDataCache: Unable to find inner node CompressedPak for hierarchical cache Hierarchy.
[2017.09.25-01.53.31:421][  0]LogDerivedDataCache: Display: Pak cache opened for reading ../../../Engine/DerivedDataCache/Compressed.ddp.
[2017.09.25-01.53.31:434][  0]LogDerivedDataCache: Using Local data cache path C:/Users/J.W OH/AppData/Local/UnrealEngine/Common/DerivedDataCache: Writable
[2017.09.25-01.53.31:493][  0]LogMaterial: Verifying Global Shaders for PCD3D_SM5
[2017.09.25-01.53.31:564][  0]LogSlate: Using Freetype 2.6.0
[2017.09.25-01.53.31:642][  0]LogSlate: SlateFontCache - WITH_FREETYPE: 1, WITH_HARFBUZZ: 1
[2017.09.25-01.53.31:654][  0]LogSlate: SlateFontCache - WITH_FREETYPE: 1, WITH_HARFBUZZ: 1
[2017.09.25-01.53.40:143][  0]LogAssetRegistry: FAssetRegistry took 0.0316 seconds to start up
[2017.09.25-01.53.44:169][  0]LogInit: Selected Device Profile: [Windows]
[2017.09.25-01.53.48:525][  0]LogSimplygon: Simplygon DLL not present - disabling.
[2017.09.25-01.53.48:616][  0]LogMeshReduction: Using SimplygonSwarm for distributed automatic mesh merging
[2017.09.25-01.53.48:624][  0]LogMeshReduction: Using QuadricMeshReduction for automatic static mesh reduction
[2017.09.25-01.53.48:625][  0]LogMeshReduction: No automatic skeletal mesh reduction module available
[2017.09.25-01.53.48:625][  0]LogMeshReduction: No automatic mesh merging module available
[2017.09.25-01.53.48:625][  0]LogMeshMerging: No automatic mesh merging module available
[2017.09.25-01.53.48:848][  0]LogContentStreaming: Texture pool size is 0.00 MB
[2017.09.25-01.53.51:776][  0]LogNetVersion: Berserker , NetCL: 3573198, EngineNetVer: 2, GameNetVer: 0 (Checksum: 408643392)
[2017.09.25-01.53.53:327][  0]LogPackageLocalizationCache: Processed 5 localized package path(s) for 2 prioritized culture(s) in 0.119628 seconds
[2017.09.25-01.53.53:391][  0]LogUObjectArray: 35825 objects as part of root set at end of initial load.
[2017.09.25-01.53.53:391][  0]LogUObjectAllocator: 7529104 out of 0 bytes used by permanent object pool.
[2017.09.25-01.53.53:391][  0]LogUObjectArray: CloseDisregardForGC: 0/0 objects in disregard for GC pool
[2017.09.25-01.53.53:444][  0]LogInit: WinSock: version 1.1 (2.2), MaxSocks=32767, MaxUdp=65467
[2017.09.25-01.54.10:121][  0]LogTcpMessaging: Initializing TcpMessaging bridge
[2017.09.25-01.54.10:186][  0]LogUdpMessaging: Initializing bridge on interface 0.0.0.0:0 to multicast group 230.0.0.1:6666.
[2017.09.25-01.54.11:744][  0]LogMaterial: Uniform references updated for custom material expression Custom.
[2017.09.25-01.54.12:664][  0]SourceControl: 소스 콘트롤이 꺼졌습니다.
[2017.09.25-01.54.12:664][  0]SourceControl: 소스 콘트롤이 꺼졌습니다.
[2017.09.25-01.54.12:782][  0]SourceControl: 소스 콘트롤이 꺼졌습니다.
[2017.09.25-01.54.12:847][  0]SourceControl: 소스 콘트롤이 꺼졌습니다.
[2017.09.25-01.54.13:790][  0]LogAndroidPermission: UAndroidPermissionCallbackProxy::GetInstance
[2017.09.25-01.54.14:038][  0]LogOcInput: OculusInput pre-init called
[2017.09.25-01.54.14:828][  0]LogEngine: Initializing Engine...
[2017.09.25-01.54.14:872][  0]LogHMD: Failed to initialize OpenVR with code 110
[2017.09.25-01.54.15:659][  0]LogStats: UGameplayTagsManager::ConstructGameplayTagTree: Construct from data asset -  0.000 s
[2017.09.25-01.54.15:659][  0]LogStats: UGameplayTagsManager::ConstructGameplayTagTree: GameplayTagTreeChangedEvent.Broadcast -  0.000 s
[2017.09.25-01.54.16:215][  0]LogAIModule: Creating AISystem for world Untitled
[2017.09.25-01.54.16:344][  0]LogInit: XAudio2 using '스피커(Realtek High Definition Audio(SST))' : 2 channels at 48 kHz using 32 bits per sample (channel mask 0x3)
[2017.09.25-01.54.16:955][  0]LogInit: FAudioDevice initialized.
[2017.09.25-01.54.17:089][  0]LogDerivedDataCache: Saved boot cache 0.13s 93MB C:/Users/J.W OH/AppData/Local/UnrealEngine/4.17/DerivedDataCache/Boot.ddc.
[2017.09.25-01.54.17:110][  0]LogInit: Texture streaming: Enabled
[2017.09.25-01.54.17:360][  0]LogEngineSessionManager: EngineSessionManager initialized
[2017.09.25-01.54.18:030][  0]LogInit: Transaction tracking system initialized
[2017.09.25-01.54.18:621][  0]BlueprintLog: New page: 에디터 로드
[2017.09.25-01.54.20:305][  0]LocalizationService: 현지화 서비스가 비활성화되었습니다.
[2017.09.25-01.54.21:699][  0]LogConsoleResponse: Display: 
[2017.09.25-01.54.25:844][  0]LogFileCache: Scanning file cache for directory 'D:/NewGarden/GardenProject/NGA/Project/Berserker/Content/' took 0.04s
[2017.09.25-01.54.25:844][  0]LogCook: Display: Max memory allowance for cook 16384mb min free memory 0mb
[2017.09.25-01.54.25:844][  0]LogCook: Display: Mobile HDR setting 1
[2017.09.25-01.54.25:872][  0]LogGameplayTags: Display: UGameplayTagsManager::DoneAddingNativeTags. DelegateIsBound: 0
[2017.09.25-01.54.28:631][  0]SourceControl: 소스 콘트롤이 꺼졌습니다.
[2017.09.25-01.54.28:691][  0]Cmd: MAP LOAD FILE="../../../../../NewGarden/GardenProject/NGA/Project/Berserker/Content/PlayerCharacterBP/Maps/Arena.umap" TEMPLATE=0 SHOWPROGRESS=1 FEATURELEVEL=3
[2017.09.25-01.54.28:719][  0]LightingResults: New page: 라이팅 빌드
[2017.09.25-01.54.28:859][  0]MapCheck: New page: 맵 체크
[2017.09.25-01.54.28:859][  0]LightingResults: New page: 라이팅 빌드
[2017.09.25-01.54.34:173][  0]LogAIModule: Creating AISystem for world Arena
[2017.09.25-01.54.34:834][  0]LogEditorServer: Finished looking for orphan Actors (0.000 secs)
[2017.09.25-01.54.35:099][  0]Cmd: MAP CHECKDEP NOCLEARLOG
[2017.09.25-01.54.35:175][  0]MapCheck: 맵 체크 완료: 오류 0 회, 경고 0 회, 소요 시간 75.213ms.
[2017.09.25-01.54.35:175][  0]LogFileHelpers: Loading map 'Arena' took 6.495
[2017.09.25-01.54.35:961][  0]LogWindowsTextInputMethodSystem: Display: IME system now activated using TSF (Microsoft 입력기).
[2017.09.25-01.54.36:621][  0]LogCollectionManager: Loaded 0 collections in 0.001300 seconds
[2017.09.25-01.54.36:800][  0]LogFileCache: Scanning file cache for directory 'D:/NewGarden/GardenProject/NGA/Project/Berserker/Saved/Collections/' took 0.01s
[2017.09.25-01.54.36:800][  0]LogFileCache: Scanning file cache for directory 'D:/NewGarden/GardenProject/NGA/Project/Berserker/Content/Developers/JWOH/Collections/' took 0.01s
[2017.09.25-01.54.36:800][  0]LogFileCache: Scanning file cache for directory 'D:/NewGarden/GardenProject/NGA/Project/Berserker/Content/Collections/' took 0.01s
[2017.09.25-01.54.36:800][  0]LogCollectionManager: Rebuilt the GUID cache for 0 collections in 0.000000 seconds
[2017.09.25-01.54.36:826][  0]LogContentBrowser: Native class hierarchy populated in 0.0090 seconds. Added 2386 classes and 500 folders.
[2017.09.25-01.54.36:947][  0]LogContentBrowser: Native class hierarchy updated for 'WidgetCarousel' in 0.0009 seconds. Added 0 classes and 0 folders.
[2017.09.25-01.54.38:025][  0]LogContentBrowser: Native class hierarchy updated for 'AddContentDialog' in 0.0007 seconds. Added 0 classes and 0 folders.
[2017.09.25-01.54.38:143][  0]LogContentBrowser: Native class hierarchy updated for 'SceneOutliner' in 0.0007 seconds. Added 1 classes and 2 folders.
[2017.09.25-01.54.38:964][  0]LogSlate: Took 0.040028 seconds to synchronously load lazily loaded font '../../../Engine/Content/Slate/Fonts/Roboto-Regular.ttf' (155K)
[2017.09.25-01.54.39:055][  0]LogSlate: Took 0.080323 seconds to synchronously load lazily loaded font '../../../Engine/Content/Slate/Fonts/NanumGothic.ttf' (4243K)
[2017.09.25-01.54.39:079][  0]LogSlate: Took 0.021667 seconds to synchronously load lazily loaded font '../../../Engine/Content/Slate/Fonts/Roboto-Bold.ttf' (160K)
[2017.09.25-01.54.39:152][  0]LogSlate: Took 0.017824 seconds to synchronously load lazily loaded font '../../../Engine/Content/Editor/Slate/Fonts/FontAwesome.ttf' (139K)
[2017.09.25-01.54.39:660][  0]LogRenderer: Reallocating scene render targets to support 1208x576 Format 10 NumSamples 1 (Frame:1).
[2017.09.25-01.54.40:879][  0]LogContentBrowser: Native class hierarchy updated for 'HierarchicalLODOutliner' in 0.0008 seconds. Added 1 classes and 2 folders.
[2017.09.25-01.54.40:879][  0]LogLoad: (Engine Initialization) Total time: 101.99 seconds
[2017.09.25-01.54.40:879][  0]LogLoad: (Engine Initialization) Total Blueprint compile time: 0.00 seconds
[2017.09.25-01.54.40:888][  0]LogExternalProfiler: Found external profiler: VSPerf
[2017.09.25-01.54.40:888][  0]LogExternalProfiler: Using external profiler: VSPerf
[2017.09.25-01.54.41:058][  0]LogContentStreaming: Texture pool size now 1000 MB
[2017.09.25-01.54.41:265][  0]LogSlate: Took 0.025833 seconds to synchronously load lazily loaded font '../../../Engine/Content/Slate/Fonts/Roboto-Light.ttf' (159K)
[2017.09.25-01.54.41:435][  3]LogAssetRegistry: Asset discovery search completed in 61.3135 seconds
[2017.09.25-01.54.41:446][  3]LogCollectionManager: Rebuilt the object cache for 0 collections in 0.000000 seconds (found 0 objects)
[2017.09.25-01.54.41:446][  3]LogCollectionManager: Fixed up redirectors for 0 collections in 0.000090 seconds (updated 0 objects)
[2017.09.25-01.54.42:072][ 32]LogSlate: Took 0.000286 seconds to synchronously load lazily loaded font '../../../Engine/Content/Slate/Fonts/Roboto-Light.ttf' (159K)
[2017.09.25-01.54.49:225][661]LogSlate: Took 0.016713 seconds to synchronously load lazily loaded font '../../../Engine/Content/Slate/Fonts/Roboto-Light.ttf' (159K)
[2017.09.25-01.54.49:465][661]LogContentBrowser: Native class hierarchy updated for 'SkeletonEditor' in 0.0007 seconds. Added 1 classes and 2 folders.
[2017.09.25-01.54.50:318][661]LogActorComponent: RegisterComponentWithWorld: (/Engine/Transient.World_0:PersistentLevel.Actor_0.DebugSkelMeshComponent_0) Already registered. Aborting.
[2017.09.25-01.54.51:050][661]LogSkeletalMesh: USkeletalMeshComponent::InitArticulated : Bodies already created (/Engine/Transient.World_0:PersistentLevel.Actor_0.DebugSkelMeshComponent_0) - call TermArticulated first.
[2017.09.25-01.54.54:235][661]LogContentBrowser: Native class hierarchy updated for 'BlueprintGraph' in 0.0017 seconds. Added 113 classes and 0 folders.
[2017.09.25-01.54.57:026][661]LogActorComponent: RegisterComponentWithWorld: (/Engine/Transient.World_3:PersistentLevel.Actor_1.DebugSkelMeshComponent_1) Already registered. Aborting.
[2017.09.25-01.54.57:067][661]AnimBlueprint: Warning: 슬롯노드: PlayerCharacterAnim_BP_C 애니메이션 인스턴트 클래스의 'DefaultSlot' 는 이미 존재합니다. 이 클래스의 애니메이션 그래프에서 중복을 제거하세요.
[2017.09.25-01.54.57:556][661]LogSkeletalMesh: USkeletalMeshComponent::InitArticulated : Bodies already created (/Engine/Transient.World_3:PersistentLevel.Actor_1.DebugSkelMeshComponent_1) - call TermArticulated first.
[2017.09.25-01.54.58:890][661]LogActorComponent: RegisterComponentWithWorld: (/Engine/Transient.World_5:PersistentLevel.Actor_2.DebugSkelMeshComponent_3) Already registered. Aborting.
[2017.09.25-01.54.59:008][661]LogSkeletalMesh: USkeletalMeshComponent::InitArticulated : Bodies already created (/Engine/Transient.World_5:PersistentLevel.Actor_2.DebugSkelMeshComponent_3) - call TermArticulated first.
[2017.09.25-01.55.01:709][661]LogActorComponent: RegisterComponentWithWorld: (/Engine/Transient.World_7:PersistentLevel.Actor_3.DebugSkelMeshComponent_5) Already registered. Aborting.
[2017.09.25-01.55.01:801][661]LogSkeletalMesh: USkeletalMeshComponent::InitArticulated : Bodies already created (/Engine/Transient.World_7:PersistentLevel.Actor_3.DebugSkelMeshComponent_5) - call TermArticulated first.
[2017.09.25-01.55.07:816][661]AnimBlueprint: Warning: 슬롯노드: PlayerCharacterAnim_BP_C 애니메이션 인스턴트 클래스의 'DefaultSlot' 는 이미 존재합니다. 이 클래스의 애니메이션 그래프에서 중복을 제거하세요.
[2017.09.25-01.55.08:126][661]AnimBlueprint: Warning: 슬롯노드: PlayerCharacterAnim_BP_C 애니메이션 인스턴트 클래스의 'DefaultSlot' 는 이미 존재합니다. 이 클래스의 애니메이션 그래프에서 중복을 제거하세요.
[2017.09.25-01.55.08:591][661]LogSlate: Took 0.013350 seconds to synchronously load lazily loaded font '../../../Engine/Content/Editor/Slate/Fonts/Roboto-BoldCondensed.ttf' (158K)
[2017.09.25-01.55.22:852][348]LogSlate: Took 0.018550 seconds to synchronously load lazily loaded font '../../../Engine/Content/Editor/Slate/Fonts/Roboto-Italic.ttf' (157K)
[2017.09.25-01.55.27:734][506]LogContentBrowser: Native class hierarchy updated for 'ClothingSystemEditorInterface' in 0.0008 seconds. Added 1 classes and 0 folders.
[2017.09.25-01.55.27:916][506]LogContentBrowser: Verbose: The majority of assets in the view are of type: AnimSequence
[2017.09.25-01.56.03:366][920]BlueprintLog: New page: Sword 컴파일
[2017.09.25-01.56.03:750][920]AnimBlueprint: Warning: 슬롯노드: PlayerCharacterAnim_BP_C 애니메이션 인스턴트 클래스의 'DefaultSlot' 는 이미 존재합니다. 이 클래스의 애니메이션 그래프에서 중복을 제거하세요.
[2017.09.25-01.56.03:771][920]AnimBlueprint: Warning: 슬롯노드: PlayerCharacterAnim_BP_C 애니메이션 인스턴트 클래스의 'DefaultSlot' 는 이미 존재합니다. 이 클래스의 애니메이션 그래프에서 중복을 제거하세요.
[2017.09.25-01.56.04:716][920]AnimBlueprint: Warning: 슬롯노드: PlayerCharacterAnim_BP_C 애니메이션 인스턴트 클래스의 'DefaultSlot' 는 이미 존재합니다. 이 클래스의 애니메이션 그래프에서 중복을 제거하세요.
[2017.09.25-01.56.06:430][ 20]LogTemp: Repeating last play command: 선택된 뷰포트
[2017.09.25-01.56.06:782][ 20]LogBlueprintUserMessages: Early PlayInEditor Detection: Level '/Game/PlayerCharacterBP/Maps/Arena.Arena:PersistentLevel' has LevelScriptBlueprint '/Game/PlayerCharacterBP/Maps/Arena.Arena:PersistentLevel.Arena' with GeneratedClass '/Game/PlayerCharacterBP/Maps/Arena.Arena_C' with ClassGeneratedBy '/Game/PlayerCharacterBP/Maps/Arena.Arena:PersistentLevel.Arena'
[2017.09.25-01.56.06:793][ 20]LogPlayLevel: PlayLevel: No blueprints needed recompiling
[2017.09.25-01.56.06:978][ 20]PIE: New page: PIE 세션: Arena (2017. 9. 25. 오후 7:56:06)
[2017.09.25-01.56.07:001][ 20]LogPlayLevel: Creating play world package: /Game/PlayerCharacterBP/Maps/UEDPIE_0_Arena
[2017.09.25-01.56.07:104][ 20]LogPlayLevel: PIE: StaticDuplicateObject took: (0.102475s)
[2017.09.25-01.56.07:105][ 20]LogAIModule: Creating AISystem for world Arena
[2017.09.25-01.56.07:106][ 20]LogPlayLevel: PIE: World Init took: (0.001599s)
[2017.09.25-01.56.07:115][ 20]LogPlayLevel: PIE: Created PIE world by copying editor world from /Game/PlayerCharacterBP/Maps/Arena.Arena to /Game/PlayerCharacterBP/Maps/UEDPIE_0_Arena.Arena (0.113129s)
[2017.09.25-01.56.07:161][ 20]LogInit: XAudio2 using '스피커(Realtek High Definition Audio(SST))' : 2 channels at 48 kHz using 32 bits per sample (channel mask 0x3)
[2017.09.25-01.56.07:181][ 20]LogInit: FAudioDevice initialized.
[2017.09.25-01.56.07:428][ 20]LogLoad: Game class is 'BerserkerGameMode_C'
[2017.09.25-01.56.07:464][ 20]LogWorld: Bringing World /Game/PlayerCharacterBP/Maps/UEDPIE_0_Arena.Arena up for play (max tick rate 0) at 2017.09.25-10.56.07
[2017.09.25-01.56.07:732][ 20]LogWorld: Bringing up level for play took: 0.278765
[2017.09.25-01.56.08:033][ 20]LogContentBrowser: Native class hierarchy updated for 'MovieSceneCapture' in 0.0008 seconds. Added 11 classes and 0 folders.
[2017.09.25-01.56.08:041][ 20]AnimBlueprint: Warning: 슬롯노드: PlayerCharacterAnim_BP_C 애니메이션 인스턴트 클래스의 'DefaultSlot' 는 이미 존재합니다. 이 클래스의 애니메이션 그래프에서 중복을 제거하세요.
[2017.09.25-01.56.08:161][ 20]PIE: /Game/PlayerCharacterBP/Maps/UEDPIE_0_Arena 에 대한 에디터에서 플레이 시작 시간: 2.149
[2017.09.25-01.56.08:162][ 20]LogBlueprintUserMessages: Late PlayInEditor Detection: Level '/Game/PlayerCharacterBP/Maps/Arena.Arena:PersistentLevel' has LevelScriptBlueprint '/Game/PlayerCharacterBP/Maps/Arena.Arena:PersistentLevel.Arena' with GeneratedClass '/Game/PlayerCharacterBP/Maps/Arena.Arena_C' with ClassGeneratedBy '/Game/PlayerCharacterBP/Maps/Arena.Arena:PersistentLevel.Arena'
[2017.09.25-01.56.08:377][ 20]LogBlueprintUserMessages: [DistanceEnemy_2] 570
[2017.09.25-01.56.08:701][ 21]LogBlueprintUserMessages: [DistanceEnemy_2] 570
[2017.09.25-01.56.08:728][ 22]LogBlueprintUserMessages: [DistanceEnemy_2] 570
[2017.09.25-01.56.08:755][ 23]LogBlueprintUserMessages: [DistanceEnemy_2] 570
[2017.09.25-01.56.08:857][ 24]LogBlueprintUserMessages: [DistanceEnemy_2] 570
[2017.09.25-01.56.08:867][ 25]LogBlueprintUserMessages: [DistanceEnemy_2] 570
[2017.09.25-01.56.08:876][ 26]LogBlueprintUserMessages: [DistanceEnemy_2] 570
[2017.09.25-01.56.08:890][ 27]LogBlueprintUserMessages: [DistanceEnemy_2] 570
[2017.09.25-01.56.08:906][ 28]LogBlueprintUserMessages: [DistanceEnemy_2] 570
[2017.09.25-01.56.08:919][ 29]LogBlueprintUserMessages: [DistanceEnemy_2] 570
[2017.09.25-01.56.08:933][ 30]LogBlueprintUserMessages: [DistanceEnemy_2] 570
[2017.09.25-01.56.08:945][ 31]LogBlueprintUserMessages: [DistanceEnemy_2] 570
[2017.09.25-01.56.08:958][ 32]LogBlueprintUserMessages: [DistanceEnemy_2] 570
[2017.09.25-01.56.08:971][ 33]LogBlueprintUserMessages: [DistanceEnemy_2] 570
[2017.09.25-01.56.08:987][ 34]LogBlueprintUserMessages: [DistanceEnemy_2] 570
[2017.09.25-01.56.09:008][ 35]LogBlueprintUserMessages: [DistanceEnemy_2] 570
[2017.09.25-01.56.09:025][ 36]LogBlueprintUserMessages: [DistanceEnemy_2] 570
[2017.09.25-01.56.09:042][ 37]LogBlueprintUserMessages: [DistanceEnemy_2] 570
[2017.09.25-01.56.09:055][ 38]LogBlueprintUserMessages: [DistanceEnemy_2] 570
[2017.09.25-01.56.09:072][ 39]LogBlueprintUserMessages: [DistanceEnemy_2] 570
[2017.09.25-01.56.09:086][ 40]LogBlueprintUserMessages: [DistanceEnemy_2] 570
[2017.09.25-01.56.09:099][ 41]LogBlueprintUserMessages: [DistanceEnemy_2] 570
[2017.09.25-01.56.09:112][ 42]LogBlueprintUserMessages: [DistanceEnemy_2] 570
[2017.09.25-01.56.09:125][ 43]LogBlueprintUserMessages: [DistanceEnemy_2] 570
[2017.09.25-01.56.09:140][ 44]LogBlueprintUserMessages: [DistanceEnemy_2] 570
[2017.09.25-01.56.09:153][ 45]LogBlueprintUserMessages: [DistanceEnemy_2] 570
[2017.09.25-01.56.09:167][ 46]LogBlueprintUserMessages: [DistanceEnemy_2] 570
[2017.09.25-01.56.09:178][ 47]LogBlueprintUserMessages: [DistanceEnemy_2] 570
[2017.09.25-01.56.09:191][ 48]LogBlueprintUserMessages: [DistanceEnemy_2] 570
[2017.09.25-01.56.09:205][ 49]LogBlueprintUserMessages: [DistanceEnemy_2] 570
[2017.09.25-01.56.09:218][ 50]LogBlueprintUserMessages: [DistanceEnemy_2] 570
[2017.09.25-01.56.09:231][ 51]LogBlueprintUserMessages: [DistanceEnemy_2] 570
[2017.09.25-01.56.09:244][ 52]LogBlueprintUserMessages: [DistanceEnemy_2] 570
[2017.09.25-01.56.09:258][ 53]LogBlueprintUserMessages: [DistanceEnemy_2] 570
[2017.09.25-01.56.09:274][ 54]LogBlueprintUserMessages: [DistanceEnemy_2] 570
[2017.09.25-01.56.09:288][ 55]LogBlueprintUserMessages: [DistanceEnemy_2] 570
[2017.09.25-01.56.09:301][ 56]LogBlueprintUserMessages: [DistanceEnemy_2] 570
[2017.09.25-01.56.09:310][ 57]LogBlueprintUserMessages: [DistanceEnemy_2] 570
[2017.09.25-01.56.09:327][ 58]LogBlueprintUserMessages: [DistanceEnemy_2] 570
[2017.09.25-01.56.09:338][ 59]LogBlueprintUserMessages: [DistanceEnemy_2] 570
[2017.09.25-01.56.09:351][ 60]LogBlueprintUserMessages: [DistanceEnemy_2] 570
[2017.09.25-01.56.09:362][ 61]LogBlueprintUserMessages: [DistanceEnemy_2] 570
[2017.09.25-01.56.09:378][ 62]LogBlueprintUserMessages: [DistanceEnemy_2] 570
[2017.09.25-01.56.09:428][ 63]LogBlueprintUserMessages: [DistanceEnemy_2] 570
[2017.09.25-01.56.09:444][ 64]LogBlueprintUserMessages: [DistanceEnemy_2] 570
[2017.09.25-01.56.09:453][ 65]LogBlueprintUserMessages: [DistanceEnemy_2] 570
[2017.09.25-01.56.09:464][ 66]LogBlueprintUserMessages: [DistanceEnemy_2] 570
[2017.09.25-01.56.09:480][ 67]LogBlueprintUserMessages: [DistanceEnemy_2] 570
[2017.09.25-01.56.09:498][ 68]LogBlueprintUserMessages: [DistanceEnemy_2] 570
[2017.09.25-01.56.09:510][ 69]LogBlueprintUserMessages: [DistanceEnemy_2] 570
[2017.09.25-01.56.09:518][ 70]LogBlueprintUserMessages: [DistanceEnemy_2] 570
[2017.09.25-01.56.09:527][ 71]LogBlueprintUserMessages: [DistanceEnemy_2] 570
[2017.09.25-01.56.09:542][ 72]LogBlueprintUserMessages: [DistanceEnemy_2] 570
[2017.09.25-01.56.09:554][ 73]LogBlueprintUserMessages: [DistanceEnemy_2] 570
[2017.09.25-01.56.09:570][ 74]LogBlueprintUserMessages: [DistanceEnemy_2] 570
[2017.09.25-01.56.09:580][ 75]LogBlueprintUserMessages: [DistanceEnemy_2] 570
[2017.09.25-01.56.09:594][ 76]LogBlueprintUserMessages: [DistanceEnemy_2] 570
[2017.09.25-01.56.09:608][ 77]LogBlueprintUserMessages: [DistanceEnemy_2] 570
[2017.09.25-01.56.09:621][ 78]LogBlueprintUserMessages: [DistanceEnemy_2] 570
[2017.09.25-01.56.09:636][ 79]LogBlueprintUserMessages: [DistanceEnemy_2] 570
[2017.09.25-01.56.09:651][ 80]LogBlueprintUserMessages: [DistanceEnemy_2] 570
[2017.09.25-01.56.09:659][ 81]LogBlueprintUserMessages: [DistanceEnemy_2] 570
[2017.09.25-01.56.09:672][ 82]LogBlueprintUserMessages: [DistanceEnemy_2] 570
[2017.09.25-01.56.09:685][ 83]LogBlueprintUserMessages: [DistanceEnemy_2] 570
[2017.09.25-01.56.09:697][ 84]LogBlueprintUserMessages: [DistanceEnemy_2] 570
[2017.09.25-01.56.09:708][ 85]LogBlueprintUserMessages: [DistanceEnemy_2] 570
[2017.09.25-01.56.09:722][ 86]LogBlueprintUserMessages: [DistanceEnemy_2] 570
[2017.09.25-01.56.09:736][ 87]LogBlueprintUserMessages: [DistanceEnemy_2] 570
[2017.09.25-01.56.09:748][ 88]LogBlueprintUserMessages: [DistanceEnemy_2] 570
[2017.09.25-01.56.09:763][ 89]LogBlueprintUserMessages: [DistanceEnemy_2] 570
[2017.09.25-01.56.09:775][ 90]LogBlueprintUserMessages: [DistanceEnemy_2] 570
[2017.09.25-01.56.09:789][ 91]LogBlueprintUserMessages: [DistanceEnemy_2] 570
[2017.09.25-01.56.09:802][ 92]LogBlueprintUserMessages: [DistanceEnemy_2] 570
[2017.09.25-01.56.09:814][ 93]LogBlueprintUserMessages: [DistanceEnemy_2] 570
[2017.09.25-01.56.09:829][ 94]LogBlueprintUserMessages: [DistanceEnemy_2] 570
[2017.09.25-01.56.09:838][ 95]LogBlueprintUserMessages: [DistanceEnemy_2] 570
[2017.09.25-01.56.09:852][ 96]LogBlueprintUserMessages: [DistanceEnemy_2] 570
[2017.09.25-01.56.09:864][ 97]LogBlueprintUserMessages: [DistanceEnemy_2] 570
[2017.09.25-01.56.09:874][ 98]LogBlueprintUserMessages: [DistanceEnemy_2] 570
[2017.09.25-01.56.09:889][ 99]LogBlueprintUserMessages: [DistanceEnemy_2] 570
[2017.09.25-01.56.09:902][100]LogBlueprintUserMessages: [DistanceEnemy_2] 570
[2017.09.25-01.56.09:912][101]LogBlueprintUserMessages: [DistanceEnemy_2] 570
[2017.09.25-01.56.09:926][102]LogBlueprintUserMessages: [DistanceEnemy_2] 570
[2017.09.25-01.56.09:938][103]LogBlueprintUserMessages: [DistanceEnemy_2] 570
[2017.09.25-01.56.09:952][104]LogBlueprintUserMessages: [DistanceEnemy_2] 570
[2017.09.25-01.56.09:964][105]LogBlueprintUserMessages: [DistanceEnemy_2] 570
[2017.09.25-01.56.09:976][106]LogBlueprintUserMessages: [DistanceEnemy_2] 570
[2017.09.25-01.56.09:988][107]LogBlueprintUserMessages: [DistanceEnemy_2] 570
[2017.09.25-01.56.10:003][108]LogBlueprintUserMessages: [DistanceEnemy_2] 570
[2017.09.25-01.56.10:016][109]LogBlueprintUserMessages: [DistanceEnemy_2] 570
[2017.09.25-01.56.10:031][110]LogBlueprintUserMessages: [DistanceEnemy_2] 570
[2017.09.25-01.56.10:044][111]LogBlueprintUserMessages: [DistanceEnemy_2] 570
[2017.09.25-01.56.10:056][112]LogBlueprintUserMessages: [DistanceEnemy_2] 570
[2017.09.25-01.56.10:071][113]LogBlueprintUserMessages: [DistanceEnemy_2] 570
[2017.09.25-01.56.10:082][114]LogBlueprintUserMessages: [DistanceEnemy_2] 570
[2017.09.25-01.56.10:097][115]LogBlueprintUserMessages: [DistanceEnemy_2] 570
[2017.09.25-01.56.10:111][116]LogBlueprintUserMessages: [DistanceEnemy_2] 570
[2017.09.25-01.56.10:122][117]LogBlueprintUserMessages: [DistanceEnemy_2] 570
[2017.09.25-01.56.10:137][118]LogBlueprintUserMessages: [DistanceEnemy_2] 570
[2017.09.25-01.56.10:148][119]LogBlueprintUserMessages: [DistanceEnemy_2] 570
[2017.09.25-01.56.10:160][120]LogBlueprintUserMessages: [DistanceEnemy_2] 570
[2017.09.25-01.56.10:174][121]LogBlueprintUserMessages: [DistanceEnemy_2] 570
[2017.09.25-01.56.10:188][122]LogBlueprintUserMessages: [DistanceEnemy_2] 570
[2017.09.25-01.56.10:200][123]LogBlueprintUserMessages: [DistanceEnemy_2] 570
[2017.09.25-01.56.10:211][124]LogBlueprintUserMessages: [DistanceEnemy_2] 570
[2017.09.25-01.56.10:230][125]LogBlueprintUserMessages: [DistanceEnemy_2] 570
[2017.09.25-01.56.10:251][126]LogBlueprintUserMessages: [DistanceEnemy_2] 570
[2017.09.25-01.56.10:260][127]LogBlueprintUserMessages: [DistanceEnemy_2] 570
[2017.09.25-01.56.10:269][128]LogBlueprintUserMessages: [DistanceEnemy_2] 570
[2017.09.25-01.56.10:280][129]LogBlueprintUserMessages: [DistanceEnemy_2] 570
[2017.09.25-01.56.10:291][130]LogBlueprintUserMessages: [DistanceEnemy_2] 570
[2017.09.25-01.56.10:308][131]LogBlueprintUserMessages: [DistanceEnemy_2] 570
[2017.09.25-01.56.10:322][132]LogBlueprintUserMessages: [DistanceEnemy_2] 570
[2017.09.25-01.56.10:337][133]LogBlueprintUserMessages: [DistanceEnemy_2] 570
[2017.09.25-01.56.10:348][134]LogBlueprintUserMessages: [DistanceEnemy_2] 570
[2017.09.25-01.56.10:361][135]LogBlueprintUserMessages: [DistanceEnemy_2] 570
[2017.09.25-01.56.10:376][136]LogBlueprintUserMessages: [DistanceEnemy_2] 570
[2017.09.25-01.56.10:388][137]LogBlueprintUserMessages: [DistanceEnemy_2] 570
[2017.09.25-01.56.10:403][138]LogBlueprintUserMessages: [DistanceEnemy_2] 570
[2017.09.25-01.56.10:415][139]LogBlueprintUserMessages: [DistanceEnemy_2] 570
[2017.09.25-01.56.10:429][140]LogBlueprintUserMessages: [DistanceEnemy_2] 570
[2017.09.25-01.56.10:440][141]LogBlueprintUserMessages: [DistanceEnemy_2] 570
[2017.09.25-01.56.10:455][142]LogBlueprintUserMessages: [DistanceEnemy_2] 570
[2017.09.25-01.56.10:470][143]LogBlueprintUserMessages: [DistanceEnemy_2] 570
[2017.09.25-01.56.10:482][144]LogBlueprintUserMessages: [DistanceEnemy_2] 570
[2017.09.25-01.56.10:496][145]LogBlueprintUserMessages: [DistanceEnemy_2] 570
[2017.09.25-01.56.10:507][146]LogBlueprintUserMessages: [DistanceEnemy_2] 570
[2017.09.25-01.56.10:522][147]LogBlueprintUserMessages: [DistanceEnemy_2] 570
[2017.09.25-01.56.10:537][148]LogBlueprintUserMessages: [DistanceEnemy_2] 570
[2017.09.25-01.56.10:553][149]LogBlueprintUserMessages: [DistanceEnemy_2] 570
[2017.09.25-01.56.10:565][150]LogBlueprintUserMessages: [DistanceEnemy_2] 570
[2017.09.25-01.56.10:575][151]LogBlueprintUserMessages: [DistanceEnemy_2] 570
[2017.09.25-01.56.10:588][152]LogBlueprintUserMessages: [DistanceEnemy_2] 570
[2017.09.25-01.56.10:601][153]LogBlueprintUserMessages: [DistanceEnemy_2] 570
[2017.09.25-01.56.10:614][154]LogBlueprintUserMessages: [DistanceEnemy_2] 570
[2017.09.25-01.56.10:625][155]LogBlueprintUserMessages: [DistanceEnemy_2] 570
[2017.09.25-01.56.10:637][156]LogBlueprintUserMessages: [DistanceEnemy_2] 570
[2017.09.25-01.56.10:652][157]LogBlueprintUserMessages: [DistanceEnemy_2] 570
[2017.09.25-01.56.10:664][158]LogBlueprintUserMessages: [DistanceEnemy_2] 570
[2017.09.25-01.56.10:678][159]LogBlueprintUserMessages: [DistanceEnemy_2] 570
[2017.09.25-01.56.10:691][160]LogBlueprintUserMessages: [DistanceEnemy_2] 570
[2017.09.25-01.56.10:704][161]LogBlueprintUserMessages: [DistanceEnemy_2] 570
[2017.09.25-01.56.10:716][162]LogBlueprintUserMessages: [DistanceEnemy_2] 570
[2017.09.25-01.56.10:726][163]LogBlueprintUserMessages: [DistanceEnemy_2] 570
[2017.09.25-01.56.10:742][164]LogBlueprintUserMessages: [DistanceEnemy_2] 570
[2017.09.25-01.56.10:754][165]LogBlueprintUserMessages: [DistanceEnemy_2] 570
[2017.09.25-01.56.10:765][166]LogBlueprintUserMessages: [DistanceEnemy_2] 570
[2017.09.25-01.56.10:783][167]LogBlueprintUserMessages: [DistanceEnemy_2] 570
[2017.09.25-01.56.10:794][168]LogBlueprintUserMessages: [DistanceEnemy_2] 570
[2017.09.25-01.56.10:809][169]LogBlueprintUserMessages: [DistanceEnemy_2] 570
[2017.09.25-01.56.10:821][170]LogBlueprintUserMessages: [DistanceEnemy_2] 570
[2017.09.25-01.56.10:836][171]LogBlueprintUserMessages: [DistanceEnemy_2] 570
[2017.09.25-01.56.10:848][172]LogBlueprintUserMessages: [DistanceEnemy_2] 570
[2017.09.25-01.56.10:858][173]LogBlueprintUserMessages: [DistanceEnemy_2] 570
[2017.09.25-01.56.10:874][174]LogBlueprintUserMessages: [DistanceEnemy_2] 570
[2017.09.25-01.56.10:888][175]LogBlueprintUserMessages: [DistanceEnemy_2] 570
[2017.09.25-01.56.10:904][176]LogBlueprintUserMessages: [DistanceEnemy_2] 570
[2017.09.25-01.56.10:916][177]LogBlueprintUserMessages: [DistanceEnemy_2] 570
[2017.09.25-01.56.10:933][178]LogBlueprintUserMessages: [DistanceEnemy_2] 570
[2017.09.25-01.56.10:943][179]LogBlueprintUserMessages: [DistanceEnemy_2] 570
[2017.09.25-01.56.10:956][180]LogBlueprintUserMessages: [DistanceEnemy_2] 570
[2017.09.25-01.56.10:970][181]LogBlueprintUserMessages: [DistanceEnemy_2] 570
[2017.09.25-01.56.10:980][182]LogBlueprintUserMessages: [DistanceEnemy_2] 570
[2017.09.25-01.56.10:997][183]LogBlueprintUserMessages: [DistanceEnemy_2] 570
[2017.09.25-01.56.11:007][184]LogBlueprintUserMessages: [DistanceEnemy_2] 570
[2017.09.25-01.56.11:021][185]LogBlueprintUserMessages: [DistanceEnemy_2] 570
[2017.09.25-01.56.11:033][186]LogBlueprintUserMessages: [DistanceEnemy_2] 570
[2017.09.25-01.56.11:046][187]LogBlueprintUserMessages: [DistanceEnemy_2] 570
[2017.09.25-01.56.11:060][188]LogBlueprintUserMessages: [DistanceEnemy_2] 570
[2017.09.25-01.56.11:071][189]LogBlueprintUserMessages: [DistanceEnemy_2] 570
[2017.09.25-01.56.11:086][190]LogBlueprintUserMessages: [DistanceEnemy_2] 570
[2017.09.25-01.56.11:098][191]LogBlueprintUserMessages: [DistanceEnemy_2] 570
[2017.09.25-01.56.11:110][192]LogBlueprintUserMessages: [DistanceEnemy_2] 570
[2017.09.25-01.56.11:123][193]LogBlueprintUserMessages: [DistanceEnemy_2] 570
[2017.09.25-01.56.11:136][194]LogBlueprintUserMessages: [DistanceEnemy_2] 570
[2017.09.25-01.56.11:148][195]LogBlueprintUserMessages: [DistanceEnemy_2] 570
[2017.09.25-01.56.11:159][196]LogBlueprintUserMessages: [DistanceEnemy_2] 570
[2017.09.25-01.56.11:171][197]LogBlueprintUserMessages: [DistanceEnemy_2] 570
[2017.09.25-01.56.11:184][198]LogBlueprintUserMessages: [DistanceEnemy_2] 570
[2017.09.25-01.56.11:194][199]LogBlueprintUserMessages: [DistanceEnemy_2] 570
[2017.09.25-01.56.11:211][200]LogBlueprintUserMessages: [DistanceEnemy_2] 570
[2017.09.25-01.56.11:226][201]LogBlueprintUserMessages: [DistanceEnemy_2] 570
[2017.09.25-01.56.11:240][202]LogBlueprintUserMessages: [DistanceEnemy_2] 570
[2017.09.25-01.56.11:261][203]LogBlueprintUserMessages: [DistanceEnemy_2] 570
[2017.09.25-01.56.11:287][204]LogBlueprintUserMessages: [DistanceEnemy_2] 570
[2017.09.25-01.56.11:298][205]LogBlueprintUserMessages: [DistanceEnemy_2] 570
[2017.09.25-01.56.11:316][206]LogBlueprintUserMessages: [DistanceEnemy_2] 570
[2017.09.25-01.56.11:336][207]LogBlueprintUserMessages: [DistanceEnemy_2] 570
[2017.09.25-01.56.11:355][208]LogBlueprintUserMessages: [DistanceEnemy_2] 570
[2017.09.25-01.56.11:374][209]LogBlueprintUserMessages: [DistanceEnemy_2] 570
[2017.09.25-01.56.11:389][210]LogBlueprintUserMessages: [DistanceEnemy_2] 570
[2017.09.25-01.56.11:404][211]LogBlueprintUserMessages: [DistanceEnemy_2] 570
[2017.09.25-01.56.11:415][212]LogBlueprintUserMessages: [DistanceEnemy_2] 570
[2017.09.25-01.56.11:429][213]LogBlueprintUserMessages: [DistanceEnemy_2] 570
[2017.09.25-01.56.11:443][214]LogBlueprintUserMessages: [DistanceEnemy_2] 570
[2017.09.25-01.56.11:457][215]LogBlueprintUserMessages: [DistanceEnemy_2] 570
[2017.09.25-01.56.11:470][216]LogBlueprintUserMessages: [DistanceEnemy_2] 570
[2017.09.25-01.56.11:482][217]LogBlueprintUserMessages: [DistanceEnemy_2] 570
[2017.09.25-01.56.11:498][218]LogBlueprintUserMessages: [DistanceEnemy_2] 570
[2017.09.25-01.56.11:511][219]LogBlueprintUserMessages: [DistanceEnemy_2] 570
[2017.09.25-01.56.11:525][220]LogBlueprintUserMessages: [DistanceEnemy_2] 570
[2017.09.25-01.56.11:538][221]LogBlueprintUserMessages: [DistanceEnemy_2] 570
[2017.09.25-01.56.11:554][222]LogBlueprintUserMessages: [DistanceEnemy_2] 570
[2017.09.25-01.56.11:567][223]LogBlueprintUserMessages: [DistanceEnemy_2] 570
[2017.09.25-01.56.11:577][224]LogBlueprintUserMessages: [DistanceEnemy_2] 570
[2017.09.25-01.56.11:591][225]LogBlueprintUserMessages: [DistanceEnemy_2] 570
[2017.09.25-01.56.11:603][226]LogBlueprintUserMessages: [DistanceEnemy_2] 570
[2017.09.25-01.56.11:617][227]LogBlueprintUserMessages: [DistanceEnemy_2] 570
[2017.09.25-01.56.11:628][228]LogBlueprintUserMessages: [DistanceEnemy_2] 570
[2017.09.25-01.56.11:644][229]LogBlueprintUserMessages: [DistanceEnemy_2] 570
[2017.09.25-01.56.11:675][230]LogBlueprintUserMessages: [DistanceEnemy_2] 570
[2017.09.25-01.56.11:686][231]LogBlueprintUserMessages: [DistanceEnemy_2] 570
[2017.09.25-01.56.11:695][232]LogBlueprintUserMessages: [DistanceEnemy_2] 570
[2017.09.25-01.56.11:703][233]LogBlueprintUserMessages: [DistanceEnemy_2] 570
[2017.09.25-01.56.11:715][234]LogBlueprintUserMessages: [DistanceEnemy_2] 570
[2017.09.25-01.56.11:726][235]LogBlueprintUserMessages: [DistanceEnemy_2] 570
[2017.09.25-01.56.11:738][236]LogBlueprintUserMessages: [DistanceEnemy_2] 570
[2017.09.25-01.56.11:752][237]LogBlueprintUserMessages: [DistanceEnemy_2] 570
[2017.09.25-01.56.11:764][238]LogBlueprintUserMessages: [DistanceEnemy_2] 570
[2017.09.25-01.56.11:778][239]LogBlueprintUserMessages: [DistanceEnemy_2] 570
[2017.09.25-01.56.11:789][240]LogBlueprintUserMessages: [DistanceEnemy_2] 570
[2017.09.25-01.56.11:804][241]LogBlueprintUserMessages: [DistanceEnemy_2] 570
[2017.09.25-01.56.11:818][242]LogBlueprintUserMessages: [DistanceEnemy_2] 570
[2017.09.25-01.56.11:830][243]LogBlueprintUserMessages: [DistanceEnemy_2] 570
[2017.09.25-01.56.11:843][244]LogBlueprintUserMessages: [DistanceEnemy_2] 570
[2017.09.25-01.56.11:854][245]LogBlueprintUserMessages: [DistanceEnemy_2] 570
[2017.09.25-01.56.11:870][246]LogBlueprintUserMessages: [DistanceEnemy_2] 570
[2017.09.25-01.56.11:881][247]LogBlueprintUserMessages: [DistanceEnemy_2] 570
[2017.09.25-01.56.11:893][248]LogBlueprintUserMessages: [DistanceEnemy_2] 570
[2017.09.25-01.56.11:908][249]LogBlueprintUserMessages: [DistanceEnemy_2] 570
[2017.09.25-01.56.11:922][250]LogBlueprintUserMessages: [DistanceEnemy_2] 570
[2017.09.25-01.56.11:936][251]LogBlueprintUserMessages: [DistanceEnemy_2] 570
[2017.09.25-01.56.11:947][252]LogBlueprintUserMessages: [DistanceEnemy_2] 570
[2017.09.25-01.56.11:960][253]LogBlueprintUserMessages: [DistanceEnemy_2] 570
[2017.09.25-01.56.11:974][254]LogBlueprintUserMessages: [DistanceEnemy_2] 570
[2017.09.25-01.56.11:989][255]LogBlueprintUserMessages: [DistanceEnemy_2] 570
[2017.09.25-01.56.12:003][256]LogBlueprintUserMessages: [DistanceEnemy_2] 570
[2017.09.25-01.56.12:018][257]LogBlueprintUserMessages: [DistanceEnemy_2] 570
[2017.09.25-01.56.12:030][258]LogBlueprintUserMessages: [DistanceEnemy_2] 570
[2017.09.25-01.56.12:041][259]LogBlueprintUserMessages: [DistanceEnemy_2] 570
[2017.09.25-01.56.12:055][260]LogBlueprintUserMessages: [DistanceEnemy_2] 570
[2017.09.25-01.56.12:068][261]LogBlueprintUserMessages: [DistanceEnemy_2] 570
[2017.09.25-01.56.12:078][262]LogBlueprintUserMessages: [DistanceEnemy_2] 570
[2017.09.25-01.56.12:092][263]LogBlueprintUserMessages: [DistanceEnemy_2] 570
[2017.09.25-01.56.12:103][264]LogBlueprintUserMessages: [DistanceEnemy_2] 570
[2017.09.25-01.56.12:116][265]LogBlueprintUserMessages: [DistanceEnemy_2] 570
[2017.09.25-01.56.12:128][266]LogBlueprintUserMessages: [DistanceEnemy_2] 570
[2017.09.25-01.56.12:140][267]LogBlueprintUserMessages: [DistanceEnemy_2] 570
[2017.09.25-01.56.12:154][268]LogBlueprintUserMessages: [DistanceEnemy_2] 570
[2017.09.25-01.56.12:168][269]LogBlueprintUserMessages: [DistanceEnemy_2] 570
[2017.09.25-01.56.12:180][270]LogBlueprintUserMessages: [DistanceEnemy_2] 570
[2017.09.25-01.56.12:192][271]LogBlueprintUserMessages: [DistanceEnemy_2] 570
[2017.09.25-01.56.12:204][272]LogBlueprintUserMessages: [DistanceEnemy_2] 570
[2017.09.25-01.56.12:222][273]LogBlueprintUserMessages: [DistanceEnemy_2] 570
[2017.09.25-01.56.12:249][274]LogBlueprintUserMessages: [DistanceEnemy_2] 570
[2017.09.25-01.56.12:262][275]LogBlueprintUserMessages: [DistanceEnemy_2] 570
[2017.09.25-01.56.12:273][276]LogBlueprintUserMessages: [DistanceEnemy_2] 570
[2017.09.25-01.56.12:287][277]LogBlueprintUserMessages: [DistanceEnemy_2] 570
[2017.09.25-01.56.12:301][278]LogBlueprintUserMessages: [DistanceEnemy_2] 570
[2017.09.25-01.56.12:311][279]LogBlueprintUserMessages: [DistanceEnemy_2] 570
[2017.09.25-01.56.12:326][280]LogBlueprintUserMessages: [DistanceEnemy_2] 570
[2017.09.25-01.56.12:338][281]LogBlueprintUserMessages: [DistanceEnemy_2] 570
[2017.09.25-01.56.12:352][282]LogBlueprintUserMessages: [DistanceEnemy_2] 570
[2017.09.25-01.56.12:363][283]LogBlueprintUserMessages: [DistanceEnemy_2] 570
[2017.09.25-01.56.12:378][284]LogBlueprintUserMessages: [DistanceEnemy_2] 570
[2017.09.25-01.56.12:388][285]LogBlueprintUserMessages: [DistanceEnemy_2] 570
[2017.09.25-01.56.12:404][286]LogBlueprintUserMessages: [DistanceEnemy_2] 570
[2017.09.25-01.56.12:417][287]LogBlueprintUserMessages: [DistanceEnemy_2] 570
[2017.09.25-01.56.12:429][288]LogBlueprintUserMessages: [DistanceEnemy_2] 570
[2017.09.25-01.56.12:443][289]LogBlueprintUserMessages: [DistanceEnemy_2] 570
[2017.09.25-01.56.12:455][290]LogBlueprintUserMessages: [DistanceEnemy_2] 570
[2017.09.25-01.56.12:469][291]LogBlueprintUserMessages: [DistanceEnemy_2] 570
[2017.09.25-01.56.12:481][292]LogBlueprintUserMessages: [DistanceEnemy_2] 570
[2017.09.25-01.56.12:494][293]LogBlueprintUserMessages: [DistanceEnemy_2] 570
[2017.09.25-01.56.12:506][294]LogBlueprintUserMessages: [DistanceEnemy_2] 570
[2017.09.25-01.56.12:520][295]LogBlueprintUserMessages: [DistanceEnemy_2] 570
[2017.09.25-01.56.12:533][296]LogBlueprintUserMessages: [DistanceEnemy_2] 570
[2017.09.25-01.56.12:543][297]LogBlueprintUserMessages: [DistanceEnemy_2] 570
[2017.09.25-01.56.12:560][298]LogBlueprintUserMessages: [DistanceEnemy_2] 570
[2017.09.25-01.56.12:575][299]LogBlueprintUserMessages: [DistanceEnemy_2] 570
[2017.09.25-01.56.12:589][300]LogBlueprintUserMessages: [DistanceEnemy_2] 570
[2017.09.25-01.56.12:602][301]LogBlueprintUserMessages: [DistanceEnemy_2] 570
[2017.09.25-01.56.12:615][302]LogBlueprintUserMessages: [DistanceEnemy_2] 570
[2017.09.25-01.56.12:626][303]LogBlueprintUserMessages: [DistanceEnemy_2] 570
[2017.09.25-01.56.12:637][304]LogBlueprintUserMessages: [DistanceEnemy_2] 570
[2017.09.25-01.56.12:651][305]LogBlueprintUserMessages: [DistanceEnemy_2] 570
[2017.09.25-01.56.12:664][306]LogBlueprintUserMessages: [DistanceEnemy_2] 570
[2017.09.25-01.56.12:675][307]LogBlueprintUserMessages: [DistanceEnemy_2] 570
[2017.09.25-01.56.12:689][308]LogBlueprintUserMessages: [DistanceEnemy_2] 570
[2017.09.25-01.56.12:702][309]LogBlueprintUserMessages: [DistanceEnemy_2] 570
[2017.09.25-01.56.12:715][310]LogBlueprintUserMessages: [DistanceEnemy_2] 570
[2017.09.25-01.56.12:728][311]LogBlueprintUserMessages: [DistanceEnemy_2] 570
[2017.09.25-01.56.12:742][312]LogBlueprintUserMessages: [DistanceEnemy_2] 570
[2017.09.25-01.56.12:754][313]LogBlueprintUserMessages: [DistanceEnemy_2] 570
[2017.09.25-01.56.12:768][314]LogBlueprintUserMessages: [DistanceEnemy_2] 570
[2017.09.25-01.56.12:781][315]LogBlueprintUserMessages: [DistanceEnemy_2] 570
[2017.09.25-01.56.12:792][316]LogBlueprintUserMessages: [DistanceEnemy_2] 570
[2017.09.25-01.56.12:806][317]LogBlueprintUserMessages: [DistanceEnemy_2] 570
[2017.09.25-01.56.12:818][318]LogBlueprintUserMessages: [DistanceEnemy_2] 570
[2017.09.25-01.56.12:830][319]LogBlueprintUserMessages: [DistanceEnemy_2] 570
[2017.09.25-01.56.12:843][320]LogBlueprintUserMessages: [DistanceEnemy_2] 570
[2017.09.25-01.56.12:858][321]LogBlueprintUserMessages: [DistanceEnemy_2] 570
[2017.09.25-01.56.12:879][322]LogBlueprintUserMessages: [DistanceEnemy_2] 570
[2017.09.25-01.56.12:892][323]LogBlueprintUserMessages: [DistanceEnemy_2] 570
[2017.09.25-01.56.12:905][324]LogBlueprintUserMessages: [DistanceEnemy_2] 570
[2017.09.25-01.56.12:920][325]LogBlueprintUserMessages: [DistanceEnemy_2] 570
[2017.09.25-01.56.12:937][326]LogBlueprintUserMessages: [DistanceEnemy_2] 570
[2017.09.25-01.56.12:956][327]LogBlueprintUserMessages: [DistanceEnemy_2] 570
[2017.09.25-01.56.12:969][328]LogBlueprintUserMessages: [DistanceEnemy_2] 570
[2017.09.25-01.56.12:981][329]LogBlueprintUserMessages: [DistanceEnemy_2] 570
[2017.09.25-01.56.12:993][330]LogBlueprintUserMessages: [DistanceEnemy_2] 570
[2017.09.25-01.56.13:004][331]LogBlueprintUserMessages: [DistanceEnemy_2] 570
[2017.09.25-01.56.13:018][332]LogBlueprintUserMessages: [DistanceEnemy_2] 570
[2017.09.25-01.56.13:029][333]LogBlueprintUserMessages: [DistanceEnemy_2] 570
[2017.09.25-01.56.13:040][334]LogBlueprintUserMessages: [DistanceEnemy_2] 570
[2017.09.25-01.56.13:053][335]LogBlueprintUserMessages: [DistanceEnemy_2] 570
[2017.09.25-01.56.13:065][336]LogBlueprintUserMessages: [DistanceEnemy_2] 570
[2017.09.25-01.56.13:077][337]LogBlueprintUserMessages: [DistanceEnemy_2] 570
[2017.09.25-01.56.13:097][338]LogBlueprintUserMessages: [DistanceEnemy_2] 570
[2017.09.25-01.56.13:107][339]LogBlueprintUserMessages: [DistanceEnemy_2] 570
[2017.09.25-01.56.13:121][340]LogBlueprintUserMessages: [DistanceEnemy_2] 570
[2017.09.25-01.56.13:134][341]LogBlueprintUserMessages: [DistanceEnemy_2] 570
[2017.09.25-01.56.13:147][342]LogBlueprintUserMessages: [DistanceEnemy_2] 570
[2017.09.25-01.56.13:157][343]LogBlueprintUserMessages: [DistanceEnemy_2] 570
[2017.09.25-01.56.13:170][344]LogBlueprintUserMessages: [DistanceEnemy_2] 570
[2017.09.25-01.56.13:185][345]LogBlueprintUserMessages: [DistanceEnemy_2] 570
[2017.09.25-01.56.13:197][346]LogBlueprintUserMessages: [DistanceEnemy_2] 570
[2017.09.25-01.56.13:208][347]LogBlueprintUserMessages: [DistanceEnemy_2] 570
[2017.09.25-01.56.13:221][348]LogBlueprintUserMessages: [DistanceEnemy_2] 570
[2017.09.25-01.56.13:236][349]LogBlueprintUserMessages: [DistanceEnemy_2] 570
[2017.09.25-01.56.13:248][350]LogBlueprintUserMessages: [DistanceEnemy_2] 570
[2017.09.25-01.56.13:258][351]LogBlueprintUserMessages: [DistanceEnemy_2] 570
[2017.09.25-01.56.13:271][352]LogBlueprintUserMessages: [DistanceEnemy_2] 570
[2017.09.25-01.56.13:285][353]LogBlueprintUserMessages: [DistanceEnemy_2] 570
[2017.09.25-01.56.13:294][354]LogBlueprintUserMessages: [DistanceEnemy_2] 570
[2017.09.25-01.56.13:339][355]LogBlueprintUserMessages: [DistanceEnemy_2] 570
[2017.09.25-01.56.13:347][356]LogBlueprintUserMessages: [DistanceEnemy_2] 570
[2017.09.25-01.56.13:357][357]LogBlueprintUserMessages: [DistanceEnemy_2] 570
[2017.09.25-01.56.13:370][358]LogBlueprintUserMessages: [DistanceEnemy_2] 570
[2017.09.25-01.56.13:384][359]LogBlueprintUserMessages: [DistanceEnemy_2] 570
[2017.09.25-01.56.13:396][360]LogBlueprintUserMessages: [DistanceEnemy_2] 570
[2017.09.25-01.56.13:408][361]LogBlueprintUserMessages: [DistanceEnemy_2] 570
[2017.09.25-01.56.13:421][362]LogBlueprintUserMessages: [DistanceEnemy_2] 570
[2017.09.25-01.56.13:435][363]LogBlueprintUserMessages: [DistanceEnemy_2] 570
[2017.09.25-01.56.13:446][364]LogBlueprintUserMessages: [DistanceEnemy_2] 570
[2017.09.25-01.56.13:461][365]LogBlueprintUserMessages: [DistanceEnemy_2] 570
[2017.09.25-01.56.13:472][366]LogBlueprintUserMessages: [DistanceEnemy_2] 570
[2017.09.25-01.56.13:487][367]LogBlueprintUserMessages: [DistanceEnemy_2] 570
[2017.09.25-01.56.13:501][368]LogBlueprintUserMessages: [DistanceEnemy_2] 570
[2017.09.25-01.56.13:511][369]LogBlueprintUserMessages: [DistanceEnemy_2] 570
[2017.09.25-01.56.13:526][370]LogBlueprintUserMessages: [DistanceEnemy_2] 570
[2017.09.25-01.56.13:537][371]LogBlueprintUserMessages: [DistanceEnemy_2] 570
[2017.09.25-01.56.13:553][372]LogBlueprintUserMessages: [DistanceEnemy_2] 570
[2017.09.25-01.56.13:566][373]LogBlueprintUserMessages: [DistanceEnemy_2] 570
[2017.09.25-01.56.13:580][374]LogBlueprintUserMessages: [DistanceEnemy_2] 570
[2017.09.25-01.56.13:593][375]LogBlueprintUserMessages: [DistanceEnemy_2] 570
[2017.09.25-01.56.13:608][376]LogBlueprintUserMessages: [DistanceEnemy_2] 570
[2017.09.25-01.56.13:621][377]LogBlueprintUserMessages: [DistanceEnemy_2] 570
[2017.09.25-01.56.13:634][378]LogBlueprintUserMessages: [DistanceEnemy_2] 570
[2017.09.25-01.56.13:647][379]LogBlueprintUserMessages: [DistanceEnemy_2] 570
[2017.09.25-01.56.13:659][380]LogBlueprintUserMessages: [DistanceEnemy_2] 570
[2017.09.25-01.56.13:671][381]LogBlueprintUserMessages: [DistanceEnemy_2] 570
[2017.09.25-01.56.13:685][382]LogBlueprintUserMessages: [DistanceEnemy_2] 570
[2017.09.25-01.56.13:701][383]LogBlueprintUserMessages: [DistanceEnemy_2] 570
[2017.09.25-01.56.13:715][384]LogBlueprintUserMessages: [DistanceEnemy_2] 570
[2017.09.25-01.56.13:725][385]LogBlueprintUserMessages: [DistanceEnemy_2] 570
[2017.09.25-01.56.13:738][386]LogBlueprintUserMessages: [DistanceEnemy_2] 570
[2017.09.25-01.56.13:782][387]LogBlueprintUserMessages: [DistanceEnemy_2] 570
[2017.09.25-01.56.13:790][388]LogBlueprintUserMessages: [DistanceEnemy_2] 570
[2017.09.25-01.56.13:799][389]LogBlueprintUserMessages: [DistanceEnemy_2] 570
[2017.09.25-01.56.13:807][390]LogBlueprintUserMessages: [DistanceEnemy_2] 570
[2017.09.25-01.56.13:819][391]LogBlueprintUserMessages: [DistanceEnemy_2] 570
[2017.09.25-01.56.13:832][392]LogBlueprintUserMessages: [DistanceEnemy_2] 570
[2017.09.25-01.56.13:846][393]LogBlueprintUserMessages: [DistanceEnemy_2] 570
[2017.09.25-01.56.13:858][394]LogBlueprintUserMessages: [DistanceEnemy_2] 570
[2017.09.25-01.56.13:872][395]LogBlueprintUserMessages: [DistanceEnemy_2] 570
[2017.09.25-01.56.13:885][396]LogBlueprintUserMessages: [DistanceEnemy_2] 570
[2017.09.25-01.56.13:898][397]LogBlueprintUserMessages: [DistanceEnemy_2] 570
[2017.09.25-01.56.13:909][398]LogBlueprintUserMessages: [DistanceEnemy_2] 570
[2017.09.25-01.56.13:923][399]LogBlueprintUserMessages: [DistanceEnemy_2] 570
[2017.09.25-01.56.13:936][400]LogBlueprintUserMessages: [DistanceEnemy_2] 570
[2017.09.25-01.56.13:948][401]LogBlueprintUserMessages: [DistanceEnemy_2] 570
[2017.09.25-01.56.13:964][402]LogBlueprintUserMessages: [DistanceEnemy_2] 570
[2017.09.25-01.56.13:974][403]LogBlueprintUserMessages: [DistanceEnemy_2] 570
[2017.09.25-01.56.13:988][404]LogBlueprintUserMessages: [DistanceEnemy_2] 570
[2017.09.25-01.56.14:003][405]LogBlueprintUserMessages: [DistanceEnemy_2] 570
[2017.09.25-01.56.14:018][406]LogBlueprintUserMessages: [DistanceEnemy_2] 570
[2017.09.25-01.56.14:030][407]LogBlueprintUserMessages: [DistanceEnemy_2] 570
[2017.09.25-01.56.14:040][408]LogBlueprintUserMessages: [DistanceEnemy_2] 570
[2017.09.25-01.56.14:055][409]LogBlueprintUserMessages: [DistanceEnemy_2] 570
[2017.09.25-01.56.14:068][410]LogBlueprintUserMessages: [DistanceEnemy_2] 570
[2017.09.25-01.56.14:080][411]LogBlueprintUserMessages: [DistanceEnemy_2] 570
[2017.09.25-01.56.14:092][412]LogBlueprintUserMessages: [DistanceEnemy_2] 570
[2017.09.25-01.56.14:106][413]LogBlueprintUserMessages: [DistanceEnemy_2] 570
[2017.09.25-01.56.14:119][414]LogBlueprintUserMessages: [DistanceEnemy_2] 570
[2017.09.25-01.56.14:132][415]LogBlueprintUserMessages: [DistanceEnemy_2] 570
[2017.09.25-01.56.14:144][416]LogBlueprintUserMessages: [DistanceEnemy_2] 570
[2017.09.25-01.56.14:158][417]LogBlueprintUserMessages: [DistanceEnemy_2] 570
[2017.09.25-01.56.14:173][418]LogBlueprintUserMessages: [DistanceEnemy_2] 570
[2017.09.25-01.56.14:186][419]LogBlueprintUserMessages: [DistanceEnemy_2] 570
[2017.09.25-01.56.14:198][420]LogBlueprintUserMessages: [DistanceEnemy_2] 570
[2017.09.25-01.56.14:208][421]LogBlueprintUserMessages: [DistanceEnemy_2] 570
[2017.09.25-01.56.14:227][422]LogBlueprintUserMessages: [DistanceEnemy_2] 570
[2017.09.25-01.56.14:249][423]LogBlueprintUserMessages: [DistanceEnemy_2] 570
[2017.09.25-01.56.14:258][424]LogBlueprintUserMessages: [DistanceEnemy_2] 570
[2017.09.25-01.56.14:266][425]LogBlueprintUserMessages: [DistanceEnemy_2] 570
[2017.09.25-01.56.14:276][426]LogBlueprintUserMessages: [DistanceEnemy_2] 570
[2017.09.25-01.56.14:287][427]LogBlueprintUserMessages: [DistanceEnemy_2] 570
[2017.09.25-01.56.14:303][428]LogBlueprintUserMessages: [DistanceEnemy_2] 570
[2017.09.25-01.56.14:320][429]LogBlueprintUserMessages: [DistanceEnemy_2] 570
[2017.09.25-01.56.14:334][430]LogBlueprintUserMessages: [DistanceEnemy_2] 570
[2017.09.25-01.56.14:346][431]LogBlueprintUserMessages: [DistanceEnemy_2] 570
[2017.09.25-01.56.14:360][432]LogBlueprintUserMessages: [DistanceEnemy_2] 570
[2017.09.25-01.56.14:378][433]LogBlueprintUserMessages: [DistanceEnemy_2] 570
[2017.09.25-01.56.14:392][434]LogBlueprintUserMessages: [DistanceEnemy_2] 570
[2017.09.25-01.56.14:403][435]LogBlueprintUserMessages: [DistanceEnemy_2] 570
[2017.09.25-01.56.14:418][436]LogBlueprintUserMessages: [DistanceEnemy_2] 570
[2017.09.25-01.56.14:433][437]LogBlueprintUserMessages: [DistanceEnemy_2] 570
[2017.09.25-01.56.14:444][438]LogBlueprintUserMessages: [DistanceEnemy_2] 570
[2017.09.25-01.56.14:457][439]LogBlueprintUserMessages: [DistanceEnemy_2] 570
[2017.09.25-01.56.14:470][440]LogBlueprintUserMessages: [DistanceEnemy_2] 570
[2017.09.25-01.56.14:485][441]LogBlueprintUserMessages: [DistanceEnemy_2] 570
[2017.09.25-01.56.14:498][442]LogBlueprintUserMessages: [DistanceEnemy_2] 570
[2017.09.25-01.56.14:512][443]LogBlueprintUserMessages: [DistanceEnemy_2] 570
[2017.09.25-01.56.14:523][444]LogBlueprintUserMessages: [DistanceEnemy_2] 570
[2017.09.25-01.56.14:537][445]LogBlueprintUserMessages: [DistanceEnemy_2] 570
[2017.09.25-01.56.14:550][446]LogBlueprintUserMessages: [DistanceEnemy_2] 570
[2017.09.25-01.56.14:560][447]LogBlueprintUserMessages: [DistanceEnemy_2] 570
[2017.09.25-01.56.14:574][448]LogBlueprintUserMessages: [DistanceEnemy_2] 570
[2017.09.25-01.56.14:586][449]LogBlueprintUserMessages: [DistanceEnemy_2] 570
[2017.09.25-01.56.14:602][450]LogBlueprintUserMessages: [DistanceEnemy_2] 570
[2017.09.25-01.56.14:615][451]LogBlueprintUserMessages: [DistanceEnemy_2] 570
[2017.09.25-01.56.14:627][452]LogBlueprintUserMessages: [DistanceEnemy_2] 570
[2017.09.25-01.56.14:644][453]LogBlueprintUserMessages: [DistanceEnemy_2] 570
[2017.09.25-01.56.14:655][454]LogBlueprintUserMessages: [DistanceEnemy_2] 570
[2017.09.25-01.56.14:669][455]LogBlueprintUserMessages: [DistanceEnemy_2] 570
[2017.09.25-01.56.14:681][456]LogBlueprintUserMessages: [DistanceEnemy_2] 570
[2017.09.25-01.56.14:696][457]LogBlueprintUserMessages: [DistanceEnemy_2] 570
[2017.09.25-01.56.14:708][458]LogBlueprintUserMessages: [DistanceEnemy_2] 570
[2017.09.25-01.56.14:721][459]LogBlueprintUserMessages: [DistanceEnemy_2] 570
[2017.09.25-01.56.14:735][460]LogBlueprintUserMessages: [DistanceEnemy_2] 570
[2017.09.25-01.56.14:746][461]LogBlueprintUserMessages: [DistanceEnemy_2] 570
[2017.09.25-01.56.14:761][462]LogBlueprintUserMessages: [DistanceEnemy_2] 570
[2017.09.25-01.56.14:773][463]LogBlueprintUserMessages: [DistanceEnemy_2] 570
[2017.09.25-01.56.14:788][464]LogBlueprintUserMessages: [DistanceEnemy_2] 570
[2017.09.25-01.56.14:801][465]LogBlueprintUserMessages: [DistanceEnemy_2] 570
[2017.09.25-01.56.14:813][466]LogBlueprintUserMessages: [DistanceEnemy_2] 570
[2017.09.25-01.56.14:829][467]LogBlueprintUserMessages: [DistanceEnemy_2] 570
[2017.09.25-01.56.14:839][468]LogBlueprintUserMessages: [DistanceEnemy_2] 570
[2017.09.25-01.56.14:854][469]LogBlueprintUserMessages: [DistanceEnemy_2] 570
[2017.09.25-01.56.14:867][470]LogBlueprintUserMessages: [DistanceEnemy_2] 570
[2017.09.25-01.56.14:879][471]LogBlueprintUserMessages: [DistanceEnemy_2] 570
[2017.09.25-01.56.14:895][472]LogBlueprintUserMessages: [DistanceEnemy_2] 570
[2017.09.25-01.56.14:905][473]LogBlueprintUserMessages: [DistanceEnemy_2] 570
[2017.09.25-01.56.14:920][474]LogBlueprintUserMessages: [DistanceEnemy_2] 570
[2017.09.25-01.56.14:934][475]LogBlueprintUserMessages: [DistanceEnemy_2] 570
[2017.09.25-01.56.14:947][476]LogBlueprintUserMessages: [DistanceEnemy_2] 570
[2017.09.25-01.56.14:962][477]LogBlueprintUserMessages: [DistanceEnemy_2] 570
[2017.09.25-01.56.14:974][478]LogBlueprintUserMessages: [DistanceEnemy_2] 570
[2017.09.25-01.56.14:987][479]LogBlueprintUserMessages: [DistanceEnemy_2] 570
[2017.09.25-01.56.15:002][480]LogBlueprintUserMessages: [DistanceEnemy_2] 570
[2017.09.25-01.56.15:014][481]LogBlueprintUserMessages: [DistanceEnemy_2] 570
[2017.09.25-01.56.15:028][482]LogBlueprintUserMessages: [DistanceEnemy_2] 570
[2017.09.25-01.56.15:041][483]LogBlueprintUserMessages: [DistanceEnemy_2] 570
[2017.09.25-01.56.15:053][484]LogBlueprintUserMessages: [DistanceEnemy_2] 570
[2017.09.25-01.56.15:066][485]LogBlueprintUserMessages: [DistanceEnemy_2] 570
[2017.09.25-01.56.15:077][486]LogBlueprintUserMessages: [DistanceEnemy_2] 570
[2017.09.25-01.56.15:089][487]LogBlueprintUserMessages: [DistanceEnemy_2] 570
[2017.09.25-01.56.15:104][488]LogBlueprintUserMessages: [DistanceEnemy_2] 570
[2017.09.25-01.56.15:117][489]LogBlueprintUserMessages: [DistanceEnemy_2] 570
[2017.09.25-01.56.15:130][490]LogBlueprintUserMessages: [DistanceEnemy_2] 570
[2017.09.25-01.56.15:141][491]LogBlueprintUserMessages: [DistanceEnemy_2] 570
[2017.09.25-01.56.15:153][492]LogBlueprintUserMessages: [DistanceEnemy_2] 570
[2017.09.25-01.56.15:168][493]LogBlueprintUserMessages: [DistanceEnemy_2] 570
[2017.09.25-01.56.15:179][494]LogBlueprintUserMessages: [DistanceEnemy_2] 570
[2017.09.25-01.56.15:193][495]LogBlueprintUserMessages: [DistanceEnemy_2] 570
[2017.09.25-01.56.15:206][496]LogBlueprintUserMessages: [DistanceEnemy_2] 570
[2017.09.25-01.56.15:220][497]LogBlueprintUserMessages: [DistanceEnemy_2] 570
[2017.09.25-01.56.15:235][498]LogBlueprintUserMessages: [DistanceEnemy_2] 570
[2017.09.25-01.56.15:247][499]LogBlueprintUserMessages: [DistanceEnemy_2] 570
[2017.09.25-01.56.15:262][500]LogBlueprintUserMessages: [DistanceEnemy_2] 570
[2017.09.25-01.56.15:273][501]LogBlueprintUserMessages: [DistanceEnemy_2] 570
[2017.09.25-01.56.15:287][502]LogBlueprintUserMessages: [DistanceEnemy_2] 570
[2017.09.25-01.56.15:300][503]LogBlueprintUserMessages: [DistanceEnemy_2] 570
[2017.09.25-01.56.15:311][504]LogBlueprintUserMessages: [DistanceEnemy_2] 570
[2017.09.25-01.56.15:325][505]LogBlueprintUserMessages: [DistanceEnemy_2] 570
[2017.09.25-01.56.15:336][506]LogBlueprintUserMessages: [DistanceEnemy_2] 570
[2017.09.25-01.56.15:349][507]LogBlueprintUserMessages: [DistanceEnemy_2] 570
[2017.09.25-01.56.15:363][508]LogBlueprintUserMessages: [DistanceEnemy_2] 570
[2017.09.25-01.56.15:374][509]LogBlueprintUserMessages: [DistanceEnemy_2] 570
[2017.09.25-01.56.15:389][510]LogBlueprintUserMessages: [DistanceEnemy_2] 570
[2017.09.25-01.56.15:403][511]LogBlueprintUserMessages: [DistanceEnemy_2] 570
[2017.09.25-01.56.15:418][512]LogBlueprintUserMessages: [DistanceEnemy_2] 570
[2017.09.25-01.56.15:430][513]LogBlueprintUserMessages: [DistanceEnemy_2] 570
[2017.09.25-01.56.15:446][514]LogBlueprintUserMessages: [DistanceEnemy_2] 570
[2017.09.25-01.56.15:455][515]LogBlueprintUserMessages: [DistanceEnemy_2] 570
[2017.09.25-01.56.15:469][516]LogBlueprintUserMessages: [DistanceEnemy_2] 570
[2017.09.25-01.56.15:482][517]LogBlueprintUserMessages: [DistanceEnemy_2] 570
[2017.09.25-01.56.15:494][518]LogBlueprintUserMessages: [DistanceEnemy_2] 570
[2017.09.25-01.56.15:510][519]LogBlueprintUserMessages: [DistanceEnemy_2] 570
[2017.09.25-01.56.15:521][520]LogBlueprintUserMessages: [DistanceEnemy_2] 570
[2017.09.25-01.56.15:536][521]LogBlueprintUserMessages: [DistanceEnemy_2] 570
[2017.09.25-01.56.15:548][522]LogBlueprintUserMessages: [DistanceEnemy_2] 570
[2017.09.25-01.56.15:562][523]LogBlueprintUserMessages: [DistanceEnemy_2] 570
[2017.09.25-01.56.15:575][524]LogBlueprintUserMessages: [DistanceEnemy_2] 570
[2017.09.25-01.56.15:587][525]LogBlueprintUserMessages: [DistanceEnemy_2] 570
[2017.09.25-01.56.15:602][526]LogBlueprintUserMessages: [DistanceEnemy_2] 570
[2017.09.25-01.56.15:614][527]LogBlueprintUserMessages: [DistanceEnemy_2] 570
[2017.09.25-01.56.15:624][528]LogBlueprintUserMessages: [DistanceEnemy_2] 570
[2017.09.25-01.56.15:641][529]LogBlueprintUserMessages: [DistanceEnemy_2] 570
[2017.09.25-01.56.15:654][530]LogBlueprintUserMessages: [DistanceEnemy_2] 570
[2017.09.25-01.56.15:669][531]LogBlueprintUserMessages: [DistanceEnemy_2] 570
[2017.09.25-01.56.15:680][532]LogBlueprintUserMessages: [DistanceEnemy_2] 570
[2017.09.25-01.56.15:692][533]LogBlueprintUserMessages: [DistanceEnemy_2] 570
[2017.09.25-01.56.15:705][534]LogBlueprintUserMessages: [DistanceEnemy_2] 570
[2017.09.25-01.56.15:718][535]LogBlueprintUserMessages: [DistanceEnemy_2] 570
[2017.09.25-01.56.15:730][536]LogBlueprintUserMessages: [DistanceEnemy_2] 570
[2017.09.25-01.56.15:741][537]LogBlueprintUserMessages: [DistanceEnemy_2] 570
[2017.09.25-01.56.15:754][538]LogBlueprintUserMessages: [DistanceEnemy_2] 570
[2017.09.25-01.56.15:768][539]LogBlueprintUserMessages: [DistanceEnemy_2] 570
[2017.09.25-01.56.15:779][540]LogBlueprintUserMessages: [DistanceEnemy_2] 570
[2017.09.25-01.56.15:792][541]LogBlueprintUserMessages: [DistanceEnemy_2] 570
[2017.09.25-01.56.15:803][542]LogBlueprintUserMessages: [DistanceEnemy_2] 570
[2017.09.25-01.56.15:818][543]LogBlueprintUserMessages: [DistanceEnemy_2] 570
[2017.09.25-01.56.15:830][544]LogBlueprintUserMessages: [DistanceEnemy_2] 570
[2017.09.25-01.56.15:842][545]LogBlueprintUserMessages: [DistanceEnemy_2] 570
[2017.09.25-01.56.15:856][546]LogBlueprintUserMessages: [DistanceEnemy_2] 570
[2017.09.25-01.56.15:871][547]LogBlueprintUserMessages: [DistanceEnemy_2] 570
[2017.09.25-01.56.15:886][548]LogBlueprintUserMessages: [DistanceEnemy_2] 570
[2017.09.25-01.56.15:900][549]LogBlueprintUserMessages: [DistanceEnemy_2] 570
[2017.09.25-01.56.15:915][550]LogBlueprintUserMessages: [DistanceEnemy_2] 570
[2017.09.25-01.56.15:926][551]LogBlueprintUserMessages: [DistanceEnemy_2] 570
[2017.09.25-01.56.15:937][552]LogBlueprintUserMessages: [DistanceEnemy_2] 570
[2017.09.25-01.56.15:951][553]LogBlueprintUserMessages: [DistanceEnemy_2] 570
[2017.09.25-01.56.15:962][554]LogBlueprintUserMessages: [DistanceEnemy_2] 570
[2017.09.25-01.56.15:978][555]LogBlueprintUserMessages: [DistanceEnemy_2] 570
[2017.09.25-01.56.15:989][556]LogBlueprintUserMessages: [DistanceEnemy_2] 570
[2017.09.25-01.56.16:003][557]LogBlueprintUserMessages: [DistanceEnemy_2] 570
[2017.09.25-01.56.16:017][558]LogBlueprintUserMessages: [DistanceEnemy_2] 570
[2017.09.25-01.56.16:028][559]LogBlueprintUserMessages: [DistanceEnemy_2] 570
[2017.09.25-01.56.16:041][560]LogBlueprintUserMessages: [DistanceEnemy_2] 570
[2017.09.25-01.56.16:052][561]LogBlueprintUserMessages: [DistanceEnemy_2] 570
[2017.09.25-01.56.16:067][562]LogBlueprintUserMessages: [DistanceEnemy_2] 570
[2017.09.25-01.56.16:079][563]LogBlueprintUserMessages: [DistanceEnemy_2] 570
[2017.09.25-01.56.16:090][564]LogBlueprintUserMessages: [DistanceEnemy_2] 570
[2017.09.25-01.56.16:104][565]LogBlueprintUserMessages: [DistanceEnemy_2] 570
[2017.09.25-01.56.16:117][566]LogBlueprintUserMessages: [DistanceEnemy_2] 570
[2017.09.25-01.56.16:130][567]LogBlueprintUserMessages: [DistanceEnemy_2] 570
[2017.09.25-01.56.16:145][568]LogBlueprintUserMessages: [DistanceEnemy_2] 570
[2017.09.25-01.56.16:154][569]LogBlueprintUserMessages: [DistanceEnemy_2] 570
[2017.09.25-01.56.16:169][570]LogBlueprintUserMessages: [DistanceEnemy_2] 570
[2017.09.25-01.56.16:184][571]LogBlueprintUserMessages: [DistanceEnemy_2] 570
[2017.09.25-01.56.16:197][572]LogBlueprintUserMessages: [DistanceEnemy_2] 570
[2017.09.25-01.56.16:208][573]LogBlueprintUserMessages: [DistanceEnemy_2] 570
[2017.09.25-01.56.16:230][574]LogBlueprintUserMessages: [DistanceEnemy_2] 570
[2017.09.25-01.56.16:250][575]LogBlueprintUserMessages: [DistanceEnemy_2] 570
[2017.09.25-01.56.16:259][576]LogBlueprintUserMessages: [DistanceEnemy_2] 570
[2017.09.25-01.56.16:268][577]LogBlueprintUserMessages: [DistanceEnemy_2] 570
[2017.09.25-01.56.16:281][578]LogBlueprintUserMessages: [DistanceEnemy_2] 570
[2017.09.25-01.56.16:292][579]LogBlueprintUserMessages: [DistanceEnemy_2] 570
[2017.09.25-01.56.16:308][580]LogBlueprintUserMessages: [DistanceEnemy_2] 570
[2017.09.25-01.56.16:321][581]LogBlueprintUserMessages: [DistanceEnemy_2] 570
[2017.09.25-01.56.16:334][582]LogBlueprintUserMessages: [DistanceEnemy_2] 570
[2017.09.25-01.56.16:346][583]LogBlueprintUserMessages: [DistanceEnemy_2] 570
[2017.09.25-01.56.16:357][584]LogBlueprintUserMessages: [DistanceEnemy_2] 570
[2017.09.25-01.56.16:370][585]LogBlueprintUserMessages: [DistanceEnemy_2] 570
[2017.09.25-01.56.16:383][586]LogBlueprintUserMessages: [DistanceEnemy_2] 570
[2017.09.25-01.56.16:395][587]LogBlueprintUserMessages: [DistanceEnemy_2] 570
[2017.09.25-01.56.16:407][588]LogBlueprintUserMessages: [DistanceEnemy_2] 570
[2017.09.25-01.56.16:421][589]LogBlueprintUserMessages: [DistanceEnemy_2] 570
[2017.09.25-01.56.16:435][590]LogBlueprintUserMessages: [DistanceEnemy_2] 570
[2017.09.25-01.56.16:447][591]LogBlueprintUserMessages: [DistanceEnemy_2] 570
[2017.09.25-01.56.16:460][592]LogBlueprintUserMessages: [DistanceEnemy_2] 570
[2017.09.25-01.56.16:471][593]LogBlueprintUserMessages: [DistanceEnemy_2] 570
[2017.09.25-01.56.16:484][594]LogBlueprintUserMessages: [DistanceEnemy_2] 570
[2017.09.25-01.56.16:496][595]LogBlueprintUserMessages: [DistanceEnemy_2] 570
[2017.09.25-01.56.16:507][596]LogBlueprintUserMessages: [DistanceEnemy_2] 570
[2017.09.25-01.56.16:521][597]LogBlueprintUserMessages: [DistanceEnemy_2] 570
[2017.09.25-01.56.16:534][598]LogBlueprintUserMessages: [DistanceEnemy_2] 570
[2017.09.25-01.56.16:548][599]LogBlueprintUserMessages: [DistanceEnemy_2] 570
[2017.09.25-01.56.16:562][600]LogBlueprintUserMessages: [DistanceEnemy_2] 570
[2017.09.25-01.56.16:574][601]LogBlueprintUserMessages: [DistanceEnemy_2] 570
[2017.09.25-01.56.16:602][602]LogBlueprintUserMessages: [DistanceEnemy_2] 569
[2017.09.25-01.56.16:617][603]LogBlueprintUserMessages: [DistanceEnemy_2] 569
[2017.09.25-01.56.16:627][604]LogBlueprintUserMessages: [DistanceEnemy_2] 569
[2017.09.25-01.56.16:635][605]LogBlueprintUserMessages: [DistanceEnemy_2] 569
[2017.09.25-01.56.16:650][606]LogBlueprintUserMessages: [DistanceEnemy_2] 569
[2017.09.25-01.56.16:662][607]LogBlueprintUserMessages: [DistanceEnemy_2] 569
[2017.09.25-01.56.16:678][608]LogBlueprintUserMessages: [DistanceEnemy_2] 569
[2017.09.25-01.56.16:691][609]LogBlueprintUserMessages: [DistanceEnemy_2] 569
[2017.09.25-01.56.16:702][610]LogBlueprintUserMessages: [DistanceEnemy_2] 569
[2017.09.25-01.56.16:716][611]LogBlueprintUserMessages: [DistanceEnemy_2] 569
[2017.09.25-01.56.16:731][612]LogBlueprintUserMessages: [DistanceEnemy_2] 569
[2017.09.25-01.56.16:753][613]LogBlueprintUserMessages: [DistanceEnemy_2] 569
[2017.09.25-01.56.16:761][614]LogBlueprintUserMessages: [DistanceEnemy_2] 569
[2017.09.25-01.56.16:770][615]LogBlueprintUserMessages: [DistanceEnemy_2] 569
[2017.09.25-01.56.16:783][616]LogBlueprintUserMessages: [DistanceEnemy_2] 569
[2017.09.25-01.56.16:792][617]LogBlueprintUserMessages: [DistanceEnemy_2] 569
[2017.09.25-01.56.16:807][618]LogBlueprintUserMessages: [DistanceEnemy_2] 569
[2017.09.25-01.56.16:822][619]LogBlueprintUserMessages: [DistanceEnemy_2] 569
[2017.09.25-01.56.16:836][620]LogBlueprintUserMessages: [DistanceEnemy_2] 569
[2017.09.25-01.56.16:848][621]LogBlueprintUserMessages: [DistanceEnemy_2] 569
[2017.09.25-01.56.16:859][622]LogBlueprintUserMessages: [DistanceEnemy_2] 569
[2017.09.25-01.56.16:874][623]LogBlueprintUserMessages: [DistanceEnemy_2] 569
[2017.09.25-01.56.16:887][624]LogBlueprintUserMessages: [DistanceEnemy_2] 569
[2017.09.25-01.56.16:903][625]LogBlueprintUserMessages: [DistanceEnemy_2] 569
[2017.09.25-01.56.16:919][626]LogBlueprintUserMessages: [DistanceEnemy_2] 569
[2017.09.25-01.56.16:933][627]LogBlueprintUserMessages: [DistanceEnemy_2] 569
[2017.09.25-01.56.16:945][628]LogBlueprintUserMessages: [DistanceEnemy_2] 569
[2017.09.25-01.56.16:958][629]LogBlueprintUserMessages: [DistanceEnemy_2] 569
[2017.09.25-01.56.16:971][630]LogBlueprintUserMessages: [DistanceEnemy_2] 569
[2017.09.25-01.56.16:984][631]LogBlueprintUserMessages: [DistanceEnemy_2] 569
[2017.09.25-01.56.16:997][632]LogBlueprintUserMessages: [DistanceEnemy_2] 569
[2017.09.25-01.56.17:007][633]LogBlueprintUserMessages: [DistanceEnemy_2] 569
[2017.09.25-01.56.17:019][634]LogBlueprintUserMessages: [DistanceEnemy_2] 569
[2017.09.25-01.56.17:033][635]LogBlueprintUserMessages: [DistanceEnemy_2] 569
[2017.09.25-01.56.17:044][636]LogBlueprintUserMessages: [DistanceEnemy_2] 569
[2017.09.25-01.56.17:058][637]LogBlueprintUserMessages: [DistanceEnemy_2] 569
[2017.09.25-01.56.17:070][638]LogBlueprintUserMessages: [DistanceEnemy_2] 569
[2017.09.25-01.56.17:085][639]LogBlueprintUserMessages: [DistanceEnemy_2] 569
[2017.09.25-01.56.17:099][640]LogBlueprintUserMessages: [DistanceEnemy_2] 569
[2017.09.25-01.56.17:113][641]LogBlueprintUserMessages: [DistanceEnemy_2] 569
[2017.09.25-01.56.17:126][642]LogBlueprintUserMessages: [DistanceEnemy_2] 569
[2017.09.25-01.56.17:138][643]LogBlueprintUserMessages: [DistanceEnemy_2] 569
[2017.09.25-01.56.17:153][644]LogBlueprintUserMessages: [DistanceEnemy_2] 569
[2017.09.25-01.56.17:165][645]LogBlueprintUserMessages: [DistanceEnemy_2] 569
[2017.09.25-01.56.17:177][646]LogBlueprintUserMessages: [DistanceEnemy_2] 569
[2017.09.25-01.56.17:189][647]LogBlueprintUserMessages: [DistanceEnemy_2] 569
[2017.09.25-01.56.17:201][648]LogBlueprintUserMessages: [DistanceEnemy_2] 569
[2017.09.25-01.56.17:214][649]LogBlueprintUserMessages: [DistanceEnemy_2] 569
[2017.09.25-01.56.17:225][650]LogBlueprintUserMessages: [DistanceEnemy_2] 569
[2017.09.25-01.56.17:242][651]LogBlueprintUserMessages: [DistanceEnemy_2] 569
[2017.09.25-01.56.17:261][652]LogBlueprintUserMessages: [DistanceEnemy_2] 569
[2017.09.25-01.56.17:274][653]LogBlueprintUserMessages: [DistanceEnemy_2] 569
[2017.09.25-01.56.17:286][654]LogBlueprintUserMessages: [DistanceEnemy_2] 569
[2017.09.25-01.56.17:300][655]LogBlueprintUserMessages: [DistanceEnemy_2] 569
[2017.09.25-01.56.17:311][656]LogBlueprintUserMessages: [DistanceEnemy_2] 569
[2017.09.25-01.56.17:324][657]LogBlueprintUserMessages: [DistanceEnemy_2] 569
[2017.09.25-01.56.17:335][658]LogBlueprintUserMessages: [DistanceEnemy_2] 569
[2017.09.25-01.56.17:349][659]LogBlueprintUserMessages: [DistanceEnemy_2] 569
[2017.09.25-01.56.17:362][660]LogBlueprintUserMessages: [DistanceEnemy_2] 569
[2017.09.25-01.56.17:372][661]LogBlueprintUserMessages: [DistanceEnemy_2] 569
[2017.09.25-01.56.17:389][662]LogBlueprintUserMessages: [DistanceEnemy_2] 569
[2017.09.25-01.56.17:401][663]LogBlueprintUserMessages: [DistanceEnemy_2] 569
[2017.09.25-01.56.17:414][664]LogBlueprintUserMessages: [DistanceEnemy_2] 569
[2017.09.25-01.56.17:426][665]LogBlueprintUserMessages: [DistanceEnemy_2] 569
[2017.09.25-01.56.17:441][666]LogBlueprintUserMessages: [DistanceEnemy_2] 569
[2017.09.25-01.56.17:456][667]LogBlueprintUserMessages: [DistanceEnemy_2] 569
[2017.09.25-01.56.17:468][668]LogBlueprintUserMessages: [DistanceEnemy_2] 569
[2017.09.25-01.56.17:484][669]LogBlueprintUserMessages: [DistanceEnemy_2] 569
[2017.09.25-01.56.17:494][670]LogBlueprintUserMessages: [DistanceEnemy_2] 569
[2017.09.25-01.56.17:509][671]LogBlueprintUserMessages: [DistanceEnemy_2] 569
[2017.09.25-01.56.17:520][672]LogBlueprintUserMessages: [DistanceEnemy_2] 569
[2017.09.25-01.56.17:534][673]LogBlueprintUserMessages: [DistanceEnemy_2] 569
[2017.09.25-01.56.17:547][674]LogBlueprintUserMessages: [DistanceEnemy_2] 569
[2017.09.25-01.56.17:557][675]LogBlueprintUserMessages: [DistanceEnemy_2] 569
[2017.09.25-01.56.17:572][676]LogBlueprintUserMessages: [DistanceEnemy_2] 569
[2017.09.25-01.56.17:584][677]LogBlueprintUserMessages: [DistanceEnemy_2] 569
[2017.09.25-01.56.17:596][678]LogBlueprintUserMessages: [DistanceEnemy_2] 569
[2017.09.25-01.56.17:611][679]LogBlueprintUserMessages: [DistanceEnemy_2] 569
[2017.09.25-01.56.17:621][680]LogBlueprintUserMessages: [DistanceEnemy_2] 569
[2017.09.25-01.56.17:635][681]LogBlueprintUserMessages: [DistanceEnemy_2] 569
[2017.09.25-01.56.17:649][682]LogBlueprintUserMessages: [DistanceEnemy_2] 569
[2017.09.25-01.56.17:662][683]LogBlueprintUserMessages: [DistanceEnemy_2] 569
[2017.09.25-01.56.17:674][684]LogBlueprintUserMessages: [DistanceEnemy_2] 569
[2017.09.25-01.56.17:687][685]LogBlueprintUserMessages: [DistanceEnemy_2] 569
[2017.09.25-01.56.17:702][686]LogBlueprintUserMessages: [DistanceEnemy_2] 569
[2017.09.25-01.56.17:714][687]LogBlueprintUserMessages: [DistanceEnemy_2] 569
[2017.09.25-01.56.17:726][688]LogBlueprintUserMessages: [DistanceEnemy_2] 569
[2017.09.25-01.56.17:738][689]LogBlueprintUserMessages: [DistanceEnemy_2] 569
[2017.09.25-01.56.17:752][690]LogBlueprintUserMessages: [DistanceEnemy_2] 569
[2017.09.25-01.56.17:765][691]LogBlueprintUserMessages: [DistanceEnemy_2] 569
[2017.09.25-01.56.17:776][692]LogBlueprintUserMessages: [DistanceEnemy_2] 569
[2017.09.25-01.56.17:790][693]LogBlueprintUserMessages: [DistanceEnemy_2] 569
[2017.09.25-01.56.17:803][694]LogBlueprintUserMessages: [DistanceEnemy_2] 569
[2017.09.25-01.56.17:818][695]LogBlueprintUserMessages: [DistanceEnemy_2] 569
[2017.09.25-01.56.17:829][696]LogBlueprintUserMessages: [DistanceEnemy_2] 569
[2017.09.25-01.56.17:841][697]LogBlueprintUserMessages: [DistanceEnemy_2] 569
[2017.09.25-01.56.17:855][698]LogBlueprintUserMessages: [DistanceEnemy_2] 569
[2017.09.25-01.56.17:868][699]LogBlueprintUserMessages: [DistanceEnemy_2] 569
[2017.09.25-01.56.17:883][700]LogBlueprintUserMessages: [DistanceEnemy_2] 569
[2017.09.25-01.56.17:896][701]LogBlueprintUserMessages: [DistanceEnemy_2] 569
[2017.09.25-01.56.17:907][702]LogBlueprintUserMessages: [DistanceEnemy_2] 569
[2017.09.25-01.56.17:920][703]LogBlueprintUserMessages: [DistanceEnemy_2] 569
[2017.09.25-01.56.17:933][704]LogBlueprintUserMessages: [DistanceEnemy_2] 569
[2017.09.25-01.56.17:947][705]LogBlueprintUserMessages: [DistanceEnemy_2] 569
[2017.09.25-01.56.17:958][706]LogBlueprintUserMessages: [DistanceEnemy_2] 569
[2017.09.25-01.56.17:973][707]LogBlueprintUserMessages: [DistanceEnemy_2] 569
[2017.09.25-01.56.17:985][708]LogBlueprintUserMessages: [DistanceEnemy_2] 569
[2017.09.25-01.56.17:999][709]LogBlueprintUserMessages: [DistanceEnemy_2] 569
[2017.09.25-01.56.18:011][710]LogBlueprintUserMessages: [DistanceEnemy_2] 569
[2017.09.25-01.56.18:021][711]LogBlueprintUserMessages: [DistanceEnemy_2] 569
[2017.09.25-01.56.18:035][712]LogBlueprintUserMessages: [DistanceEnemy_2] 569
[2017.09.25-01.56.18:049][713]LogBlueprintUserMessages: [DistanceEnemy_2] 569
[2017.09.25-01.56.18:061][714]LogBlueprintUserMessages: [DistanceEnemy_2] 569
[2017.09.25-01.56.18:074][715]LogBlueprintUserMessages: [DistanceEnemy_2] 569
[2017.09.25-01.56.18:086][716]LogBlueprintUserMessages: [DistanceEnemy_2] 569
[2017.09.25-01.56.18:101][717]LogBlueprintUserMessages: [DistanceEnemy_2] 569
[2017.09.25-01.56.18:114][718]LogBlueprintUserMessages: [DistanceEnemy_2] 569
[2017.09.25-01.56.18:125][719]LogBlueprintUserMessages: [DistanceEnemy_2] 569
[2017.09.25-01.56.18:139][720]LogBlueprintUserMessages: [DistanceEnemy_2] 569
[2017.09.25-01.56.18:151][721]LogBlueprintUserMessages: [DistanceEnemy_2] 569
[2017.09.25-01.56.18:164][722]LogBlueprintUserMessages: [DistanceEnemy_2] 569
[2017.09.25-01.56.18:177][723]LogBlueprintUserMessages: [DistanceEnemy_2] 569
[2017.09.25-01.56.18:189][724]LogBlueprintUserMessages: [DistanceEnemy_2] 569
[2017.09.25-01.56.18:202][725]LogBlueprintUserMessages: [DistanceEnemy_2] 569
[2017.09.25-01.56.18:215][726]LogBlueprintUserMessages: [DistanceEnemy_2] 569
[2017.09.25-01.56.18:234][727]LogBlueprintUserMessages: [DistanceEnemy_2] 569
[2017.09.25-01.56.18:251][728]LogBlueprintUserMessages: [DistanceEnemy_2] 569
[2017.09.25-01.56.18:263][729]LogBlueprintUserMessages: [DistanceEnemy_2] 569
[2017.09.25-01.56.18:278][730]LogBlueprintUserMessages: [DistanceEnemy_2] 569
[2017.09.25-01.56.18:288][731]LogBlueprintUserMessages: [DistanceEnemy_2] 569
[2017.09.25-01.56.18:302][732]LogBlueprintUserMessages: [DistanceEnemy_2] 569
[2017.09.25-01.56.18:316][733]LogBlueprintUserMessages: [DistanceEnemy_2] 569
[2017.09.25-01.56.18:325][734]LogBlueprintUserMessages: [DistanceEnemy_2] 569
[2017.09.25-01.56.18:340][735]LogBlueprintUserMessages: [DistanceEnemy_2] 569
[2017.09.25-01.56.18:352][736]LogBlueprintUserMessages: [DistanceEnemy_2] 569
[2017.09.25-01.56.18:367][737]LogBlueprintUserMessages: [DistanceEnemy_2] 569
[2017.09.25-01.56.18:379][738]LogBlueprintUserMessages: [DistanceEnemy_2] 569
[2017.09.25-01.56.18:389][739]LogBlueprintUserMessages: [DistanceEnemy_2] 569
[2017.09.25-01.56.18:404][740]LogBlueprintUserMessages: [DistanceEnemy_2] 569
[2017.09.25-01.56.18:417][741]LogBlueprintUserMessages: [DistanceEnemy_2] 569
[2017.09.25-01.56.18:431][742]LogBlueprintUserMessages: [DistanceEnemy_2] 569
[2017.09.25-01.56.18:444][743]LogBlueprintUserMessages: [DistanceEnemy_2] 569
[2017.09.25-01.56.18:456][744]LogBlueprintUserMessages: [DistanceEnemy_2] 569
[2017.09.25-01.56.18:470][745]LogBlueprintUserMessages: [DistanceEnemy_2] 569
[2017.09.25-01.56.18:485][746]LogBlueprintUserMessages: [DistanceEnemy_2] 569
[2017.09.25-01.56.18:500][747]LogBlueprintUserMessages: [DistanceEnemy_2] 569
[2017.09.25-01.56.18:512][748]LogBlueprintUserMessages: [DistanceEnemy_2] 569
[2017.09.25-01.56.18:523][749]LogBlueprintUserMessages: [DistanceEnemy_2] 569
[2017.09.25-01.56.18:535][750]LogBlueprintUserMessages: [DistanceEnemy_2] 569
[2017.09.25-01.56.18:548][751]LogBlueprintUserMessages: [DistanceEnemy_2] 569
[2017.09.25-01.56.18:560][752]LogBlueprintUserMessages: [DistanceEnemy_2] 569
[2017.09.25-01.56.18:571][753]LogBlueprintUserMessages: [DistanceEnemy_2] 569
[2017.09.25-01.56.18:586][754]LogBlueprintUserMessages: [DistanceEnemy_2] 569
[2017.09.25-01.56.18:599][755]LogBlueprintUserMessages: [DistanceEnemy_2] 569
[2017.09.25-01.56.18:613][756]LogBlueprintUserMessages: [DistanceEnemy_2] 569
[2017.09.25-01.56.18:625][757]LogBlueprintUserMessages: [DistanceEnemy_2] 569
[2017.09.25-01.56.18:637][758]LogBlueprintUserMessages: [DistanceEnemy_2] 569
[2017.09.25-01.56.18:651][759]LogBlueprintUserMessages: [DistanceEnemy_2] 569
[2017.09.25-01.56.18:662][760]LogBlueprintUserMessages: [DistanceEnemy_2] 569
[2017.09.25-01.56.18:676][761]LogBlueprintUserMessages: [DistanceEnemy_2] 569
[2017.09.25-01.56.18:690][762]LogBlueprintUserMessages: [DistanceEnemy_2] 569
[2017.09.25-01.56.18:701][763]LogBlueprintUserMessages: [DistanceEnemy_2] 569
[2017.09.25-01.56.18:716][764]LogBlueprintUserMessages: [DistanceEnemy_2] 569
[2017.09.25-01.56.18:729][765]LogBlueprintUserMessages: [DistanceEnemy_2] 569
[2017.09.25-01.56.18:742][766]LogBlueprintUserMessages: [DistanceEnemy_2] 569
[2017.09.25-01.56.18:752][767]LogBlueprintUserMessages: [DistanceEnemy_2] 569
[2017.09.25-01.56.18:766][768]LogBlueprintUserMessages: [DistanceEnemy_2] 569
[2017.09.25-01.56.18:779][769]LogBlueprintUserMessages: [DistanceEnemy_2] 569
[2017.09.25-01.56.18:795][770]LogBlueprintUserMessages: [DistanceEnemy_2] 569
[2017.09.25-01.56.18:807][771]LogBlueprintUserMessages: [DistanceEnemy_2] 569
[2017.09.25-01.56.18:818][772]LogBlueprintUserMessages: [DistanceEnemy_2] 569
[2017.09.25-01.56.18:832][773]LogBlueprintUserMessages: [DistanceEnemy_2] 569
[2017.09.25-01.56.18:845][774]LogBlueprintUserMessages: [DistanceEnemy_2] 569
[2017.09.25-01.56.18:856][775]LogBlueprintUserMessages: [DistanceEnemy_2] 569
[2017.09.25-01.56.18:869][776]LogBlueprintUserMessages: [DistanceEnemy_2] 569
[2017.09.25-01.56.18:883][777]LogBlueprintUserMessages: [DistanceEnemy_2] 569
[2017.09.25-01.56.18:895][778]LogBlueprintUserMessages: [DistanceEnemy_2] 569
[2017.09.25-01.56.18:906][779]LogBlueprintUserMessages: [DistanceEnemy_2] 569
[2017.09.25-01.56.18:917][780]LogBlueprintUserMessages: [DistanceEnemy_2] 569
[2017.09.25-01.56.18:930][781]LogBlueprintUserMessages: [DistanceEnemy_2] 569
[2017.09.25-01.56.18:945][782]LogBlueprintUserMessages: [DistanceEnemy_2] 569
[2017.09.25-01.56.18:956][783]LogBlueprintUserMessages: [DistanceEnemy_2] 569
[2017.09.25-01.56.18:969][784]LogBlueprintUserMessages: [DistanceEnemy_2] 569
[2017.09.25-01.56.18:982][785]LogBlueprintUserMessages: [DistanceEnemy_2] 569
[2017.09.25-01.56.18:996][786]LogBlueprintUserMessages: [DistanceEnemy_2] 569
[2017.09.25-01.56.19:007][787]LogBlueprintUserMessages: [DistanceEnemy_2] 569
[2017.09.25-01.56.19:019][788]LogBlueprintUserMessages: [DistanceEnemy_2] 569
[2017.09.25-01.56.19:032][789]LogBlueprintUserMessages: [DistanceEnemy_2] 569
[2017.09.25-01.56.19:041][790]LogBlueprintUserMessages: [DistanceEnemy_2] 569
[2017.09.25-01.56.19:054][791]LogBlueprintUserMessages: [DistanceEnemy_2] 569
[2017.09.25-01.56.19:068][792]LogBlueprintUserMessages: [DistanceEnemy_2] 569
[2017.09.25-01.56.19:083][793]LogBlueprintUserMessages: [DistanceEnemy_2] 569
[2017.09.25-01.56.19:095][794]LogBlueprintUserMessages: [DistanceEnemy_2] 569
[2017.09.25-01.56.19:106][795]LogBlueprintUserMessages: [DistanceEnemy_2] 569
[2017.09.25-01.56.19:121][796]LogBlueprintUserMessages: [DistanceEnemy_2] 569
[2017.09.25-01.56.19:133][797]LogBlueprintUserMessages: [DistanceEnemy_2] 569
[2017.09.25-01.56.19:147][798]LogBlueprintUserMessages: [DistanceEnemy_2] 569
[2017.09.25-01.56.19:161][799]LogBlueprintUserMessages: [DistanceEnemy_2] 569
[2017.09.25-01.56.19:187][799]LogBlueprintUserMessages: Early EndPlayMap Detection: Level '/Game/PlayerCharacterBP/Maps/Arena.Arena:PersistentLevel' has LevelScriptBlueprint '/Game/PlayerCharacterBP/Maps/Arena.Arena:PersistentLevel.Arena' with GeneratedClass '/Game/PlayerCharacterBP/Maps/Arena.Arena_C' with ClassGeneratedBy '/Game/PlayerCharacterBP/Maps/Arena.Arena:PersistentLevel.Arena'
[2017.09.25-01.56.19:334][799]LogBlueprintUserMessages: Late EndPlayMap Detection: Level '/Game/PlayerCharacterBP/Maps/Arena.Arena:PersistentLevel' has LevelScriptBlueprint '/Game/PlayerCharacterBP/Maps/Arena.Arena:PersistentLevel.Arena' with GeneratedClass '/Game/PlayerCharacterBP/Maps/Arena.Arena_C' with ClassGeneratedBy '/Game/PlayerCharacterBP/Maps/Arena.Arena:PersistentLevel.Arena'
[2017.09.25-02.04.55:682][413]LogSavePackage: Save=392.54ms
[2017.09.25-02.04.55:682][413]LogSavePackage: Moving '../../../../../NewGarden/GardenProject/NGA/Project/Berserker/Saved/Arena_Auto13E05C5624B4DD8E39515C483F1119E32.tmp' to '../../../../../NewGarden/GardenProject/NGA/Project/Berserker/Saved/Autosaves/Game/PlayerCharacterBP/Maps/Arena_Auto1.umap'
[2017.09.25-02.04.55:873][413]LogSavePackage: Display: Finished SavePackage ../../../../../NewGarden/GardenProject/NGA/Project/Berserker/Saved/Autosaves/Game/PlayerCharacterBP/Maps/Arena_Auto1.umap
[2017.09.25-02.04.55:925][413]LogSlate: Took 0.021512 seconds to synchronously load lazily loaded font '../../../Engine/Content/Slate/Fonts/Roboto-Regular.ttf' (155K)
[2017.09.25-02.04.55:928][413]LogFileHelpers: Editor autosave (incl. sublevels) for '/Game/PlayerCharacterBP/Maps/Arena' took 1.696
[2017.09.25-02.04.55:928][413]LogFileHelpers: Editor autosave (incl. sublevels) for all levels took 1.696
[2017.09.25-02.04.55:965][413]OBJ SavePackage: Generating thumbnails for [1] asset(s) in package [/Game/Player/Sword/Sword] ([1] browsable assets)...
[2017.09.25-02.04.56:096][413]OBJ SavePackage:     Rendered thumbnail for [Blueprint /Game/Player/Sword/Sword.Sword]
[2017.09.25-02.04.56:096][413]OBJ SavePackage: Finished generating thumbnails for package [/Game/Player/Sword/Sword]
[2017.09.25-02.04.56:197][413]LogSavePackage: Save=89.71ms
[2017.09.25-02.04.56:197][413]LogSavePackage: Moving '../../../../../NewGarden/GardenProject/NGA/Project/Berserker/Saved/Sword_Auto1793DB24E49F8673BA11FC4B4931447C4.tmp' to '../../../../../NewGarden/GardenProject/NGA/Project/Berserker/Saved/Autosaves/Game/Player/Sword/Sword_Auto1.uasset'
[2017.09.25-02.04.56:251][413]LogSavePackage: Display: Finished SavePackage ../../../../../NewGarden/GardenProject/NGA/Project/Berserker/Saved/Autosaves/Game/Player/Sword/Sword_Auto1.uasset
[2017.09.25-02.04.56:251][413]LogFileHelpers: Auto-saving content packages took 0.287
[2017.09.25-02.20.37:055][672]LogSlate: Took 0.017367 seconds to synchronously load lazily loaded font '../../../Engine/Content/Editor/Slate/Fonts/Roboto-BoldCondensedItalic.ttf' (160K)
[2017.09.25-02.21.18:562][819]LogFileHelpers: Editor autosave (incl. sublevels) for '/Game/PlayerCharacterBP/Maps/Arena' took 0.030
[2017.09.25-02.21.18:563][819]OBJ SavePackage: Generating thumbnails for [1] asset(s) in package [/Game/Player/Sword/Sword] ([1] browsable assets)...
[2017.09.25-02.21.18:580][819]OBJ SavePackage:     Rendered thumbnail for [Blueprint /Game/Player/Sword/Sword.Sword]
[2017.09.25-02.21.18:580][819]OBJ SavePackage: Finished generating thumbnails for package [/Game/Player/Sword/Sword]
[2017.09.25-02.21.18:632][819]LogSavePackage: Save=37.93ms
[2017.09.25-02.21.18:632][819]LogSavePackage: Moving '../../../../../NewGarden/GardenProject/NGA/Project/Berserker/Saved/Sword_Auto2BC08E0E94BA3C9FEC000FA9045CCCD66.tmp' to '../../../../../NewGarden/GardenProject/NGA/Project/Berserker/Saved/Autosaves/Game/Player/Sword/Sword_Auto2.uasset'
[2017.09.25-02.21.19:590][819]LogSavePackage: Display: Finished SavePackage ../../../../../NewGarden/GardenProject/NGA/Project/Berserker/Saved/Autosaves/Game/Player/Sword/Sword_Auto2.uasset
[2017.09.25-02.21.19:590][819]LogFileHelpers: Auto-saving content packages took 1.027
