Log file open, 10/30/17 18:42:56
LogWindows: LoadLibraryWithSearchPaths failed for file aqProf.dll. GetLastError=0
LogWindows: LoadLibraryWithSearchPaths failed for file VtuneApi.dll. GetLastError=0
LogWindows: LoadLibraryWithSearchPaths failed for file VtuneApi32e.dll. GetLastError=0
LogInit: Display: Running engine for game: Berserker
LogPlatformFile: Not using cached read wrapper
LogInit: Display: RandInit(1344331336) SRandInit(1344331336).
LogTaskGraph: Started task graph with 5 named threads and 14 total threads with 3 sets of task threads.
LogStats: Stats thread started at 0.183268
LogD3D11RHI: Aftermath initialized
LogPluginManager: Mounting plugin Paper2D
LogPluginManager: Mounting plugin LightPropagationVolume
LogPluginManager: Mounting plugin CodeLiteSourceCodeAccess
LogPluginManager: Mounting plugin GitSourceControl
LogPluginManager: Mounting plugin KDevelopSourceCodeAccess
LogPluginManager: Mounting plugin NullSourceCodeAccess
LogPluginManager: Mounting plugin PerforceSourceControl
LogPluginManager: Mounting plugin SubversionSourceControl
LogPluginManager: Mounting plugin UObjectPlugin
LogPluginManager: Mounting plugin VisualStudioSourceCodeAccess
LogPluginManager: Mounting plugin XCodeSourceCodeAccess
LogPluginManager: Mounting plugin AssetManagerEditor
LogPluginManager: Mounting plugin AudioCapture
LogPluginManager: Mounting plugin FacialAnimation
LogPluginManager: Mounting plugin GameplayTagsEditor
LogPluginManager: Mounting plugin MobileLauncherProfileWizard
LogPluginManager: Mounting plugin PluginBrowser
LogPluginManager: Mounting plugin SpeedTreeImporter
LogPluginManager: Mounting plugin AlembicImporter
LogPluginManager: Mounting plugin CharacterAI
LogPluginManager: Mounting plugin HTML5Networking
LogPluginManager: Mounting plugin AndroidMedia
LogPluginManager: Mounting plugin AvfMedia
LogPluginManager: Mounting plugin MediaPlayerEditor
LogPluginManager: Mounting plugin WmfMedia
LogPluginManager: Mounting plugin TcpMessaging
LogPluginManager: Mounting plugin UdpMessaging
LogPluginManager: Mounting plugin LevelSequenceEditor
LogPluginManager: Mounting plugin MatineeToLevelSequence
LogPluginManager: Mounting plugin OnlineSubsystemGooglePlay
LogPluginManager: Mounting plugin OnlineSubsystemIOS
LogPluginManager: Mounting plugin OnlineSubsystem
LogPluginManager: Mounting plugin OnlineSubsystemNull
LogPluginManager: Mounting plugin OnlineSubsystemUtils
LogPluginManager: Mounting plugin AndroidDeviceProfileSelector
LogPluginManager: Mounting plugin AndroidMoviePlayer
LogPluginManager: Mounting plugin AndroidPermission
LogPluginManager: Mounting plugin AppleMoviePlayer
LogPluginManager: Mounting plugin ArchVisCharacter
LogPluginManager: Mounting plugin CableComponent
LogPluginManager: Mounting plugin CustomMeshComponent
LogPluginManager: Mounting plugin ExampleDeviceProfileSelector
LogPluginManager: Mounting plugin GoogleCloudMessaging
LogPluginManager: Mounting plugin ImmediatePhysics
LogPluginManager: Mounting plugin IOSDeviceProfileSelector
LogPluginManager: Mounting plugin LinuxDeviceProfileSelector
LogPluginManager: Mounting plugin LocationServicesBPLibrary
LogPluginManager: Mounting plugin MobilePatchingUtils
LogPluginManager: Mounting plugin OculusVR
LogPluginManager: Mounting plugin PhysXVehicles
LogPluginManager: Mounting plugin ProceduralMeshComponent
LogPluginManager: Mounting plugin RuntimePhysXCooking
LogPluginManager: Mounting plugin SteamVR
LogPluginManager: Mounting plugin WindowsMoviePlayer
LogInit: Using libcurl 7.47.1
LogInit:  - built for x86_64-pc-win32
LogInit:  - supports SSL with OpenSSL/1.0.2g
LogInit:  - supports HTTP deflate (compression) using libz 1.2.8
LogInit:  - other features:
LogInit:      CURL_VERSION_SSL
LogInit:      CURL_VERSION_LIBZ
LogInit:      CURL_VERSION_IPV6
LogInit:      CURL_VERSION_ASYNCHDNS
LogInit:      CURL_VERSION_LARGEFILE
LogInit:      CURL_VERSION_IDN
LogInit:  CurlRequestOptions (configurable via config and command line):
LogInit:  - bVerifyPeer = false  - Libcurl will NOT verify peer certificate
LogInit:  - bUseHttpProxy = false  - Libcurl will NOT use HTTP proxy
LogInit:  - bDontReuseConnections = false  - Libcurl will reuse connections
LogInit:  - CertBundlePath = nullptr  - Libcurl will use whatever was configured at build time.
LogInit: Build: ++UE4+Release-4.17-CL-3586342
LogInit: Engine Version: 4.17.1-3586342+++UE4+Release-4.17
LogInit: Compatible Engine Version: 4.17.0-3573198+++UE4+Release-4.17
LogInit: Net CL: 3573198
LogDevObjectVersion: Number of dev versions registered: 16
LogDevObjectVersion:   Dev-Blueprints (B0D832E4-1F89-4F0D-ACCF-7EB736FD4AA2): 10
LogDevObjectVersion:   Dev-Build (E1C64328-A22C-4D53-A36C-8E866417BD8C): 0
LogDevObjectVersion:   Dev-Core (375EC13C-06E4-48FB-B500-84F0262A717E): 2
LogDevObjectVersion:   Dev-Editor (E4B068ED-F494-42E9-A231-DA0B2E46BB41): 20
LogDevObjectVersion:   Dev-Framework (CFFC743F-43B0-4480-9391-14DF171D2073): 28
LogDevObjectVersion:   Dev-Mobile (B02B49B5-BB20-44E9-A304-32B752E40360): 0
LogDevObjectVersion:   Dev-Networking (A4E4105C-59A1-49B5-A7C5-40C4547EDFEE): 0
LogDevObjectVersion:   Dev-Online (39C831C9-5AE6-47DC-9A44-9C173E1C8E7C): 0
LogDevObjectVersion:   Dev-Physics (78F01B33-EBEA-4F98-B9B4-84EACCB95AA2): 0
LogDevObjectVersion:   Dev-Platform (6631380F-2D4D-43E0-8009-CF276956A95A): 0
LogDevObjectVersion:   Dev-Rendering (12F88B9F-8875-4AFC-A67C-D90C383ABD29): 19
LogDevObjectVersion:   Dev-Sequencer (7B5AE74C-D270-4C10-A958-57980B212A5A): 4
LogDevObjectVersion:   Dev-VR (D7296918-1DD6-4BDD-9DE2-64A83CC13884): 0
LogDevObjectVersion:   Dev-LoadTimes (C2A15278-BFE7-4AFE-6C17-90FF531DF755): 1
LogDevObjectVersion:   Private-Geometry (6EACA3D4-40EC-4CC1-B786-8BED09428FC5): 1
LogDevObjectVersion:   Dev-AnimPhys (29E575DD-E0A3-4627-9D10-D276232CDCEA): 7
LogInit: Compiled (64-bit): Aug 15 2017 02:05:26
LogInit: Compiled with Visual C++: 19.00.24215.01
LogInit: Build Configuration: Development
LogInit: Branch Name: ++UE4+Release-4.17
LogInit: Command line:  
LogInit: Base directory: D:/UnrealEngine/UE_4.17/Engine/Binaries/Win64/
LogInit: Installed Engine Build: 1
LogInit: Presizing for max 8388607 objects, including 0 objects not considered by GC, pre-allocating 0 bytes for permanent pool.
LogInit: Object subsystem initialized
[2017.10.30-09.42.56:744][  0]LogInit: Selected Device Profile: [Windows]
[2017.10.30-09.42.56:744][  0]LogInit: Applying CVar settings loaded from the selected device profile: [Windows]
[2017.10.30-09.42.56:758][  0]LogInit: Computer: DESKTOP-6JOGDQL
[2017.10.30-09.42.56:758][  0]LogInit: User: JWOH
[2017.10.30-09.42.56:758][  0]LogInit: CPU Page size=4096, Cores=4
[2017.10.30-09.42.56:758][  0]LogInit: High frequency timer resolution =2.531252 MHz
[2017.10.30-09.42.56:758][  0]LogMemory: Memory total: Physical=7.9GB (8GB approx)
[2017.10.30-09.42.56:758][  0]LogMemory: Platform Memory Stats for Windows
[2017.10.30-09.42.56:758][  0]LogMemory: Process Physical Memory: 280.43 MB used, 280.43 MB peak
[2017.10.30-09.42.56:758][  0]LogMemory: Process Virtual Memory: 286.53 MB used, 286.53 MB peak
[2017.10.30-09.42.56:758][  0]LogMemory: Physical Memory: 3834.80 MB used,  4220.86 MB free, 8055.66 MB total
[2017.10.30-09.42.56:758][  0]LogMemory: Virtual Memory: 681.23 MB used,  4220.86 MB free, 134217728.00 MB total
[2017.10.30-09.42.57:113][  0]LogInit: Using OS detected language (ko-KR).
[2017.10.30-09.42.57:113][  0]LogInit: Using OS detected locale (ko-KR).
[2017.10.30-09.42.57:117][  0]LogTextLocalizationManager: No specific localization for 'ko-KR' exists, so the 'ko' localization will be used.
[2017.10.30-09.42.57:685][  0]LogD3D11RHI: D3D11 adapters:
[2017.10.30-09.42.57:720][  0]LogD3D11RHI:    0. 'NVIDIA GeForce GTX 960M' (Feature Level 11_0)
[2017.10.30-09.42.57:720][  0]LogD3D11RHI:       2019/0/4027 MB DedicatedVideo/DedicatedSystem/SharedSystem, Outputs:1, VendorId:0x10de
[2017.10.30-09.42.57:730][  0]LogD3D11RHI:    1. 'Intel(R) HD Graphics 530' (Feature Level 11_0)
[2017.10.30-09.42.57:730][  0]LogD3D11RHI:       128/0/4027 MB DedicatedVideo/DedicatedSystem/SharedSystem, Outputs:0, VendorId:0x8086
[2017.10.30-09.42.57:732][  0]LogD3D11RHI:    2. 'Microsoft Basic Render Driver' (Feature Level 11_0)
[2017.10.30-09.42.57:732][  0]LogD3D11RHI:       0/0/4027 MB DedicatedVideo/DedicatedSystem/SharedSystem, Outputs:0, VendorId:0x1414
[2017.10.30-09.42.57:732][  0]LogD3D11RHI: Chosen D3D11 Adapter: 0
[2017.10.30-09.42.57:736][  0]LogD3D11RHI: Creating new Direct3DDevice
[2017.10.30-09.42.57:736][  0]LogD3D11RHI:     GPU DeviceId: 0x139b (for the marketing name, search the web for "GPU Device Id")
[2017.10.30-09.42.57:736][  0]LogWindows: EnumDisplayDevices:
[2017.10.30-09.42.57:737][  0]LogWindows:    0. 'Intel(R) HD Graphics 530' (P:1 D:1)
[2017.10.30-09.42.57:737][  0]LogWindows:    1. 'Intel(R) HD Graphics 530' (P:0 D:0)
[2017.10.30-09.42.57:738][  0]LogWindows:    2. 'Intel(R) HD Graphics 530' (P:0 D:0)
[2017.10.30-09.42.57:738][  0]LogWindows: DebugString: PrimaryIsNotTheChoosenAdapter PrimaryIsNotTheChoosenAdapter PrimaryIsNotTheChoosenAdapter FoundDriverCount:0 
[2017.10.30-09.42.57:738][  0]LogD3D11RHI:     Adapter Name: NVIDIA GeForce GTX 960M
[2017.10.30-09.42.57:738][  0]LogD3D11RHI:   Driver Version: Unknown (internal:Unknown, unified:Unknown)
[2017.10.30-09.42.57:738][  0]LogD3D11RHI:      Driver Date: Unknown
[2017.10.30-09.42.57:738][  0]LogRHI: Texture pool is 1361 MB (70% of 1945 MB)
[2017.10.30-09.42.57:754][  0]LogD3D11RHI: Async texture creation enabled
[2017.10.30-09.42.57:764][  0]LogD3D11RHI: GPU Timing Frequency: 1000.000000 (Debug: 2 1)
[2017.10.30-09.42.57:766][  0]LogShaderCompilers: Guid format shader working directory is -13 characters bigger than the processId version (../../../../../NewGarden/GardenProject/NGA/Project/Berserker/Intermediate/Shaders/WorkingDirectory/8264/).
[2017.10.30-09.42.57:766][  0]LogShaderCompilers: Cleaned the shader compiler working directory 'C:/Users/J.W OH/AppData/Local/Temp/UnrealShaderWorkingDir/68F509FC47CCF0FBBE4AA3A49E23F383/'.
[2017.10.30-09.42.57:766][  0]LogShaderCompilers: Display: Using Local Shader Compiler.
[2017.10.30-09.42.58:742][  0]LogTemp: Display: Loaded TP AllDesktopTargetPlatform
[2017.10.30-09.42.58:787][  0]LogTemp: Display: Loaded TP MacClientTargetPlatform
[2017.10.30-09.42.58:831][  0]LogTemp: Display: Loaded TP MacNoEditorTargetPlatform
[2017.10.30-09.42.58:876][  0]LogTemp: Display: Loaded TP MacServerTargetPlatform
[2017.10.30-09.42.58:919][  0]LogTemp: Display: Loaded TP MacTargetPlatform
[2017.10.30-09.42.58:971][  0]LogTemp: Display: Loaded TP WindowsClientTargetPlatform
[2017.10.30-09.42.59:019][  0]LogTemp: Display: Loaded TP WindowsNoEditorTargetPlatform
[2017.10.30-09.42.59:063][  0]LogTemp: Display: Loaded TP WindowsServerTargetPlatform
[2017.10.30-09.42.59:106][  0]LogTemp: Display: Loaded TP WindowsTargetPlatform
[2017.10.30-09.42.59:155][  0]LogTemp: Display: Loaded TP AndroidTargetPlatform
[2017.10.30-09.42.59:204][  0]LogTemp: Display: Loaded TP Android_ASTCTargetPlatform
[2017.10.30-09.42.59:250][  0]LogTemp: Display: Loaded TP Android_ATCTargetPlatform
[2017.10.30-09.42.59:295][  0]LogTemp: Display: Loaded TP Android_DXTTargetPlatform
[2017.10.30-09.42.59:336][  0]LogTemp: Display: Loaded TP Android_ETC1TargetPlatform
[2017.10.30-09.42.59:380][  0]LogTemp: Display: Loaded TP Android_ETC2TargetPlatform
[2017.10.30-09.42.59:463][  0]LogTemp: Display: Loaded TP Android_MultiTargetPlatform
[2017.10.30-09.42.59:463][  0]LogTemp: Display: Loaded TP Android_PVRTCTargetPlatform
[2017.10.30-09.42.59:495][  0]LogTemp: Display: Loaded TP HTML5TargetPlatform
[2017.10.30-09.42.59:576][  0]LogTemp: Display: Loaded TP IOSTargetPlatform
[2017.10.30-09.42.59:600][  0]LogTemp: Display: Loaded TP TVOSTargetPlatform
[2017.10.30-09.42.59:641][  0]LogTemp: Display: Loaded TP LinuxClientTargetPlatform
[2017.10.30-09.42.59:683][  0]LogTemp: Display: Loaded TP LinuxNoEditorTargetPlatform
[2017.10.30-09.42.59:726][  0]LogTemp: Display: Loaded TP LinuxServerTargetPlatform
[2017.10.30-09.42.59:767][  0]LogTemp: Display: Loaded TP LinuxTargetPlatform
[2017.10.30-09.42.59:767][  0]LogTargetPlatformManager: Display: Building Assets For Windows
[2017.10.30-09.43.00:127][  0]LogDerivedDataCache: Display: Max Cache Size: 512 MB
[2017.10.30-09.43.00:229][  0]LogDerivedDataCache: Loaded boot cache 0.10s 93MB C:/Users/J.W OH/AppData/Local/UnrealEngine/4.17/DerivedDataCache/Boot.ddc.
[2017.10.30-09.43.00:229][  0]LogDerivedDataCache: Display: Loaded Boot cache: C:/Users/J.W OH/AppData/Local/UnrealEngine/4.17/DerivedDataCache/Boot.ddc
[2017.10.30-09.43.00:229][  0]LogDerivedDataCache: FDerivedDataBackendGraph:  Pak pak cache file ../../../../../NewGarden/GardenProject/NGA/Project/Berserker/DerivedDataCache/DDC.ddp not found, will not use a pak cache.
[2017.10.30-09.43.00:230][  0]LogDerivedDataCache: Unable to find inner node Pak for hierarchical cache Hierarchy.
[2017.10.30-09.43.00:230][  0]LogDerivedDataCache: FDerivedDataBackendGraph:  CompressedPak pak cache file ../../../../../NewGarden/GardenProject/NGA/Project/Berserker/DerivedDataCache/Compressed.ddp not found, will not use a pak cache.
[2017.10.30-09.43.00:230][  0]LogDerivedDataCache: Unable to find inner node CompressedPak for hierarchical cache Hierarchy.
[2017.10.30-09.43.00:249][  0]LogDerivedDataCache: Display: Pak cache opened for reading ../../../Engine/DerivedDataCache/Compressed.ddp.
[2017.10.30-09.43.00:262][  0]LogDerivedDataCache: Using Local data cache path C:/Users/J.W OH/AppData/Local/UnrealEngine/Common/DerivedDataCache: Writable
[2017.10.30-09.43.00:272][  0]LogMaterial: Verifying Global Shaders for PCD3D_SM5
[2017.10.30-09.43.00:273][  0]LogSlate: Using Freetype 2.6.0
[2017.10.30-09.43.00:274][  0]LogSlate: SlateFontCache - WITH_FREETYPE: 1, WITH_HARFBUZZ: 1
[2017.10.30-09.43.00:274][  0]LogSlate: SlateFontCache - WITH_FREETYPE: 1, WITH_HARFBUZZ: 1
[2017.10.30-09.43.00:572][  0]LogAssetRegistry: FAssetRegistry took 0.0259 seconds to start up
[2017.10.30-09.43.00:699][  0]LogInit: Selected Device Profile: [Windows]
[2017.10.30-09.43.00:869][  0]LogContentStreaming: Texture pool size is 0.00 MB
[2017.10.30-09.43.01:135][  0]LogSimplygon: Simplygon DLL not present - disabling.
[2017.10.30-09.43.01:167][  0]LogMeshReduction: Using SimplygonSwarm for distributed automatic mesh merging
[2017.10.30-09.43.01:167][  0]LogMeshReduction: Using QuadricMeshReduction for automatic static mesh reduction
[2017.10.30-09.43.01:167][  0]LogMeshReduction: No automatic skeletal mesh reduction module available
[2017.10.30-09.43.01:167][  0]LogMeshReduction: No automatic mesh merging module available
[2017.10.30-09.43.01:167][  0]LogMeshMerging: No automatic mesh merging module available
[2017.10.30-09.43.01:567][  0]LogNetVersion: Berserker , NetCL: 3573198, EngineNetVer: 2, GameNetVer: 0 (Checksum: 408643392)
[2017.10.30-09.43.01:822][  0]LogPackageLocalizationCache: Processed 5 localized package path(s) for 2 prioritized culture(s) in 0.058006 seconds
[2017.10.30-09.43.01:829][  0]LogUObjectArray: 35825 objects as part of root set at end of initial load.
[2017.10.30-09.43.01:829][  0]LogUObjectAllocator: 7529112 out of 0 bytes used by permanent object pool.
[2017.10.30-09.43.01:829][  0]LogUObjectArray: CloseDisregardForGC: 0/0 objects in disregard for GC pool
[2017.10.30-09.43.01:873][  0]LogInit: WinSock: version 1.1 (2.2), MaxSocks=32767, MaxUdp=65467
[2017.10.30-09.43.04:420][  0]LogTcpMessaging: Initializing TcpMessaging bridge
[2017.10.30-09.43.04:457][  0]LogUdpMessaging: Initializing bridge on interface 0.0.0.0:0 to multicast group 230.0.0.1:6666.
[2017.10.30-09.43.05:071][  0]LogMaterial: Uniform references updated for custom material expression Custom.
[2017.10.30-09.43.05:450][  0]SourceControl: 소스 콘트롤이 꺼졌습니다.
[2017.10.30-09.43.05:450][  0]SourceControl: 소스 콘트롤이 꺼졌습니다.
[2017.10.30-09.43.05:491][  0]SourceControl: 소스 콘트롤이 꺼졌습니다.
[2017.10.30-09.43.05:532][  0]SourceControl: 소스 콘트롤이 꺼졌습니다.
[2017.10.30-09.43.06:014][  0]LogAndroidPermission: UAndroidPermissionCallbackProxy::GetInstance
[2017.10.30-09.43.06:215][  0]LogOcInput: OculusInput pre-init called
[2017.10.30-09.43.06:440][  0]LogEngine: Initializing Engine...
[2017.10.30-09.43.06:442][  0]LogHMD: Failed to initialize OpenVR with code 110
[2017.10.30-09.43.06:706][  0]LogStats: UGameplayTagsManager::ConstructGameplayTagTree: Construct from data asset -  0.000 s
[2017.10.30-09.43.06:706][  0]LogStats: UGameplayTagsManager::ConstructGameplayTagTree: GameplayTagTreeChangedEvent.Broadcast -  0.000 s
[2017.10.30-09.43.06:816][  0]LogAIModule: Creating AISystem for world Untitled
[2017.10.30-09.43.06:825][  0]LogInit: XAudio2 using '스피커(Realtek High Definition Audio(SST))' : 2 channels at 48 kHz using 32 bits per sample (channel mask 0x3)
[2017.10.30-09.43.07:424][  0]LogInit: FAudioDevice initialized.
[2017.10.30-09.43.07:559][  0]LogDerivedDataCache: Saved boot cache 0.13s 93MB C:/Users/J.W OH/AppData/Local/UnrealEngine/4.17/DerivedDataCache/Boot.ddc.
[2017.10.30-09.43.07:581][  0]LogInit: Texture streaming: Enabled
[2017.10.30-09.43.07:674][  0]LogEngineSessionManager: EngineSessionManager initialized
[2017.10.30-09.43.07:867][  0]LogInit: Transaction tracking system initialized
[2017.10.30-09.43.08:157][  0]BlueprintLog: New page: 에디터 로드
[2017.10.30-09.43.08:884][  0]LocalizationService: 현지화 서비스가 비활성화되었습니다.
[2017.10.30-09.43.09:473][  0]LogConsoleResponse: Display: 
[2017.10.30-09.43.09:657][  0]LogCook: Display: Max memory allowance for cook 16384mb min free memory 0mb
[2017.10.30-09.43.09:657][  0]LogCook: Display: Mobile HDR setting 1
[2017.10.30-09.43.09:657][  0]LogGameplayTags: Display: UGameplayTagsManager::DoneAddingNativeTags. DelegateIsBound: 0
[2017.10.30-09.43.10:007][  0]LogFileCache: Scanning file cache for directory 'D:/NewGarden/GardenProject/NGA/Project/Berserker/Content/' took 0.02s
[2017.10.30-09.43.10:587][  0]SourceControl: 소스 콘트롤이 꺼졌습니다.
[2017.10.30-09.43.10:588][  0]Cmd: MAP LOAD FILE="../../../../../NewGarden/GardenProject/NGA/Project/Berserker/Content/PlayerCharacterBP/Maps/Arena.umap" TEMPLATE=0 SHOWPROGRESS=1 FEATURELEVEL=3
[2017.10.30-09.43.10:588][  0]LightingResults: New page: 라이팅 빌드
[2017.10.30-09.43.10:628][  0]MapCheck: New page: 맵 체크
[2017.10.30-09.43.10:628][  0]LightingResults: New page: 라이팅 빌드
[2017.10.30-09.43.11:250][  0]LogAIModule: Creating AISystem for world Arena
[2017.10.30-09.43.11:259][  0]LogEditorServer: Finished looking for orphan Actors (0.000 secs)
[2017.10.30-09.43.11:350][  0]Cmd: MAP CHECKDEP NOCLEARLOG
[2017.10.30-09.43.11:427][  0]MapCheck: 맵 체크 완료: 오류 0 회, 경고 0 회, 소요 시간 76.55ms.
[2017.10.30-09.43.11:427][  0]LogFileHelpers: Loading map 'Arena' took 0.840
[2017.10.30-09.43.11:587][  0]LogCollectionManager: Loaded 0 collections in 0.001112 seconds
[2017.10.30-09.43.11:661][  0]LogFileCache: Scanning file cache for directory 'D:/NewGarden/GardenProject/NGA/Project/Berserker/Saved/Collections/' took 0.01s
[2017.10.30-09.43.11:661][  0]LogFileCache: Scanning file cache for directory 'D:/NewGarden/GardenProject/NGA/Project/Berserker/Content/Developers/JWOH/Collections/' took 0.01s
[2017.10.30-09.43.11:661][  0]LogFileCache: Scanning file cache for directory 'D:/NewGarden/GardenProject/NGA/Project/Berserker/Content/Collections/' took 0.01s
[2017.10.30-09.43.11:661][  0]LogCollectionManager: Rebuilt the GUID cache for 0 collections in 0.000000 seconds
[2017.10.30-09.43.11:670][  0]LogContentBrowser: Native class hierarchy populated in 0.0085 seconds. Added 2386 classes and 500 folders.
[2017.10.30-09.43.11:722][  0]LogContentBrowser: Native class hierarchy updated for 'WidgetCarousel' in 0.0007 seconds. Added 0 classes and 0 folders.
[2017.10.30-09.43.11:773][  0]LogContentBrowser: Native class hierarchy updated for 'AddContentDialog' in 0.0006 seconds. Added 0 classes and 0 folders.
[2017.10.30-09.43.11:812][  0]LogContentBrowser: Native class hierarchy updated for 'SceneOutliner' in 0.0007 seconds. Added 1 classes and 2 folders.
[2017.10.30-09.43.11:835][  0]LogSlate: Took 0.000305 seconds to synchronously load lazily loaded font '../../../Engine/Content/Slate/Fonts/Roboto-Regular.ttf' (155K)
[2017.10.30-09.43.11:839][  0]LogSlate: Took 0.003471 seconds to synchronously load lazily loaded font '../../../Engine/Content/Slate/Fonts/NanumGothic.ttf' (4243K)
[2017.10.30-09.43.11:841][  0]LogSlate: Took 0.000380 seconds to synchronously load lazily loaded font '../../../Engine/Content/Slate/Fonts/Roboto-Bold.ttf' (160K)
[2017.10.30-09.43.11:848][  0]LogSlate: Took 0.000436 seconds to synchronously load lazily loaded font '../../../Engine/Content/Editor/Slate/Fonts/FontAwesome.ttf' (139K)
[2017.10.30-09.43.11:954][  0]LogRenderer: Reallocating scene render targets to support 1208x576 Format 10 NumSamples 1 (Frame:1).
[2017.10.30-09.43.12:248][  0]LogContentBrowser: Native class hierarchy updated for 'HierarchicalLODOutliner' in 0.0011 seconds. Added 1 classes and 2 folders.
[2017.10.30-09.43.12:248][  0]LogLoad: (Engine Initialization) Total time: 17.18 seconds
[2017.10.30-09.43.12:248][  0]LogLoad: (Engine Initialization) Total Blueprint compile time: 0.00 seconds
[2017.10.30-09.43.12:248][  0]LogExternalProfiler: Found external profiler: VSPerf
[2017.10.30-09.43.12:248][  0]LogExternalProfiler: Using external profiler: VSPerf
[2017.10.30-09.43.12:611][  0]LogContentStreaming: Texture pool size now 1000 MB
[2017.10.30-09.43.12:650][  0]LogSlate: Took 0.000384 seconds to synchronously load lazily loaded font '../../../Engine/Content/Slate/Fonts/Roboto-Light.ttf' (159K)
[2017.10.30-09.43.12:924][  1]AnimBlueprint: Warning: 슬롯노드: PlayerCharacterAnim_BP_C 애니메이션 인스턴트 클래스의 'DefaultSlot' 는 이미 존재합니다. 이 클래스의 애니메이션 그래프에서 중복을 제거하세요.
[2017.10.30-09.43.12:941][  1]LogAssetRegistry: Asset discovery search completed in 12.3904 seconds
[2017.10.30-09.43.12:943][  1]LogCollectionManager: Rebuilt the object cache for 0 collections in 0.000000 seconds (found 0 objects)
[2017.10.30-09.43.12:943][  1]LogCollectionManager: Fixed up redirectors for 0 collections in 0.000039 seconds (updated 0 objects)
[2017.10.30-09.43.34:353][189]LogSlate: Took 0.000270 seconds to synchronously load lazily loaded font '../../../Engine/Content/Slate/Fonts/Roboto-Light.ttf' (159K)
[2017.10.30-09.43.34:880][189]LogContentBrowser: Native class hierarchy updated for 'ClothingSystemEditorInterface' in 0.0007 seconds. Added 1 classes and 0 folders.
[2017.10.30-09.43.34:882][189]LogClothingAssetFactory: Finished physical mesh import
[2017.10.30-09.43.34:883][189]LogClothingAssetFactory: Finished physical mesh import
[2017.10.30-09.43.34:885][189]LogActorComponent: ReregisterComponent: (/Game/FLAG.FLAG:PersistentLevel.flag_real6.SkeletalMeshComponent0) Not currently registered. Aborting.
[2017.10.30-09.43.34:885][189]LogActorComponent: ReregisterComponent: (/Game/FLAG.FLAG:PersistentLevel.flag_real7.SkeletalMeshComponent0) Not currently registered. Aborting.
[2017.10.30-09.43.34:885][189]LogActorComponent: ReregisterComponent: (/Game/FLAG.FLAG:PersistentLevel.flag_real6.SkeletalMeshComponent0) Not currently registered. Aborting.
[2017.10.30-09.43.34:885][189]LogActorComponent: ReregisterComponent: (/Game/FLAG.FLAG:PersistentLevel.flag_real7.SkeletalMeshComponent0) Not currently registered. Aborting.
[2017.10.30-09.43.35:085][189]LogAIModule: Creating AISystem for world FLAG
[2017.10.30-09.43.35:128][189]Cmd: MAP LOAD FILE="../../../../../NewGarden/GardenProject/NGA/Project/Berserker/Content/FLAG.umap" TEMPLATE=0 SHOWPROGRESS=1 FEATURELEVEL=3
[2017.10.30-09.43.35:128][189]LightingResults: New page: 라이팅 빌드
[2017.10.30-09.43.35:130][189]LoadErrors: New page: 맵 로드중: FLAG.umap
[2017.10.30-09.43.35:131][189]MapCheck: New page: 맵 체크
[2017.10.30-09.43.35:131][189]LightingResults: New page: 라이팅 빌드
[2017.10.30-09.43.35:165][189]LogEditorServer: Finished looking for orphan Actors (0.000 secs)
[2017.10.30-09.43.35:244][189]Cmd: MAP CHECKDEP NOCLEARLOG
[2017.10.30-09.43.35:334][189]MapCheck: 맵 체크 완료: 오류 0 회, 경고 0 회, 소요 시간 90.519ms.
[2017.10.30-09.43.35:335][189]LogFileHelpers: Loading map 'FLAG' took 0.208
[2017.10.30-09.43.37:949][255]LogTemp: Repeating last play command: 선택된 뷰포트
[2017.10.30-09.43.38:021][255]LogPlayLevel: PlayLevel: No blueprints needed recompiling
[2017.10.30-09.43.38:021][255]PIE: New page: PIE 세션: FLAG (2017. 10. 31. 오전 3:43:38)
[2017.10.30-09.43.38:021][255]LogPlayLevel: Creating play world package: /Game/UEDPIE_0_FLAG
[2017.10.30-09.43.38:063][255]LogPlayLevel: PIE: StaticDuplicateObject took: (0.041330s)
[2017.10.30-09.43.38:064][255]LogAIModule: Creating AISystem for world FLAG
[2017.10.30-09.43.38:064][255]LogPlayLevel: PIE: World Init took: (0.001145s)
[2017.10.30-09.43.38:065][255]LogPlayLevel: PIE: Created PIE world by copying editor world from /Game/FLAG.FLAG to /Game/UEDPIE_0_FLAG.FLAG (0.043075s)
[2017.10.30-09.43.38:081][255]LogInit: XAudio2 using '스피커(Realtek High Definition Audio(SST))' : 2 channels at 48 kHz using 32 bits per sample (channel mask 0x3)
[2017.10.30-09.43.38:098][255]LogInit: FAudioDevice initialized.
[2017.10.30-09.43.38:148][255]LogLoad: Game class is 'BerserkerGameMode_C'
[2017.10.30-09.43.38:175][255]LogWorld: Bringing World /Game/UEDPIE_0_FLAG.FLAG up for play (max tick rate 0) at 2017.10.30-18.43.38
[2017.10.30-09.43.38:176][255]LogWorld: Bringing up level for play took: 0.027010
[2017.10.30-09.43.38:212][255]LogContentBrowser: Native class hierarchy updated for 'MovieSceneCapture' in 0.0007 seconds. Added 11 classes and 0 folders.
[2017.10.30-09.43.38:212][255]AnimBlueprint: Warning: 슬롯노드: PlayerCharacterAnim_BP_C 애니메이션 인스턴트 클래스의 'DefaultSlot' 는 이미 존재합니다. 이 클래스의 애니메이션 그래프에서 중복을 제거하세요.
[2017.10.30-09.43.38:215][255]PIE: /Game/UEDPIE_0_FLAG 에 대한 에디터에서 플레이 시작 시간: -0.054
[2017.10.30-09.45.05:602][607]LogFactory: FactoryCreateFile: StaticMesh with FbxFactory (0 0 D:\NewGarden\GardenProject\NGA\Resource\주인공 애니추가(백스텝, 점프공격)\Empty_back tumbling.FBX)
[2017.10.30-09.45.05:700][607]LogFbx: ItemName: GlobalSettings, ItemCount : 1
[2017.10.30-09.45.05:700][607]LogFbx: ItemName: AnimationStack, ItemCount : 1
[2017.10.30-09.45.05:700][607]LogFbx: ItemName: AnimationLayer, ItemCount : 1
[2017.10.30-09.45.05:700][607]LogFbx: ItemName: Model, ItemCount : 53
[2017.10.30-09.45.05:700][607]LogFbx: ItemName: Geometry, ItemCount : 1
[2017.10.30-09.45.05:700][607]LogFbx: ItemName: Material, ItemCount : 1
[2017.10.30-09.45.05:700][607]LogFbx: ItemName: Texture, ItemCount : 1
[2017.10.30-09.45.05:700][607]LogFbx: ItemName: NodeAttribute, ItemCount : 104
[2017.10.30-09.45.05:700][607]LogFbx: ItemName: CollectionExclusive, ItemCount : 1
[2017.10.30-09.45.05:700][607]LogFbx: ItemName: AnimationCurve, ItemCount : 162
[2017.10.30-09.45.05:700][607]LogFbx: ItemName: AnimationCurveNode, ItemCount : 54
[2017.10.30-09.45.05:700][607]LogFbx: ItemName: Deformer, ItemCount : 53
[2017.10.30-09.45.05:700][607]LogFbx: ItemName: Pose, ItemCount : 1
[2017.10.30-09.45.05:700][607]LogFbx: ItemName: Video, ItemCount : 1
[2017.10.30-09.45.05:707][607]LogFbx: Loading FBX Scene from D:\NewGarden\GardenProject\NGA\Resource\주인공 애니추가(백스텝, 점프공격)\Empty_back tumbling.FBX
[2017.10.30-09.45.05:748][607]LogFbx: FBX Scene Loaded Succesfully
[2017.10.30-09.45.33:909][ 41]LogFactory: FactoryCreateFile: StaticMesh with FbxFactory (0 0 D:\NewGarden\GardenProject\NGA\Resource\주인공 애니추가(백스텝, 점프공격)\Empty_back tumbling.FBX)
[2017.10.30-09.45.34:007][ 41]LogFbx: ItemName: GlobalSettings, ItemCount : 1
[2017.10.30-09.45.34:007][ 41]LogFbx: ItemName: AnimationStack, ItemCount : 1
[2017.10.30-09.45.34:007][ 41]LogFbx: ItemName: AnimationLayer, ItemCount : 1
[2017.10.30-09.45.34:007][ 41]LogFbx: ItemName: Model, ItemCount : 53
[2017.10.30-09.45.34:007][ 41]LogFbx: ItemName: Geometry, ItemCount : 1
[2017.10.30-09.45.34:007][ 41]LogFbx: ItemName: Material, ItemCount : 1
[2017.10.30-09.45.34:007][ 41]LogFbx: ItemName: Texture, ItemCount : 1
[2017.10.30-09.45.34:007][ 41]LogFbx: ItemName: NodeAttribute, ItemCount : 104
[2017.10.30-09.45.34:007][ 41]LogFbx: ItemName: CollectionExclusive, ItemCount : 1
[2017.10.30-09.45.34:007][ 41]LogFbx: ItemName: AnimationCurve, ItemCount : 162
[2017.10.30-09.45.34:007][ 41]LogFbx: ItemName: AnimationCurveNode, ItemCount : 54
[2017.10.30-09.45.34:007][ 41]LogFbx: ItemName: Deformer, ItemCount : 53
[2017.10.30-09.45.34:007][ 41]LogFbx: ItemName: Pose, ItemCount : 1
[2017.10.30-09.45.34:007][ 41]LogFbx: ItemName: Video, ItemCount : 1
[2017.10.30-09.45.34:014][ 41]LogFbx: Loading FBX Scene from D:\NewGarden\GardenProject\NGA\Resource\주인공 애니추가(백스텝, 점프공격)\Empty_back tumbling.FBX
[2017.10.30-09.45.34:046][ 41]LogFbx: FBX Scene Loaded Succesfully
[2017.10.30-09.45.54:587][134]LogFactory: FactoryCreateFile: StaticMesh with FbxFactory (0 0 D:\NewGarden\GardenProject\NGA\Resource\주인공 애니추가(백스텝, 점프공격)\Empty_back tumbling.FBX)
[2017.10.30-09.45.54:685][134]LogFbx: ItemName: GlobalSettings, ItemCount : 1
[2017.10.30-09.45.54:685][134]LogFbx: ItemName: AnimationStack, ItemCount : 1
[2017.10.30-09.45.54:685][134]LogFbx: ItemName: AnimationLayer, ItemCount : 1
[2017.10.30-09.45.54:685][134]LogFbx: ItemName: Model, ItemCount : 53
[2017.10.30-09.45.54:685][134]LogFbx: ItemName: Geometry, ItemCount : 1
[2017.10.30-09.45.54:685][134]LogFbx: ItemName: Material, ItemCount : 1
[2017.10.30-09.45.54:685][134]LogFbx: ItemName: Texture, ItemCount : 1
[2017.10.30-09.45.54:685][134]LogFbx: ItemName: NodeAttribute, ItemCount : 104
[2017.10.30-09.45.54:685][134]LogFbx: ItemName: CollectionExclusive, ItemCount : 1
[2017.10.30-09.45.54:685][134]LogFbx: ItemName: AnimationCurve, ItemCount : 162
[2017.10.30-09.45.54:685][134]LogFbx: ItemName: AnimationCurveNode, ItemCount : 54
[2017.10.30-09.45.54:685][134]LogFbx: ItemName: Deformer, ItemCount : 53
[2017.10.30-09.45.54:685][134]LogFbx: ItemName: Pose, ItemCount : 1
[2017.10.30-09.45.54:685][134]LogFbx: ItemName: Video, ItemCount : 1
[2017.10.30-09.45.54:691][134]LogFbx: Loading FBX Scene from D:\NewGarden\GardenProject\NGA\Resource\주인공 애니추가(백스텝, 점프공격)\Empty_back tumbling.FBX
[2017.10.30-09.45.54:725][134]LogFbx: FBX Scene Loaded Succesfully
[2017.10.30-09.45.56:370][134]LogSlate: Took 0.000328 seconds to synchronously load lazily loaded font '../../../Engine/Content/Slate/Fonts/Roboto-Light.ttf' (159K)
[2017.10.30-09.46.02:412][134]LogFbx: Loading FBX Scene from D:\NewGarden\GardenProject\NGA\Resource\주인공 애니추가(백스텝, 점프공격)\Empty_back tumbling.FBX
[2017.10.30-09.46.02:450][134]LogFbx: FBX Scene Loaded Succesfully
[2017.10.30-09.46.02:451][134]LogFbx: =================================================
[2017.10.30-09.46.02:451][134]LogFbx: Dumping Node START [BaseMesh_Man_Simple_Body] 
[2017.10.30-09.46.02:451][134]LogFbx: 	Total Deformer Count 240024816.
[2017.10.30-09.46.02:451][134]LogFbx: 		[Node 1]  (Type Skin).
[2017.10.30-09.46.02:451][134]LogFbx: =================================================
[2017.10.30-09.46.02:451][134]LogFbx: 	Attribute () Type (4).
[2017.10.30-09.46.02:451][134]LogFbx: 		[Node Attribute Child 1] BaseMesh_Man_Simple_Body (Type Mesh).
[2017.10.30-09.46.02:451][134]LogFbx: Dumping Node END [BaseMesh_Man_Simple_Body]
[2017.10.30-09.46.02:452][134]LogFbx: =================================================
[2017.10.30-09.46.02:452][134]LogFbx: Dumping Node START [BaseMesh_Man_Simple_Body] 
[2017.10.30-09.46.02:452][134]LogFbx: 	Total Deformer Count 240024032.
[2017.10.30-09.46.02:452][134]LogFbx: 		[Node 1]  (Type Skin).
[2017.10.30-09.46.02:452][134]LogFbx: =================================================
[2017.10.30-09.46.02:452][134]LogFbx: 	Attribute () Type (4).
[2017.10.30-09.46.02:452][134]LogFbx: 		[Node Attribute Child 1] BaseMesh_Man_Simple_Body (Type Mesh).
[2017.10.30-09.46.02:452][134]LogFbx: Dumping Node END [BaseMesh_Man_Simple_Body]
[2017.10.30-09.46.02:453][134]LogFbx: Warning: Not valid bind pose for Pose (BIND_POSES) - Node BaseMesh_Man_Simple_Body : Not all the deformers are stored in this BindPose
[2017.10.30-09.46.02:453][134]LogFbx: Warning: Getting valid bind pose failed. Try to recreate bind pose
[2017.10.30-09.46.02:453][134]LogFbx: Valid bind pose for Pose (FbxSDKBindPose) - BaseMesh_Man_Simple_Body
[2017.10.30-09.46.02:454][134]LogFbx: Warning: Recreating bind pose succeeded.
[2017.10.30-09.46.02:455][134]LogLinker: '/Game/07_-_Default' 파일을 찾을 수 없습니다.
[2017.10.30-09.46.02:455][134]LogLinker: '/Game/07_-_Default' 파일을 찾을 수 없습니다.
[2017.10.30-09.46.02:501][134]LogMaterial: Warning: Material /Game/07_-_Default.07_-_Default needed to have new flag set bUsedWithSkeletalMesh !
[2017.10.30-09.46.02:503][134]LogMaterial: Missing cached shader map for material 07_-_Default, compiling. 
[2017.10.30-09.46.02:605][134]LogLinker: '/Game/prd2456b6d3-9f0b-45be-96d6-da12b8310bcf' 파일을 찾을 수 없습니다.
[2017.10.30-09.46.02:606][134]LogLinker: '/Game/prd2456b6d3-9f0b-45be-96d6-da12b8310bcf' 파일을 찾을 수 없습니다.
[2017.10.30-09.46.02:606][134]LogFbxMaterialImport: Warning: Unable to find Texture file C:\Users\Administrator\Desktop\임한규\포폴\군화\prd2456b6d3-9f0b-45be-96d6-da12b8310bcf.jpg
[2017.10.30-09.46.02:642][134]LogMaterial: Missing cached shader map for material 07_-_Default, compiling. 
[2017.10.30-09.46.02:724][134]LogFbx: Warning: Bones digested - 52  Depth of hierarchy - 11
[2017.10.30-09.46.02:986][134]LogSkeletalMesh: Section 0: 6613 vertices, 52 active bones
[2017.10.30-09.46.03:005][134]LogSkeletalMesh: Section 0: Material=0, 8394 triangles
[2017.10.30-09.46.03:011][134]LogLinker: '/Game/Empty_back_tumbling_PhysicsAsset' 파일을 찾을 수 없습니다.
[2017.10.30-09.46.03:011][134]LogLinker: '/Game/Empty_back_tumbling_PhysicsAsset' 파일을 찾을 수 없습니다.
[2017.10.30-09.46.03:022][134]LogFbx: =================================================
[2017.10.30-09.46.03:022][134]LogFbx: Dumping Node START [BaseMesh_Man_Simple_Body] 
[2017.10.30-09.46.03:022][134]LogFbx: 	Total Deformer Count -754276592.
[2017.10.30-09.46.03:022][134]LogFbx: 		[Node 1]  (Type Skin).
[2017.10.30-09.46.03:022][134]LogFbx: =================================================
[2017.10.30-09.46.03:022][134]LogFbx: 	Attribute () Type (4).
[2017.10.30-09.46.03:022][134]LogFbx: 		[Node Attribute Child 1] BaseMesh_Man_Simple_Body (Type Mesh).
[2017.10.30-09.46.03:022][134]LogFbx: Dumping Node END [BaseMesh_Man_Simple_Body]
[2017.10.30-09.46.03:023][134]LogFbx: =================================================
[2017.10.30-09.46.03:023][134]LogFbx: Dumping Node START [BaseMesh_Man_Simple_Body] 
[2017.10.30-09.46.03:023][134]LogFbx: 	Total Deformer Count -754276592.
[2017.10.30-09.46.03:023][134]LogFbx: 		[Node 1]  (Type Skin).
[2017.10.30-09.46.03:024][134]LogFbx: =================================================
[2017.10.30-09.46.03:024][134]LogFbx: 	Attribute () Type (4).
[2017.10.30-09.46.03:024][134]LogFbx: 		[Node Attribute Child 1] BaseMesh_Man_Simple_Body (Type Mesh).
[2017.10.30-09.46.03:024][134]LogFbx: Dumping Node END [BaseMesh_Man_Simple_Body]
[2017.10.30-09.46.03:024][134]LogFbx: SortedLinks :(0) Hips
[2017.10.30-09.46.03:024][134]LogFbx: SortedLinks :(1) Spine
[2017.10.30-09.46.03:024][134]LogFbx: SortedLinks :(2) Spine1
[2017.10.30-09.46.03:024][134]LogFbx: SortedLinks :(3) Spine2
[2017.10.30-09.46.03:024][134]LogFbx: SortedLinks :(4) Neck
[2017.10.30-09.46.03:024][134]LogFbx: SortedLinks :(5) Head
[2017.10.30-09.46.03:024][134]LogFbx: SortedLinks :(6) LeftShoulder
[2017.10.30-09.46.03:024][134]LogFbx: SortedLinks :(7) LeftArm
[2017.10.30-09.46.03:024][134]LogFbx: SortedLinks :(8) LeftForeArm
[2017.10.30-09.46.03:024][134]LogFbx: SortedLinks :(9) LeftHand
[2017.10.30-09.46.03:024][134]LogFbx: SortedLinks :(10) LeftHandThumb1
[2017.10.30-09.46.03:024][134]LogFbx: SortedLinks :(11) LeftHandThumb2
[2017.10.30-09.46.03:024][134]LogFbx: SortedLinks :(12) LeftHandThumb3
[2017.10.30-09.46.03:024][134]LogFbx: SortedLinks :(13) LeftHandIndex1
[2017.10.30-09.46.03:024][134]LogFbx: SortedLinks :(14) LeftHandIndex2
[2017.10.30-09.46.03:024][134]LogFbx: SortedLinks :(15) LeftHandIndex3
[2017.10.30-09.46.03:024][134]LogFbx: SortedLinks :(16) LeftHandMiddle1
[2017.10.30-09.46.03:024][134]LogFbx: SortedLinks :(17) LeftHandMiddle2
[2017.10.30-09.46.03:024][134]LogFbx: SortedLinks :(18) LeftHandMiddle3
[2017.10.30-09.46.03:024][134]LogFbx: SortedLinks :(19) LeftHandRing1
[2017.10.30-09.46.03:024][134]LogFbx: SortedLinks :(20) LeftHandRing2
[2017.10.30-09.46.03:024][134]LogFbx: SortedLinks :(21) LeftHandRing3
[2017.10.30-09.46.03:024][134]LogFbx: SortedLinks :(22) LeftHandPinky1
[2017.10.30-09.46.03:024][134]LogFbx: SortedLinks :(23) LeftHandPinky2
[2017.10.30-09.46.03:024][134]LogFbx: SortedLinks :(24) LeftHandPinky3
[2017.10.30-09.46.03:024][134]LogFbx: SortedLinks :(25) RightShoulder
[2017.10.30-09.46.03:024][134]LogFbx: SortedLinks :(26) RightArm
[2017.10.30-09.46.03:024][134]LogFbx: SortedLinks :(27) RightForeArm
[2017.10.30-09.46.03:024][134]LogFbx: SortedLinks :(28) RightHand
[2017.10.30-09.46.03:024][134]LogFbx: SortedLinks :(29) RightHandThumb1
[2017.10.30-09.46.03:024][134]LogFbx: SortedLinks :(30) RightHandThumb2
[2017.10.30-09.46.03:024][134]LogFbx: SortedLinks :(31) RightHandThumb3
[2017.10.30-09.46.03:024][134]LogFbx: SortedLinks :(32) RightHandIndex1
[2017.10.30-09.46.03:024][134]LogFbx: SortedLinks :(33) RightHandIndex2
[2017.10.30-09.46.03:024][134]LogFbx: SortedLinks :(34) RightHandIndex3
[2017.10.30-09.46.03:024][134]LogFbx: SortedLinks :(35) RightHandMiddle1
[2017.10.30-09.46.03:024][134]LogFbx: SortedLinks :(36) RightHandMiddle2
[2017.10.30-09.46.03:024][134]LogFbx: SortedLinks :(37) RightHandMiddle3
[2017.10.30-09.46.03:025][134]LogFbx: SortedLinks :(38) RightHandRing1
[2017.10.30-09.46.03:025][134]LogFbx: SortedLinks :(39) RightHandRing2
[2017.10.30-09.46.03:025][134]LogFbx: SortedLinks :(40) RightHandRing3
[2017.10.30-09.46.03:025][134]LogFbx: SortedLinks :(41) RightHandPinky1
[2017.10.30-09.46.03:025][134]LogFbx: SortedLinks :(42) RightHandPinky2
[2017.10.30-09.46.03:025][134]LogFbx: SortedLinks :(43) RightHandPinky3
[2017.10.30-09.46.03:025][134]LogFbx: SortedLinks :(44) LeftUpLeg
[2017.10.30-09.46.03:025][134]LogFbx: SortedLinks :(45) LeftLeg
[2017.10.30-09.46.03:025][134]LogFbx: SortedLinks :(46) LeftFoot
[2017.10.30-09.46.03:025][134]LogFbx: SortedLinks :(47) LeftToeBase
[2017.10.30-09.46.03:025][134]LogFbx: SortedLinks :(48) RightUpLeg
[2017.10.30-09.46.03:025][134]LogFbx: SortedLinks :(49) RightLeg
[2017.10.30-09.46.03:025][134]LogFbx: SortedLinks :(50) RightFoot
[2017.10.30-09.46.03:025][134]LogFbx: SortedLinks :(51) RightToeBase
[2017.10.30-09.46.03:026][134]LogFbx: Parsing AnimStack Take 001
[2017.10.30-09.46.03:029][134]LogLinker: '/Game/Empty_back_tumbling_Anim' 파일을 찾을 수 없습니다.
[2017.10.30-09.46.03:029][134]LogLinker: '/Game/Empty_back_tumbling_Anim' 파일을 찾을 수 없습니다.
[2017.10.30-09.46.03:037][134]LogSlate: Took 0.000698 seconds to synchronously load lazily loaded font '../../../Engine/Content/Slate/Fonts/Roboto-Regular.ttf' (155K)
[2017.10.30-09.46.04:001][134]LogAnimationCompression: Building Anim DDC data for AnimSequence /Game/Empty_back_tumbling_Anim.Empty_back_tumbling_Anim
[2017.10.30-09.46.04:009][134]AnimBlueprint: Warning: 슬롯노드: PlayerCharacterAnim_BP_C 애니메이션 인스턴트 클래스의 'DefaultSlot' 는 이미 존재합니다. 이 클래스의 애니메이션 그래프에서 중복을 제거하세요.
[2017.10.30-09.53.39:226][538]LogFileHelpers: Editor autosave (incl. sublevels) for '/Game/FLAG' took 0.011
[2017.10.30-09.53.40:216][538]OBJ SavePackage: Generating thumbnails for [1] asset(s) in package [/Game/Empty_back_tumbling] ([1] browsable assets)...
[2017.10.30-09.53.40:273][538]OBJ SavePackage:     Rendered thumbnail for [SkeletalMesh /Game/Empty_back_tumbling.Empty_back_tumbling]
[2017.10.30-09.53.40:273][538]OBJ SavePackage: Finished generating thumbnails for package [/Game/Empty_back_tumbling]
[2017.10.30-09.53.40:380][538]LogSavePackage: Save=85.85ms
[2017.10.30-09.53.40:380][538]LogSavePackage: Moving '../../../../../NewGarden/GardenProject/NGA/Project/Berserker/Saved/Empty_back_tumbling_Auto169179AAB420A7E200ACA4981DDCB86C2.tmp' to '../../../../../NewGarden/GardenProject/NGA/Project/Berserker/Saved/Autosaves/Game/Empty_back_tumbling_Auto1.uasset'
[2017.10.30-09.53.40:381][538]LogSavePackage: Display: Finished SavePackage ../../../../../NewGarden/GardenProject/NGA/Project/Berserker/Saved/Autosaves/Game/Empty_back_tumbling_Auto1.uasset
[2017.10.30-09.53.40:381][538]OBJ SavePackage: Generating thumbnails for [1] asset(s) in package [/Game/07_-_Default] ([1] browsable assets)...
[2017.10.30-09.53.40:421][538]OBJ SavePackage:     Rendered thumbnail for [Material /Game/07_-_Default.07_-_Default]
[2017.10.30-09.53.40:421][538]OBJ SavePackage: Finished generating thumbnails for package [/Game/07_-_Default]
[2017.10.30-09.53.40:422][538]Cmd: OBJ SAVEPACKAGE PACKAGE="/Game/07_-_Default" FILE="../../../../../NewGarden/GardenProject/NGA/Project/Berserker/Saved/Autosaves/Game/07_-_Default_Auto1.uasset" SILENT=false AUTOSAVING=true
[2017.10.30-09.53.40:485][538]LogSavePackage: Save=60.26ms
[2017.10.30-09.53.40:485][538]LogSavePackage: Moving '../../../../../NewGarden/GardenProject/NGA/Project/Berserker/Saved/07_-_Default_Auto18FF8909B4671C72CC5C1BBBBAC256040.tmp' to '../../../../../NewGarden/GardenProject/NGA/Project/Berserker/Saved/Autosaves/Game/07_-_Default_Auto1.uasset'
[2017.10.30-09.53.40:486][538]LogSavePackage: Display: Finished SavePackage ../../../../../NewGarden/GardenProject/NGA/Project/Berserker/Saved/Autosaves/Game/07_-_Default_Auto1.uasset
[2017.10.30-09.53.40:487][538]OBJ SavePackage: Generating thumbnails for [0] asset(s) in package [/Game/Empty_back_tumbling_PhysicsAsset] ([1] browsable assets)...
[2017.10.30-09.53.40:487][538]OBJ SavePackage: Finished generating thumbnails for package [/Game/Empty_back_tumbling_PhysicsAsset]
[2017.10.30-09.53.40:502][538]LogSavePackage: Save=12.30ms
[2017.10.30-09.53.40:502][538]LogSavePackage: Moving '../../../../../NewGarden/GardenProject/NGA/Project/Berserker/Saved/Empty_back_tumbling_PhysicsAsset_Auto16966E1E2498C19423D9C1EA0B72F3584.tmp' to '../../../../../NewGarden/GardenProject/NGA/Project/Berserker/Saved/Autosaves/Game/Empty_back_tumbling_PhysicsAsset_Auto1.uasset'
[2017.10.30-09.53.40:503][538]LogSavePackage: Display: Finished SavePackage ../../../../../NewGarden/GardenProject/NGA/Project/Berserker/Saved/Autosaves/Game/Empty_back_tumbling_PhysicsAsset_Auto1.uasset
[2017.10.30-09.53.40:503][538]OBJ SavePackage: Generating thumbnails for [1] asset(s) in package [/Game/Empty_back_tumbling_Anim] ([1] browsable assets)...
[2017.10.30-09.53.40:541][538]OBJ SavePackage:     Rendered thumbnail for [AnimSequence /Game/Empty_back_tumbling_Anim.Empty_back_tumbling_Anim]
[2017.10.30-09.53.40:541][538]OBJ SavePackage: Finished generating thumbnails for package [/Game/Empty_back_tumbling_Anim]
[2017.10.30-09.53.40:563][538]LogSavePackage: Save=19.11ms
[2017.10.30-09.53.40:563][538]LogSavePackage: Moving '../../../../../NewGarden/GardenProject/NGA/Project/Berserker/Saved/Empty_back_tumbling_Anim_Auto1910AA89A45009F68ED6C59B681010BCA.tmp' to '../../../../../NewGarden/GardenProject/NGA/Project/Berserker/Saved/Autosaves/Game/Empty_back_tumbling_Anim_Auto1.uasset'
[2017.10.30-09.53.40:564][538]LogSavePackage: Display: Finished SavePackage ../../../../../NewGarden/GardenProject/NGA/Project/Berserker/Saved/Autosaves/Game/Empty_back_tumbling_Anim_Auto1.uasset
[2017.10.30-09.53.40:588][538]LogFileHelpers: Auto-saving content packages took 1.337
[2017.10.30-09.56.19:878][101]LogTemp: Repeating last play command: 선택된 뷰포트
[2017.10.30-09.56.19:921][101]LogPlayLevel: PlayLevel: No blueprints needed recompiling
[2017.10.30-09.56.19:921][101]PIE: New page: PIE 세션: FLAG (2017. 10. 31. 오전 3:56:19)
[2017.10.30-09.56.19:921][101]LogPlayLevel: Creating play world package: /Game/UEDPIE_0_FLAG
[2017.10.30-09.56.19:961][101]LogPlayLevel: PIE: StaticDuplicateObject took: (0.039790s)
[2017.10.30-09.56.19:962][101]LogAIModule: Creating AISystem for world FLAG
[2017.10.30-09.56.19:962][101]LogPlayLevel: PIE: World Init took: (0.001146s)
[2017.10.30-09.56.19:962][101]LogPlayLevel: PIE: Created PIE world by copying editor world from /Game/FLAG.FLAG to /Game/UEDPIE_0_FLAG.FLAG (0.041484s)
[2017.10.30-09.56.19:978][101]LogInit: XAudio2 using '스피커(Realtek High Definition Audio(SST))' : 2 channels at 48 kHz using 32 bits per sample (channel mask 0x3)
[2017.10.30-09.56.19:996][101]LogInit: FAudioDevice initialized.
[2017.10.30-09.56.20:030][101]LogLoad: Game class is 'BerserkerGameMode_C'
[2017.10.30-09.56.20:063][101]LogWorld: Bringing World /Game/UEDPIE_0_FLAG.FLAG up for play (max tick rate 60) at 2017.10.30-18.56.20
[2017.10.30-09.56.20:063][101]LogWorld: Bringing up level for play took: 0.031574
[2017.10.30-09.56.20:064][101]AnimBlueprint: Warning: 슬롯노드: PlayerCharacterAnim_BP_C 애니메이션 인스턴트 클래스의 'DefaultSlot' 는 이미 존재합니다. 이 클래스의 애니메이션 그래프에서 중복을 제거하세요.
[2017.10.30-09.56.20:067][101]PIE: /Game/UEDPIE_0_FLAG 에 대한 에디터에서 플레이 시작 시간: -0.202
[2017.10.30-09.56.54:734][780]LogContentBrowser: Native class hierarchy updated for 'SkeletonEditor' in 0.0011 seconds. Added 1 classes and 2 folders.
[2017.10.30-09.56.54:887][780]LogActorComponent: RegisterComponentWithWorld: (/Engine/Transient.World_6:PersistentLevel.Actor_0.DebugSkelMeshComponent_0) Already registered. Aborting.
[2017.10.30-09.56.54:956][780]LogSkeletalMesh: USkeletalMeshComponent::InitArticulated : Bodies already created (/Engine/Transient.World_6:PersistentLevel.Actor_0.DebugSkelMeshComponent_0) - call TermArticulated first.
[2017.10.30-09.56.55:819][780]LogContentBrowser: Verbose: The majority of assets in the view are of type: AnimSequence
[2017.10.30-09.57.15:307][283]LogFactory: FactoryCreateFile: StaticMesh with FbxFactory (0 0 D:\NewGarden\GardenProject\NGA\Resource\주인공 애니추가(백스텝, 점프공격)\Empty_back tumbling_word.FBX)
[2017.10.30-09.57.15:318][283]LogFbx: ItemName: GlobalSettings, ItemCount : 1
[2017.10.30-09.57.15:318][283]LogFbx: ItemName: AnimationStack, ItemCount : 1
[2017.10.30-09.57.15:318][283]LogFbx: ItemName: AnimationLayer, ItemCount : 1
[2017.10.30-09.57.15:318][283]LogFbx: ItemName: Model, ItemCount : 1
[2017.10.30-09.57.15:318][283]LogFbx: ItemName: Geometry, ItemCount : 1
[2017.10.30-09.57.15:318][283]LogFbx: ItemName: Material, ItemCount : 1
[2017.10.30-09.57.15:318][283]LogFbx: ItemName: Texture, ItemCount : 1
[2017.10.30-09.57.15:318][283]LogFbx: ItemName: CollectionExclusive, ItemCount : 1
[2017.10.30-09.57.15:318][283]LogFbx: ItemName: AnimationCurve, ItemCount : 6
[2017.10.30-09.57.15:318][283]LogFbx: ItemName: AnimationCurveNode, ItemCount : 2
[2017.10.30-09.57.15:318][283]LogFbx: ItemName: Video, ItemCount : 1
[2017.10.30-09.57.15:325][283]LogFbx: Loading FBX Scene from D:\NewGarden\GardenProject\NGA\Resource\주인공 애니추가(백스텝, 점프공격)\Empty_back tumbling_word.FBX
[2017.10.30-09.57.15:336][283]LogFbx: FBX Scene Loaded Succesfully
[2017.10.30-09.57.27:528][283]LogFbx: Loading FBX Scene from D:\NewGarden\GardenProject\NGA\Resource\주인공 애니추가(백스텝, 점프공격)\Empty_back tumbling_word.FBX
[2017.10.30-09.57.27:537][283]LogFbx: FBX Scene Loaded Succesfully
[2017.10.30-09.57.27:537][283]LogFbx: =================================================
[2017.10.30-09.57.27:537][283]LogFbx: Dumping Node START [Cylinder047] 
[2017.10.30-09.57.27:537][283]LogFbx: 	Total Deformer Count 732769728.
[2017.10.30-09.57.27:537][283]LogFbx: 	Attribute () Type (4).
[2017.10.30-09.57.27:537][283]LogFbx: 		[Node Attribute Child 1] Cylinder047 (Type Mesh).
[2017.10.30-09.57.27:537][283]LogFbx: Dumping Node END [Cylinder047]
[2017.10.30-09.57.27:537][283]LogFbx: =================================================
[2017.10.30-09.57.27:537][283]LogFbx: Dumping Node START [Cylinder047] 
[2017.10.30-09.57.27:537][283]LogFbx: 	Total Deformer Count 732769728.
[2017.10.30-09.57.27:537][283]LogFbx: 	Attribute () Type (4).
[2017.10.30-09.57.27:537][283]LogFbx: 		[Node Attribute Child 1] Cylinder047 (Type Mesh).
[2017.10.30-09.57.27:537][283]LogFbx: Dumping Node END [Cylinder047]
[2017.10.30-09.57.27:543][283]LogFbx: Warning: Bones digested - 1  Depth of hierarchy - 1
[2017.10.30-09.57.27:546][283]LogSkeletalMesh: Section 0: 461 vertices, 1 active bones
[2017.10.30-09.57.27:547][283]LogSkeletalMesh: Section 0: Material=0, 278 triangles
[2017.10.30-09.57.29:034][283]FBXImport: Warning: 바인드 포즈를 찾을 수 없습니다. 시간 0 을 바인드 포즈로 사용합니다. 
[2017.10.30-09.57.29:807][283]LogAssetTools: Warning: 'D:\NewGarden\GardenProject\NGA\Resource\주인공 애니추가(백스텝, 점프공격)\Empty_back tumbling_word.FBX' 임포트에 실패했습니다. '/Game/Empty_back_tumbling_word' 애셋 생성에 실패했습니다. 
자세한 내용은 출력 로그를 참고하세요.
[2017.10.30-09.57.29:813][283]LogFactory: FactoryCreateFile: SkeletalMesh with FbxFactory (0 0 D:\NewGarden\GardenProject\NGA\Resource\주인공 애니추가(백스텝, 점프공격)\Empty_jump attack.FBX)
[2017.10.30-09.57.29:818][283]LogFactory: FactoryCreateFile: SkeletalMesh with FbxFactory (0 0 D:\NewGarden\GardenProject\NGA\Resource\주인공 애니추가(백스텝, 점프공격)\Empty_jump attack_sword.FBX)
[2017.10.30-09.57.41:029][404]LogEditorFactories: Performing atomic reimport of [D:/NewGarden/GardenProject/NGA/Resource/주인공 애니추가(백스텝, 점프공격)/Empty_back tumbling_word.FBX]
[2017.10.30-09.57.41:080][404]LogFbx: Loading FBX Scene from D:/NewGarden/GardenProject/NGA/Resource/주인공 애니추가(백스텝, 점프공격)/Empty_back tumbling_word.FBX
[2017.10.30-09.57.41:088][404]LogFbx: FBX Scene Loaded Succesfully
[2017.10.30-09.57.41:088][404]LogFbx: =================================================
[2017.10.30-09.57.41:088][404]LogFbx: Dumping Node START [Cylinder047] 
[2017.10.30-09.57.41:088][404]LogFbx: 	Total Deformer Count 745618176.
[2017.10.30-09.57.41:089][404]LogFbx: 	Attribute () Type (4).
[2017.10.30-09.57.41:089][404]LogFbx: 		[Node Attribute Child 1] Cylinder047 (Type Mesh).
[2017.10.30-09.57.41:089][404]LogFbx: Dumping Node END [Cylinder047]
[2017.10.30-09.57.41:089][404]LogFbx: =================================================
[2017.10.30-09.57.41:089][404]LogFbx: Dumping Node START [Cylinder047] 
[2017.10.30-09.57.41:089][404]LogFbx: 	Total Deformer Count 745618176.
[2017.10.30-09.57.41:089][404]LogFbx: 	Attribute () Type (4).
[2017.10.30-09.57.41:089][404]LogFbx: 		[Node Attribute Child 1] Cylinder047 (Type Mesh).
[2017.10.30-09.57.41:089][404]LogFbx: Dumping Node END [Cylinder047]
[2017.10.30-09.57.41:090][404]LogFbx: Warning: Bones digested - 1  Depth of hierarchy - 1
[2017.10.30-09.57.41:170][404]LogSkeletalMesh: Section 0: 461 vertices, 1 active bones
[2017.10.30-09.57.41:198][404]LogSkeletalMesh: Section 0: Material=0, 278 triangles
[2017.10.30-09.57.41:199][404]LogLinker: '/Game/Empty_back_tumbling_word_Skeleton' 파일을 찾을 수 없습니다.
[2017.10.30-09.57.41:199][404]LogLinker: '/Game/Empty_back_tumbling_word_Skeleton' 파일을 찾을 수 없습니다.
[2017.10.30-09.57.41:231][404]LogEditorFactories: -- imported successfully
[2017.10.30-09.57.41:234][404]FBXImport: Warning: 바인드 포즈를 찾을 수 없습니다. 시간 0 을 바인드 포즈로 사용합니다. 
[2017.10.30-09.57.48:031][494]LogActorComponent: RegisterComponentWithWorld: (/Engine/Transient.World_9:PersistentLevel.Actor_1.DebugSkelMeshComponent_3) Already registered. Aborting.
[2017.10.30-09.57.49:363][495]LogRenderer: Reallocating scene render targets to support 1208x888 Format 10 NumSamples 1 (Frame:1).
[2017.10.30-09.57.59:277][650]LogFactory: FactoryCreateFile: StaticMesh with FbxFactory (0 0 D:\NewGarden\GardenProject\NGA\Resource\주인공 애니추가(백스텝, 점프공격)\Empty_jump attack.FBX)
[2017.10.30-09.57.59:287][650]LogFbx: ItemName: GlobalSettings, ItemCount : 1
[2017.10.30-09.57.59:287][650]LogFbx: ItemName: AnimationStack, ItemCount : 1
[2017.10.30-09.57.59:287][650]LogFbx: ItemName: AnimationLayer, ItemCount : 1
[2017.10.30-09.57.59:287][650]LogFbx: ItemName: Model, ItemCount : 53
[2017.10.30-09.57.59:287][650]LogFbx: ItemName: Geometry, ItemCount : 1
[2017.10.30-09.57.59:287][650]LogFbx: ItemName: Material, ItemCount : 1
[2017.10.30-09.57.59:287][650]LogFbx: ItemName: Texture, ItemCount : 1
[2017.10.30-09.57.59:287][650]LogFbx: ItemName: NodeAttribute, ItemCount : 104
[2017.10.30-09.57.59:287][650]LogFbx: ItemName: CollectionExclusive, ItemCount : 1
[2017.10.30-09.57.59:287][650]LogFbx: ItemName: AnimationCurve, ItemCount : 162
[2017.10.30-09.57.59:287][650]LogFbx: ItemName: AnimationCurveNode, ItemCount : 54
[2017.10.30-09.57.59:287][650]LogFbx: ItemName: Deformer, ItemCount : 53
[2017.10.30-09.57.59:287][650]LogFbx: ItemName: Pose, ItemCount : 1
[2017.10.30-09.57.59:287][650]LogFbx: ItemName: Video, ItemCount : 1
[2017.10.30-09.57.59:292][650]LogFbx: Loading FBX Scene from D:\NewGarden\GardenProject\NGA\Resource\주인공 애니추가(백스텝, 점프공격)\Empty_jump attack.FBX
[2017.10.30-09.57.59:326][650]LogFbx: FBX Scene Loaded Succesfully
[2017.10.30-09.58.18:105][995]Cmd: QUIT_EDITOR
[2017.10.30-09.58.18:411][995]LogWindowsTextInputMethodSystem: Display: IME system now activated using TSF (Microsoft 입력기).
[2017.10.30-09.58.18:426][995]LogExit: Preparing to exit.
[2017.10.30-09.58.18:956][995]LogDirectoryWatcher: A directory notification for 'D:/NewGarden/GardenProject/NGA/Project/Berserker/Content/' was aborted.
[2017.10.30-09.58.18:999][995]LogExit: Editor shut down
[2017.10.30-09.58.19:007][995]LogExit: Transaction tracking system shut down
[2017.10.30-09.58.19:185][995]LogDirectoryWatcher: A directory notification for '../../../Engine/Content/' was aborted.
[2017.10.30-09.58.19:185][995]LogDirectoryWatcher: A directory notification for '../../../../../NewGarden/GardenProject/NGA/Project/Berserker/Content/' was aborted.
[2017.10.30-09.58.19:185][995]LogDirectoryWatcher: A directory notification for '../../../Engine/Plugins/2D/Paper2D/Content/' was aborted.
[2017.10.30-09.58.19:185][995]LogDirectoryWatcher: A directory notification for '../../../Engine/Plugins/Runtime/Oculus/OculusVR/Content/' was aborted.
[2017.10.30-09.58.19:185][995]LogDirectoryWatcher: A directory notification for '../../../Engine/Plugins/Runtime/Steam/SteamVR/Content/' was aborted.
[2017.10.30-09.58.19:243][995]LogExit: Object subsystem successfully closed.
[2017.10.30-09.58.19:266][995]LogD3D11RHI: Shutdown
[2017.10.30-09.58.19:266][995]LogD3D11RHI: CleanupD3DDevice
[2017.10.30-09.58.19:451][995]LogD3D11RHI: ~FD3D11DynamicRHI
[2017.10.30-09.58.19:462][995]LogModuleManager: Shutting down and abandoning module SkeletonEditor (538)
[2017.10.30-09.58.19:462][995]LogModuleManager: Shutting down and abandoning module AnimationEditor (536)
[2017.10.30-09.58.19:462][995]LogModuleManager: Shutting down and abandoning module MovieSceneCapture (534)
[2017.10.30-09.58.19:462][995]LogModuleManager: Shutting down and abandoning module ClothingSystemEditorInterface (532)
[2017.10.30-09.58.19:462][995]LogModuleManager: Shutting down and abandoning module HierarchicalLODOutliner (530)
[2017.10.30-09.58.19:462][995]LogModuleManager: Shutting down and abandoning module SceneOutliner (528)
[2017.10.30-09.58.19:462][995]LogModuleManager: Shutting down and abandoning module AddContentDialog (526)
[2017.10.30-09.58.19:462][995]LogDirectoryWatcher: A directory notification for 'D:/UnrealEngine/UE_4.17/FeaturePacks/' was aborted.
[2017.10.30-09.58.19:464][995]LogModuleManager: Shutting down and abandoning module WidgetCarousel (525)
[2017.10.30-09.58.19:464][995]LogModuleManager: Shutting down and abandoning module EditorWidgets (522)
[2017.10.30-09.58.19:464][995]LogModuleManager: Shutting down and abandoning module CollectionManager (520)
[2017.10.30-09.58.19:464][995]LogDirectoryWatcher: A directory notification for 'D:/NewGarden/GardenProject/NGA/Project/Berserker/Content/Collections/' was aborted.
[2017.10.30-09.58.19:465][995]LogDirectoryWatcher: A directory notification for 'D:/NewGarden/GardenProject/NGA/Project/Berserker/Content/Developers/JWOH/Collections/' was aborted.
[2017.10.30-09.58.19:465][995]LogDirectoryWatcher: A directory notification for 'D:/NewGarden/GardenProject/NGA/Project/Berserker/Saved/Collections/' was aborted.
[2017.10.30-09.58.19:465][995]LogModuleManager: Shutting down and abandoning module StatsViewer (518)
[2017.10.30-09.58.19:465][995]LogModuleManager: Shutting down and abandoning module FoliageEdit (516)
[2017.10.30-09.58.19:465][995]LogModuleManager: Shutting down and abandoning module LandscapeEditor (514)
[2017.10.30-09.58.19:465][995]LogModuleManager: Shutting down and abandoning module MeshPaintMode (512)
[2017.10.30-09.58.19:465][995]LogModuleManager: Shutting down and abandoning module SceneDepthPickerMode (510)
[2017.10.30-09.58.19:465][995]LogModuleManager: Shutting down and abandoning module ActorPickerMode (508)
[2017.10.30-09.58.19:466][995]LogModuleManager: Shutting down and abandoning module GeometryMode (506)
[2017.10.30-09.58.19:466][995]LogModuleManager: Shutting down and abandoning module TextureAlignMode (504)
[2017.10.30-09.58.19:466][995]LogModuleManager: Shutting down and abandoning module BspMode (502)
[2017.10.30-09.58.19:466][995]LogModuleManager: Shutting down and abandoning module PIEPreviewDeviceProfileSelector (500)
[2017.10.30-09.58.19:466][995]LogModuleManager: Shutting down and abandoning module HardwareSurvey (498)
[2017.10.30-09.58.19:466][995]LogModuleManager: Shutting down and abandoning module SequenceRecorderSections (496)
[2017.10.30-09.58.19:466][995]LogModuleManager: Shutting down and abandoning module AutomationWorker (494)
[2017.10.30-09.58.19:466][995]LogModuleManager: Shutting down and abandoning module MatineeToLevelSequence (492)
[2017.10.30-09.58.19:466][995]LogModuleManager: Shutting down and abandoning module LevelSequenceEditor (490)
[2017.10.30-09.58.19:466][995]LogModuleManager: Shutting down and abandoning module PlacementMode (489)
[2017.10.30-09.58.19:466][995]LogModuleManager: Shutting down and abandoning module WmfMediaFactory (486)
[2017.10.30-09.58.19:466][995]LogModuleManager: Shutting down and abandoning module WmfMediaEditor (484)
[2017.10.30-09.58.19:466][995]LogModuleManager: Shutting down and abandoning module AvfMediaFactory (482)
[2017.10.30-09.58.19:466][995]LogModuleManager: Shutting down and abandoning module AvfMediaEditor (480)
[2017.10.30-09.58.19:466][995]LogModuleManager: Shutting down and abandoning module AndroidMediaFactory (478)
[2017.10.30-09.58.19:466][995]LogModuleManager: Shutting down and abandoning module Media (477)
[2017.10.30-09.58.19:466][995]LogModuleManager: Shutting down and abandoning module AndroidMediaEditor (474)
[2017.10.30-09.58.19:466][995]LogModuleManager: Shutting down and abandoning module CharacterAI (472)
[2017.10.30-09.58.19:466][995]LogModuleManager: Shutting down and abandoning module AudioCapture (470)
[2017.10.30-09.58.19:467][995]LogModuleManager: Shutting down and abandoning module SequenceRecorder (469)
[2017.10.30-09.58.19:467][995]LogModuleManager: Shutting down and abandoning module SmartSnapping (466)
[2017.10.30-09.58.19:467][995]LogModuleManager: Shutting down and abandoning module SessionServices (464)
[2017.10.30-09.58.19:467][995]LogModuleManager: Shutting down and abandoning module ViewportSnapping (462)
[2017.10.30-09.58.19:467][995]LogModuleManager: Shutting down and abandoning module ViewportInteraction (460)
[2017.10.30-09.58.19:467][995]LogModuleManager: Shutting down and abandoning module ClothPainter (458)
[2017.10.30-09.58.19:467][995]LogModuleManager: Shutting down and abandoning module LogVisualizer (456)
[2017.10.30-09.58.19:467][995]LogModuleManager: Shutting down and abandoning module IntroTutorials (454)
[2017.10.30-09.58.19:467][995]LogModuleManager: Shutting down and abandoning module GameProjectGeneration (453)
[2017.10.30-09.58.19:467][995]LogModuleManager: Shutting down and abandoning module IOSPlatformEditor (450)
[2017.10.30-09.58.19:467][995]LogModuleManager: Shutting down and abandoning module HTML5PlatformEditor (448)
[2017.10.30-09.58.19:467][995]LogModuleManager: Shutting down and abandoning module AndroidPlatformEditor (446)
[2017.10.30-09.58.19:467][995]LogModuleManager: Shutting down and abandoning module AndroidDeviceDetection (445)
[2017.10.30-09.58.20:351][995]LogModuleManager: Shutting down and abandoning module WindowsPlatformEditor (442)
[2017.10.30-09.58.20:351][995]LogModuleManager: Shutting down and abandoning module IOSRuntimeSettings (440)
[2017.10.30-09.58.20:351][995]LogModuleManager: Shutting down and abandoning module AndroidRuntimeSettings (438)
[2017.10.30-09.58.20:351][995]LogModuleManager: Shutting down and abandoning module InputBindingEditor (436)
[2017.10.30-09.58.20:351][995]LogModuleManager: Shutting down and abandoning module MergeActors (434)
[2017.10.30-09.58.20:351][995]LogModuleManager: Shutting down and abandoning module SizeMap (432)
[2017.10.30-09.58.20:351][995]LogModuleManager: Shutting down and abandoning module TreeMap (430)
[2017.10.30-09.58.20:351][995]LogModuleManager: Shutting down and abandoning module ReferenceViewer (428)
[2017.10.30-09.58.20:351][995]LogModuleManager: Shutting down and abandoning module LocalizationDashboard (426)
[2017.10.30-09.58.20:352][995]LogModuleManager: Shutting down and abandoning module LocalizationService (425)
[2017.10.30-09.58.20:352][995]LogModuleManager: Shutting down and abandoning module HardwareTargeting (422)
[2017.10.30-09.58.20:352][995]LogModuleManager: Shutting down and abandoning module DeviceProfileEditor (420)
[2017.10.30-09.58.20:352][995]LogModuleManager: Shutting down and abandoning module UndoHistory (418)
[2017.10.30-09.58.20:352][995]LogModuleManager: Shutting down and abandoning module XmlParser (416)
[2017.10.30-09.58.20:352][995]LogModuleManager: Shutting down and abandoning module Blutility (414)
[2017.10.30-09.58.20:352][995]LogModuleManager: Shutting down and abandoning module ProjectSettingsViewer (412)
[2017.10.30-09.58.20:352][995]LogModuleManager: Shutting down and abandoning module ProjectTargetPlatformEditor (411)
[2017.10.30-09.58.20:352][995]LogModuleManager: Shutting down and abandoning module EditorSettingsViewer (408)
[2017.10.30-09.58.20:352][995]LogModuleManager: Shutting down and abandoning module SettingsEditor (406)
[2017.10.30-09.58.20:352][995]LogModuleManager: Shutting down and abandoning module ProjectLauncher (404)
[2017.10.30-09.58.20:352][995]LogModuleManager: Shutting down and abandoning module SessionFrontend (402)
[2017.10.30-09.58.20:352][995]LogModuleManager: Shutting down and abandoning module ProfilerClient (400)
[2017.10.30-09.58.20:352][995]LogModuleManager: Shutting down and abandoning module DeviceManager (398)
[2017.10.30-09.58.20:352][995]LogModuleManager: Shutting down and abandoning module TargetDeviceServices (397)
[2017.10.30-09.58.20:406][995]LogModuleManager: Shutting down and abandoning module AutomationController (394)
[2017.10.30-09.58.20:406][995]LogModuleManager: Shutting down and abandoning module AutomationWindow (392)
[2017.10.30-09.58.20:406][995]LogModuleManager: Shutting down and abandoning module Layers (390)
[2017.10.30-09.58.20:406][995]LogModuleManager: Shutting down and abandoning module ComponentVisualizers (388)
[2017.10.30-09.58.20:406][995]LogModuleManager: Shutting down and abandoning module DetailCustomizations (386)
[2017.10.30-09.58.20:406][995]LogModuleManager: Shutting down and abandoning module PackagesDialog (384)
[2017.10.30-09.58.20:407][995]LogModuleManager: Shutting down and abandoning module Persona (382)
[2017.10.30-09.58.20:407][995]LogModuleManager: Shutting down and abandoning module AdvancedPreviewScene (381)
[2017.10.30-09.58.20:407][995]LogModuleManager: Shutting down and abandoning module AnimGraph (379)
[2017.10.30-09.58.20:407][995]LogModuleManager: Shutting down and abandoning module Kismet (376)
[2017.10.30-09.58.20:408][995]LogModuleManager: Shutting down and abandoning module ClassViewer (374)
[2017.10.30-09.58.20:408][995]LogModuleManager: Shutting down and abandoning module Toolbox (372)
[2017.10.30-09.58.20:408][995]LogModuleManager: Shutting down and abandoning module ModuleUI (370)
[2017.10.30-09.58.20:408][995]LogModuleManager: Shutting down and abandoning module MovieSceneTools (368)
[2017.10.30-09.58.20:408][995]LogModuleManager: Shutting down and abandoning module OutputLog (366)
[2017.10.30-09.58.20:408][995]LogModuleManager: Shutting down and abandoning module GammaUI (364)
[2017.10.30-09.58.20:408][995]LogModuleManager: Shutting down and abandoning module Documentation (362)
[2017.10.30-09.58.20:408][995]LogModuleManager: Shutting down and abandoning module MovieSceneTracks (360)
[2017.10.30-09.58.20:408][995]LogModuleManager: Shutting down and abandoning module MovieScene (358)
[2017.10.30-09.58.20:408][995]LogModuleManager: Shutting down and abandoning module Niagara (356)
[2017.10.30-09.58.20:408][995]LogModuleManager: Shutting down and abandoning module NiagaraEditor (355)
[2017.10.30-09.58.20:408][995]LogModuleManager: Shutting down and abandoning module StreamingPauseRendering (352)
[2017.10.30-09.58.20:408][995]LogModuleManager: Shutting down and abandoning module LauncherPlatform (350)
[2017.10.30-09.58.20:408][995]LogModuleManager: Shutting down and abandoning module AnalyticsET (348)
[2017.10.30-09.58.20:408][995]LogModuleManager: Shutting down and abandoning module PortalServices (346)
[2017.10.30-09.58.20:408][995]LogModuleManager: Shutting down and abandoning module PortalRpc (344)
[2017.10.30-09.58.20:408][995]LogModuleManager: Shutting down and abandoning module MessagingRpc (342)
[2017.10.30-09.58.20:408][995]LogModuleManager: Shutting down and abandoning module AIModule (340)
[2017.10.30-09.58.20:408][995]LogModuleManager: Shutting down and abandoning module GameplayDebugger (339)
[2017.10.30-09.58.20:408][995]LogModuleManager: Shutting down and abandoning module AITestSuite (337)
[2017.10.30-09.58.20:408][995]LogModuleManager: Shutting down and abandoning module ProfilerService (334)
[2017.10.30-09.58.20:469][995]LogModuleManager: Shutting down and abandoning module TaskGraph (332)
[2017.10.30-09.58.20:469][995]LogModuleManager: Shutting down and abandoning module SteamVRController (330)
[2017.10.30-09.58.20:469][995]LogModuleManager: Shutting down and abandoning module ProceduralMeshComponentEditor (328)
[2017.10.30-09.58.20:469][995]LogModuleManager: Shutting down and abandoning module ProceduralMeshComponent (326)
[2017.10.30-09.58.20:469][995]LogModuleManager: Shutting down and abandoning module OculusInput (324)
[2017.10.30-09.58.20:469][995]LogModuleManager: Shutting down and abandoning module MobilePatchingUtils (322)
[2017.10.30-09.58.20:469][995]LogModuleManager: Shutting down and abandoning module CustomMeshComponent (320)
[2017.10.30-09.58.20:469][995]LogModuleManager: Shutting down and abandoning module CableComponent (318)
[2017.10.30-09.58.20:469][995]LogModuleManager: Shutting down and abandoning module ArchVisCharacter (316)
[2017.10.30-09.58.20:469][995]LogModuleManager: Shutting down and abandoning module AndroidPermission (314)
[2017.10.30-09.58.20:469][995]LogModuleManager: Shutting down and abandoning module MediaPlayerEditor (310)
[2017.10.30-09.58.20:469][995]LogModuleManager: Shutting down and abandoning module HTML5Networking (308)
[2017.10.30-09.58.20:469][995]LogModuleManager: Shutting down and abandoning module AlembicImporter (306)
[2017.10.30-09.58.20:469][995]LogModuleManager: Shutting down and abandoning module AlembicLibrary (305)
[2017.10.30-09.58.20:469][995]LogModuleManager: Shutting down and abandoning module GeometryCache (304)
[2017.10.30-09.58.20:469][995]LogModuleManager: Shutting down and abandoning module GeometryCacheEd (303)
[2017.10.30-09.58.20:469][995]LogModuleManager: Shutting down and abandoning module SpeedTreeImporter (298)
[2017.10.30-09.58.20:469][995]LogModuleManager: Shutting down and abandoning module PluginBrowser (296)
[2017.10.30-09.58.20:470][995]LogModuleManager: Shutting down and abandoning module MobileLauncherProfileWizard (294)
[2017.10.30-09.58.20:470][995]LogModuleManager: Shutting down and abandoning module VisualStudioSourceCodeAccess (292)
[2017.10.30-09.58.20:470][995]LogModuleManager: Shutting down and abandoning module DesktopPlatform (291)
[2017.10.30-09.58.20:470][995]LogModuleManager: Shutting down and abandoning module UObjectPlugin (288)
[2017.10.30-09.58.20:470][995]LogModuleManager: Shutting down and abandoning module SubversionSourceControl (286)
[2017.10.30-09.58.20:470][995]LogModuleManager: Shutting down and abandoning module PerforceSourceControl (284)
[2017.10.30-09.58.20:470][995]LogModuleManager: Shutting down and abandoning module GitSourceControl (282)
[2017.10.30-09.58.20:470][995]LogModuleManager: Shutting down and abandoning module SourceControl (281)
[2017.10.30-09.58.20:470][995]LogModuleManager: Shutting down and abandoning module LightPropagationVolumeEditor (278)
[2017.10.30-09.58.20:470][995]LogModuleManager: Shutting down and abandoning module PaperTiledImporter (276)
[2017.10.30-09.58.20:470][995]LogModuleManager: Shutting down and abandoning module PaperSpriteSheetImporter (274)
[2017.10.30-09.58.20:470][995]LogModuleManager: Shutting down and abandoning module Paper2DEditor (272)
[2017.10.30-09.58.20:470][995]LogModuleManager: Shutting down and abandoning module MeshPaint (271)
[2017.10.30-09.58.20:470][995]LogModuleManager: Shutting down and abandoning module LevelEditor (269)
[2017.10.30-09.58.20:471][995]LogModuleManager: Shutting down and abandoning module PixelInspectorModule (268)
[2017.10.30-09.58.20:471][995]LogModuleManager: Shutting down and abandoning module MainFrame (266)
[2017.10.30-09.58.20:471][995]LogModuleManager: Shutting down and abandoning module HotReload (265)
[2017.10.30-09.58.20:472][995]LogModuleManager: Shutting down and abandoning module RuntimePhysXCooking (260)
[2017.10.30-09.58.20:472][995]LogModuleManager: Shutting down and abandoning module PhysXVehiclesEditor (258)
[2017.10.30-09.58.20:472][995]LogModuleManager: Shutting down and abandoning module PhysXVehicles (256)
[2017.10.30-09.58.20:472][995]LogModuleManager: Shutting down and abandoning module OculusEditor (254)
[2017.10.30-09.58.20:472][995]LogModuleManager: Shutting down and abandoning module LocationServicesBPLibrary (252)
[2017.10.30-09.58.20:472][995]LogModuleManager: Shutting down and abandoning module ImmediatePhysicsEditor (250)
[2017.10.30-09.58.20:472][995]LogModuleManager: Shutting down and abandoning module ImmediatePhysics (248)
[2017.10.30-09.58.20:472][995]LogModuleManager: Shutting down and abandoning module UdpMessaging (246)
[2017.10.30-09.58.20:573][995]LogModuleManager: Shutting down and abandoning module TcpMessaging (244)
[2017.10.30-09.58.20:674][995]LogModuleManager: Shutting down and abandoning module GameplayTagsEditor (242)
[2017.10.30-09.58.20:674][995]LogModuleManager: Shutting down and abandoning module FacialAnimationEditor (240)
[2017.10.30-09.58.20:674][995]LogModuleManager: Shutting down and abandoning module FacialAnimation (238)
[2017.10.30-09.58.20:674][995]LogModuleManager: Shutting down and abandoning module AssetManagerEditor (236)
[2017.10.30-09.58.20:674][995]LogModuleManager: Shutting down and abandoning module GraphEditor (235)
[2017.10.30-09.58.20:674][995]LogModuleManager: Shutting down and abandoning module ContentBrowser (233)
[2017.10.30-09.58.20:675][995]LogModuleManager: Shutting down and abandoning module LightPropagationVolumeRuntime (230)
[2017.10.30-09.58.20:675][995]LogModuleManager: Shutting down and abandoning module Paper2D (228)
[2017.10.30-09.58.20:675][995]LogModuleManager: Shutting down and abandoning module WindowsMoviePlayer (226)
[2017.10.30-09.58.20:675][995]LogModuleManager: Shutting down and abandoning module WmfMedia (224)
[2017.10.30-09.58.20:675][995]LogModuleManager: Shutting down and abandoning module PacketHandler (222)
[2017.10.30-09.58.20:675][995]LogModuleManager: Shutting down and abandoning module ClothingSystemEditor (220)
[2017.10.30-09.58.20:675][995]LogModuleManager: Shutting down and abandoning module ClothingSystemRuntime (218)
[2017.10.30-09.58.20:675][995]LogModuleManager: Shutting down and abandoning module Overlay (216)
[2017.10.30-09.58.20:675][995]LogModuleManager: Shutting down and abandoning module OverlayEditor (215)
[2017.10.30-09.58.20:675][995]LogModuleManager: Shutting down and abandoning module MediaAssets (212)
[2017.10.30-09.58.20:675][995]LogModuleManager: Shutting down and abandoning module VREditor (210)
[2017.10.30-09.58.20:675][995]LogModuleManager: Shutting down and abandoning module StringTableEditor (208)
[2017.10.30-09.58.20:675][995]LogModuleManager: Shutting down and abandoning module GameplayTasksEditor (206)
[2017.10.30-09.58.20:675][995]LogModuleManager: Shutting down and abandoning module BehaviorTreeEditor (204)
[2017.10.30-09.58.20:675][995]LogModuleManager: Shutting down and abandoning module FunctionalTesting (202)
[2017.10.30-09.58.20:675][995]LogModuleManager: Shutting down and abandoning module CollisionAnalyzer (200)
[2017.10.30-09.58.20:675][995]LogModuleManager: Shutting down and abandoning module WorkspaceMenuStructure (199)
[2017.10.30-09.58.20:675][995]LogModuleManager: Shutting down and abandoning module UMG (196)
[2017.10.30-09.58.20:675][995]LogModuleManager: Shutting down and abandoning module UMGEditor (195)
[2017.10.30-09.58.20:675][995]LogModuleManager: Shutting down and abandoning module Sequencer (194)
[2017.10.30-09.58.20:676][995]LogModuleManager: Shutting down and abandoning module MessageLog (191)
[2017.10.30-09.58.20:676][995]LogModuleManager: Shutting down and abandoning module SlateReflector (186)
[2017.10.30-09.58.20:676][995]LogModuleManager: Shutting down and abandoning module Slate (184)
[2017.10.30-09.58.20:676][995]LogModuleManager: Shutting down and abandoning module EditorStyle (182)
[2017.10.30-09.58.20:678][995]LogModuleManager: Shutting down and abandoning module MRMesh (180)
[2017.10.30-09.58.20:678][995]LogModuleManager: Shutting down and abandoning module SourceCodeAccess (178)
[2017.10.30-09.58.20:678][995]LogModuleManager: Shutting down and abandoning module HeadMountedDisplay (176)
[2017.10.30-09.58.20:678][995]LogModuleManager: Shutting down and abandoning module XAudio2 (174)
[2017.10.30-09.58.20:678][995]LogModuleManager: Shutting down and abandoning module Networking (172)
[2017.10.30-09.58.20:678][995]LogModuleManager: Shutting down and abandoning module Core (168)
[2017.10.30-09.58.20:678][995]LogModuleManager: Shutting down and abandoning module KismetCompiler (164)
[2017.10.30-09.58.20:678][995]LogModuleManager: Shutting down and abandoning module LevelSequence (162)
[2017.10.30-09.58.20:678][995]LogModuleManager: Shutting down and abandoning module MeshUtilities (160)
[2017.10.30-09.58.20:678][995]LogModuleManager: Shutting down and abandoning module MeshMergeUtilities (159)
[2017.10.30-09.58.20:678][995]LogModuleManager: Shutting down and abandoning module MeshReductionInterface (158)
[2017.10.30-09.58.20:678][995]LogModuleManager: Shutting down and abandoning module SimplygonSwarm (157)
[2017.10.30-09.58.20:678][995]LogModuleManager: Shutting down and abandoning module SimplygonMeshReduction (155)
[2017.10.30-09.58.20:678][995]LogModuleManager: Shutting down and abandoning module QuadricMeshReduction (153)
[2017.10.30-09.58.20:678][995]LogModuleManager: Shutting down and abandoning module MaterialBaking (149)
[2017.10.30-09.58.20:678][995]LogModuleManager: Shutting down and abandoning module DirectoryWatcher (146)
[2017.10.30-09.58.20:679][995]LogModuleManager: Shutting down and abandoning module DerivedDataCache (144)
[2017.10.30-09.58.20:754][995]LogDerivedDataCache: Shutdown
[2017.10.30-09.58.20:754][995]LogModuleManager: Shutting down and abandoning module TargetPlatform (142)
[2017.10.30-09.58.20:754][995]LogModuleManager: Shutting down and abandoning module VulkanShaderFormat (141)
[2017.10.30-09.58.20:754][995]LogModuleManager: Shutting down and abandoning module ShaderFormatVectorVM (139)
[2017.10.30-09.58.20:754][995]LogModuleManager: Shutting down and abandoning module ShaderFormatOpenGL (137)
[2017.10.30-09.58.20:754][995]LogModuleManager: Shutting down and abandoning module ShaderFormatD3D (135)
[2017.10.30-09.58.20:754][995]LogModuleManager: Shutting down and abandoning module MetalShaderFormat (133)
[2017.10.30-09.58.20:754][995]LogModuleManager: Shutting down and abandoning module TextureFormatUncompressed (131)
[2017.10.30-09.58.20:754][995]LogModuleManager: Shutting down and abandoning module TextureFormatPVR (129)
[2017.10.30-09.58.20:754][995]LogModuleManager: Shutting down and abandoning module TextureFormatDXT (127)
[2017.10.30-09.58.20:754][995]LogModuleManager: Shutting down and abandoning module TextureFormatIntelISPCTexComp (125)
[2017.10.30-09.58.20:754][995]LogModuleManager: Shutting down and abandoning module TextureFormatASTC (123)
[2017.10.30-09.58.20:754][995]LogModuleManager: Shutting down and abandoning module ImageWrapper (122)
[2017.10.30-09.58.20:754][995]LogModuleManager: Shutting down and abandoning module TextureFormatAndroid (119)
[2017.10.30-09.58.20:754][995]LogModuleManager: Shutting down and abandoning module AudioFormatOpus (117)
[2017.10.30-09.58.20:754][995]LogModuleManager: Shutting down and abandoning module AudioFormatOgg (115)
[2017.10.30-09.58.20:754][995]LogModuleManager: Shutting down and abandoning module AudioFormatADPCM (113)
[2017.10.30-09.58.20:754][995]LogModuleManager: Shutting down and abandoning module LinuxTargetPlatform (111)
[2017.10.30-09.58.20:754][995]LogModuleManager: Shutting down and abandoning module LinuxServerTargetPlatform (109)
[2017.10.30-09.58.20:754][995]LogModuleManager: Shutting down and abandoning module LinuxNoEditorTargetPlatform (107)
[2017.10.30-09.58.20:754][995]LogModuleManager: Shutting down and abandoning module LinuxClientTargetPlatform (105)
[2017.10.30-09.58.20:755][995]LogModuleManager: Shutting down and abandoning module TVOSTargetPlatform (103)
[2017.10.30-09.58.20:755][995]LogModuleManager: Shutting down and abandoning module Messaging (101)
[2017.10.30-09.58.20:755][995]LogModuleManager: Shutting down and abandoning module IOSTargetPlatform (99)
[2017.10.30-09.58.20:755][995]LogModuleManager: Shutting down and abandoning module HTML5TargetPlatform (97)
[2017.10.30-09.58.20:755][995]LogModuleManager: Shutting down and abandoning module Android_PVRTCTargetPlatform (95)
[2017.10.30-09.58.20:755][995]LogModuleManager: Shutting down and abandoning module Android_MultiTargetPlatform (93)
[2017.10.30-09.58.20:755][995]LogModuleManager: Shutting down and abandoning module Android_ETC2TargetPlatform (91)
[2017.10.30-09.58.20:755][995]LogModuleManager: Shutting down and abandoning module Android_ETC1TargetPlatform (89)
[2017.10.30-09.58.20:755][995]LogModuleManager: Shutting down and abandoning module Android_DXTTargetPlatform (87)
[2017.10.30-09.58.20:755][995]LogModuleManager: Shutting down and abandoning module Android_ATCTargetPlatform (85)
[2017.10.30-09.58.20:755][995]LogModuleManager: Shutting down and abandoning module Android_ASTCTargetPlatform (83)
[2017.10.30-09.58.20:755][995]LogModuleManager: Shutting down and abandoning module AndroidTargetPlatform (81)
[2017.10.30-09.58.20:755][995]LogModuleManager: Shutting down and abandoning module WindowsTargetPlatform (79)
[2017.10.30-09.58.20:755][995]LogModuleManager: Shutting down and abandoning module WindowsServerTargetPlatform (77)
[2017.10.30-09.58.20:755][995]LogModuleManager: Shutting down and abandoning module WindowsNoEditorTargetPlatform (75)
[2017.10.30-09.58.20:755][995]LogModuleManager: Shutting down and abandoning module WindowsClientTargetPlatform (73)
[2017.10.30-09.58.20:755][995]LogModuleManager: Shutting down and abandoning module MacTargetPlatform (71)
[2017.10.30-09.58.20:755][995]LogModuleManager: Shutting down and abandoning module MacServerTargetPlatform (69)
[2017.10.30-09.58.20:755][995]LogModuleManager: Shutting down and abandoning module MacNoEditorTargetPlatform (67)
[2017.10.30-09.58.20:755][995]LogModuleManager: Shutting down and abandoning module MacClientTargetPlatform (65)
[2017.10.30-09.58.20:755][995]LogModuleManager: Shutting down and abandoning module AllDesktopTargetPlatform (63)
[2017.10.30-09.58.20:755][995]LogModuleManager: Shutting down and abandoning module InputCore (60)
[2017.10.30-09.58.20:755][995]LogModuleManager: Shutting down and abandoning module Settings (58)
[2017.10.30-09.58.20:755][995]LogModuleManager: Shutting down and abandoning module PhysXCooking (56)
[2017.10.30-09.58.20:755][995]LogModuleManager: Shutting down and abandoning module SteamVR (54)
[2017.10.30-09.58.20:755][995]LogModuleManager: Shutting down and abandoning module OculusHMD (52)
[2017.10.30-09.58.20:755][995]LogModuleManager: Shutting down and abandoning module ExampleDeviceProfileSelector (50)
[2017.10.30-09.58.20:755][995]LogModuleManager: Shutting down and abandoning module OnlineBlueprintSupport (48)
[2017.10.30-09.58.20:755][995]LogModuleManager: Shutting down and abandoning module OnlineSubsystem (44)
[2017.10.30-09.58.20:755][995]LogOnline: Display: Unloading online subsystem: NULL
[2017.10.30-09.58.20:755][995]LogModuleManager: Shutting down and abandoning module XMPP (43)
[2017.10.30-09.58.20:755][995]LogModuleManager: Shutting down and abandoning module HTTP (41)
[2017.10.30-09.58.20:755][995]LogHttp: Display: Http module shutting down, but needs to wait on 1 outstanding Http requests:
[2017.10.30-09.58.20:755][995]LogHttp: Display: 	verb=[POST] url=[https://datarouter.ol.epicgames.com/datarouter/api/v1/public/data?SessionID=%7B664A04D1-4ED9-364A-68AD-899457098D4E%7D&AppID=UEEditor.Rocket.Release&AppVersion=4.17.1-3586342%2B%2B%2BUE4%2BRelease-4.17&UserID=2b4b9104449ff9352e6e79a22565f81d%7C7c7d6b3990ad4a62a4d878ae6b0c72dd%7Cdff5993a-bb95-44de-bad5-df2ac76192ca&AppEnvironment=datacollector-binary&UploadType=eteventstream] status=Processing
[2017.10.30-09.58.20:779][995]LogModuleManager: Shutting down and abandoning module SSL (40)
[2017.10.30-09.58.20:780][995]LogModuleManager: Shutting down and abandoning module AnimationModifiers (36)
[2017.10.30-09.58.20:780][995]LogModuleManager: Shutting down and abandoning module PropertyEditor (35)
[2017.10.30-09.58.20:780][995]LogModuleManager: Shutting down and abandoning module AudioEditor (32)
[2017.10.30-09.58.20:780][995]LogModuleManager: Shutting down and abandoning module TextureCompressor (30)
[2017.10.30-09.58.20:780][995]LogModuleManager: Shutting down and abandoning module ShaderCore (28)
[2017.10.30-09.58.20:780][995]LogModuleManager: Shutting down and abandoning module Landscape (26)
[2017.10.30-09.58.20:780][995]LogModuleManager: Shutting down and abandoning module SlateRHIRenderer (24)
[2017.10.30-09.58.20:783][995]LogModuleManager: Shutting down and abandoning module OpenGLDrv (22)
[2017.10.30-09.58.20:783][995]LogModuleManager: Shutting down and abandoning module D3D11RHI (20)
[2017.10.30-09.58.20:783][995]LogModuleManager: Shutting down and abandoning module AnimGraphRuntime (18)
[2017.10.30-09.58.20:783][995]LogModuleManager: Shutting down and abandoning module Renderer (16)
[2017.10.30-09.58.20:783][995]LogModuleManager: Shutting down and abandoning module Engine (14)
[2017.10.30-09.58.20:783][995]LogModuleManager: Shutting down and abandoning module CoreUObject (12)
[2017.10.30-09.58.20:783][995]LogModuleManager: Shutting down and abandoning module NetworkFile (10)
[2017.10.30-09.58.20:783][995]LogModuleManager: Shutting down and abandoning module CookedIterativeFile (8)
[2017.10.30-09.58.20:783][995]LogModuleManager: Shutting down and abandoning module StreamingFile (6)
[2017.10.30-09.58.20:783][995]LogModuleManager: Shutting down and abandoning module SandboxFile (4)
[2017.10.30-09.58.20:783][995]LogModuleManager: Shutting down and abandoning module PakFile (2)
[2017.10.30-09.58.20:787][995]LogExit: Exiting.
[2017.10.30-09.58.20:819][995]Log file closed, 10/30/17 18:58:20
