Log file open, 11/27/17 18:58:10
LogWindows: LoadLibraryWithSearchPaths failed for file aqProf.dll. GetLastError=0
LogWindows: LoadLibraryWithSearchPaths failed for file VtuneApi.dll. GetLastError=0
LogWindows: LoadLibraryWithSearchPaths failed for file VtuneApi32e.dll. GetLastError=0
LogInit: Display: Running engine for game: Berserker
LogPlatformFile: Not using cached read wrapper
LogInit: Display: RandInit(-1319628940) SRandInit(-1319628940).
LogTaskGraph: Started task graph with 5 named threads and 14 total threads with 3 sets of task threads.
LogStats: Stats thread started at 0.187831
LogD3D11RHI: Aftermath initialized
LogPluginManager: Mounting plugin Paper2D
LogPluginManager: Mounting plugin LightPropagationVolume
LogPluginManager: Mounting plugin CodeLiteSourceCodeAccess
LogPluginManager: Mounting plugin GitSourceControl
LogPluginManager: Mounting plugin KDevelopSourceCodeAccess
LogPluginManager: Mounting plugin NullSourceCodeAccess
LogPluginManager: Mounting plugin PerforceSourceControl
LogPluginManager: Mounting plugin SubversionSourceControl
LogPluginManager: Mounting plugin UObjectPlugin
LogPluginManager: Mounting plugin VisualStudioSourceCodeAccess
LogPluginManager: Mounting plugin XCodeSourceCodeAccess
LogPluginManager: Mounting plugin AssetManagerEditor
LogPluginManager: Mounting plugin AudioCapture
LogPluginManager: Mounting plugin FacialAnimation
LogPluginManager: Mounting plugin GameplayTagsEditor
LogPluginManager: Mounting plugin MobileLauncherProfileWizard
LogPluginManager: Mounting plugin PluginBrowser
LogPluginManager: Mounting plugin SpeedTreeImporter
LogPluginManager: Mounting plugin AlembicImporter
LogPluginManager: Mounting plugin CharacterAI
LogPluginManager: Mounting plugin HTML5Networking
LogPluginManager: Mounting plugin AndroidMedia
LogPluginManager: Mounting plugin AvfMedia
LogPluginManager: Mounting plugin MediaPlayerEditor
LogPluginManager: Mounting plugin WmfMedia
LogPluginManager: Mounting plugin TcpMessaging
LogPluginManager: Mounting plugin UdpMessaging
LogPluginManager: Mounting plugin LevelSequenceEditor
LogPluginManager: Mounting plugin MatineeToLevelSequence
LogPluginManager: Mounting plugin OnlineSubsystemGooglePlay
LogPluginManager: Mounting plugin OnlineSubsystemIOS
LogPluginManager: Mounting plugin OnlineSubsystem
LogPluginManager: Mounting plugin OnlineSubsystemNull
LogPluginManager: Mounting plugin OnlineSubsystemUtils
LogPluginManager: Mounting plugin AndroidDeviceProfileSelector
LogPluginManager: Mounting plugin AndroidMoviePlayer
LogPluginManager: Mounting plugin AndroidPermission
LogPluginManager: Mounting plugin AppleMoviePlayer
LogPluginManager: Mounting plugin ArchVisCharacter
LogPluginManager: Mounting plugin CableComponent
LogPluginManager: Mounting plugin CustomMeshComponent
LogPluginManager: Mounting plugin ExampleDeviceProfileSelector
LogPluginManager: Mounting plugin GoogleCloudMessaging
LogPluginManager: Mounting plugin ImmediatePhysics
LogPluginManager: Mounting plugin IOSDeviceProfileSelector
LogPluginManager: Mounting plugin LinuxDeviceProfileSelector
LogPluginManager: Mounting plugin LocationServicesBPLibrary
LogPluginManager: Mounting plugin MobilePatchingUtils
LogPluginManager: Mounting plugin OculusVR
LogPluginManager: Mounting plugin PhysXVehicles
LogPluginManager: Mounting plugin ProceduralMeshComponent
LogPluginManager: Mounting plugin RuntimePhysXCooking
LogPluginManager: Mounting plugin SteamVR
LogPluginManager: Mounting plugin WindowsMoviePlayer
LogInit: Using libcurl 7.47.1
LogInit:  - built for x86_64-pc-win32
LogInit:  - supports SSL with OpenSSL/1.0.2g
LogInit:  - supports HTTP deflate (compression) using libz 1.2.8
LogInit:  - other features:
LogInit:      CURL_VERSION_SSL
LogInit:      CURL_VERSION_LIBZ
LogInit:      CURL_VERSION_IPV6
LogInit:      CURL_VERSION_ASYNCHDNS
LogInit:      CURL_VERSION_LARGEFILE
LogInit:      CURL_VERSION_IDN
LogInit:  CurlRequestOptions (configurable via config and command line):
LogInit:  - bVerifyPeer = false  - Libcurl will NOT verify peer certificate
LogInit:  - bUseHttpProxy = false  - Libcurl will NOT use HTTP proxy
LogInit:  - bDontReuseConnections = false  - Libcurl will reuse connections
LogInit:  - CertBundlePath = nullptr  - Libcurl will use whatever was configured at build time.
LogInit: Build: ++UE4+Release-4.17-CL-3586342
LogInit: Engine Version: 4.17.1-3586342+++UE4+Release-4.17
LogInit: Compatible Engine Version: 4.17.0-3573198+++UE4+Release-4.17
LogInit: Net CL: 3573198
LogDevObjectVersion: Number of dev versions registered: 16
LogDevObjectVersion:   Dev-Blueprints (B0D832E4-1F89-4F0D-ACCF-7EB736FD4AA2): 10
LogDevObjectVersion:   Dev-Build (E1C64328-A22C-4D53-A36C-8E866417BD8C): 0
LogDevObjectVersion:   Dev-Core (375EC13C-06E4-48FB-B500-84F0262A717E): 2
LogDevObjectVersion:   Dev-Editor (E4B068ED-F494-42E9-A231-DA0B2E46BB41): 20
LogDevObjectVersion:   Dev-Framework (CFFC743F-43B0-4480-9391-14DF171D2073): 28
LogDevObjectVersion:   Dev-Mobile (B02B49B5-BB20-44E9-A304-32B752E40360): 0
LogDevObjectVersion:   Dev-Networking (A4E4105C-59A1-49B5-A7C5-40C4547EDFEE): 0
LogDevObjectVersion:   Dev-Online (39C831C9-5AE6-47DC-9A44-9C173E1C8E7C): 0
LogDevObjectVersion:   Dev-Physics (78F01B33-EBEA-4F98-B9B4-84EACCB95AA2): 0
LogDevObjectVersion:   Dev-Platform (6631380F-2D4D-43E0-8009-CF276956A95A): 0
LogDevObjectVersion:   Dev-Rendering (12F88B9F-8875-4AFC-A67C-D90C383ABD29): 19
LogDevObjectVersion:   Dev-Sequencer (7B5AE74C-D270-4C10-A958-57980B212A5A): 4
LogDevObjectVersion:   Dev-VR (D7296918-1DD6-4BDD-9DE2-64A83CC13884): 0
LogDevObjectVersion:   Dev-LoadTimes (C2A15278-BFE7-4AFE-6C17-90FF531DF755): 1
LogDevObjectVersion:   Private-Geometry (6EACA3D4-40EC-4CC1-B786-8BED09428FC5): 1
LogDevObjectVersion:   Dev-AnimPhys (29E575DD-E0A3-4627-9D10-D276232CDCEA): 7
LogInit: Compiled (64-bit): Aug 15 2017 02:05:26
LogInit: Compiled with Visual C++: 19.00.24215.01
LogInit: Build Configuration: Development
LogInit: Branch Name: ++UE4+Release-4.17
LogInit: Command line:  
LogInit: Base directory: D:/UnrealEngine/UE_4.17/Engine/Binaries/Win64/
LogInit: Installed Engine Build: 1
LogInit: Presizing for max 8388607 objects, including 0 objects not considered by GC, pre-allocating 0 bytes for permanent pool.
LogInit: Object subsystem initialized
[2017.11.27-09.58.11:564][  0]LogInit: Selected Device Profile: [Windows]
[2017.11.27-09.58.11:564][  0]LogInit: Applying CVar settings loaded from the selected device profile: [Windows]
[2017.11.27-09.58.11:578][  0]LogInit: Computer: DESKTOP-6JOGDQL
[2017.11.27-09.58.11:578][  0]LogInit: User: JWOH
[2017.11.27-09.58.11:578][  0]LogInit: CPU Page size=4096, Cores=4
[2017.11.27-09.58.11:578][  0]LogInit: High frequency timer resolution =2.531250 MHz
[2017.11.27-09.58.11:578][  0]LogMemory: Memory total: Physical=7.9GB (8GB approx)
[2017.11.27-09.58.11:578][  0]LogMemory: Platform Memory Stats for Windows
[2017.11.27-09.58.11:578][  0]LogMemory: Process Physical Memory: 280.17 MB used, 280.17 MB peak
[2017.11.27-09.58.11:578][  0]LogMemory: Process Virtual Memory: 278.63 MB used, 278.63 MB peak
[2017.11.27-09.58.11:578][  0]LogMemory: Physical Memory: 4861.65 MB used,  3194.01 MB free, 8055.66 MB total
[2017.11.27-09.58.11:578][  0]LogMemory: Virtual Memory: 673.29 MB used,  3194.01 MB free, 134217728.00 MB total
[2017.11.27-09.58.11:738][  0]LogInit: Using OS detected language (ko-KR).
[2017.11.27-09.58.11:738][  0]LogInit: Using OS detected locale (ko-KR).
[2017.11.27-09.58.11:746][  0]LogTextLocalizationManager: No specific localization for 'ko-KR' exists, so the 'ko' localization will be used.
[2017.11.27-09.58.12:399][  0]LogD3D11RHI: D3D11 adapters:
[2017.11.27-09.58.12:442][  0]LogD3D11RHI:    0. 'NVIDIA GeForce GTX 960M' (Feature Level 11_0)
[2017.11.27-09.58.12:442][  0]LogD3D11RHI:       2019/0/4027 MB DedicatedVideo/DedicatedSystem/SharedSystem, Outputs:1, VendorId:0x10de
[2017.11.27-09.58.12:450][  0]LogD3D11RHI:    1. 'Intel(R) HD Graphics 530' (Feature Level 11_0)
[2017.11.27-09.58.12:450][  0]LogD3D11RHI:       128/0/4027 MB DedicatedVideo/DedicatedSystem/SharedSystem, Outputs:0, VendorId:0x8086
[2017.11.27-09.58.12:453][  0]LogD3D11RHI:    2. 'Microsoft Basic Render Driver' (Feature Level 11_0)
[2017.11.27-09.58.12:453][  0]LogD3D11RHI:       0/0/4027 MB DedicatedVideo/DedicatedSystem/SharedSystem, Outputs:0, VendorId:0x1414
[2017.11.27-09.58.12:453][  0]LogD3D11RHI: Chosen D3D11 Adapter: 0
[2017.11.27-09.58.12:460][  0]LogD3D11RHI: Creating new Direct3DDevice
[2017.11.27-09.58.12:460][  0]LogD3D11RHI:     GPU DeviceId: 0x139b (for the marketing name, search the web for "GPU Device Id")
[2017.11.27-09.58.12:460][  0]LogWindows: EnumDisplayDevices:
[2017.11.27-09.58.12:460][  0]LogWindows:    0. 'Intel(R) HD Graphics 530' (P:1 D:1)
[2017.11.27-09.58.12:461][  0]LogWindows:    1. 'Intel(R) HD Graphics 530' (P:0 D:0)
[2017.11.27-09.58.12:462][  0]LogWindows:    2. 'Intel(R) HD Graphics 530' (P:0 D:0)
[2017.11.27-09.58.12:462][  0]LogWindows: DebugString: PrimaryIsNotTheChoosenAdapter PrimaryIsNotTheChoosenAdapter PrimaryIsNotTheChoosenAdapter FoundDriverCount:0 
[2017.11.27-09.58.12:462][  0]LogD3D11RHI:     Adapter Name: NVIDIA GeForce GTX 960M
[2017.11.27-09.58.12:462][  0]LogD3D11RHI:   Driver Version: Unknown (internal:Unknown, unified:Unknown)
[2017.11.27-09.58.12:462][  0]LogD3D11RHI:      Driver Date: Unknown
[2017.11.27-09.58.12:462][  0]LogRHI: Texture pool is 1361 MB (70% of 1945 MB)
[2017.11.27-09.58.12:481][  0]LogD3D11RHI: Async texture creation enabled
[2017.11.27-09.58.12:492][  0]LogD3D11RHI: GPU Timing Frequency: 1000.000000 (Debug: 2 1)
[2017.11.27-09.58.12:493][  0]LogShaderCompilers: Guid format shader working directory is -14 characters bigger than the processId version (../../../../../NewGarden/GardenProject/NGA/Project/Berserker/Intermediate/Shaders/WorkingDirectory/12856/).
[2017.11.27-09.58.12:494][  0]LogShaderCompilers: Cleaned the shader compiler working directory 'C:/Users/J.W OH/AppData/Local/Temp/UnrealShaderWorkingDir/0D7629E646CD5BCF7FA7599CD96EE9FC/'.
[2017.11.27-09.58.12:494][  0]LogShaderCompilers: Display: Using Local Shader Compiler.
[2017.11.27-09.58.13:772][  0]LogTemp: Display: Loaded TP AllDesktopTargetPlatform
[2017.11.27-09.58.13:832][  0]LogTemp: Display: Loaded TP MacClientTargetPlatform
[2017.11.27-09.58.13:887][  0]LogTemp: Display: Loaded TP MacNoEditorTargetPlatform
[2017.11.27-09.58.13:957][  0]LogTemp: Display: Loaded TP MacServerTargetPlatform
[2017.11.27-09.58.14:013][  0]LogTemp: Display: Loaded TP MacTargetPlatform
[2017.11.27-09.58.14:065][  0]LogTemp: Display: Loaded TP WindowsClientTargetPlatform
[2017.11.27-09.58.14:118][  0]LogTemp: Display: Loaded TP WindowsNoEditorTargetPlatform
[2017.11.27-09.58.14:168][  0]LogTemp: Display: Loaded TP WindowsServerTargetPlatform
[2017.11.27-09.58.14:214][  0]LogTemp: Display: Loaded TP WindowsTargetPlatform
[2017.11.27-09.58.14:282][  0]LogTemp: Display: Loaded TP AndroidTargetPlatform
[2017.11.27-09.58.14:334][  0]LogTemp: Display: Loaded TP Android_ASTCTargetPlatform
[2017.11.27-09.58.14:385][  0]LogTemp: Display: Loaded TP Android_ATCTargetPlatform
[2017.11.27-09.58.14:439][  0]LogTemp: Display: Loaded TP Android_DXTTargetPlatform
[2017.11.27-09.58.14:491][  0]LogTemp: Display: Loaded TP Android_ETC1TargetPlatform
[2017.11.27-09.58.14:542][  0]LogTemp: Display: Loaded TP Android_ETC2TargetPlatform
[2017.11.27-09.58.14:656][  0]LogTemp: Display: Loaded TP Android_MultiTargetPlatform
[2017.11.27-09.58.14:657][  0]LogTemp: Display: Loaded TP Android_PVRTCTargetPlatform
[2017.11.27-09.58.14:700][  0]LogTemp: Display: Loaded TP HTML5TargetPlatform
[2017.11.27-09.58.14:794][  0]LogTemp: Display: Loaded TP IOSTargetPlatform
[2017.11.27-09.58.14:822][  0]LogTemp: Display: Loaded TP TVOSTargetPlatform
[2017.11.27-09.58.14:882][  0]LogTemp: Display: Loaded TP LinuxClientTargetPlatform
[2017.11.27-09.58.14:945][  0]LogTemp: Display: Loaded TP LinuxNoEditorTargetPlatform
[2017.11.27-09.58.15:004][  0]LogTemp: Display: Loaded TP LinuxServerTargetPlatform
[2017.11.27-09.58.15:055][  0]LogTemp: Display: Loaded TP LinuxTargetPlatform
[2017.11.27-09.58.15:055][  0]LogTargetPlatformManager: Display: Building Assets For Windows
[2017.11.27-09.58.15:480][  0]LogDerivedDataCache: Display: Max Cache Size: 512 MB
[2017.11.27-09.58.15:606][  0]LogDerivedDataCache: Loaded boot cache 0.13s 93MB C:/Users/J.W OH/AppData/Local/UnrealEngine/4.17/DerivedDataCache/Boot.ddc.
[2017.11.27-09.58.15:606][  0]LogDerivedDataCache: Display: Loaded Boot cache: C:/Users/J.W OH/AppData/Local/UnrealEngine/4.17/DerivedDataCache/Boot.ddc
[2017.11.27-09.58.15:606][  0]LogDerivedDataCache: FDerivedDataBackendGraph:  Pak pak cache file ../../../../../NewGarden/GardenProject/NGA/Project/Berserker/DerivedDataCache/DDC.ddp not found, will not use a pak cache.
[2017.11.27-09.58.15:606][  0]LogDerivedDataCache: Unable to find inner node Pak for hierarchical cache Hierarchy.
[2017.11.27-09.58.15:606][  0]LogDerivedDataCache: FDerivedDataBackendGraph:  CompressedPak pak cache file ../../../../../NewGarden/GardenProject/NGA/Project/Berserker/DerivedDataCache/Compressed.ddp not found, will not use a pak cache.
[2017.11.27-09.58.15:606][  0]LogDerivedDataCache: Unable to find inner node CompressedPak for hierarchical cache Hierarchy.
[2017.11.27-09.58.15:626][  0]LogDerivedDataCache: Display: Pak cache opened for reading ../../../Engine/DerivedDataCache/Compressed.ddp.
[2017.11.27-09.58.15:639][  0]LogDerivedDataCache: Using Local data cache path C:/Users/J.W OH/AppData/Local/UnrealEngine/Common/DerivedDataCache: Writable
[2017.11.27-09.58.15:649][  0]LogMaterial: Verifying Global Shaders for PCD3D_SM5
[2017.11.27-09.58.15:649][  0]LogSlate: Using Freetype 2.6.0
[2017.11.27-09.58.15:650][  0]LogSlate: SlateFontCache - WITH_FREETYPE: 1, WITH_HARFBUZZ: 1
[2017.11.27-09.58.15:650][  0]LogSlate: SlateFontCache - WITH_FREETYPE: 1, WITH_HARFBUZZ: 1
[2017.11.27-09.58.15:952][  0]LogAssetRegistry: FAssetRegistry took 0.0265 seconds to start up
[2017.11.27-09.58.16:072][  0]LogInit: Selected Device Profile: [Windows]
[2017.11.27-09.58.16:413][  0]LogSimplygon: Simplygon DLL not present - disabling.
[2017.11.27-09.58.16:468][  0]LogMeshReduction: Using SimplygonSwarm for distributed automatic mesh merging
[2017.11.27-09.58.16:468][  0]LogMeshReduction: Using QuadricMeshReduction for automatic static mesh reduction
[2017.11.27-09.58.16:468][  0]LogMeshReduction: No automatic skeletal mesh reduction module available
[2017.11.27-09.58.16:468][  0]LogMeshReduction: No automatic mesh merging module available
[2017.11.27-09.58.16:468][  0]LogMeshMerging: No automatic mesh merging module available
[2017.11.27-09.58.16:485][  0]LogContentStreaming: Texture pool size is 0.00 MB
[2017.11.27-09.58.17:016][  0]LogNetVersion: Berserker , NetCL: 3573198, EngineNetVer: 2, GameNetVer: 0 (Checksum: 408643392)
[2017.11.27-09.58.17:254][  0]LogPackageLocalizationCache: Processed 5 localized package path(s) for 2 prioritized culture(s) in 0.055466 seconds
[2017.11.27-09.58.17:261][  0]LogUObjectArray: 35825 objects as part of root set at end of initial load.
[2017.11.27-09.58.17:261][  0]LogUObjectAllocator: 7529104 out of 0 bytes used by permanent object pool.
[2017.11.27-09.58.17:261][  0]LogUObjectArray: CloseDisregardForGC: 0/0 objects in disregard for GC pool
[2017.11.27-09.58.17:313][  0]LogInit: WinSock: version 1.1 (2.2), MaxSocks=32767, MaxUdp=65467
[2017.11.27-09.58.20:309][  0]LogTcpMessaging: Initializing TcpMessaging bridge
[2017.11.27-09.58.20:345][  0]LogUdpMessaging: Initializing bridge on interface 0.0.0.0:0 to multicast group 230.0.0.1:6666.
[2017.11.27-09.58.21:020][  0]LogMaterial: Uniform references updated for custom material expression Custom.
[2017.11.27-09.58.21:478][  0]SourceControl: 소스 콘트롤이 꺼졌습니다.
[2017.11.27-09.58.21:478][  0]SourceControl: 소스 콘트롤이 꺼졌습니다.
[2017.11.27-09.58.21:527][  0]SourceControl: 소스 콘트롤이 꺼졌습니다.
[2017.11.27-09.58.21:575][  0]SourceControl: 소스 콘트롤이 꺼졌습니다.
[2017.11.27-09.58.22:131][  0]LogAndroidPermission: UAndroidPermissionCallbackProxy::GetInstance
[2017.11.27-09.58.22:343][  0]LogOcInput: OculusInput pre-init called
[2017.11.27-09.58.22:580][  0]LogEngine: Initializing Engine...
[2017.11.27-09.58.22:583][  0]LogHMD: Failed to initialize OpenVR with code 110
[2017.11.27-09.58.22:870][  0]LogStats: UGameplayTagsManager::ConstructGameplayTagTree: Construct from data asset -  0.000 s
[2017.11.27-09.58.22:870][  0]LogStats: UGameplayTagsManager::ConstructGameplayTagTree: GameplayTagTreeChangedEvent.Broadcast -  0.000 s
[2017.11.27-09.58.23:007][  0]LogAIModule: Creating AISystem for world Untitled
[2017.11.27-09.58.23:022][  0]LogInit: XAudio2 using '스피커(Realtek High Definition Audio(SST))' : 2 channels at 48 kHz using 32 bits per sample (channel mask 0x3)
[2017.11.27-09.58.23:870][  0]LogInit: FAudioDevice initialized.
[2017.11.27-09.58.24:002][  0]LogDerivedDataCache: Saved boot cache 0.13s 93MB C:/Users/J.W OH/AppData/Local/UnrealEngine/4.17/DerivedDataCache/Boot.ddc.
[2017.11.27-09.58.24:014][  0]LogInit: Texture streaming: Enabled
[2017.11.27-09.58.24:120][  0]LogEngineSessionManager: EngineSessionManager initialized
[2017.11.27-09.58.24:143][  0]LogEngineSessionManager: EngineSessionManager sent abnormal shutdown report. Type=AbnormalShutdown, SessionId={F8F1ACA0-4CC3-99D9-C1FF-07979A8DA966}
[2017.11.27-09.58.24:354][  0]LogInit: Transaction tracking system initialized
[2017.11.27-09.58.24:652][  0]BlueprintLog: New page: 에디터 로드
[2017.11.27-09.58.25:582][  0]LocalizationService: 현지화 서비스가 비활성화되었습니다.
[2017.11.27-09.58.26:184][  0]LogConsoleResponse: Display: 
[2017.11.27-09.58.26:375][  0]LogCook: Display: Max memory allowance for cook 16384mb min free memory 0mb
[2017.11.27-09.58.26:375][  0]LogCook: Display: Mobile HDR setting 1
[2017.11.27-09.58.26:375][  0]LogGameplayTags: Display: UGameplayTagsManager::DoneAddingNativeTags. DelegateIsBound: 0
[2017.11.27-09.58.26:431][  0]LogFileCache: Scanning file cache for directory 'D:/NewGarden/GardenProject/NGA/Project/Berserker/Content/' took 0.02s
[2017.11.27-09.58.27:304][  0]SourceControl: 소스 콘트롤이 꺼졌습니다.
[2017.11.27-09.58.27:464][  0]LogSlate: Took 0.000317 seconds to synchronously load lazily loaded font '../../../Engine/Content/Slate/Fonts/Roboto-Regular.ttf' (155K)
[2017.11.27-09.58.27:468][  0]LogSlate: Took 0.003290 seconds to synchronously load lazily loaded font '../../../Engine/Content/Slate/Fonts/NanumGothic.ttf' (4243K)
[2017.11.27-09.58.38:823][  0]LogWindowsTextInputMethodSystem: Display: IME system now activated using TSF (Microsoft 입력기).
[2017.11.27-09.58.38:841][  0]LogWindowsTextInputMethodSystem: Display: IME system now activated using TSF (Microsoft 입력기).
[2017.11.27-09.58.38:844][  0]Cmd: MAP LOAD FILE="../../../../../NewGarden/GardenProject/NGA/Project/Berserker/Content/FLAG.umap" TEMPLATE=0 SHOWPROGRESS=1 FEATURELEVEL=3
[2017.11.27-09.58.38:847][  0]LightingResults: New page: 라이팅 빌드
[2017.11.27-09.58.38:926][  0]MapCheck: New page: 맵 체크
[2017.11.27-09.58.38:926][  0]LightingResults: New page: 라이팅 빌드
[2017.11.27-09.58.40:203][  0]LogClothingAssetFactory: Finished physical mesh import
[2017.11.27-09.58.40:204][  0]LogClothingAssetFactory: Finished physical mesh import
[2017.11.27-09.58.40:207][  0]LogActorComponent: ReregisterComponent: (/Game/FLAG.FLAG:PersistentLevel.flag_real6.SkeletalMeshComponent0) Not currently registered. Aborting.
[2017.11.27-09.58.40:207][  0]LogActorComponent: ReregisterComponent: (/Game/FLAG.FLAG:PersistentLevel.flag_real7.SkeletalMeshComponent0) Not currently registered. Aborting.
[2017.11.27-09.58.40:207][  0]LogActorComponent: ReregisterComponent: (/Game/FLAG.FLAG:PersistentLevel.flag_real6.SkeletalMeshComponent0) Not currently registered. Aborting.
[2017.11.27-09.58.40:207][  0]LogActorComponent: ReregisterComponent: (/Game/FLAG.FLAG:PersistentLevel.flag_real7.SkeletalMeshComponent0) Not currently registered. Aborting.
[2017.11.27-09.58.40:768][  0]LogAIModule: Creating AISystem for world FLAG
[2017.11.27-09.58.40:819][  0]AnimBlueprint: Warning: 슬롯노드: BossAnim_BP_C 애니메이션 인스턴트 클래스의 'DefaultSlot' 는 이미 존재합니다. 이 클래스의 애니메이션 그래프에서 중복을 제거하세요.
[2017.11.27-09.58.40:835][  0]LogEditorServer: Finished looking for orphan Actors (0.000 secs)
[2017.11.27-09.58.40:873][  0]Cmd: MAP CHECKDEP NOCLEARLOG
[2017.11.27-09.58.41:051][  0]MapCheck: 맵 체크 완료: 오류 0 회, 경고 0 회, 소요 시간 177.922ms.
[2017.11.27-09.58.41:051][  0]LogFileHelpers: Loading map 'FLAG' took 2.207
[2017.11.27-09.58.41:155][  0]LogStats: Warning: MetaData mismatch. Did you assign a stat to two groups? New //STATGROUP_Threads//SplashScreenThread///Thread_37d0_0///####STATCAT_Advanced#### old //STATGROUP_Threads//SplashScreenThread///Thread_2d30_0///####STATCAT_Advanced####
[2017.11.27-09.58.41:155][  0]LogCollectionManager: Loaded 0 collections in 0.001310 seconds
[2017.11.27-09.58.41:229][  0]LogFileCache: Scanning file cache for directory 'D:/NewGarden/GardenProject/NGA/Project/Berserker/Saved/Collections/' took 0.01s
[2017.11.27-09.58.41:229][  0]LogFileCache: Scanning file cache for directory 'D:/NewGarden/GardenProject/NGA/Project/Berserker/Content/Developers/JWOH/Collections/' took 0.01s
[2017.11.27-09.58.41:229][  0]LogFileCache: Scanning file cache for directory 'D:/NewGarden/GardenProject/NGA/Project/Berserker/Content/Collections/' took 0.01s
[2017.11.27-09.58.41:229][  0]LogCollectionManager: Rebuilt the GUID cache for 0 collections in 0.000001 seconds
[2017.11.27-09.58.41:239][  0]LogContentBrowser: Native class hierarchy populated in 0.0094 seconds. Added 2386 classes and 500 folders.
[2017.11.27-09.58.41:293][  0]LogContentBrowser: Native class hierarchy updated for 'WidgetCarousel' in 0.0007 seconds. Added 0 classes and 0 folders.
[2017.11.27-09.58.41:353][  0]LogContentBrowser: Native class hierarchy updated for 'AddContentDialog' in 0.0006 seconds. Added 0 classes and 0 folders.
[2017.11.27-09.58.41:392][  0]LogContentBrowser: Native class hierarchy updated for 'SceneOutliner' in 0.0007 seconds. Added 1 classes and 2 folders.
[2017.11.27-09.58.41:419][  0]LogSlate: Took 0.000579 seconds to synchronously load lazily loaded font '../../../Engine/Content/Slate/Fonts/Roboto-Bold.ttf' (160K)
[2017.11.27-09.58.41:426][  0]LogSlate: Took 0.000432 seconds to synchronously load lazily loaded font '../../../Engine/Content/Editor/Slate/Fonts/FontAwesome.ttf' (139K)
[2017.11.27-09.58.41:574][  0]LogRenderer: Reallocating scene render targets to support 1208x576 Format 10 NumSamples 1 (Frame:1).
[2017.11.27-09.58.41:648][  0]LogSlate: Took 0.001650 seconds to synchronously load lazily loaded font '../../../Engine/Content/Slate/Fonts/Roboto-Light.ttf' (159K)
[2017.11.27-09.58.41:845][  0]LogContentBrowser: Native class hierarchy updated for 'HierarchicalLODOutliner' in 0.0009 seconds. Added 1 classes and 2 folders.
[2017.11.27-09.58.41:845][  0]LogLoad: (Engine Initialization) Total time: 32.12 seconds
[2017.11.27-09.58.41:845][  0]LogLoad: (Engine Initialization) Total Blueprint compile time: 0.00 seconds
[2017.11.27-09.58.41:845][  0]LogExternalProfiler: Found external profiler: VSPerf
[2017.11.27-09.58.41:845][  0]LogExternalProfiler: Using external profiler: VSPerf
[2017.11.27-09.58.42:211][  0]LogContentStreaming: Texture pool size now 1000 MB
[2017.11.27-09.58.42:879][  2]LogAssetRegistry: Asset discovery search completed in 26.9497 seconds
[2017.11.27-09.58.42:885][  2]LogCollectionManager: Rebuilt the object cache for 0 collections in 0.000001 seconds (found 0 objects)
[2017.11.27-09.58.42:885][  2]LogCollectionManager: Fixed up redirectors for 0 collections in 0.000097 seconds (updated 0 objects)
[2017.11.27-10.00.07:186][271]AnimBlueprint: Warning: 슬롯노드: BossAnim_BP_C 애니메이션 인스턴트 클래스의 'DefaultSlot' 는 이미 존재합니다. 이 클래스의 애니메이션 그래프에서 중복을 제거하세요.
[2017.11.27-10.00.07:442][281]AnimBlueprint: Warning: 슬롯노드: BossAnim_BP_C 애니메이션 인스턴트 클래스의 'DefaultSlot' 는 이미 존재합니다. 이 클래스의 애니메이션 그래프에서 중복을 제거하세요.
[2017.11.27-10.00.15:291][343]LogSlate: Took 0.000299 seconds to synchronously load lazily loaded font '../../../Engine/Content/Slate/Fonts/Roboto-Light.ttf' (159K)
[2017.11.27-10.00.15:348][343]LogFactory: FactoryCreateFile: StaticMesh with FbxFactory (0 0 D:\NewGarden\GardenProject\NGA\Resource\애니수정2\boss_special attack_수정.FBX)
[2017.11.27-10.00.15:391][343]LogFbx: ItemName: GlobalSettings, ItemCount : 1
[2017.11.27-10.00.15:391][343]LogFbx: ItemName: AnimationStack, ItemCount : 1
[2017.11.27-10.00.15:391][343]LogFbx: ItemName: AnimationLayer, ItemCount : 1
[2017.11.27-10.00.15:391][343]LogFbx: ItemName: Model, ItemCount : 35
[2017.11.27-10.00.15:391][343]LogFbx: ItemName: Geometry, ItemCount : 2
[2017.11.27-10.00.15:391][343]LogFbx: ItemName: Material, ItemCount : 7
[2017.11.27-10.00.15:391][343]LogFbx: ItemName: Texture, ItemCount : 4
[2017.11.27-10.00.15:391][343]LogFbx: ItemName: NodeAttribute, ItemCount : 61
[2017.11.27-10.00.15:391][343]LogFbx: ItemName: CollectionExclusive, ItemCount : 2
[2017.11.27-10.00.15:391][343]LogFbx: ItemName: AnimationCurve, ItemCount : 105
[2017.11.27-10.00.15:391][343]LogFbx: ItemName: AnimationCurveNode, ItemCount : 35
[2017.11.27-10.00.15:391][343]LogFbx: ItemName: Deformer, ItemCount : 29
[2017.11.27-10.00.15:391][343]LogFbx: ItemName: Pose, ItemCount : 1
[2017.11.27-10.00.15:391][343]LogFbx: ItemName: Video, ItemCount : 4
[2017.11.27-10.00.15:399][343]LogFbx: Loading FBX Scene from D:\NewGarden\GardenProject\NGA\Resource\애니수정2\boss_special attack_수정.FBX
[2017.11.27-10.00.15:558][343]LogFbx: FBX Scene Loaded Succesfully
[2017.11.27-10.00.30:288][343]LogFbx: Loading FBX Scene from D:\NewGarden\GardenProject\NGA\Resource\애니수정2\boss_special attack_수정.FBX
[2017.11.27-10.00.30:432][343]LogFbx: FBX Scene Loaded Succesfully
[2017.11.27-10.00.30:453][343]LogFbx: =================================================
[2017.11.27-10.00.30:453][343]LogFbx: Dumping Node START [H25_mat1] 
[2017.11.27-10.00.30:453][343]LogFbx: 	Total Deformer Count 10849432.
[2017.11.27-10.00.30:453][343]LogFbx: 		[Node 1]  (Type Skin).
[2017.11.27-10.00.30:453][343]LogFbx: =================================================
[2017.11.27-10.00.30:453][343]LogFbx: 	Attribute () Type (4).
[2017.11.27-10.00.30:453][343]LogFbx: 		[Node Attribute Child 1] H25_mat1 (Type Mesh).
[2017.11.27-10.00.30:453][343]LogFbx: Dumping Node END [H25_mat1]
[2017.11.27-10.00.30:454][343]LogFbx: =================================================
[2017.11.27-10.00.30:454][343]LogFbx: Dumping Node START [Cube] 
[2017.11.27-10.00.30:454][343]LogFbx: 	Total Deformer Count -2027154256.
[2017.11.27-10.00.30:454][343]LogFbx: 	Attribute () Type (4).
[2017.11.27-10.00.30:454][343]LogFbx: 		[Node Attribute Child 1] Cube (Type Mesh).
[2017.11.27-10.00.30:454][343]LogFbx: Dumping Node END [Cube]
[2017.11.27-10.00.30:454][343]LogFbx: =================================================
[2017.11.27-10.00.30:454][343]LogFbx: Dumping Node START [H25_mat1] 
[2017.11.27-10.00.30:454][343]LogFbx: 	Total Deformer Count 10847248.
[2017.11.27-10.00.30:454][343]LogFbx: 		[Node 1]  (Type Skin).
[2017.11.27-10.00.30:454][343]LogFbx: =================================================
[2017.11.27-10.00.30:454][343]LogFbx: 	Attribute () Type (4).
[2017.11.27-10.00.30:454][343]LogFbx: 		[Node Attribute Child 1] H25_mat1 (Type Mesh).
[2017.11.27-10.00.30:454][343]LogFbx: Dumping Node END [H25_mat1]
[2017.11.27-10.00.30:454][343]LogFbx: =================================================
[2017.11.27-10.00.30:454][343]LogFbx: Dumping Node START [Cube] 
[2017.11.27-10.00.30:454][343]LogFbx: 	Total Deformer Count -2027152720.
[2017.11.27-10.00.30:454][343]LogFbx: 	Attribute () Type (4).
[2017.11.27-10.00.30:454][343]LogFbx: 		[Node Attribute Child 1] Cube (Type Mesh).
[2017.11.27-10.00.30:454][343]LogFbx: Dumping Node END [Cube]
[2017.11.27-10.00.30:454][343]LogFbx: =================================================
[2017.11.27-10.00.30:454][343]LogFbx: Dumping Node START [Cube] 
[2017.11.27-10.00.30:454][343]LogFbx: 	Total Deformer Count -2027143840.
[2017.11.27-10.00.30:454][343]LogFbx: 	Attribute () Type (4).
[2017.11.27-10.00.30:454][343]LogFbx: 		[Node Attribute Child 1] Cube (Type Mesh).
[2017.11.27-10.00.30:454][343]LogFbx: Dumping Node END [Cube]
[2017.11.27-10.00.30:454][343]LogFbx: =================================================
[2017.11.27-10.00.30:454][343]LogFbx: Dumping Node START [Cube] 
[2017.11.27-10.00.30:454][343]LogFbx: 	Total Deformer Count -2027151616.
[2017.11.27-10.00.30:454][343]LogFbx: 	Attribute () Type (4).
[2017.11.27-10.00.30:454][343]LogFbx: 		[Node Attribute Child 1] Cube (Type Mesh).
[2017.11.27-10.00.30:454][343]LogFbx: Dumping Node END [Cube]
[2017.11.27-10.00.30:454][343]LogFbx: =================================================
[2017.11.27-10.00.30:454][343]LogFbx: Dumping Node START [Cube] 
[2017.11.27-10.00.30:454][343]LogFbx: 	Total Deformer Count -2027151472.
[2017.11.27-10.00.30:454][343]LogFbx: 	Attribute () Type (4).
[2017.11.27-10.00.30:454][343]LogFbx: 		[Node Attribute Child 1] Cube (Type Mesh).
[2017.11.27-10.00.30:454][343]LogFbx: Dumping Node END [Cube]
[2017.11.27-10.00.30:455][343]LogFbx: =================================================
[2017.11.27-10.00.30:455][343]LogFbx: Dumping Node START [Cube] 
[2017.11.27-10.00.30:455][343]LogFbx: 	Total Deformer Count -2027155792.
[2017.11.27-10.00.30:455][343]LogFbx: 	Attribute () Type (4).
[2017.11.27-10.00.30:455][343]LogFbx: 		[Node Attribute Child 1] Cube (Type Mesh).
[2017.11.27-10.00.30:455][343]LogFbx: Dumping Node END [Cube]
[2017.11.27-10.00.30:455][343]LogFbx: =================================================
[2017.11.27-10.00.30:455][343]LogFbx: Dumping Node START [Cube] 
[2017.11.27-10.00.30:455][343]LogFbx: 	Total Deformer Count -2027150464.
[2017.11.27-10.00.30:455][343]LogFbx: 	Attribute () Type (4).
[2017.11.27-10.00.30:455][343]LogFbx: 		[Node Attribute Child 1] Cube (Type Mesh).
[2017.11.27-10.00.30:455][343]LogFbx: Dumping Node END [Cube]
[2017.11.27-10.00.30:455][343]LogFbx: =================================================
[2017.11.27-10.00.30:455][343]LogFbx: Dumping Node START [Cube] 
[2017.11.27-10.00.30:455][343]LogFbx: 	Total Deformer Count -2027145952.
[2017.11.27-10.00.30:455][343]LogFbx: 	Attribute () Type (4).
[2017.11.27-10.00.30:455][343]LogFbx: 		[Node Attribute Child 1] Cube (Type Mesh).
[2017.11.27-10.00.30:455][343]LogFbx: Dumping Node END [Cube]
[2017.11.27-10.00.30:455][343]LogFbx: =================================================
[2017.11.27-10.00.30:455][343]LogFbx: Dumping Node START [Cube] 
[2017.11.27-10.00.30:455][343]LogFbx: 	Total Deformer Count -2027151088.
[2017.11.27-10.00.30:455][343]LogFbx: 	Attribute () Type (4).
[2017.11.27-10.00.30:455][343]LogFbx: 		[Node Attribute Child 1] Cube (Type Mesh).
[2017.11.27-10.00.30:455][343]LogFbx: Dumping Node END [Cube]
[2017.11.27-10.00.30:455][343]LogFbx: =================================================
[2017.11.27-10.00.30:455][343]LogFbx: Dumping Node START [Cube] 
[2017.11.27-10.00.30:455][343]LogFbx: 	Total Deformer Count -2027155888.
[2017.11.27-10.00.30:455][343]LogFbx: 	Attribute () Type (4).
[2017.11.27-10.00.30:455][343]LogFbx: 		[Node Attribute Child 1] Cube (Type Mesh).
[2017.11.27-10.00.30:455][343]LogFbx: Dumping Node END [Cube]
[2017.11.27-10.00.30:455][343]LogFbx: =================================================
[2017.11.27-10.00.30:455][343]LogFbx: Dumping Node START [Cube] 
[2017.11.27-10.00.30:455][343]LogFbx: 	Total Deformer Count -2027155072.
[2017.11.27-10.00.30:455][343]LogFbx: 	Attribute () Type (4).
[2017.11.27-10.00.30:455][343]LogFbx: 		[Node Attribute Child 1] Cube (Type Mesh).
[2017.11.27-10.00.30:455][343]LogFbx: Dumping Node END [Cube]
[2017.11.27-10.00.30:461][343]LogFbx: SortedLinks :(0) Hips
[2017.11.27-10.00.30:461][343]LogFbx: SortedLinks :(1) Spine
[2017.11.27-10.00.30:461][343]LogFbx: SortedLinks :(2) Spine1
[2017.11.27-10.00.30:461][343]LogFbx: SortedLinks :(3) Spine2
[2017.11.27-10.00.30:461][343]LogFbx: SortedLinks :(4) Neck
[2017.11.27-10.00.30:461][343]LogFbx: SortedLinks :(5) Head
[2017.11.27-10.00.30:461][343]LogFbx: SortedLinks :(6) HeadTop_End
[2017.11.27-10.00.30:461][343]LogFbx: SortedLinks :(7) LeftShoulder
[2017.11.27-10.00.30:461][343]LogFbx: SortedLinks :(8) LeftArm
[2017.11.27-10.00.30:461][343]LogFbx: SortedLinks :(9) LeftForeArm
[2017.11.27-10.00.30:461][343]LogFbx: SortedLinks :(10) LeftHand
[2017.11.27-10.00.30:461][343]LogFbx: SortedLinks :(11) LeftHandIndex1
[2017.11.27-10.00.30:461][343]LogFbx: SortedLinks :(12) LeftHandIndex2
[2017.11.27-10.00.30:461][343]LogFbx: SortedLinks :(13) LeftHandIndex3
[2017.11.27-10.00.30:461][343]LogFbx: SortedLinks :(14) LeftHandIndex4
[2017.11.27-10.00.30:461][343]LogFbx: SortedLinks :(15) RightShoulder
[2017.11.27-10.00.30:461][343]LogFbx: SortedLinks :(16) RightArm
[2017.11.27-10.00.30:461][343]LogFbx: SortedLinks :(17) RightForeArm
[2017.11.27-10.00.30:461][343]LogFbx: SortedLinks :(18) RightHand
[2017.11.27-10.00.30:461][343]LogFbx: SortedLinks :(19) RightHandIndex1
[2017.11.27-10.00.30:461][343]LogFbx: SortedLinks :(20) RightHandIndex2
[2017.11.27-10.00.30:461][343]LogFbx: SortedLinks :(21) RightHandIndex3
[2017.11.27-10.00.30:461][343]LogFbx: SortedLinks :(22) RightHandIndex4
[2017.11.27-10.00.30:461][343]LogFbx: SortedLinks :(23) Cube
[2017.11.27-10.00.30:461][343]LogFbx: SortedLinks :(24) LeftUpLeg
[2017.11.27-10.00.30:461][343]LogFbx: SortedLinks :(25) LeftLeg
[2017.11.27-10.00.30:461][343]LogFbx: SortedLinks :(26) LeftFoot
[2017.11.27-10.00.30:461][343]LogFbx: SortedLinks :(27) LeftToeBase
[2017.11.27-10.00.30:461][343]LogFbx: SortedLinks :(28) LeftToe_End
[2017.11.27-10.00.30:461][343]LogFbx: SortedLinks :(29) RightUpLeg
[2017.11.27-10.00.30:461][343]LogFbx: SortedLinks :(30) RightLeg
[2017.11.27-10.00.30:461][343]LogFbx: SortedLinks :(31) RightFoot
[2017.11.27-10.00.30:461][343]LogFbx: SortedLinks :(32) RightToeBase
[2017.11.27-10.00.30:461][343]LogFbx: SortedLinks :(33) RightToe_End
[2017.11.27-10.00.30:462][343]LogFbx: Parsing AnimStack Take 001
[2017.11.27-10.00.30:465][343]LogLinker: '/Game/Enemy/Boss/boss_special_attack_수정' 파일을 찾을 수 없습니다.
[2017.11.27-10.00.30:465][343]LogLinker: '/Game/Enemy/Boss/boss_special_attack_수정' 파일을 찾을 수 없습니다.
[2017.11.27-10.00.30:682][343]LogAnimationCompression: Building Anim DDC data for AnimSequence /Game/Enemy/Boss/boss_special_attack_수정.boss_special_attack_수정
[2017.11.27-10.00.30:687][343]AnimBlueprint: Warning: 슬롯노드: BossAnim_BP_C 애니메이션 인스턴트 클래스의 'DefaultSlot' 는 이미 존재합니다. 이 클래스의 애니메이션 그래프에서 중복을 제거하세요.
[2017.11.27-10.00.30:688][343]AnimBlueprint: Warning: 슬롯노드: BossAnim_BP_C 애니메이션 인스턴트 클래스의 'DefaultSlot' 는 이미 존재합니다. 이 클래스의 애니메이션 그래프에서 중복을 제거하세요.
[2017.11.27-10.00.30:689][343]AnimBlueprint: Warning: 슬롯노드: BossAnim_BP_C 애니메이션 인스턴트 클래스의 'DefaultSlot' 는 이미 존재합니다. 이 클래스의 애니메이션 그래프에서 중복을 제거하세요.
[2017.11.27-10.00.32:827][402]LogContentBrowser: Native class hierarchy updated for 'SkeletonEditor' in 0.0009 seconds. Added 1 classes and 2 folders.
[2017.11.27-10.00.33:245][402]LogSlate: Took 0.000518 seconds to synchronously load lazily loaded font '../../../Engine/Content/Slate/Fonts/Roboto-Regular.ttf' (155K)
[2017.11.27-10.00.33:467][402]LogActorComponent: RegisterComponentWithWorld: (/Engine/Transient.World_8:PersistentLevel.Actor_0.DebugSkelMeshComponent_0) Already registered. Aborting.
[2017.11.27-10.00.34:044][402]LogSkeletalMesh: USkeletalMeshComponent::InitArticulated : Bodies already created (/Engine/Transient.World_8:PersistentLevel.Actor_0.DebugSkelMeshComponent_0) - call TermArticulated first.
[2017.11.27-10.00.36:344][402]LogContentBrowser: Verbose: The majority of assets in the view are of type: AnimSequence
[2017.11.27-10.02.26:963][390]LogEditorViewport: Clicking on Actor (LMB): PunchEnemy_C (PunchEnemy)
[2017.11.27-10.02.36:078][673]LogClass: Warning: Enum '/Game/AdvancedMagicFX05/DemoRoomData/Blueprints/BP_DemoDisplay_Enum.BP_DemoDisplay_Enum' was upgraded to use FText to store its display name data. Please re-save this asset to avoid issues with localization and determinstic cooking.
[2017.11.27-10.02.36:551][673]LogContentBrowser: Native class hierarchy updated for 'BlueprintGraph' in 0.0012 seconds. Added 113 classes and 0 folders.
[2017.11.27-10.02.39:017][673]LogSlate: Took 0.018712 seconds to synchronously load lazily loaded font '../../../Engine/Content/Editor/Slate/Fonts/Roboto-BoldCondensed.ttf' (158K)
[2017.11.27-10.02.39:909][674]LogSlate: Took 0.017660 seconds to synchronously load lazily loaded font '../../../Engine/Content/Editor/Slate/Fonts/Roboto-Italic.ttf' (157K)
[2017.11.27-10.02.44:220][833]LogActorComponent: RegisterComponentWithWorld: (/Engine/Transient.World_15:PersistentLevel.Actor_1.DebugSkelMeshComponent_3) Already registered. Aborting.
[2017.11.27-10.02.44:653][833]LogSkeletalMesh: USkeletalMeshComponent::InitArticulated : Bodies already created (/Engine/Transient.World_15:PersistentLevel.Actor_1.DebugSkelMeshComponent_3) - call TermArticulated first.
[2017.11.27-10.02.45:734][833]LogContentBrowser: Verbose: The majority of assets in the view are of type: AnimSequence
[2017.11.27-10.02.54:188][ 90]LogBlueprintUserMessages: Early PlayInEditor Detection: Level '/Game/FLAG.FLAG:PersistentLevel' has LevelScriptBlueprint '/Game/FLAG.FLAG:PersistentLevel.FLAG' with GeneratedClass '/Game/FLAG.FLAG_C' with ClassGeneratedBy '/Game/FLAG.FLAG:PersistentLevel.FLAG'
[2017.11.27-10.02.54:220][ 90]BlueprintLog: New page: 플레이 전 자동 컴파일
[2017.11.27-10.02.54:234][ 90]LogPlayLevel: [PlayLevel] Compiling WarriorAnim_BP before play...
[2017.11.27-10.02.54:335][ 90]LogPlayLevel: [PlayLevel]   Compiling WarriorEnemy as a dependent...
[2017.11.27-10.02.54:930][ 90]LogPlayLevel: PlayLevel: Blueprint regeneration took 709 ms (2 blueprints)
[2017.11.27-10.02.55:072][ 90]PIE: New page: SIE 세션: FLAG (2017. 11. 28. 오전 4:02:55)
[2017.11.27-10.02.55:109][ 90]LogPlayLevel: Creating play world package: /Game/UEDPIE_0_FLAG
[2017.11.27-10.02.55:208][ 90]LogPlayLevel: PIE: StaticDuplicateObject took: (0.098208s)
[2017.11.27-10.02.55:208][ 90]LogAIModule: Creating AISystem for world FLAG
[2017.11.27-10.02.55:209][ 90]LogPlayLevel: PIE: World Init took: (0.001197s)
[2017.11.27-10.02.55:209][ 90]LogPlayLevel: PIE: Created PIE world by copying editor world from /Game/FLAG.FLAG to /Game/UEDPIE_0_FLAG.FLAG (0.100256s)
[2017.11.27-10.02.55:244][ 90]LogInit: XAudio2 using '스피커(Realtek High Definition Audio(SST))' : 2 channels at 48 kHz using 32 bits per sample (channel mask 0x3)
[2017.11.27-10.02.55:265][ 90]LogInit: FAudioDevice initialized.
[2017.11.27-10.02.55:521][ 90]LogLoad: Game class is 'BerserkerGameMode_C'
[2017.11.27-10.02.55:645][ 90]AnimBlueprint: Warning: 슬롯노드: BossAnim_BP_C 애니메이션 인스턴트 클래스의 'DefaultSlot' 는 이미 존재합니다. 이 클래스의 애니메이션 그래프에서 중복을 제거하세요.
[2017.11.27-10.02.55:648][ 90]LogWorld: Bringing World /Game/UEDPIE_0_FLAG.FLAG up for play (max tick rate 60) at 2017.11.27-19.02.55
[2017.11.27-10.02.55:920][ 90]LogWorld: Bringing up level for play took: 0.383150
[2017.11.27-10.02.56:017][ 90]LogGameMode: FindPlayerStart: PATHS NOT DEFINED or NO PLAYERSTART with positive rating
[2017.11.27-10.02.56:192][ 90]LogContentBrowser: Native class hierarchy updated for 'MovieSceneCapture' in 0.0009 seconds. Added 11 classes and 0 folders.
[2017.11.27-10.02.56:344][ 90]PIE: /Game/UEDPIE_0_FLAG 에 대한 에디터에서 플레이 시작 시간: 1.929
[2017.11.27-10.02.56:620][ 90]LogBlueprintUserMessages: Late PlayInEditor Detection: Level '/Game/FLAG.FLAG:PersistentLevel' has LevelScriptBlueprint '/Game/FLAG.FLAG:PersistentLevel.FLAG' with GeneratedClass '/Game/FLAG.FLAG_C' with ClassGeneratedBy '/Game/FLAG.FLAG:PersistentLevel.FLAG'
[2017.11.27-10.02.59:175][164]LogBlueprintUserMessages: Early EndPlayMap Detection: Level '/Game/FLAG.FLAG:PersistentLevel' has LevelScriptBlueprint '/Game/FLAG.FLAG:PersistentLevel.FLAG' with GeneratedClass '/Game/FLAG.FLAG_C' with ClassGeneratedBy '/Game/FLAG.FLAG:PersistentLevel.FLAG'
[2017.11.27-10.02.59:395][164]LogBlueprintUserMessages: Late EndPlayMap Detection: Level '/Game/FLAG.FLAG:PersistentLevel' has LevelScriptBlueprint '/Game/FLAG.FLAG:PersistentLevel.FLAG' with GeneratedClass '/Game/FLAG.FLAG_C' with ClassGeneratedBy '/Game/FLAG.FLAG:PersistentLevel.FLAG'
[2017.11.27-10.03.07:836][456]BlueprintLog: New page: WarriorEnemy 컴파일
[2017.11.27-10.05.16:132][238]Cmd: OBJ SAVEPACKAGE PACKAGE="/Game/Enemy/WarriorEnemy/WarriorEnemy" FILE="../../../../../NewGarden/GardenProject/NGA/Project/Berserker/Content/Enemy/WarriorEnemy/WarriorEnemy.uasset" SILENT=true
[2017.11.27-10.05.16:280][238]LogSavePackage: Save=102.83ms
[2017.11.27-10.05.16:280][238]LogSavePackage: Moving '../../../../../NewGarden/GardenProject/NGA/Project/Berserker/Saved/WarriorEnemy7645EB6041506C03E484A48159E5AA37.tmp' to '../../../../../NewGarden/GardenProject/NGA/Project/Berserker/Content/Enemy/WarriorEnemy/WarriorEnemy.uasset'
[2017.11.27-10.05.16:283][238]LogSavePackage: Display: Finished SavePackage ../../../../../NewGarden/GardenProject/NGA/Project/Berserker/Content/Enemy/WarriorEnemy/WarriorEnemy.uasset
[2017.11.27-10.05.16:405][238]Cmd: OBJ SAVEPACKAGE PACKAGE="/Game/FLAG" FILE="../../../../../NewGarden/GardenProject/NGA/Project/Berserker/Content/FLAG.umap" SILENT=true AUTOSAVING=false KEEPDIRTY=false
[2017.11.27-10.05.17:195][238]LogSavePackage: Save=754.45ms
[2017.11.27-10.05.17:195][238]LogSavePackage: Moving '../../../../../NewGarden/GardenProject/NGA/Project/Berserker/Saved/FLAG373902494D115478EB24D38404AAAEEA.tmp' to '../../../../../NewGarden/GardenProject/NGA/Project/Berserker/Content/FLAG.umap'
[2017.11.27-10.05.17:200][238]LogSavePackage: Display: Finished SavePackage ../../../../../NewGarden/GardenProject/NGA/Project/Berserker/Content/FLAG.umap
[2017.11.27-10.05.17:372][238]LogFileHelpers: Saving map 'FLAG' took 1.086
[2017.11.27-10.05.17:687][238]LogWindowsTextInputMethodSystem: Display: IME system now activated using TSF (Microsoft 입력기).
[2017.11.27-10.05.18:763][239]Cmd: QUIT_EDITOR
[2017.11.27-10.05.19:547][239]LogExit: Preparing to exit.
[2017.11.27-10.05.21:234][239]LogDirectoryWatcher: A directory notification for 'D:/NewGarden/GardenProject/NGA/Project/Berserker/Content/' was aborted.
[2017.11.27-10.05.21:946][239]LogExit: Editor shut down
[2017.11.27-10.05.21:953][239]LogExit: Transaction tracking system shut down
[2017.11.27-10.05.22:755][239]LogDirectoryWatcher: A directory notification for '../../../Engine/Content/' was aborted.
[2017.11.27-10.05.22:755][239]LogDirectoryWatcher: A directory notification for '../../../../../NewGarden/GardenProject/NGA/Project/Berserker/Content/' was aborted.
[2017.11.27-10.05.22:755][239]LogDirectoryWatcher: A directory notification for '../../../Engine/Plugins/2D/Paper2D/Content/' was aborted.
[2017.11.27-10.05.22:755][239]LogDirectoryWatcher: A directory notification for '../../../Engine/Plugins/Runtime/Oculus/OculusVR/Content/' was aborted.
[2017.11.27-10.05.22:755][239]LogDirectoryWatcher: A directory notification for '../../../Engine/Plugins/Runtime/Steam/SteamVR/Content/' was aborted.
