Log file open, 12/19/17 09:00:57
LogWindows: LoadLibraryWithSearchPaths failed for file aqProf.dll. GetLastError=0
LogWindows: LoadLibraryWithSearchPaths failed for file VtuneApi.dll. GetLastError=0
LogWindows: LoadLibraryWithSearchPaths failed for file VtuneApi32e.dll. GetLastError=0
LogInit: Display: Running engine for game: Berserker
LogPlatformFile: Not using cached read wrapper
LogInit: Display: RandInit(171061881) SRandInit(171061881).
LogTaskGraph: Started task graph with 5 named threads and 14 total threads with 3 sets of task threads.
LogStats: Stats thread started at 0.202398
LogD3D11RHI: Aftermath initialized
LogPluginManager: Mounting plugin Paper2D
LogPluginManager: Mounting plugin LightPropagationVolume
LogPluginManager: Mounting plugin CodeLiteSourceCodeAccess
LogPluginManager: Mounting plugin GitSourceControl
LogPluginManager: Mounting plugin KDevelopSourceCodeAccess
LogPluginManager: Mounting plugin NullSourceCodeAccess
LogPluginManager: Mounting plugin PerforceSourceControl
LogPluginManager: Mounting plugin SubversionSourceControl
LogPluginManager: Mounting plugin UObjectPlugin
LogPluginManager: Mounting plugin VisualStudioSourceCodeAccess
LogPluginManager: Mounting plugin XCodeSourceCodeAccess
LogPluginManager: Mounting plugin AssetManagerEditor
LogPluginManager: Mounting plugin AudioCapture
LogPluginManager: Mounting plugin FacialAnimation
LogPluginManager: Mounting plugin GameplayTagsEditor
LogPluginManager: Mounting plugin MobileLauncherProfileWizard
LogPluginManager: Mounting plugin PluginBrowser
LogPluginManager: Mounting plugin SpeedTreeImporter
LogPluginManager: Mounting plugin AlembicImporter
LogPluginManager: Mounting plugin CharacterAI
LogPluginManager: Mounting plugin HTML5Networking
LogPluginManager: Mounting plugin AndroidMedia
LogPluginManager: Mounting plugin AvfMedia
LogPluginManager: Mounting plugin MediaPlayerEditor
LogPluginManager: Mounting plugin WmfMedia
LogPluginManager: Mounting plugin TcpMessaging
LogPluginManager: Mounting plugin UdpMessaging
LogPluginManager: Mounting plugin LevelSequenceEditor
LogPluginManager: Mounting plugin MatineeToLevelSequence
LogPluginManager: Mounting plugin OnlineSubsystemGooglePlay
LogPluginManager: Mounting plugin OnlineSubsystemIOS
LogPluginManager: Mounting plugin OnlineSubsystem
LogPluginManager: Mounting plugin OnlineSubsystemNull
LogPluginManager: Mounting plugin OnlineSubsystemUtils
LogPluginManager: Mounting plugin AndroidDeviceProfileSelector
LogPluginManager: Mounting plugin AndroidMoviePlayer
LogPluginManager: Mounting plugin AndroidPermission
LogPluginManager: Mounting plugin AppleMoviePlayer
LogPluginManager: Mounting plugin ArchVisCharacter
LogPluginManager: Mounting plugin CableComponent
LogPluginManager: Mounting plugin CustomMeshComponent
LogPluginManager: Mounting plugin ExampleDeviceProfileSelector
LogPluginManager: Mounting plugin GoogleCloudMessaging
LogPluginManager: Mounting plugin ImmediatePhysics
LogPluginManager: Mounting plugin IOSDeviceProfileSelector
LogPluginManager: Mounting plugin LinuxDeviceProfileSelector
LogPluginManager: Mounting plugin LocationServicesBPLibrary
LogPluginManager: Mounting plugin MobilePatchingUtils
LogPluginManager: Mounting plugin OculusVR
LogPluginManager: Mounting plugin PhysXVehicles
LogPluginManager: Mounting plugin ProceduralMeshComponent
LogPluginManager: Mounting plugin RuntimePhysXCooking
LogPluginManager: Mounting plugin SteamVR
LogPluginManager: Mounting plugin WindowsMoviePlayer
LogInit: Using libcurl 7.47.1
LogInit:  - built for x86_64-pc-win32
LogInit:  - supports SSL with OpenSSL/1.0.2g
LogInit:  - supports HTTP deflate (compression) using libz 1.2.8
LogInit:  - other features:
LogInit:      CURL_VERSION_SSL
LogInit:      CURL_VERSION_LIBZ
LogInit:      CURL_VERSION_IPV6
LogInit:      CURL_VERSION_ASYNCHDNS
LogInit:      CURL_VERSION_LARGEFILE
LogInit:      CURL_VERSION_IDN
LogInit:  CurlRequestOptions (configurable via config and command line):
LogInit:  - bVerifyPeer = false  - Libcurl will NOT verify peer certificate
LogInit:  - bUseHttpProxy = false  - Libcurl will NOT use HTTP proxy
LogInit:  - bDontReuseConnections = false  - Libcurl will reuse connections
LogInit:  - CertBundlePath = nullptr  - Libcurl will use whatever was configured at build time.
LogInit: Build: ++UE4+Release-4.17-CL-3586342
LogInit: Engine Version: 4.17.1-3586342+++UE4+Release-4.17
LogInit: Compatible Engine Version: 4.17.0-3573198+++UE4+Release-4.17
LogInit: Net CL: 3573198
LogDevObjectVersion: Number of dev versions registered: 16
LogDevObjectVersion:   Dev-Blueprints (B0D832E4-1F89-4F0D-ACCF-7EB736FD4AA2): 10
LogDevObjectVersion:   Dev-Build (E1C64328-A22C-4D53-A36C-8E866417BD8C): 0
LogDevObjectVersion:   Dev-Core (375EC13C-06E4-48FB-B500-84F0262A717E): 2
LogDevObjectVersion:   Dev-Editor (E4B068ED-F494-42E9-A231-DA0B2E46BB41): 20
LogDevObjectVersion:   Dev-Framework (CFFC743F-43B0-4480-9391-14DF171D2073): 28
LogDevObjectVersion:   Dev-Mobile (B02B49B5-BB20-44E9-A304-32B752E40360): 0
LogDevObjectVersion:   Dev-Networking (A4E4105C-59A1-49B5-A7C5-40C4547EDFEE): 0
LogDevObjectVersion:   Dev-Online (39C831C9-5AE6-47DC-9A44-9C173E1C8E7C): 0
LogDevObjectVersion:   Dev-Physics (78F01B33-EBEA-4F98-B9B4-84EACCB95AA2): 0
LogDevObjectVersion:   Dev-Platform (6631380F-2D4D-43E0-8009-CF276956A95A): 0
LogDevObjectVersion:   Dev-Rendering (12F88B9F-8875-4AFC-A67C-D90C383ABD29): 19
LogDevObjectVersion:   Dev-Sequencer (7B5AE74C-D270-4C10-A958-57980B212A5A): 4
LogDevObjectVersion:   Dev-VR (D7296918-1DD6-4BDD-9DE2-64A83CC13884): 0
LogDevObjectVersion:   Dev-LoadTimes (C2A15278-BFE7-4AFE-6C17-90FF531DF755): 1
LogDevObjectVersion:   Private-Geometry (6EACA3D4-40EC-4CC1-B786-8BED09428FC5): 1
LogDevObjectVersion:   Dev-AnimPhys (29E575DD-E0A3-4627-9D10-D276232CDCEA): 7
LogInit: Compiled (64-bit): Aug 15 2017 02:05:26
LogInit: Compiled with Visual C++: 19.00.24215.01
LogInit: Build Configuration: Development
LogInit: Branch Name: ++UE4+Release-4.17
LogInit: Command line:  
LogInit: Base directory: D:/UnrealEngine/UE_4.17/Engine/Binaries/Win64/
LogInit: Installed Engine Build: 1
LogInit: Presizing for max 8388607 objects, including 0 objects not considered by GC, pre-allocating 0 bytes for permanent pool.
LogInit: Object subsystem initialized
[2017.12.19-00.01.03:170][  0]LogInit: Selected Device Profile: [Windows]
[2017.12.19-00.01.03:170][  0]LogInit: Applying CVar settings loaded from the selected device profile: [Windows]
[2017.12.19-00.01.03:325][  0]LogInit: Computer: DESKTOP-6JOGDQL
[2017.12.19-00.01.03:325][  0]LogInit: User: JWOH
[2017.12.19-00.01.03:325][  0]LogInit: CPU Page size=4096, Cores=4
[2017.12.19-00.01.03:325][  0]LogInit: High frequency timer resolution =2.531249 MHz
[2017.12.19-00.01.03:325][  0]LogMemory: Memory total: Physical=7.9GB (8GB approx)
[2017.12.19-00.01.03:336][  0]LogMemory: Platform Memory Stats for Windows
[2017.12.19-00.01.03:336][  0]LogMemory: Process Physical Memory: 281.01 MB used, 281.01 MB peak
[2017.12.19-00.01.03:336][  0]LogMemory: Process Virtual Memory: 293.60 MB used, 293.60 MB peak
[2017.12.19-00.01.03:336][  0]LogMemory: Physical Memory: 2554.08 MB used,  5501.57 MB free, 8055.66 MB total
[2017.12.19-00.01.03:336][  0]LogMemory: Virtual Memory: 688.29 MB used,  5501.57 MB free, 134217728.00 MB total
[2017.12.19-00.01.05:034][  0]LogInit: Using OS detected language (ko-KR).
[2017.12.19-00.01.05:034][  0]LogInit: Using OS detected locale (ko-KR).
[2017.12.19-00.01.06:001][  0]LogTextLocalizationManager: No specific localization for 'ko-KR' exists, so the 'ko' localization will be used.
[2017.12.19-00.01.15:223][  0]LogD3D11RHI: D3D11 adapters:
[2017.12.19-00.01.16:003][  0]LogD3D11RHI:    0. 'NVIDIA GeForce GTX 960M' (Feature Level 11_0)
[2017.12.19-00.01.16:003][  0]LogD3D11RHI:       2019/0/4027 MB DedicatedVideo/DedicatedSystem/SharedSystem, Outputs:1, VendorId:0x10de
[2017.12.19-00.01.16:056][  0]LogD3D11RHI:    1. 'Intel(R) HD Graphics 530' (Feature Level 11_0)
[2017.12.19-00.01.16:056][  0]LogD3D11RHI:       128/0/4027 MB DedicatedVideo/DedicatedSystem/SharedSystem, Outputs:0, VendorId:0x8086
[2017.12.19-00.01.16:058][  0]LogD3D11RHI:    2. 'Microsoft Basic Render Driver' (Feature Level 11_0)
[2017.12.19-00.01.16:058][  0]LogD3D11RHI:       0/0/4027 MB DedicatedVideo/DedicatedSystem/SharedSystem, Outputs:0, VendorId:0x1414
[2017.12.19-00.01.16:058][  0]LogD3D11RHI: Chosen D3D11 Adapter: 0
[2017.12.19-00.01.16:143][  0]LogD3D11RHI: Creating new Direct3DDevice
[2017.12.19-00.01.16:144][  0]LogD3D11RHI:     GPU DeviceId: 0x139b (for the marketing name, search the web for "GPU Device Id")
[2017.12.19-00.01.16:144][  0]LogWindows: EnumDisplayDevices:
[2017.12.19-00.01.16:144][  0]LogWindows:    0. 'Intel(R) HD Graphics 530' (P:1 D:1)
[2017.12.19-00.01.16:145][  0]LogWindows:    1. 'Intel(R) HD Graphics 530' (P:0 D:0)
[2017.12.19-00.01.16:147][  0]LogWindows:    2. 'Intel(R) HD Graphics 530' (P:0 D:0)
[2017.12.19-00.01.16:147][  0]LogWindows: DebugString: PrimaryIsNotTheChoosenAdapter PrimaryIsNotTheChoosenAdapter PrimaryIsNotTheChoosenAdapter FoundDriverCount:0 
[2017.12.19-00.01.16:147][  0]LogD3D11RHI:     Adapter Name: NVIDIA GeForce GTX 960M
[2017.12.19-00.01.16:147][  0]LogD3D11RHI:   Driver Version: Unknown (internal:Unknown, unified:Unknown)
[2017.12.19-00.01.16:147][  0]LogD3D11RHI:      Driver Date: Unknown
[2017.12.19-00.01.16:147][  0]LogRHI: Texture pool is 1361 MB (70% of 1945 MB)
[2017.12.19-00.01.16:270][  0]LogD3D11RHI: Async texture creation enabled
[2017.12.19-00.01.17:003][  0]LogD3D11RHI: GPU Timing Frequency: 1000.000000 (Debug: 2 1)
[2017.12.19-00.01.17:113][  0]LogShaderCompilers: Guid format shader working directory is -13 characters bigger than the processId version (../../../../../NewGarden/GardenProject/NGA/Project/Berserker/Intermediate/Shaders/WorkingDirectory/7544/).
[2017.12.19-00.01.17:113][  0]LogShaderCompilers: Cleaned the shader compiler working directory 'C:/Users/J.W OH/AppData/Local/Temp/UnrealShaderWorkingDir/7F1EBD204CE838938BDA71A7A0C73A41/'.
[2017.12.19-00.01.17:125][  0]LogShaderCompilers: Display: Using Local Shader Compiler.
[2017.12.19-00.01.27:289][  0]LogTemp: Display: Loaded TP AllDesktopTargetPlatform
[2017.12.19-00.01.27:330][  0]LogTemp: Display: Loaded TP MacClientTargetPlatform
[2017.12.19-00.01.27:371][  0]LogTemp: Display: Loaded TP MacNoEditorTargetPlatform
[2017.12.19-00.01.27:412][  0]LogTemp: Display: Loaded TP MacServerTargetPlatform
[2017.12.19-00.01.27:502][  0]LogTemp: Display: Loaded TP MacTargetPlatform
[2017.12.19-00.01.27:550][  0]LogTemp: Display: Loaded TP WindowsClientTargetPlatform
[2017.12.19-00.01.27:592][  0]LogTemp: Display: Loaded TP WindowsNoEditorTargetPlatform
[2017.12.19-00.01.27:637][  0]LogTemp: Display: Loaded TP WindowsServerTargetPlatform
[2017.12.19-00.01.27:677][  0]LogTemp: Display: Loaded TP WindowsTargetPlatform
[2017.12.19-00.01.27:747][  0]LogTemp: Display: Loaded TP AndroidTargetPlatform
[2017.12.19-00.01.27:799][  0]LogTemp: Display: Loaded TP Android_ASTCTargetPlatform
[2017.12.19-00.01.27:841][  0]LogTemp: Display: Loaded TP Android_ATCTargetPlatform
[2017.12.19-00.01.27:880][  0]LogTemp: Display: Loaded TP Android_DXTTargetPlatform
[2017.12.19-00.01.27:920][  0]LogTemp: Display: Loaded TP Android_ETC1TargetPlatform
[2017.12.19-00.01.27:961][  0]LogTemp: Display: Loaded TP Android_ETC2TargetPlatform
[2017.12.19-00.01.28:051][  0]LogTemp: Display: Loaded TP Android_MultiTargetPlatform
[2017.12.19-00.01.28:051][  0]LogTemp: Display: Loaded TP Android_PVRTCTargetPlatform
[2017.12.19-00.01.28:083][  0]LogTemp: Display: Loaded TP HTML5TargetPlatform
[2017.12.19-00.01.28:427][  0]LogTemp: Display: Loaded TP IOSTargetPlatform
[2017.12.19-00.01.28:459][  0]LogTemp: Display: Loaded TP TVOSTargetPlatform
[2017.12.19-00.01.28:501][  0]LogTemp: Display: Loaded TP LinuxClientTargetPlatform
[2017.12.19-00.01.28:556][  0]LogTemp: Display: Loaded TP LinuxNoEditorTargetPlatform
[2017.12.19-00.01.28:606][  0]LogTemp: Display: Loaded TP LinuxServerTargetPlatform
[2017.12.19-00.01.28:691][  0]LogTemp: Display: Loaded TP LinuxTargetPlatform
[2017.12.19-00.01.28:691][  0]LogTargetPlatformManager: Display: Building Assets For Windows
[2017.12.19-00.01.31:774][  0]LogDerivedDataCache: Display: Max Cache Size: 512 MB
[2017.12.19-00.01.32:162][  0]LogDerivedDataCache: Loaded boot cache 0.39s 93MB C:/Users/J.W OH/AppData/Local/UnrealEngine/4.17/DerivedDataCache/Boot.ddc.
[2017.12.19-00.01.32:163][  0]LogDerivedDataCache: Display: Loaded Boot cache: C:/Users/J.W OH/AppData/Local/UnrealEngine/4.17/DerivedDataCache/Boot.ddc
[2017.12.19-00.01.32:163][  0]LogDerivedDataCache: FDerivedDataBackendGraph:  Pak pak cache file ../../../../../NewGarden/GardenProject/NGA/Project/Berserker/DerivedDataCache/DDC.ddp not found, will not use a pak cache.
[2017.12.19-00.01.32:163][  0]LogDerivedDataCache: Unable to find inner node Pak for hierarchical cache Hierarchy.
[2017.12.19-00.01.32:163][  0]LogDerivedDataCache: FDerivedDataBackendGraph:  CompressedPak pak cache file ../../../../../NewGarden/GardenProject/NGA/Project/Berserker/DerivedDataCache/Compressed.ddp not found, will not use a pak cache.
[2017.12.19-00.01.32:163][  0]LogDerivedDataCache: Unable to find inner node CompressedPak for hierarchical cache Hierarchy.
[2017.12.19-00.01.33:786][  0]LogDerivedDataCache: Display: Pak cache opened for reading ../../../Engine/DerivedDataCache/Compressed.ddp.
[2017.12.19-00.01.33:799][  0]LogDerivedDataCache: Using Local data cache path C:/Users/J.W OH/AppData/Local/UnrealEngine/Common/DerivedDataCache: Writable
[2017.12.19-00.01.34:376][  0]LogMaterial: Verifying Global Shaders for PCD3D_SM5
[2017.12.19-00.01.34:729][  0]LogSlate: Using Freetype 2.6.0
[2017.12.19-00.01.34:893][  0]LogSlate: SlateFontCache - WITH_FREETYPE: 1, WITH_HARFBUZZ: 1
[2017.12.19-00.01.34:906][  0]LogSlate: SlateFontCache - WITH_FREETYPE: 1, WITH_HARFBUZZ: 1
[2017.12.19-00.01.48:284][  0]LogAssetRegistry: FAssetRegistry took 0.0609 seconds to start up
[2017.12.19-00.01.52:024][  0]LogInit: Selected Device Profile: [Windows]
[2017.12.19-00.02.00:131][  0]LogContentStreaming: Texture pool size is 0.00 MB
[2017.12.19-00.02.01:076][  0]LogSimplygon: Simplygon DLL not present - disabling.
[2017.12.19-00.02.01:128][  0]LogMeshReduction: Using SimplygonSwarm for distributed automatic mesh merging
[2017.12.19-00.02.01:140][  0]LogMeshReduction: Using QuadricMeshReduction for automatic static mesh reduction
[2017.12.19-00.02.01:141][  0]LogMeshReduction: No automatic skeletal mesh reduction module available
[2017.12.19-00.02.01:141][  0]LogMeshReduction: No automatic mesh merging module available
[2017.12.19-00.02.01:141][  0]LogMeshMerging: No automatic mesh merging module available
[2017.12.19-00.02.04:292][  0]LogNetVersion: Berserker , NetCL: 3573198, EngineNetVer: 2, GameNetVer: 0 (Checksum: 408643392)
[2017.12.19-00.02.05:858][  0]LogPackageLocalizationCache: Processed 5 localized package path(s) for 2 prioritized culture(s) in 0.112907 seconds
[2017.12.19-00.02.05:874][  0]LogUObjectArray: 35825 objects as part of root set at end of initial load.
[2017.12.19-00.02.05:874][  0]LogUObjectAllocator: 7529104 out of 0 bytes used by permanent object pool.
[2017.12.19-00.02.05:874][  0]LogUObjectArray: CloseDisregardForGC: 0/0 objects in disregard for GC pool
[2017.12.19-00.02.05:924][  0]LogInit: WinSock: version 1.1 (2.2), MaxSocks=32767, MaxUdp=65467
[2017.12.19-00.02.23:181][  0]LogTcpMessaging: Initializing TcpMessaging bridge
[2017.12.19-00.02.23:245][  0]LogUdpMessaging: Initializing bridge on interface 0.0.0.0:0 to multicast group 230.0.0.1:6666.
[2017.12.19-00.02.24:727][  0]LogMaterial: Uniform references updated for custom material expression Custom.
[2017.12.19-00.02.25:534][  0]SourceControl: 소스 콘트롤이 꺼졌습니다.
[2017.12.19-00.02.25:534][  0]SourceControl: 소스 콘트롤이 꺼졌습니다.
[2017.12.19-00.02.25:656][  0]SourceControl: 소스 콘트롤이 꺼졌습니다.
[2017.12.19-00.02.25:707][  0]SourceControl: 소스 콘트롤이 꺼졌습니다.
[2017.12.19-00.02.26:650][  0]LogAndroidPermission: UAndroidPermissionCallbackProxy::GetInstance
[2017.12.19-00.02.26:908][  0]LogOcInput: OculusInput pre-init called
[2017.12.19-00.02.27:710][  0]LogEngine: Initializing Engine...
[2017.12.19-00.02.27:754][  0]LogHMD: Failed to initialize OpenVR with code 110
[2017.12.19-00.02.28:495][  0]LogStats: UGameplayTagsManager::ConstructGameplayTagTree: Construct from data asset -  0.000 s
[2017.12.19-00.02.28:495][  0]LogStats: UGameplayTagsManager::ConstructGameplayTagTree: GameplayTagTreeChangedEvent.Broadcast -  0.000 s
[2017.12.19-00.02.29:031][  0]LogAIModule: Creating AISystem for world Untitled
[2017.12.19-00.02.29:213][  0]LogInit: XAudio2 using '스피커(Realtek High Definition Audio(SST))' : 2 channels at 48 kHz using 32 bits per sample (channel mask 0x3)
[2017.12.19-00.02.29:825][  0]LogInit: FAudioDevice initialized.
[2017.12.19-00.02.29:932][  0]LogDerivedDataCache: Saved boot cache 0.11s 93MB C:/Users/J.W OH/AppData/Local/UnrealEngine/4.17/DerivedDataCache/Boot.ddc.
[2017.12.19-00.02.29:973][  0]LogInit: Texture streaming: Enabled
[2017.12.19-00.02.30:128][  0]LogEngineSessionManager: EngineSessionManager initialized
[2017.12.19-00.02.31:254][  0]LogInit: Transaction tracking system initialized
[2017.12.19-00.02.32:379][  0]BlueprintLog: New page: 에디터 로드
[2017.12.19-00.02.36:122][  0]LocalizationService: 현지화 서비스가 비활성화되었습니다.
[2017.12.19-00.02.39:753][  0]LogConsoleResponse: Display: 
[2017.12.19-00.02.46:837][  0]LogFileCache: Scanning file cache for directory 'D:/NewGarden/GardenProject/NGA/Project/Berserker/Content/' took 0.21s
[2017.12.19-00.02.46:837][  0]LogCook: Display: Max memory allowance for cook 16384mb min free memory 0mb
[2017.12.19-00.02.46:837][  0]LogCook: Display: Mobile HDR setting 1
[2017.12.19-00.02.46:976][  0]LogGameplayTags: Display: UGameplayTagsManager::DoneAddingNativeTags. DelegateIsBound: 0
[2017.12.19-00.02.55:548][  0]SourceControl: 소스 콘트롤이 꺼졌습니다.
[2017.12.19-00.02.55:851][  0]Cmd: MAP LOAD FILE="../../../../../NewGarden/GardenProject/NGA/Project/Berserker/Content/GameLevel.umap" TEMPLATE=0 SHOWPROGRESS=1 FEATURELEVEL=3
[2017.12.19-00.02.56:374][  0]LightingResults: New page: 라이팅 빌드
[2017.12.19-00.02.57:085][  0]MapCheck: New page: 맵 체크
[2017.12.19-00.02.57:085][  0]LightingResults: New page: 라이팅 빌드
[2017.12.19-00.04.03:941][  0]LogClothingAssetFactory: Finished physical mesh import
[2017.12.19-00.04.03:942][  0]LogClothingAssetFactory: Finished physical mesh import
[2017.12.19-00.04.03:986][  0]LogActorComponent: ReregisterComponent: (/Game/GameLevel.GameLevel:PersistentLevel.flag_real6.SkeletalMeshComponent0) Not currently registered. Aborting.
[2017.12.19-00.04.03:986][  0]LogActorComponent: ReregisterComponent: (/Game/GameLevel.GameLevel:PersistentLevel.flag_real7.SkeletalMeshComponent0) Not currently registered. Aborting.
[2017.12.19-00.04.03:986][  0]LogActorComponent: ReregisterComponent: (/Game/GameLevel.GameLevel:PersistentLevel.flag_real6.SkeletalMeshComponent0) Not currently registered. Aborting.
[2017.12.19-00.04.03:986][  0]LogActorComponent: ReregisterComponent: (/Game/GameLevel.GameLevel:PersistentLevel.flag_real7.SkeletalMeshComponent0) Not currently registered. Aborting.
[2017.12.19-00.04.04:415][  0]LogAIModule: Creating AISystem for world GameLevel
[2017.12.19-00.04.04:976][  0]AnimBlueprint: Warning: 슬롯노드: PlayerCharacterAnim_BP_C 애니메이션 인스턴트 클래스의 'DefaultSlot' 는 이미 존재합니다. 이 클래스의 애니메이션 그래프에서 중복을 제거하세요.
[2017.12.19-00.04.05:131][  0]LogEditorServer: Finished looking for orphan Actors (0.000 secs)
[2017.12.19-00.04.05:551][  0]Cmd: MAP CHECKDEP NOCLEARLOG
[2017.12.19-00.04.05:641][  0]MapCheck: 맵 체크 완료: 오류 0 회, 경고 0 회, 소요 시간 89.791ms.
[2017.12.19-00.04.05:641][  0]LogFileHelpers: Loading map 'GameLevel' took 69.946
[2017.12.19-00.04.07:096][  0]LogCollectionManager: Loaded 0 collections in 0.001160 seconds
[2017.12.19-00.04.07:288][  0]LogFileCache: Scanning file cache for directory 'D:/NewGarden/GardenProject/NGA/Project/Berserker/Saved/Collections/' took 0.01s
[2017.12.19-00.04.07:288][  0]LogFileCache: Scanning file cache for directory 'D:/NewGarden/GardenProject/NGA/Project/Berserker/Content/Developers/JWOH/Collections/' took 0.01s
[2017.12.19-00.04.07:288][  0]LogFileCache: Scanning file cache for directory 'D:/NewGarden/GardenProject/NGA/Project/Berserker/Content/Collections/' took 0.01s
[2017.12.19-00.04.07:288][  0]LogCollectionManager: Rebuilt the GUID cache for 0 collections in 0.000000 seconds
[2017.12.19-00.04.07:319][  0]LogContentBrowser: Native class hierarchy populated in 0.0298 seconds. Added 2386 classes and 500 folders.
[2017.12.19-00.04.07:419][  0]LogContentBrowser: Native class hierarchy updated for 'WidgetCarousel' in 0.0008 seconds. Added 0 classes and 0 folders.
[2017.12.19-00.04.08:522][  0]LogContentBrowser: Native class hierarchy updated for 'AddContentDialog' in 0.0006 seconds. Added 0 classes and 0 folders.
[2017.12.19-00.04.08:608][  0]LogContentBrowser: Native class hierarchy updated for 'SceneOutliner' in 0.0006 seconds. Added 1 classes and 2 folders.
[2017.12.19-00.04.10:094][  0]LogSlate: Took 0.024324 seconds to synchronously load lazily loaded font '../../../Engine/Content/Slate/Fonts/Roboto-Regular.ttf' (155K)
[2017.12.19-00.04.10:196][  0]LogSlate: Took 0.090921 seconds to synchronously load lazily loaded font '../../../Engine/Content/Slate/Fonts/NanumGothic.ttf' (4243K)
[2017.12.19-00.04.10:219][  0]LogSlate: Took 0.022027 seconds to synchronously load lazily loaded font '../../../Engine/Content/Slate/Fonts/Roboto-Bold.ttf' (160K)
[2017.12.19-00.04.10:275][  0]LogSlate: Took 0.019528 seconds to synchronously load lazily loaded font '../../../Engine/Content/Editor/Slate/Fonts/FontAwesome.ttf' (139K)
[2017.12.19-00.04.10:795][  0]LogRenderer: Reallocating scene render targets to support 1208x576 Format 10 NumSamples 1 (Frame:1).
[2017.12.19-00.04.11:241][  0]LogSlate: Took 0.014310 seconds to synchronously load lazily loaded font '../../../Engine/Content/Slate/Fonts/Roboto-Light.ttf' (159K)
[2017.12.19-00.04.12:056][  0]LogContentBrowser: Native class hierarchy updated for 'HierarchicalLODOutliner' in 0.0007 seconds. Added 1 classes and 2 folders.
[2017.12.19-00.04.12:056][  0]LogLoad: (Engine Initialization) Total time: 201.50 seconds
[2017.12.19-00.04.12:056][  0]LogLoad: (Engine Initialization) Total Blueprint compile time: 0.00 seconds
[2017.12.19-00.04.12:062][  0]LogExternalProfiler: Found external profiler: VSPerf
[2017.12.19-00.04.12:062][  0]LogExternalProfiler: Using external profiler: VSPerf
[2017.12.19-00.04.12:554][  0]LogContentStreaming: Texture pool size now 1000 MB
[2017.12.19-00.04.13:453][  3]LogAssetRegistry: Asset discovery search completed in 145.2209 seconds
[2017.12.19-00.04.13:456][  3]LogCollectionManager: Rebuilt the object cache for 0 collections in 0.000001 seconds (found 0 objects)
[2017.12.19-00.04.13:456][  3]LogCollectionManager: Fixed up redirectors for 0 collections in 0.000043 seconds (updated 0 objects)
[2017.12.19-00.05.07:299][339]LogTemp: Repeating last play command: 새 에디터 창 (PIE)
[2017.12.19-00.05.07:877][339]LogBlueprintUserMessages: Early PlayInEditor Detection: Level '/Game/GameLevel.GameLevel:PersistentLevel' has LevelScriptBlueprint '/Game/GameLevel.GameLevel:PersistentLevel.GameLevel' with GeneratedClass '/Game/GameLevel.GameLevel_C' with ClassGeneratedBy '/Game/GameLevel.GameLevel:PersistentLevel.GameLevel'
[2017.12.19-00.05.07:877][339]LogPlayLevel: PlayLevel: No blueprints needed recompiling
[2017.12.19-00.05.07:913][339]PIE: New page: PIE 세션: GameLevel (2017. 12. 19. 오후 6:05:07)
[2017.12.19-00.05.07:913][339]LogPlayLevel: Creating play world package: /Game/UEDPIE_0_GameLevel
[2017.12.19-00.05.07:985][339]LogPlayLevel: PIE: StaticDuplicateObject took: (0.071946s)
[2017.12.19-00.05.07:986][339]LogAIModule: Creating AISystem for world GameLevel
[2017.12.19-00.05.07:986][339]LogPlayLevel: PIE: World Init took: (0.001017s)
[2017.12.19-00.05.07:987][339]LogPlayLevel: PIE: Created PIE world by copying editor world from /Game/GameLevel.GameLevel to /Game/UEDPIE_0_GameLevel.GameLevel (0.073858s)
[2017.12.19-00.05.08:004][339]LogInit: XAudio2 using '스피커(Realtek High Definition Audio(SST))' : 2 channels at 48 kHz using 32 bits per sample (channel mask 0x3)
[2017.12.19-00.05.08:025][339]LogInit: FAudioDevice initialized.
[2017.12.19-00.05.08:212][339]LogLoad: Game class is 'BerserkerGameMode_C'
[2017.12.19-00.05.08:314][339]AnimBlueprint: Warning: 슬롯노드: PlayerCharacterAnim_BP_C 애니메이션 인스턴트 클래스의 'DefaultSlot' 는 이미 존재합니다. 이 클래스의 애니메이션 그래프에서 중복을 제거하세요.
[2017.12.19-00.05.08:315][339]LogWorld: Bringing World /Game/UEDPIE_0_GameLevel.GameLevel up for play (max tick rate 60) at 2017.12.19-09.05.08
[2017.12.19-00.05.08:555][339]LogWorld: Bringing up level for play took: 0.305461
[2017.12.19-00.05.08:672][339]LogContentBrowser: Native class hierarchy updated for 'MovieSceneCapture' in 0.0011 seconds. Added 11 classes and 0 folders.
[2017.12.19-00.05.08:790][339]PIE: /Game/UEDPIE_0_GameLevel 에 대한 에디터에서 플레이 시작 시간: 0.938
[2017.12.19-00.05.08:808][339]LogBlueprintUserMessages: Late PlayInEditor Detection: Level '/Game/GameLevel.GameLevel:PersistentLevel' has LevelScriptBlueprint '/Game/GameLevel.GameLevel:PersistentLevel.GameLevel' with GeneratedClass '/Game/GameLevel.GameLevel_C' with ClassGeneratedBy '/Game/GameLevel.GameLevel:PersistentLevel.GameLevel'
[2017.12.19-00.05.08:959][339]LogRenderer: Reallocating scene render targets to support 1292x756 Format 10 NumSamples 1 (Frame:1).
[2017.12.19-00.05.10:417][398]LogBlueprintUserMessages: Early EndPlayMap Detection: Level '/Game/GameLevel.GameLevel:PersistentLevel' has LevelScriptBlueprint '/Game/GameLevel.GameLevel:PersistentLevel.GameLevel' with GeneratedClass '/Game/GameLevel.GameLevel_C' with ClassGeneratedBy '/Game/GameLevel.GameLevel:PersistentLevel.GameLevel'
[2017.12.19-00.05.10:559][398]LogBlueprintUserMessages: Late EndPlayMap Detection: Level '/Game/GameLevel.GameLevel:PersistentLevel' has LevelScriptBlueprint '/Game/GameLevel.GameLevel:PersistentLevel.GameLevel' with GeneratedClass '/Game/GameLevel.GameLevel_C' with ClassGeneratedBy '/Game/GameLevel.GameLevel:PersistentLevel.GameLevel'
[2017.12.19-00.05.12:199][464]LogHttp: Warning: 000001A44D459D80: request failed, libcurl error: 6 (Couldn't resolve host name)
[2017.12.19-00.05.12:199][464]LogHttp: Warning: 000001A44D459D80: libcurl info message cache 0 (Could not resolve host: datarouter.ol.epicgames.com)
[2017.12.19-00.05.12:199][464]LogHttp: Warning: 000001A44D459D80: libcurl info message cache 1 (Closing connection 0)
[2017.12.19-00.05.19:748][781]LogSlate: Took 0.000309 seconds to synchronously load lazily loaded font '../../../Engine/Content/Slate/Fonts/Roboto-Light.ttf' (159K)
[2017.12.19-00.05.19:794][781]Cmd: MAP LOAD FILE="../../../../../NewGarden/GardenProject/NGA/Project/Berserker/Content/GameLevel.umap" TEMPLATE=0 SHOWPROGRESS=1 FEATURELEVEL=3
[2017.12.19-00.05.19:794][781]LightingResults: New page: 라이팅 빌드
[2017.12.19-00.05.19:795][781]LoadErrors: New page: 맵 로드중: GameLevel.umap
[2017.12.19-00.05.19:800][781]MapCheck: New page: 맵 체크
[2017.12.19-00.05.19:800][781]LightingResults: New page: 라이팅 빌드
[2017.12.19-00.05.19:974][781]LogAIModule: Creating AISystem for world GameLevel
[2017.12.19-00.05.19:992][781]AnimBlueprint: Warning: 슬롯노드: PlayerCharacterAnim_BP_C 애니메이션 인스턴트 클래스의 'DefaultSlot' 는 이미 존재합니다. 이 클래스의 애니메이션 그래프에서 중복을 제거하세요.
[2017.12.19-00.05.20:139][781]LogEditorServer: Finished looking for orphan Actors (0.000 secs)
[2017.12.19-00.05.20:452][781]Cmd: MAP CHECKDEP NOCLEARLOG
[2017.12.19-00.05.20:546][781]MapCheck: 맵 체크 완료: 오류 0 회, 경고 0 회, 소요 시간 94.53ms.
[2017.12.19-00.05.20:547][781]LogSlate: Took 0.000220 seconds to synchronously load lazily loaded font '../../../Engine/Content/Slate/Fonts/Roboto-Regular.ttf' (155K)
[2017.12.19-00.05.20:551][781]LogFileHelpers: Loading map 'GameLevel' took 0.770
[2017.12.19-00.05.21:898][821]LogAIModule: Creating AISystem for world MenuLevel
[2017.12.19-00.05.21:949][821]Cmd: MAP LOAD FILE="../../../../../NewGarden/GardenProject/NGA/Project/Berserker/Content/MenuLevel.umap" TEMPLATE=0 SHOWPROGRESS=1 FEATURELEVEL=3
[2017.12.19-00.05.21:949][821]LightingResults: New page: 라이팅 빌드
[2017.12.19-00.05.21:950][821]LoadErrors: New page: 맵 로드중: MenuLevel.umap
[2017.12.19-00.05.21:954][821]MapCheck: New page: 맵 체크
[2017.12.19-00.05.21:954][821]LightingResults: New page: 라이팅 빌드
[2017.12.19-00.05.22:090][821]LogEditorServer: Finished looking for orphan Actors (0.000 secs)
[2017.12.19-00.05.22:233][821]Cmd: MAP CHECKDEP NOCLEARLOG
[2017.12.19-00.05.22:326][821]MapCheck: 맵 체크 완료: 오류 0 회, 경고 0 회, 소요 시간 92.996ms.
[2017.12.19-00.05.22:326][821]LogFileHelpers: Loading map 'MenuLevel' took 0.378
[2017.12.19-00.05.23:373][859]LogTemp: Repeating last play command: 새 에디터 창 (PIE)
[2017.12.19-00.05.23:439][859]LogBlueprintUserMessages: Early PlayInEditor Detection: Level '/Game/MenuLevel.MenuLevel:PersistentLevel' has LevelScriptBlueprint '/Game/MenuLevel.MenuLevel:PersistentLevel.MenuLevel' with GeneratedClass '/Game/MenuLevel.MenuLevel_C' with ClassGeneratedBy '/Game/MenuLevel.MenuLevel:PersistentLevel.MenuLevel'
[2017.12.19-00.05.23:439][859]LogPlayLevel: PlayLevel: No blueprints needed recompiling
[2017.12.19-00.05.23:439][859]PIE: New page: PIE 세션: MenuLevel (2017. 12. 19. 오후 6:05:23)
[2017.12.19-00.05.23:439][859]LogPlayLevel: Creating play world package: /Game/UEDPIE_0_MenuLevel
[2017.12.19-00.05.23:477][859]LogPlayLevel: PIE: StaticDuplicateObject took: (0.038014s)
[2017.12.19-00.05.23:477][859]LogAIModule: Creating AISystem for world MenuLevel
[2017.12.19-00.05.23:478][859]LogPlayLevel: PIE: World Init took: (0.000775s)
[2017.12.19-00.05.23:478][859]LogPlayLevel: PIE: Created PIE world by copying editor world from /Game/MenuLevel.MenuLevel to /Game/UEDPIE_0_MenuLevel.MenuLevel (0.039088s)
[2017.12.19-00.05.23:493][859]LogInit: XAudio2 using '스피커(Realtek High Definition Audio(SST))' : 2 channels at 48 kHz using 32 bits per sample (channel mask 0x3)
[2017.12.19-00.05.23:510][859]LogInit: FAudioDevice initialized.
[2017.12.19-00.05.23:558][859]LogLoad: Game class is 'BerserkerGameMode_C'
[2017.12.19-00.05.23:588][859]LogWorld: Bringing World /Game/UEDPIE_0_MenuLevel.MenuLevel up for play (max tick rate 60) at 2017.12.19-09.05.23
[2017.12.19-00.05.23:589][859]LogWorld: Bringing up level for play took: 0.029228
[2017.12.19-00.05.23:656][859]PIE: /Game/UEDPIE_0_MenuLevel 에 대한 에디터에서 플레이 시작 시간: -0.195
[2017.12.19-00.05.23:657][859]LogBlueprintUserMessages: Late PlayInEditor Detection: Level '/Game/MenuLevel.MenuLevel:PersistentLevel' has LevelScriptBlueprint '/Game/MenuLevel.MenuLevel:PersistentLevel.MenuLevel' with GeneratedClass '/Game/MenuLevel.MenuLevel_C' with ClassGeneratedBy '/Game/MenuLevel.MenuLevel:PersistentLevel.MenuLevel'
[2017.12.19-00.05.31:769][140]LogScript: Warning: Accessed None 이 Video 프로퍼티를 읽으려 합니다.
	IntroVideo_C /Engine/Transient.UnrealEdEngine_0:GameInstance_1.IntroVideo_C_0
	Function /Game/UI/Intro/IntroVideo.IntroVideo_C:ExecuteUbergraph_IntroVideo:002E
[2017.12.19-00.05.31:789][140]PIE: Error: 블루프린트 런타임 오류: Accessed None 이 Video 프로퍼티를 읽으려 합니다. 다음 함수에서: 'ExecuteUbergraph_IntroVideo' 노드: Play 그래프: EventGraph 오브젝트: IntroVideo 설명: Accessed None 이 Video 프로퍼티를 읽으려 합니다.
[2017.12.19-00.05.35:558][275]LogBlueprintUserMessages: Early EndPlayMap Detection: Level '/Game/MenuLevel.MenuLevel:PersistentLevel' has LevelScriptBlueprint '/Game/MenuLevel.MenuLevel:PersistentLevel.MenuLevel' with GeneratedClass '/Game/MenuLevel.MenuLevel_C' with ClassGeneratedBy '/Game/MenuLevel.MenuLevel:PersistentLevel.MenuLevel'
[2017.12.19-00.05.35:689][275]LogBlueprintUserMessages: Late EndPlayMap Detection: Level '/Game/MenuLevel.MenuLevel:PersistentLevel' has LevelScriptBlueprint '/Game/MenuLevel.MenuLevel:PersistentLevel.MenuLevel' with GeneratedClass '/Game/MenuLevel.MenuLevel_C' with ClassGeneratedBy '/Game/MenuLevel.MenuLevel:PersistentLevel.MenuLevel'
[2017.12.19-00.05.41:931][488]LogClass: Warning: Enum '/Game/AdvancedMagicFX05/DemoRoomData/Blueprints/BP_DemoDisplay_Enum.BP_DemoDisplay_Enum' was upgraded to use FText to store its display name data. Please re-save this asset to avoid issues with localization and determinstic cooking.
[2017.12.19-00.05.41:955][488]LogEnum: Warning: Enum name collision: 'BP_DemoDisplay_Enum::ROund' is in both '/Game/AdvancedMagicFX09/DemoRoomData/Blueprints/BP_DemoDisplay_Enum.BP_DemoDisplay_Enum' and '/Game/AdvancedMagicFX05/DemoRoomData/Blueprints/BP_DemoDisplay_Enum.BP_DemoDisplay_Enum'
[2017.12.19-00.05.41:955][488]LogEnum: Warning: Enum name collision: 'BP_DemoDisplay_Enum::SquareL' is in both '/Game/AdvancedMagicFX09/DemoRoomData/Blueprints/BP_DemoDisplay_Enum.BP_DemoDisplay_Enum' and '/Game/AdvancedMagicFX05/DemoRoomData/Blueprints/BP_DemoDisplay_Enum.BP_DemoDisplay_Enum'
[2017.12.19-00.05.41:955][488]LogEnum: Warning: Enum name collision: 'BP_DemoDisplay_Enum::RoomL' is in both '/Game/AdvancedMagicFX09/DemoRoomData/Blueprints/BP_DemoDisplay_Enum.BP_DemoDisplay_Enum' and '/Game/AdvancedMagicFX05/DemoRoomData/Blueprints/BP_DemoDisplay_Enum.BP_DemoDisplay_Enum'
[2017.12.19-00.05.41:955][488]LogEnum: Warning: Enum name collision: 'BP_DemoDisplay_Enum::DescriptionOnly' is in both '/Game/AdvancedMagicFX09/DemoRoomData/Blueprints/BP_DemoDisplay_Enum.BP_DemoDisplay_Enum' and '/Game/AdvancedMagicFX05/DemoRoomData/Blueprints/BP_DemoDisplay_Enum.BP_DemoDisplay_Enum'
[2017.12.19-00.05.41:955][488]LogEnum: Warning: Enum name collision: 'BP_DemoDisplay_Enum::NewEnumerator0' is in both '/Game/AdvancedMagicFX09/DemoRoomData/Blueprints/BP_DemoDisplay_Enum.BP_DemoDisplay_Enum' and '/Game/AdvancedMagicFX05/DemoRoomData/Blueprints/BP_DemoDisplay_Enum.BP_DemoDisplay_Enum'
[2017.12.19-00.05.41:955][488]LogEnum: Warning: Enum name collision: 'BP_DemoDisplay_Enum::BP_DemoDisplay_MAX' is in both '/Game/AdvancedMagicFX09/DemoRoomData/Blueprints/BP_DemoDisplay_Enum.BP_DemoDisplay_Enum' and '/Game/AdvancedMagicFX05/DemoRoomData/Blueprints/BP_DemoDisplay_Enum.BP_DemoDisplay_Enum'
[2017.12.19-00.05.41:955][488]LogEnum: Warning: Enum name collision: 'BP_DemoDisplay_Enum::ROund' is in both '/Game/AdvancedMagicFX09/DemoRoomData/Blueprints/BP_DemoDisplay_Enum.BP_DemoDisplay_Enum' and '/Game/AdvancedMagicFX05/DemoRoomData/Blueprints/BP_DemoDisplay_Enum.BP_DemoDisplay_Enum'
[2017.12.19-00.05.41:955][488]LogEnum: Warning: Enum name collision: 'BP_DemoDisplay_Enum::SquareL' is in both '/Game/AdvancedMagicFX09/DemoRoomData/Blueprints/BP_DemoDisplay_Enum.BP_DemoDisplay_Enum' and '/Game/AdvancedMagicFX05/DemoRoomData/Blueprints/BP_DemoDisplay_Enum.BP_DemoDisplay_Enum'
[2017.12.19-00.05.41:955][488]LogEnum: Warning: Enum name collision: 'BP_DemoDisplay_Enum::RoomL' is in both '/Game/AdvancedMagicFX09/DemoRoomData/Blueprints/BP_DemoDisplay_Enum.BP_DemoDisplay_Enum' and '/Game/AdvancedMagicFX05/DemoRoomData/Blueprints/BP_DemoDisplay_Enum.BP_DemoDisplay_Enum'
[2017.12.19-00.05.41:955][488]LogEnum: Warning: Enum name collision: 'BP_DemoDisplay_Enum::DescriptionOnly' is in both '/Game/AdvancedMagicFX09/DemoRoomData/Blueprints/BP_DemoDisplay_Enum.BP_DemoDisplay_Enum' and '/Game/AdvancedMagicFX05/DemoRoomData/Blueprints/BP_DemoDisplay_Enum.BP_DemoDisplay_Enum'
[2017.12.19-00.05.41:955][488]LogEnum: Warning: Enum name collision: 'BP_DemoDisplay_Enum::NewEnumerator0' is in both '/Game/AdvancedMagicFX09/DemoRoomData/Blueprints/BP_DemoDisplay_Enum.BP_DemoDisplay_Enum' and '/Game/AdvancedMagicFX05/DemoRoomData/Blueprints/BP_DemoDisplay_Enum.BP_DemoDisplay_Enum'
[2017.12.19-00.05.41:955][488]LogClass: Warning: Enum '/Game/AdvancedMagicFX09/DemoRoomData/Blueprints/BP_DemoDisplay_Enum.BP_DemoDisplay_Enum' was upgraded to use FText to store its display name data. Please re-save this asset to avoid issues with localization and determinstic cooking.
[2017.12.19-00.05.41:978][488]LogEnum: Warning: Enum name collision: 'BP_DemoRoom_Enum::Standard' is in both '/Game/AdvancedMagicFX09/DemoRoomData/Blueprints/BP_DemoRoom_Enum.BP_DemoRoom_Enum' and '/Game/AdvancedMagicFX05/DemoRoomData/Blueprints/BP_DemoRoom_Enum.BP_DemoRoom_Enum'
[2017.12.19-00.05.41:979][488]LogEnum: Warning: Enum name collision: 'BP_DemoRoom_Enum::RoofwithHole' is in both '/Game/AdvancedMagicFX09/DemoRoomData/Blueprints/BP_DemoRoom_Enum.BP_DemoRoom_Enum' and '/Game/AdvancedMagicFX05/DemoRoomData/Blueprints/BP_DemoRoom_Enum.BP_DemoRoom_Enum'
[2017.12.19-00.05.41:979][488]LogEnum: Warning: Enum name collision: 'BP_DemoRoom_Enum::RoofOpen' is in both '/Game/AdvancedMagicFX09/DemoRoomData/Blueprints/BP_DemoRoom_Enum.BP_DemoRoom_Enum' and '/Game/AdvancedMagicFX05/DemoRoomData/Blueprints/BP_DemoRoom_Enum.BP_DemoRoom_Enum'
[2017.12.19-00.05.41:979][488]LogEnum: Warning: Enum name collision: 'BP_DemoRoom_Enum::BP_DemoRoom_MAX' is in both '/Game/AdvancedMagicFX09/DemoRoomData/Blueprints/BP_DemoRoom_Enum.BP_DemoRoom_Enum' and '/Game/AdvancedMagicFX05/DemoRoomData/Blueprints/BP_DemoRoom_Enum.BP_DemoRoom_Enum'
[2017.12.19-00.05.41:979][488]LogEnum: Warning: Enum name collision: 'BP_DemoRoom_Enum::Standard' is in both '/Game/AdvancedMagicFX09/DemoRoomData/Blueprints/BP_DemoRoom_Enum.BP_DemoRoom_Enum' and '/Game/AdvancedMagicFX05/DemoRoomData/Blueprints/BP_DemoRoom_Enum.BP_DemoRoom_Enum'
[2017.12.19-00.05.41:979][488]LogEnum: Warning: Enum name collision: 'BP_DemoRoom_Enum::RoofwithHole' is in both '/Game/AdvancedMagicFX09/DemoRoomData/Blueprints/BP_DemoRoom_Enum.BP_DemoRoom_Enum' and '/Game/AdvancedMagicFX05/DemoRoomData/Blueprints/BP_DemoRoom_Enum.BP_DemoRoom_Enum'
[2017.12.19-00.05.41:979][488]LogEnum: Warning: Enum name collision: 'BP_DemoRoom_Enum::RoofOpen' is in both '/Game/AdvancedMagicFX09/DemoRoomData/Blueprints/BP_DemoRoom_Enum.BP_DemoRoom_Enum' and '/Game/AdvancedMagicFX05/DemoRoomData/Blueprints/BP_DemoRoom_Enum.BP_DemoRoom_Enum'
[2017.12.19-00.05.41:999][488]LogEnum: Warning: Enum name collision: 'BP_DemoDisplay_Enum::ROund' is in both '/Game/AdvancedMagicFX12/DemoRoomData/Blueprints/BP_DemoDisplay_Enum.BP_DemoDisplay_Enum' and '/Game/AdvancedMagicFX05/DemoRoomData/Blueprints/BP_DemoDisplay_Enum.BP_DemoDisplay_Enum'
[2017.12.19-00.05.41:999][488]LogEnum: Warning: Enum name collision: 'BP_DemoDisplay_Enum::SquareL' is in both '/Game/AdvancedMagicFX12/DemoRoomData/Blueprints/BP_DemoDisplay_Enum.BP_DemoDisplay_Enum' and '/Game/AdvancedMagicFX05/DemoRoomData/Blueprints/BP_DemoDisplay_Enum.BP_DemoDisplay_Enum'
[2017.12.19-00.05.41:999][488]LogEnum: Warning: Enum name collision: 'BP_DemoDisplay_Enum::RoomL' is in both '/Game/AdvancedMagicFX12/DemoRoomData/Blueprints/BP_DemoDisplay_Enum.BP_DemoDisplay_Enum' and '/Game/AdvancedMagicFX05/DemoRoomData/Blueprints/BP_DemoDisplay_Enum.BP_DemoDisplay_Enum'
[2017.12.19-00.05.41:999][488]LogEnum: Warning: Enum name collision: 'BP_DemoDisplay_Enum::DescriptionOnly' is in both '/Game/AdvancedMagicFX12/DemoRoomData/Blueprints/BP_DemoDisplay_Enum.BP_DemoDisplay_Enum' and '/Game/AdvancedMagicFX05/DemoRoomData/Blueprints/BP_DemoDisplay_Enum.BP_DemoDisplay_Enum'
[2017.12.19-00.05.41:999][488]LogEnum: Warning: Enum name collision: 'BP_DemoDisplay_Enum::NewEnumerator0' is in both '/Game/AdvancedMagicFX12/DemoRoomData/Blueprints/BP_DemoDisplay_Enum.BP_DemoDisplay_Enum' and '/Game/AdvancedMagicFX05/DemoRoomData/Blueprints/BP_DemoDisplay_Enum.BP_DemoDisplay_Enum'
[2017.12.19-00.05.41:999][488]LogEnum: Warning: Enum name collision: 'BP_DemoDisplay_Enum::BP_DemoDisplay_MAX' is in both '/Game/AdvancedMagicFX12/DemoRoomData/Blueprints/BP_DemoDisplay_Enum.BP_DemoDisplay_Enum' and '/Game/AdvancedMagicFX05/DemoRoomData/Blueprints/BP_DemoDisplay_Enum.BP_DemoDisplay_Enum'
[2017.12.19-00.05.41:999][488]LogEnum: Warning: Enum name collision: 'BP_DemoDisplay_Enum::ROund' is in both '/Game/AdvancedMagicFX12/DemoRoomData/Blueprints/BP_DemoDisplay_Enum.BP_DemoDisplay_Enum' and '/Game/AdvancedMagicFX05/DemoRoomData/Blueprints/BP_DemoDisplay_Enum.BP_DemoDisplay_Enum'
[2017.12.19-00.05.41:999][488]LogEnum: Warning: Enum name collision: 'BP_DemoDisplay_Enum::SquareL' is in both '/Game/AdvancedMagicFX12/DemoRoomData/Blueprints/BP_DemoDisplay_Enum.BP_DemoDisplay_Enum' and '/Game/AdvancedMagicFX05/DemoRoomData/Blueprints/BP_DemoDisplay_Enum.BP_DemoDisplay_Enum'
[2017.12.19-00.05.41:999][488]LogEnum: Warning: Enum name collision: 'BP_DemoDisplay_Enum::RoomL' is in both '/Game/AdvancedMagicFX12/DemoRoomData/Blueprints/BP_DemoDisplay_Enum.BP_DemoDisplay_Enum' and '/Game/AdvancedMagicFX05/DemoRoomData/Blueprints/BP_DemoDisplay_Enum.BP_DemoDisplay_Enum'
[2017.12.19-00.05.41:999][488]LogEnum: Warning: Enum name collision: 'BP_DemoDisplay_Enum::DescriptionOnly' is in both '/Game/AdvancedMagicFX12/DemoRoomData/Blueprints/BP_DemoDisplay_Enum.BP_DemoDisplay_Enum' and '/Game/AdvancedMagicFX05/DemoRoomData/Blueprints/BP_DemoDisplay_Enum.BP_DemoDisplay_Enum'
[2017.12.19-00.05.41:999][488]LogEnum: Warning: Enum name collision: 'BP_DemoDisplay_Enum::NewEnumerator0' is in both '/Game/AdvancedMagicFX12/DemoRoomData/Blueprints/BP_DemoDisplay_Enum.BP_DemoDisplay_Enum' and '/Game/AdvancedMagicFX05/DemoRoomData/Blueprints/BP_DemoDisplay_Enum.BP_DemoDisplay_Enum'
[2017.12.19-00.05.41:999][488]LogClass: Warning: Enum '/Game/AdvancedMagicFX12/DemoRoomData/Blueprints/BP_DemoDisplay_Enum.BP_DemoDisplay_Enum' was upgraded to use FText to store its display name data. Please re-save this asset to avoid issues with localization and determinstic cooking.
[2017.12.19-00.05.42:008][488]LogEnum: Warning: Enum name collision: 'BP_DemoRoom_Enum::Standard' is in both '/Game/AdvancedMagicFX12/DemoRoomData/Blueprints/BP_DemoRoom_Enum.BP_DemoRoom_Enum' and '/Game/AdvancedMagicFX05/DemoRoomData/Blueprints/BP_DemoRoom_Enum.BP_DemoRoom_Enum'
[2017.12.19-00.05.42:008][488]LogEnum: Warning: Enum name collision: 'BP_DemoRoom_Enum::RoofwithHole' is in both '/Game/AdvancedMagicFX12/DemoRoomData/Blueprints/BP_DemoRoom_Enum.BP_DemoRoom_Enum' and '/Game/AdvancedMagicFX05/DemoRoomData/Blueprints/BP_DemoRoom_Enum.BP_DemoRoom_Enum'
[2017.12.19-00.05.42:008][488]LogEnum: Warning: Enum name collision: 'BP_DemoRoom_Enum::RoofOpen' is in both '/Game/AdvancedMagicFX12/DemoRoomData/Blueprints/BP_DemoRoom_Enum.BP_DemoRoom_Enum' and '/Game/AdvancedMagicFX05/DemoRoomData/Blueprints/BP_DemoRoom_Enum.BP_DemoRoom_Enum'
[2017.12.19-00.05.42:008][488]LogEnum: Warning: Enum name collision: 'BP_DemoRoom_Enum::BP_DemoRoom_MAX' is in both '/Game/AdvancedMagicFX12/DemoRoomData/Blueprints/BP_DemoRoom_Enum.BP_DemoRoom_Enum' and '/Game/AdvancedMagicFX05/DemoRoomData/Blueprints/BP_DemoRoom_Enum.BP_DemoRoom_Enum'
[2017.12.19-00.05.42:008][488]LogEnum: Warning: Enum name collision: 'BP_DemoRoom_Enum::Standard' is in both '/Game/AdvancedMagicFX12/DemoRoomData/Blueprints/BP_DemoRoom_Enum.BP_DemoRoom_Enum' and '/Game/AdvancedMagicFX05/DemoRoomData/Blueprints/BP_DemoRoom_Enum.BP_DemoRoom_Enum'
[2017.12.19-00.05.42:008][488]LogEnum: Warning: Enum name collision: 'BP_DemoRoom_Enum::RoofwithHole' is in both '/Game/AdvancedMagicFX12/DemoRoomData/Blueprints/BP_DemoRoom_Enum.BP_DemoRoom_Enum' and '/Game/AdvancedMagicFX05/DemoRoomData/Blueprints/BP_DemoRoom_Enum.BP_DemoRoom_Enum'
[2017.12.19-00.05.42:008][488]LogEnum: Warning: Enum name collision: 'BP_DemoRoom_Enum::RoofOpen' is in both '/Game/AdvancedMagicFX12/DemoRoomData/Blueprints/BP_DemoRoom_Enum.BP_DemoRoom_Enum' and '/Game/AdvancedMagicFX05/DemoRoomData/Blueprints/BP_DemoRoom_Enum.BP_DemoRoom_Enum'
[2017.12.19-00.05.42:339][488]LogContentBrowser: Native class hierarchy updated for 'BlueprintGraph' in 0.0010 seconds. Added 113 classes and 0 folders.
[2017.12.19-00.05.44:272][488]LogSlate: Took 0.000259 seconds to synchronously load lazily loaded font '../../../Engine/Content/Slate/Fonts/Roboto-Light.ttf' (159K)
[2017.12.19-00.05.44:288][488]LogSlate: Took 0.015667 seconds to synchronously load lazily loaded font '../../../Engine/Content/Editor/Slate/Fonts/Roboto-BoldCondensed.ttf' (158K)
[2017.12.19-00.05.44:695][489]LogSlate: Took 0.015692 seconds to synchronously load lazily loaded font '../../../Engine/Content/Editor/Slate/Fonts/Roboto-Italic.ttf' (157K)
[2017.12.19-00.05.50:131][697]BlueprintLog: New page: IntroVideo 컴파일
[2017.12.19-00.05.53:163][816]LogTemp: Repeating last play command: 새 에디터 창 (PIE)
[2017.12.19-00.05.53:246][816]LogBlueprintUserMessages: Early PlayInEditor Detection: Level '/Game/MenuLevel.MenuLevel:PersistentLevel' has LevelScriptBlueprint '/Game/MenuLevel.MenuLevel:PersistentLevel.MenuLevel' with GeneratedClass '/Game/MenuLevel.MenuLevel_C' with ClassGeneratedBy '/Game/MenuLevel.MenuLevel:PersistentLevel.MenuLevel'
[2017.12.19-00.05.53:246][816]LogPlayLevel: PlayLevel: No blueprints needed recompiling
[2017.12.19-00.05.53:246][816]PIE: New page: PIE 세션: MenuLevel (2017. 12. 19. 오후 6:05:53)
[2017.12.19-00.05.53:246][816]LogPlayLevel: Creating play world package: /Game/UEDPIE_0_MenuLevel
[2017.12.19-00.05.53:286][816]LogPlayLevel: PIE: StaticDuplicateObject took: (0.039496s)
[2017.12.19-00.05.53:286][816]LogAIModule: Creating AISystem for world MenuLevel
[2017.12.19-00.05.53:287][816]LogPlayLevel: PIE: World Init took: (0.000730s)
[2017.12.19-00.05.53:287][816]LogPlayLevel: PIE: Created PIE world by copying editor world from /Game/MenuLevel.MenuLevel to /Game/UEDPIE_0_MenuLevel.MenuLevel (0.040552s)
[2017.12.19-00.05.53:307][816]LogInit: XAudio2 using '스피커(Realtek High Definition Audio(SST))' : 2 channels at 48 kHz using 32 bits per sample (channel mask 0x3)
[2017.12.19-00.05.53:325][816]LogInit: FAudioDevice initialized.
[2017.12.19-00.05.53:375][816]LogLoad: Game class is 'BerserkerGameMode_C'
[2017.12.19-00.05.53:404][816]LogWorld: Bringing World /Game/UEDPIE_0_MenuLevel.MenuLevel up for play (max tick rate 60) at 2017.12.19-09.05.53
[2017.12.19-00.05.53:406][816]LogWorld: Bringing up level for play took: 0.029402
[2017.12.19-00.05.53:412][816]PIE: /Game/UEDPIE_0_MenuLevel 에 대한 에디터에서 플레이 시작 시간: -0.44
[2017.12.19-00.05.53:413][816]LogBlueprintUserMessages: Late PlayInEditor Detection: Level '/Game/MenuLevel.MenuLevel:PersistentLevel' has LevelScriptBlueprint '/Game/MenuLevel.MenuLevel:PersistentLevel.MenuLevel' with GeneratedClass '/Game/MenuLevel.MenuLevel_C' with ClassGeneratedBy '/Game/MenuLevel.MenuLevel:PersistentLevel.MenuLevel'
[2017.12.19-00.06.05:246][220]LogBlueprintUserMessages: Early EndPlayMap Detection: Level '/Game/MenuLevel.MenuLevel:PersistentLevel' has LevelScriptBlueprint '/Game/MenuLevel.MenuLevel:PersistentLevel.MenuLevel' with GeneratedClass '/Game/MenuLevel.MenuLevel_C' with ClassGeneratedBy '/Game/MenuLevel.MenuLevel:PersistentLevel.MenuLevel'
[2017.12.19-00.06.05:359][220]LogBlueprintUserMessages: Late EndPlayMap Detection: Level '/Game/MenuLevel.MenuLevel:PersistentLevel' has LevelScriptBlueprint '/Game/MenuLevel.MenuLevel:PersistentLevel.MenuLevel' with GeneratedClass '/Game/MenuLevel.MenuLevel_C' with ClassGeneratedBy '/Game/MenuLevel.MenuLevel:PersistentLevel.MenuLevel'
[2017.12.19-00.06.06:098][246]Cmd: SELECT NONE
[2017.12.19-00.06.34:218][366]BlueprintLog: New page: IntroVideo 컴파일
[2017.12.19-00.06.36:629][473]LogTemp: Repeating last play command: 새 에디터 창 (PIE)
[2017.12.19-00.06.36:710][473]LogBlueprintUserMessages: Early PlayInEditor Detection: Level '/Game/MenuLevel.MenuLevel:PersistentLevel' has LevelScriptBlueprint '/Game/MenuLevel.MenuLevel:PersistentLevel.MenuLevel' with GeneratedClass '/Game/MenuLevel.MenuLevel_C' with ClassGeneratedBy '/Game/MenuLevel.MenuLevel:PersistentLevel.MenuLevel'
[2017.12.19-00.06.36:710][473]LogPlayLevel: PlayLevel: No blueprints needed recompiling
[2017.12.19-00.06.36:710][473]PIE: New page: PIE 세션: MenuLevel (2017. 12. 19. 오후 6:06:36)
[2017.12.19-00.06.36:710][473]LogPlayLevel: Creating play world package: /Game/UEDPIE_0_MenuLevel
[2017.12.19-00.06.36:750][473]LogPlayLevel: PIE: StaticDuplicateObject took: (0.039430s)
[2017.12.19-00.06.36:750][473]LogAIModule: Creating AISystem for world MenuLevel
[2017.12.19-00.06.36:750][473]LogPlayLevel: PIE: World Init took: (0.000640s)
[2017.12.19-00.06.36:751][473]LogPlayLevel: PIE: Created PIE world by copying editor world from /Game/MenuLevel.MenuLevel to /Game/UEDPIE_0_MenuLevel.MenuLevel (0.040444s)
[2017.12.19-00.06.36:772][473]LogInit: XAudio2 using '스피커(Realtek High Definition Audio(SST))' : 2 channels at 48 kHz using 32 bits per sample (channel mask 0x3)
[2017.12.19-00.06.36:789][473]LogInit: FAudioDevice initialized.
[2017.12.19-00.06.36:840][473]LogLoad: Game class is 'BerserkerGameMode_C'
[2017.12.19-00.06.36:867][473]LogWorld: Bringing World /Game/UEDPIE_0_MenuLevel.MenuLevel up for play (max tick rate 60) at 2017.12.19-09.06.36
[2017.12.19-00.06.36:867][473]LogWorld: Bringing up level for play took: 0.026501
[2017.12.19-00.06.36:876][473]PIE: /Game/UEDPIE_0_MenuLevel 에 대한 에디터에서 플레이 시작 시간: 1.024
[2017.12.19-00.06.36:876][473]LogBlueprintUserMessages: Late PlayInEditor Detection: Level '/Game/MenuLevel.MenuLevel:PersistentLevel' has LevelScriptBlueprint '/Game/MenuLevel.MenuLevel:PersistentLevel.MenuLevel' with GeneratedClass '/Game/MenuLevel.MenuLevel_C' with ClassGeneratedBy '/Game/MenuLevel.MenuLevel:PersistentLevel.MenuLevel'
[2017.12.19-00.06.48:702][884]LogBlueprintUserMessages: Early EndPlayMap Detection: Level '/Game/MenuLevel.MenuLevel:PersistentLevel' has LevelScriptBlueprint '/Game/MenuLevel.MenuLevel:PersistentLevel.MenuLevel' with GeneratedClass '/Game/MenuLevel.MenuLevel_C' with ClassGeneratedBy '/Game/MenuLevel.MenuLevel:PersistentLevel.MenuLevel'
[2017.12.19-00.06.48:870][884]LogBlueprintUserMessages: Late EndPlayMap Detection: Level '/Game/MenuLevel.MenuLevel:PersistentLevel' has LevelScriptBlueprint '/Game/MenuLevel.MenuLevel:PersistentLevel.MenuLevel' with GeneratedClass '/Game/MenuLevel.MenuLevel_C' with ClassGeneratedBy '/Game/MenuLevel.MenuLevel:PersistentLevel.MenuLevel'
[2017.12.19-00.07.12:225][780]LogHttp: Warning: 000001A4997AFA00: request failed, libcurl error: 6 (Couldn't resolve host name)
[2017.12.19-00.07.12:225][780]LogHttp: Warning: 000001A4997AFA00: libcurl info message cache 0 (Could not resolve host: datarouter.ol.epicgames.com)
[2017.12.19-00.07.12:225][780]LogHttp: Warning: 000001A4997AFA00: libcurl info message cache 1 (Closing connection 1)
[2017.12.19-00.07.13:988][852]BlueprintLog: New page: IntroUI_2 컴파일
[2017.12.19-00.07.14:177][853]BlueprintLog: New page: IntroUI_2 컴파일
[2017.12.19-00.07.16:125][926]LogTemp: Repeating last play command: 새 에디터 창 (PIE)
[2017.12.19-00.07.16:209][926]LogBlueprintUserMessages: Early PlayInEditor Detection: Level '/Game/MenuLevel.MenuLevel:PersistentLevel' has LevelScriptBlueprint '/Game/MenuLevel.MenuLevel:PersistentLevel.MenuLevel' with GeneratedClass '/Game/MenuLevel.MenuLevel_C' with ClassGeneratedBy '/Game/MenuLevel.MenuLevel:PersistentLevel.MenuLevel'
[2017.12.19-00.07.16:209][926]LogPlayLevel: PlayLevel: No blueprints needed recompiling
[2017.12.19-00.07.16:209][926]PIE: New page: PIE 세션: MenuLevel (2017. 12. 19. 오후 6:07:16)
[2017.12.19-00.07.16:209][926]LogPlayLevel: Creating play world package: /Game/UEDPIE_0_MenuLevel
[2017.12.19-00.07.16:248][926]LogPlayLevel: PIE: StaticDuplicateObject took: (0.038749s)
[2017.12.19-00.07.16:249][926]LogAIModule: Creating AISystem for world MenuLevel
[2017.12.19-00.07.16:249][926]LogPlayLevel: PIE: World Init took: (0.000804s)
[2017.12.19-00.07.16:250][926]LogPlayLevel: PIE: Created PIE world by copying editor world from /Game/MenuLevel.MenuLevel to /Game/UEDPIE_0_MenuLevel.MenuLevel (0.040004s)
[2017.12.19-00.07.16:273][926]LogInit: XAudio2 using '스피커(Realtek High Definition Audio(SST))' : 2 channels at 48 kHz using 32 bits per sample (channel mask 0x3)
[2017.12.19-00.07.16:291][926]LogInit: FAudioDevice initialized.
[2017.12.19-00.07.16:338][926]LogLoad: Game class is 'BerserkerGameMode_C'
[2017.12.19-00.07.16:367][926]LogWorld: Bringing World /Game/UEDPIE_0_MenuLevel.MenuLevel up for play (max tick rate 60) at 2017.12.19-09.07.16
[2017.12.19-00.07.16:368][926]LogWorld: Bringing up level for play took: 0.028341
[2017.12.19-00.07.16:377][926]PIE: /Game/UEDPIE_0_MenuLevel 에 대한 에디터에서 플레이 시작 시간: 0.525
[2017.12.19-00.07.16:377][926]LogBlueprintUserMessages: Late PlayInEditor Detection: Level '/Game/MenuLevel.MenuLevel:PersistentLevel' has LevelScriptBlueprint '/Game/MenuLevel.MenuLevel:PersistentLevel.MenuLevel' with GeneratedClass '/Game/MenuLevel.MenuLevel_C' with ClassGeneratedBy '/Game/MenuLevel.MenuLevel:PersistentLevel.MenuLevel'
[2017.12.19-00.07.21:418][ 96]LogBlueprintUserMessages: Early EndPlayMap Detection: Level '/Game/MenuLevel.MenuLevel:PersistentLevel' has LevelScriptBlueprint '/Game/MenuLevel.MenuLevel:PersistentLevel.MenuLevel' with GeneratedClass '/Game/MenuLevel.MenuLevel_C' with ClassGeneratedBy '/Game/MenuLevel.MenuLevel:PersistentLevel.MenuLevel'
[2017.12.19-00.07.21:532][ 96]LogBlueprintUserMessages: Late EndPlayMap Detection: Level '/Game/MenuLevel.MenuLevel:PersistentLevel' has LevelScriptBlueprint '/Game/MenuLevel.MenuLevel:PersistentLevel.MenuLevel' with GeneratedClass '/Game/MenuLevel.MenuLevel_C' with ClassGeneratedBy '/Game/MenuLevel.MenuLevel:PersistentLevel.MenuLevel'
[2017.12.19-00.07.33:273][544]BlueprintLog: New page: IntroUI_1 컴파일
[2017.12.19-00.07.36:084][654]LogTemp: Repeating last play command: 새 에디터 창 (PIE)
[2017.12.19-00.07.36:166][654]LogBlueprintUserMessages: Early PlayInEditor Detection: Level '/Game/MenuLevel.MenuLevel:PersistentLevel' has LevelScriptBlueprint '/Game/MenuLevel.MenuLevel:PersistentLevel.MenuLevel' with GeneratedClass '/Game/MenuLevel.MenuLevel_C' with ClassGeneratedBy '/Game/MenuLevel.MenuLevel:PersistentLevel.MenuLevel'
[2017.12.19-00.07.36:167][654]LogPlayLevel: PlayLevel: No blueprints needed recompiling
[2017.12.19-00.07.36:167][654]PIE: New page: PIE 세션: MenuLevel (2017. 12. 19. 오후 6:07:36)
[2017.12.19-00.07.36:167][654]LogPlayLevel: Creating play world package: /Game/UEDPIE_0_MenuLevel
[2017.12.19-00.07.36:209][654]LogPlayLevel: PIE: StaticDuplicateObject took: (0.042282s)
[2017.12.19-00.07.36:210][654]LogAIModule: Creating AISystem for world MenuLevel
[2017.12.19-00.07.36:210][654]LogPlayLevel: PIE: World Init took: (0.000709s)
[2017.12.19-00.07.36:210][654]LogPlayLevel: PIE: Created PIE world by copying editor world from /Game/MenuLevel.MenuLevel to /Game/UEDPIE_0_MenuLevel.MenuLevel (0.043387s)
[2017.12.19-00.07.36:237][654]LogInit: XAudio2 using '스피커(Realtek High Definition Audio(SST))' : 2 channels at 48 kHz using 32 bits per sample (channel mask 0x3)
[2017.12.19-00.07.36:256][654]LogInit: FAudioDevice initialized.
[2017.12.19-00.07.36:309][654]LogLoad: Game class is 'BerserkerGameMode_C'
[2017.12.19-00.07.36:342][654]LogWorld: Bringing World /Game/UEDPIE_0_MenuLevel.MenuLevel up for play (max tick rate 60) at 2017.12.19-09.07.36
[2017.12.19-00.07.36:343][654]LogWorld: Bringing up level for play took: 0.032042
[2017.12.19-00.07.36:350][654]PIE: /Game/UEDPIE_0_MenuLevel 에 대한 에디터에서 플레이 시작 시간: 0.499
[2017.12.19-00.07.36:352][654]LogBlueprintUserMessages: Late PlayInEditor Detection: Level '/Game/MenuLevel.MenuLevel:PersistentLevel' has LevelScriptBlueprint '/Game/MenuLevel.MenuLevel:PersistentLevel.MenuLevel' with GeneratedClass '/Game/MenuLevel.MenuLevel_C' with ClassGeneratedBy '/Game/MenuLevel.MenuLevel:PersistentLevel.MenuLevel'
[2017.12.19-00.07.45:608][974]LogBlueprintUserMessages: Early EndPlayMap Detection: Level '/Game/MenuLevel.MenuLevel:PersistentLevel' has LevelScriptBlueprint '/Game/MenuLevel.MenuLevel:PersistentLevel.MenuLevel' with GeneratedClass '/Game/MenuLevel.MenuLevel_C' with ClassGeneratedBy '/Game/MenuLevel.MenuLevel:PersistentLevel.MenuLevel'
[2017.12.19-00.07.45:771][974]LogBlueprintUserMessages: Late EndPlayMap Detection: Level '/Game/MenuLevel.MenuLevel:PersistentLevel' has LevelScriptBlueprint '/Game/MenuLevel.MenuLevel:PersistentLevel.MenuLevel' with GeneratedClass '/Game/MenuLevel.MenuLevel_C' with ClassGeneratedBy '/Game/MenuLevel.MenuLevel:PersistentLevel.MenuLevel'
[2017.12.19-00.07.59:552][471]BlueprintLog: New page: IntroVideo 컴파일
[2017.12.19-00.08.22:513][313]LogContentBrowser: Native class hierarchy updated for 'TextureEditor' in 0.0008 seconds. Added 1 classes and 2 folders.
[2017.12.19-00.08.42:416][157]Cmd: OBJ SAVEPACKAGE PACKAGE="/Game/UI/Intro/IntroVideoFile_Video" FILE="../../../../../NewGarden/GardenProject/NGA/Project/Berserker/Content/UI/Intro/IntroVideoFile_Video.uasset" SILENT=true
[2017.12.19-00.08.43:233][157]LogSavePackage: Save=43.81ms
[2017.12.19-00.08.43:233][157]LogSavePackage: Moving '../../../../../NewGarden/GardenProject/NGA/Project/Berserker/Saved/IntroVideoFile_Video9BAA48DC4A4EECD4F8AA5B99D55AA0A7.tmp' to '../../../../../NewGarden/GardenProject/NGA/Project/Berserker/Content/UI/Intro/IntroVideoFile_Video.uasset'
[2017.12.19-00.08.43:236][157]LogSavePackage: Display: Finished SavePackage ../../../../../NewGarden/GardenProject/NGA/Project/Berserker/Content/UI/Intro/IntroVideoFile_Video.uasset
[2017.12.19-00.08.58:642][896]LogMaterial: Missing cached shader map for material Material_0, compiling. 
[2017.12.19-00.08.58:821][896]LogContentBrowser: Verbose: The majority of assets in the view are of type: FileMediaSource
[2017.12.19-00.09.12:284][469]LogHttp: Warning: 000001A4997AE080: request failed, libcurl error: 6 (Couldn't resolve host name)
[2017.12.19-00.09.12:284][469]LogHttp: Warning: 000001A4997AE080: libcurl info message cache 0 (Could not resolve host: datarouter.ol.epicgames.com)
[2017.12.19-00.09.12:284][469]LogHttp: Warning: 000001A4997AE080: libcurl info message cache 1 (Closing connection 2)
[2017.12.19-00.11.12:328][602]LogHttp: Warning: 000001A4A5414B80: request failed, libcurl error: 6 (Couldn't resolve host name)
[2017.12.19-00.11.12:328][602]LogHttp: Warning: 000001A4A5414B80: libcurl info message cache 0 (Could not resolve host: datarouter.ol.epicgames.com)
[2017.12.19-00.11.12:328][602]LogHttp: Warning: 000001A4A5414B80: libcurl info message cache 1 (Closing connection 3)
[2017.12.19-00.13.12:938][282]LogHttp: Warning: 000001A4A5414880: request failed, libcurl error: 6 (Couldn't resolve host name)
[2017.12.19-00.13.12:938][282]LogHttp: Warning: 000001A4A5414880: libcurl info message cache 0 (Could not resolve host: datarouter.ol.epicgames.com)
[2017.12.19-00.13.12:938][282]LogHttp: Warning: 000001A4A5414880: libcurl info message cache 1 (Closing connection 4)
[2017.12.19-00.15.13:602][644]LogHttp: Warning: 000001A4A5416200: request failed, libcurl error: 6 (Couldn't resolve host name)
[2017.12.19-00.15.13:603][644]LogHttp: Warning: 000001A4A5416200: libcurl info message cache 0 (Could not resolve host: datarouter.ol.epicgames.com)
[2017.12.19-00.15.13:603][644]LogHttp: Warning: 000001A4A5416200: libcurl info message cache 1 (Closing connection 5)
[2017.12.19-00.16.13:320][822]LogFileHelpers: Editor autosave (incl. sublevels) for '/Game/MenuLevel' took 0.026
[2017.12.19-00.16.13:323][822]OBJ SavePackage: Generating thumbnails for [0] asset(s) in package [/Game/UI/Intro/IntroUI_1] ([1] browsable assets)...
[2017.12.19-00.16.13:323][822]OBJ SavePackage: Finished generating thumbnails for package [/Game/UI/Intro/IntroUI_1]
[2017.12.19-00.16.13:923][822]LogSavePackage: Save=582.76ms
[2017.12.19-00.16.13:923][822]LogSavePackage: Moving '../../../../../NewGarden/GardenProject/NGA/Project/Berserker/Saved/IntroUI_1_Auto14A6F3C4E450D9C8E470497BAA10CB5CE.tmp' to '../../../../../NewGarden/GardenProject/NGA/Project/Berserker/Saved/Autosaves/Game/UI/Intro/IntroUI_1_Auto1.uasset'
[2017.12.19-00.16.13:979][822]LogSavePackage: Display: Finished SavePackage ../../../../../NewGarden/GardenProject/NGA/Project/Berserker/Saved/Autosaves/Game/UI/Intro/IntroUI_1_Auto1.uasset
[2017.12.19-00.16.13:980][822]OBJ SavePackage: Generating thumbnails for [0] asset(s) in package [/Game/UI/Intro/IntroUI_2] ([1] browsable assets)...
[2017.12.19-00.16.13:980][822]OBJ SavePackage: Finished generating thumbnails for package [/Game/UI/Intro/IntroUI_2]
[2017.12.19-00.16.14:019][822]LogSavePackage: Save=23.46ms
[2017.12.19-00.16.14:019][822]LogSavePackage: Moving '../../../../../NewGarden/GardenProject/NGA/Project/Berserker/Saved/IntroUI_2_Auto11746FB314345DFA3D78231920311B343.tmp' to '../../../../../NewGarden/GardenProject/NGA/Project/Berserker/Saved/Autosaves/Game/UI/Intro/IntroUI_2_Auto1.uasset'
[2017.12.19-00.16.14:070][822]LogSavePackage: Display: Finished SavePackage ../../../../../NewGarden/GardenProject/NGA/Project/Berserker/Saved/Autosaves/Game/UI/Intro/IntroUI_2_Auto1.uasset
[2017.12.19-00.16.14:071][822]OBJ SavePackage: Generating thumbnails for [0] asset(s) in package [/Game/UI/Intro/IntroVideo] ([1] browsable assets)...
[2017.12.19-00.16.14:071][822]OBJ SavePackage: Finished generating thumbnails for package [/Game/UI/Intro/IntroVideo]
[2017.12.19-00.16.14:103][822]LogSavePackage: Save=16.79ms
[2017.12.19-00.16.14:103][822]LogSavePackage: Moving '../../../../../NewGarden/GardenProject/NGA/Project/Berserker/Saved/IntroVideo_Auto1F30527F843DCAD9296661C9376CEEA48.tmp' to '../../../../../NewGarden/GardenProject/NGA/Project/Berserker/Saved/Autosaves/Game/UI/Intro/IntroVideo_Auto1.uasset'
[2017.12.19-00.16.14:145][822]LogSavePackage: Display: Finished SavePackage ../../../../../NewGarden/GardenProject/NGA/Project/Berserker/Saved/Autosaves/Game/UI/Intro/IntroVideo_Auto1.uasset
[2017.12.19-00.16.14:146][822]LogFileHelpers: Auto-saving content packages took 0.824
[2017.12.19-00.17.14:201][  4]LogHttp: Warning: 000001A486886F80: request failed, libcurl error: 6 (Couldn't resolve host name)
[2017.12.19-00.17.14:201][  4]LogHttp: Warning: 000001A486886F80: libcurl info message cache 0 (Could not resolve host: datarouter.ol.epicgames.com)
[2017.12.19-00.17.14:201][  4]LogHttp: Warning: 000001A486886F80: libcurl info message cache 1 (Closing connection 6)
[2017.12.19-00.19.14:868][366]LogHttp: Warning: 000001A486887700: request failed, libcurl error: 6 (Couldn't resolve host name)
[2017.12.19-00.19.14:868][366]LogHttp: Warning: 000001A486887700: libcurl info message cache 0 (Could not resolve host: datarouter.ol.epicgames.com)
[2017.12.19-00.19.14:868][366]LogHttp: Warning: 000001A486887700: libcurl info message cache 1 (Closing connection 7)
[2017.12.19-00.23.12:556][ 79]LogHttp: Warning: 000001A4AE709C00: request failed, libcurl error: 6 (Couldn't resolve host name)
[2017.12.19-00.23.12:556][ 79]LogHttp: Warning: 000001A4AE709C00: libcurl info message cache 0 (Connection 8 seems to be dead!)
[2017.12.19-00.23.12:556][ 79]LogHttp: Warning: 000001A4AE709C00: libcurl info message cache 1 (Closing connection 8)
[2017.12.19-00.23.12:556][ 79]LogHttp: Warning: 000001A4AE709C00: libcurl info message cache 2 (TLSv1.2 (OUT), TLS alert, Client hello (1):)
[2017.12.19-00.23.12:556][ 79]LogHttp: Warning: 000001A4AE709C00: libcurl info message cache 3 (Could not resolve host: datarouter.ol.epicgames.com)
[2017.12.19-00.23.12:556][ 79]LogHttp: Warning: 000001A4AE709C00: libcurl info message cache 4 (Closing connection 9)
[2017.12.19-00.25.13:223][441]LogHttp: Warning: 000001A415EB0700: request failed, libcurl error: 6 (Couldn't resolve host name)
[2017.12.19-00.25.13:223][441]LogHttp: Warning: 000001A415EB0700: libcurl info message cache 0 (Could not resolve host: datarouter.ol.epicgames.com)
[2017.12.19-00.25.13:223][441]LogHttp: Warning: 000001A415EB0700: libcurl info message cache 1 (Closing connection 10)
[2017.12.19-00.27.19:892][821]LogHttp: Warning: 000001A4AE709900: request failed, libcurl error: 7 (Couldn't connect to server)
[2017.12.19-00.27.19:892][821]LogHttp: Warning: 000001A4AE709900: libcurl info message cache 0 (  Trying 121.166.148.201...)
[2017.12.19-00.27.19:892][821]LogHttp: Warning: 000001A4AE709900: libcurl info message cache 1 (connect to 121.166.148.201 port 443 failed: Connection refused)
[2017.12.19-00.27.19:892][821]LogHttp: Warning: 000001A4AE709900: libcurl info message cache 2 (Failed to connect to datarouter.ol.epicgames.com port 443: Connection refused)
[2017.12.19-00.27.19:892][821]LogHttp: Warning: 000001A4AE709900: libcurl info message cache 3 (Closing connection 11)
[2017.12.19-00.27.48:502][ 77]Cmd: QUIT_EDITOR
[2017.12.19-00.27.49:275][ 77]LogWindowsTextInputMethodSystem: Display: IME system now activated using TSF (Microsoft 입력기).
[2017.12.19-00.27.49:376][ 77]LogExit: Preparing to exit.
[2017.12.19-00.27.49:986][ 77]LogDirectoryWatcher: A directory notification for 'D:/NewGarden/GardenProject/NGA/Project/Berserker/Content/' was aborted.
[2017.12.19-00.27.50:042][ 77]LogExit: Editor shut down
[2017.12.19-00.27.50:048][ 77]LogExit: Transaction tracking system shut down
[2017.12.19-00.27.50:386][ 77]LogDirectoryWatcher: A directory notification for '../../../Engine/Content/' was aborted.
[2017.12.19-00.27.50:386][ 77]LogDirectoryWatcher: A directory notification for '../../../../../NewGarden/GardenProject/NGA/Project/Berserker/Content/' was aborted.
[2017.12.19-00.27.50:386][ 77]LogDirectoryWatcher: A directory notification for '../../../Engine/Plugins/2D/Paper2D/Content/' was aborted.
[2017.12.19-00.27.50:386][ 77]LogDirectoryWatcher: A directory notification for '../../../Engine/Plugins/Runtime/Oculus/OculusVR/Content/' was aborted.
[2017.12.19-00.27.50:386][ 77]LogDirectoryWatcher: A directory notification for '../../../Engine/Plugins/Runtime/Steam/SteamVR/Content/' was aborted.
[2017.12.19-00.27.50:997][ 77]LogExit: Object subsystem successfully closed.
[2017.12.19-00.27.51:099][ 77]LogD3D11RHI: Shutdown
[2017.12.19-00.27.51:117][ 77]LogD3D11RHI: CleanupD3DDevice
[2017.12.19-00.27.51:259][ 77]LogD3D11RHI: ~FD3D11DynamicRHI
[2017.12.19-00.27.51:500][ 77]LogModuleManager: Shutting down and abandoning module TextureEditor (542)
[2017.12.19-00.27.51:500][ 77]LogModuleManager: Shutting down and abandoning module SequencerWidgets (540)
[2017.12.19-00.27.51:500][ 77]LogModuleManager: Shutting down and abandoning module BlueprintGraph (538)
[2017.12.19-00.27.51:500][ 77]LogModuleManager: Shutting down and abandoning module BlueprintProfiler (536)
[2017.12.19-00.27.51:500][ 77]LogModuleManager: Shutting down and abandoning module MovieSceneCapture (534)
[2017.12.19-00.27.51:500][ 77]LogModuleManager: Shutting down and abandoning module HierarchicalLODOutliner (532)
[2017.12.19-00.27.51:500][ 77]LogModuleManager: Shutting down and abandoning module SceneOutliner (530)
[2017.12.19-00.27.51:500][ 77]LogModuleManager: Shutting down and abandoning module AddContentDialog (528)
[2017.12.19-00.27.51:500][ 77]LogDirectoryWatcher: A directory notification for 'D:/UnrealEngine/UE_4.17/FeaturePacks/' was aborted.
[2017.12.19-00.27.51:502][ 77]LogModuleManager: Shutting down and abandoning module WidgetCarousel (527)
[2017.12.19-00.27.51:502][ 77]LogModuleManager: Shutting down and abandoning module EditorWidgets (524)
[2017.12.19-00.27.51:502][ 77]LogModuleManager: Shutting down and abandoning module CollectionManager (522)
[2017.12.19-00.27.51:502][ 77]LogDirectoryWatcher: A directory notification for 'D:/NewGarden/GardenProject/NGA/Project/Berserker/Content/Collections/' was aborted.
[2017.12.19-00.27.51:502][ 77]LogDirectoryWatcher: A directory notification for 'D:/NewGarden/GardenProject/NGA/Project/Berserker/Content/Developers/JWOH/Collections/' was aborted.
[2017.12.19-00.27.51:502][ 77]LogDirectoryWatcher: A directory notification for 'D:/NewGarden/GardenProject/NGA/Project/Berserker/Saved/Collections/' was aborted.
[2017.12.19-00.27.51:502][ 77]LogModuleManager: Shutting down and abandoning module ClothingSystemEditorInterface (520)
[2017.12.19-00.27.51:502][ 77]LogModuleManager: Shutting down and abandoning module StatsViewer (518)
[2017.12.19-00.27.51:502][ 77]LogModuleManager: Shutting down and abandoning module FoliageEdit (516)
[2017.12.19-00.27.51:502][ 77]LogModuleManager: Shutting down and abandoning module LandscapeEditor (514)
[2017.12.19-00.27.51:502][ 77]LogModuleManager: Shutting down and abandoning module MeshPaintMode (512)
[2017.12.19-00.27.51:502][ 77]LogModuleManager: Shutting down and abandoning module SceneDepthPickerMode (510)
[2017.12.19-00.27.51:502][ 77]LogModuleManager: Shutting down and abandoning module ActorPickerMode (508)
[2017.12.19-00.27.51:502][ 77]LogModuleManager: Shutting down and abandoning module GeometryMode (506)
[2017.12.19-00.27.51:502][ 77]LogModuleManager: Shutting down and abandoning module TextureAlignMode (504)
[2017.12.19-00.27.51:502][ 77]LogModuleManager: Shutting down and abandoning module BspMode (502)
[2017.12.19-00.27.51:502][ 77]LogModuleManager: Shutting down and abandoning module PIEPreviewDeviceProfileSelector (500)
[2017.12.19-00.27.51:502][ 77]LogModuleManager: Shutting down and abandoning module HardwareSurvey (498)
[2017.12.19-00.27.51:502][ 77]LogModuleManager: Shutting down and abandoning module SequenceRecorderSections (496)
[2017.12.19-00.27.51:502][ 77]LogModuleManager: Shutting down and abandoning module AutomationWorker (494)
[2017.12.19-00.27.51:516][ 77]LogModuleManager: Shutting down and abandoning module MatineeToLevelSequence (492)
[2017.12.19-00.27.51:516][ 77]LogModuleManager: Shutting down and abandoning module LevelSequenceEditor (490)
[2017.12.19-00.27.51:530][ 77]LogModuleManager: Shutting down and abandoning module PlacementMode (489)
[2017.12.19-00.27.51:530][ 77]LogModuleManager: Shutting down and abandoning module WmfMediaFactory (486)
[2017.12.19-00.27.51:530][ 77]LogModuleManager: Shutting down and abandoning module WmfMediaEditor (484)
[2017.12.19-00.27.51:530][ 77]LogModuleManager: Shutting down and abandoning module AvfMediaFactory (482)
[2017.12.19-00.27.51:530][ 77]LogModuleManager: Shutting down and abandoning module AvfMediaEditor (480)
[2017.12.19-00.27.51:530][ 77]LogModuleManager: Shutting down and abandoning module AndroidMediaFactory (478)
[2017.12.19-00.27.51:530][ 77]LogModuleManager: Shutting down and abandoning module Media (477)
[2017.12.19-00.27.51:530][ 77]LogModuleManager: Shutting down and abandoning module AndroidMediaEditor (474)
[2017.12.19-00.27.51:530][ 77]LogModuleManager: Shutting down and abandoning module CharacterAI (472)
[2017.12.19-00.27.51:530][ 77]LogModuleManager: Shutting down and abandoning module AudioCapture (470)
[2017.12.19-00.27.51:530][ 77]LogModuleManager: Shutting down and abandoning module SequenceRecorder (469)
[2017.12.19-00.27.51:530][ 77]LogModuleManager: Shutting down and abandoning module SmartSnapping (466)
[2017.12.19-00.27.51:530][ 77]LogModuleManager: Shutting down and abandoning module SessionServices (464)
[2017.12.19-00.27.51:530][ 77]LogModuleManager: Shutting down and abandoning module ViewportSnapping (462)
[2017.12.19-00.27.51:530][ 77]LogModuleManager: Shutting down and abandoning module ViewportInteraction (460)
[2017.12.19-00.27.51:530][ 77]LogModuleManager: Shutting down and abandoning module ClothPainter (458)
[2017.12.19-00.27.51:542][ 77]LogModuleManager: Shutting down and abandoning module LogVisualizer (456)
[2017.12.19-00.27.51:542][ 77]LogModuleManager: Shutting down and abandoning module IntroTutorials (454)
[2017.12.19-00.27.51:542][ 77]LogModuleManager: Shutting down and abandoning module GameProjectGeneration (453)
[2017.12.19-00.27.51:549][ 77]LogModuleManager: Shutting down and abandoning module IOSPlatformEditor (450)
[2017.12.19-00.27.51:549][ 77]LogModuleManager: Shutting down and abandoning module HTML5PlatformEditor (448)
[2017.12.19-00.27.51:549][ 77]LogModuleManager: Shutting down and abandoning module AndroidPlatformEditor (446)
[2017.12.19-00.27.51:549][ 77]LogModuleManager: Shutting down and abandoning module AndroidDeviceDetection (445)
[2017.12.19-00.27.51:556][ 77]LogModuleManager: Shutting down and abandoning module WindowsPlatformEditor (442)
[2017.12.19-00.27.51:556][ 77]LogModuleManager: Shutting down and abandoning module IOSRuntimeSettings (440)
[2017.12.19-00.27.51:556][ 77]LogModuleManager: Shutting down and abandoning module AndroidRuntimeSettings (438)
[2017.12.19-00.27.51:557][ 77]LogModuleManager: Shutting down and abandoning module InputBindingEditor (436)
[2017.12.19-00.27.51:557][ 77]LogModuleManager: Shutting down and abandoning module MergeActors (434)
[2017.12.19-00.27.51:568][ 77]LogModuleManager: Shutting down and abandoning module SizeMap (432)
[2017.12.19-00.27.51:568][ 77]LogModuleManager: Shutting down and abandoning module TreeMap (430)
[2017.12.19-00.27.51:572][ 77]LogModuleManager: Shutting down and abandoning module ReferenceViewer (428)
[2017.12.19-00.27.51:572][ 77]LogModuleManager: Shutting down and abandoning module LocalizationDashboard (426)
[2017.12.19-00.27.51:581][ 77]LogModuleManager: Shutting down and abandoning module LocalizationService (425)
[2017.12.19-00.27.51:581][ 77]LogModuleManager: Shutting down and abandoning module HardwareTargeting (422)
[2017.12.19-00.27.51:581][ 77]LogModuleManager: Shutting down and abandoning module DeviceProfileEditor (420)
[2017.12.19-00.27.51:581][ 77]LogModuleManager: Shutting down and abandoning module UndoHistory (418)
[2017.12.19-00.27.51:581][ 77]LogModuleManager: Shutting down and abandoning module XmlParser (416)
[2017.12.19-00.27.51:581][ 77]LogModuleManager: Shutting down and abandoning module Blutility (414)
[2017.12.19-00.27.51:581][ 77]LogModuleManager: Shutting down and abandoning module ProjectSettingsViewer (412)
[2017.12.19-00.27.51:582][ 77]LogModuleManager: Shutting down and abandoning module ProjectTargetPlatformEditor (411)
[2017.12.19-00.27.51:582][ 77]LogModuleManager: Shutting down and abandoning module EditorSettingsViewer (408)
[2017.12.19-00.27.51:582][ 77]LogModuleManager: Shutting down and abandoning module SettingsEditor (406)
[2017.12.19-00.27.51:589][ 77]LogModuleManager: Shutting down and abandoning module ProjectLauncher (404)
[2017.12.19-00.27.51:601][ 77]LogModuleManager: Shutting down and abandoning module SessionFrontend (402)
[2017.12.19-00.27.51:601][ 77]LogModuleManager: Shutting down and abandoning module ProfilerClient (400)
[2017.12.19-00.27.51:606][ 77]LogModuleManager: Shutting down and abandoning module DeviceManager (398)
[2017.12.19-00.27.51:606][ 77]LogModuleManager: Shutting down and abandoning module TargetDeviceServices (397)
[2017.12.19-00.27.51:660][ 77]LogModuleManager: Shutting down and abandoning module AutomationController (394)
[2017.12.19-00.27.51:660][ 77]LogModuleManager: Shutting down and abandoning module AutomationWindow (392)
[2017.12.19-00.27.51:700][ 77]LogModuleManager: Shutting down and abandoning module Layers (390)
[2017.12.19-00.27.51:723][ 77]LogModuleManager: Shutting down and abandoning module ComponentVisualizers (388)
[2017.12.19-00.27.51:723][ 77]LogModuleManager: Shutting down and abandoning module DetailCustomizations (386)
[2017.12.19-00.27.51:723][ 77]LogModuleManager: Shutting down and abandoning module PackagesDialog (384)
[2017.12.19-00.27.51:723][ 77]LogModuleManager: Shutting down and abandoning module Persona (382)
[2017.12.19-00.27.51:745][ 77]LogModuleManager: Shutting down and abandoning module AdvancedPreviewScene (381)
[2017.12.19-00.27.51:745][ 77]LogModuleManager: Shutting down and abandoning module AnimGraph (379)
[2017.12.19-00.27.51:745][ 77]LogModuleManager: Shutting down and abandoning module Kismet (376)
[2017.12.19-00.27.51:751][ 77]LogModuleManager: Shutting down and abandoning module ClassViewer (374)
[2017.12.19-00.27.51:751][ 77]LogModuleManager: Shutting down and abandoning module Toolbox (372)
[2017.12.19-00.27.51:752][ 77]LogModuleManager: Shutting down and abandoning module ModuleUI (370)
[2017.12.19-00.27.51:761][ 77]LogModuleManager: Shutting down and abandoning module MovieSceneTools (368)
[2017.12.19-00.27.51:771][ 77]LogModuleManager: Shutting down and abandoning module OutputLog (366)
[2017.12.19-00.27.51:771][ 77]LogModuleManager: Shutting down and abandoning module GammaUI (364)
[2017.12.19-00.27.51:777][ 77]LogModuleManager: Shutting down and abandoning module Documentation (362)
[2017.12.19-00.27.51:777][ 77]LogModuleManager: Shutting down and abandoning module MovieSceneTracks (360)
[2017.12.19-00.27.51:777][ 77]LogModuleManager: Shutting down and abandoning module MovieScene (358)
[2017.12.19-00.27.51:777][ 77]LogModuleManager: Shutting down and abandoning module Niagara (356)
[2017.12.19-00.27.51:777][ 77]LogModuleManager: Shutting down and abandoning module NiagaraEditor (355)
[2017.12.19-00.27.51:788][ 77]LogModuleManager: Shutting down and abandoning module StreamingPauseRendering (352)
[2017.12.19-00.27.51:788][ 77]LogModuleManager: Shutting down and abandoning module LauncherPlatform (350)
[2017.12.19-00.27.51:788][ 77]LogModuleManager: Shutting down and abandoning module AnalyticsET (348)
[2017.12.19-00.27.51:788][ 77]LogModuleManager: Shutting down and abandoning module PortalServices (346)
[2017.12.19-00.27.51:788][ 77]LogModuleManager: Shutting down and abandoning module PortalRpc (344)
[2017.12.19-00.27.51:788][ 77]LogModuleManager: Shutting down and abandoning module MessagingRpc (342)
[2017.12.19-00.27.51:788][ 77]LogModuleManager: Shutting down and abandoning module AIModule (340)
[2017.12.19-00.27.51:788][ 77]LogModuleManager: Shutting down and abandoning module GameplayDebugger (339)
[2017.12.19-00.27.51:788][ 77]LogModuleManager: Shutting down and abandoning module AITestSuite (337)
[2017.12.19-00.27.51:788][ 77]LogModuleManager: Shutting down and abandoning module ProfilerService (334)
[2017.12.19-00.27.51:983][ 77]LogModuleManager: Shutting down and abandoning module TaskGraph (332)
[2017.12.19-00.27.52:003][ 77]LogModuleManager: Shutting down and abandoning module SteamVRController (330)
[2017.12.19-00.27.52:004][ 77]LogModuleManager: Shutting down and abandoning module ProceduralMeshComponentEditor (328)
[2017.12.19-00.27.52:004][ 77]LogModuleManager: Shutting down and abandoning module ProceduralMeshComponent (326)
[2017.12.19-00.27.52:004][ 77]LogModuleManager: Shutting down and abandoning module OculusInput (324)
[2017.12.19-00.27.52:004][ 77]LogModuleManager: Shutting down and abandoning module MobilePatchingUtils (322)
[2017.12.19-00.27.52:004][ 77]LogModuleManager: Shutting down and abandoning module CustomMeshComponent (320)
[2017.12.19-00.27.52:004][ 77]LogModuleManager: Shutting down and abandoning module CableComponent (318)
[2017.12.19-00.27.52:004][ 77]LogModuleManager: Shutting down and abandoning module ArchVisCharacter (316)
[2017.12.19-00.27.52:004][ 77]LogModuleManager: Shutting down and abandoning module AndroidPermission (314)
[2017.12.19-00.27.52:004][ 77]LogModuleManager: Shutting down and abandoning module MediaPlayerEditor (310)
[2017.12.19-00.27.52:004][ 77]LogModuleManager: Shutting down and abandoning module HTML5Networking (308)
[2017.12.19-00.27.52:004][ 77]LogModuleManager: Shutting down and abandoning module AlembicImporter (306)
[2017.12.19-00.27.52:025][ 77]LogModuleManager: Shutting down and abandoning module AlembicLibrary (305)
[2017.12.19-00.27.52:025][ 77]LogModuleManager: Shutting down and abandoning module GeometryCache (304)
[2017.12.19-00.27.52:025][ 77]LogModuleManager: Shutting down and abandoning module GeometryCacheEd (303)
[2017.12.19-00.27.52:025][ 77]LogModuleManager: Shutting down and abandoning module SpeedTreeImporter (298)
[2017.12.19-00.27.52:025][ 77]LogModuleManager: Shutting down and abandoning module PluginBrowser (296)
[2017.12.19-00.27.52:029][ 77]LogModuleManager: Shutting down and abandoning module MobileLauncherProfileWizard (294)
[2017.12.19-00.27.52:038][ 77]LogModuleManager: Shutting down and abandoning module VisualStudioSourceCodeAccess (292)
[2017.12.19-00.27.52:038][ 77]LogModuleManager: Shutting down and abandoning module DesktopPlatform (291)
[2017.12.19-00.27.52:038][ 77]LogModuleManager: Shutting down and abandoning module UObjectPlugin (288)
[2017.12.19-00.27.52:038][ 77]LogModuleManager: Shutting down and abandoning module SubversionSourceControl (286)
[2017.12.19-00.27.52:038][ 77]LogModuleManager: Shutting down and abandoning module PerforceSourceControl (284)
[2017.12.19-00.27.52:038][ 77]LogModuleManager: Shutting down and abandoning module GitSourceControl (282)
[2017.12.19-00.27.52:038][ 77]LogModuleManager: Shutting down and abandoning module SourceControl (281)
[2017.12.19-00.27.52:050][ 77]LogModuleManager: Shutting down and abandoning module LightPropagationVolumeEditor (278)
[2017.12.19-00.27.52:050][ 77]LogModuleManager: Shutting down and abandoning module PaperTiledImporter (276)
[2017.12.19-00.27.52:050][ 77]LogModuleManager: Shutting down and abandoning module PaperSpriteSheetImporter (274)
[2017.12.19-00.27.52:050][ 77]LogModuleManager: Shutting down and abandoning module Paper2DEditor (272)
[2017.12.19-00.27.52:050][ 77]LogModuleManager: Shutting down and abandoning module MeshPaint (271)
[2017.12.19-00.27.52:050][ 77]LogModuleManager: Shutting down and abandoning module LevelEditor (269)
[2017.12.19-00.27.52:052][ 77]LogModuleManager: Shutting down and abandoning module PixelInspectorModule (268)
[2017.12.19-00.27.52:052][ 77]LogModuleManager: Shutting down and abandoning module MainFrame (266)
[2017.12.19-00.27.52:052][ 77]LogModuleManager: Shutting down and abandoning module HotReload (265)
[2017.12.19-00.27.52:052][ 77]LogModuleManager: Shutting down and abandoning module RuntimePhysXCooking (260)
[2017.12.19-00.27.52:053][ 77]LogModuleManager: Shutting down and abandoning module PhysXVehiclesEditor (258)
[2017.12.19-00.27.52:053][ 77]LogModuleManager: Shutting down and abandoning module PhysXVehicles (256)
[2017.12.19-00.27.52:053][ 77]LogModuleManager: Shutting down and abandoning module OculusEditor (254)
[2017.12.19-00.27.52:053][ 77]LogModuleManager: Shutting down and abandoning module LocationServicesBPLibrary (252)
[2017.12.19-00.27.52:053][ 77]LogModuleManager: Shutting down and abandoning module ImmediatePhysicsEditor (250)
[2017.12.19-00.27.52:053][ 77]LogModuleManager: Shutting down and abandoning module ImmediatePhysics (248)
[2017.12.19-00.27.52:053][ 77]LogModuleManager: Shutting down and abandoning module UdpMessaging (246)
[2017.12.19-00.27.52:154][ 77]LogModuleManager: Shutting down and abandoning module TcpMessaging (244)
[2017.12.19-00.27.52:255][ 77]LogModuleManager: Shutting down and abandoning module GameplayTagsEditor (242)
[2017.12.19-00.27.52:271][ 77]LogModuleManager: Shutting down and abandoning module FacialAnimationEditor (240)
[2017.12.19-00.27.52:271][ 77]LogModuleManager: Shutting down and abandoning module FacialAnimation (238)
[2017.12.19-00.27.52:271][ 77]LogModuleManager: Shutting down and abandoning module AssetManagerEditor (236)
[2017.12.19-00.27.52:271][ 77]LogModuleManager: Shutting down and abandoning module GraphEditor (235)
[2017.12.19-00.27.52:271][ 77]LogModuleManager: Shutting down and abandoning module ContentBrowser (233)
[2017.12.19-00.27.52:272][ 77]LogModuleManager: Shutting down and abandoning module LightPropagationVolumeRuntime (230)
[2017.12.19-00.27.52:272][ 77]LogModuleManager: Shutting down and abandoning module Paper2D (228)
[2017.12.19-00.27.52:284][ 77]LogModuleManager: Shutting down and abandoning module WindowsMoviePlayer (226)
[2017.12.19-00.27.52:284][ 77]LogModuleManager: Shutting down and abandoning module WmfMedia (224)
[2017.12.19-00.27.52:284][ 77]LogModuleManager: Shutting down and abandoning module PacketHandler (222)
[2017.12.19-00.27.52:284][ 77]LogModuleManager: Shutting down and abandoning module ClothingSystemEditor (220)
[2017.12.19-00.27.52:284][ 77]LogModuleManager: Shutting down and abandoning module ClothingSystemRuntime (218)
[2017.12.19-00.27.52:285][ 77]LogModuleManager: Shutting down and abandoning module Overlay (216)
[2017.12.19-00.27.52:285][ 77]LogModuleManager: Shutting down and abandoning module OverlayEditor (215)
[2017.12.19-00.27.52:285][ 77]LogModuleManager: Shutting down and abandoning module MediaAssets (212)
[2017.12.19-00.27.52:285][ 77]LogModuleManager: Shutting down and abandoning module VREditor (210)
[2017.12.19-00.27.52:304][ 77]LogModuleManager: Shutting down and abandoning module StringTableEditor (208)
[2017.12.19-00.27.52:313][ 77]LogModuleManager: Shutting down and abandoning module GameplayTasksEditor (206)
[2017.12.19-00.27.52:313][ 77]LogModuleManager: Shutting down and abandoning module BehaviorTreeEditor (204)
[2017.12.19-00.27.52:336][ 77]LogModuleManager: Shutting down and abandoning module FunctionalTesting (202)
[2017.12.19-00.27.52:336][ 77]LogModuleManager: Shutting down and abandoning module CollisionAnalyzer (200)
[2017.12.19-00.27.52:336][ 77]LogModuleManager: Shutting down and abandoning module WorkspaceMenuStructure (199)
[2017.12.19-00.27.52:336][ 77]LogModuleManager: Shutting down and abandoning module UMG (196)
[2017.12.19-00.27.52:336][ 77]LogModuleManager: Shutting down and abandoning module UMGEditor (195)
[2017.12.19-00.27.52:336][ 77]LogModuleManager: Shutting down and abandoning module Sequencer (194)
[2017.12.19-00.27.52:336][ 77]LogModuleManager: Shutting down and abandoning module MessageLog (191)
[2017.12.19-00.27.52:336][ 77]LogModuleManager: Shutting down and abandoning module SlateReflector (186)
[2017.12.19-00.27.52:354][ 77]LogModuleManager: Shutting down and abandoning module Slate (184)
[2017.12.19-00.27.52:354][ 77]LogModuleManager: Shutting down and abandoning module EditorStyle (182)
[2017.12.19-00.27.52:357][ 77]LogModuleManager: Shutting down and abandoning module MRMesh (180)
[2017.12.19-00.27.52:357][ 77]LogModuleManager: Shutting down and abandoning module SourceCodeAccess (178)
[2017.12.19-00.27.52:357][ 77]LogModuleManager: Shutting down and abandoning module HeadMountedDisplay (176)
[2017.12.19-00.27.52:357][ 77]LogModuleManager: Shutting down and abandoning module XAudio2 (174)
[2017.12.19-00.27.52:357][ 77]LogModuleManager: Shutting down and abandoning module Networking (172)
[2017.12.19-00.27.52:357][ 77]LogModuleManager: Shutting down and abandoning module Core (168)
[2017.12.19-00.27.52:357][ 77]LogModuleManager: Shutting down and abandoning module KismetCompiler (164)
[2017.12.19-00.27.52:357][ 77]LogModuleManager: Shutting down and abandoning module LevelSequence (162)
[2017.12.19-00.27.52:357][ 77]LogModuleManager: Shutting down and abandoning module MeshUtilities (160)
[2017.12.19-00.27.52:363][ 77]LogModuleManager: Shutting down and abandoning module MeshMergeUtilities (159)
[2017.12.19-00.27.52:371][ 77]LogModuleManager: Shutting down and abandoning module MeshReductionInterface (158)
[2017.12.19-00.27.52:372][ 77]LogModuleManager: Shutting down and abandoning module SimplygonSwarm (157)
[2017.12.19-00.27.52:379][ 77]LogModuleManager: Shutting down and abandoning module SimplygonMeshReduction (155)
[2017.12.19-00.27.52:379][ 77]LogModuleManager: Shutting down and abandoning module QuadricMeshReduction (153)
[2017.12.19-00.27.52:379][ 77]LogModuleManager: Shutting down and abandoning module MaterialBaking (149)
[2017.12.19-00.27.52:379][ 77]LogModuleManager: Shutting down and abandoning module DirectoryWatcher (146)
[2017.12.19-00.27.52:381][ 77]LogModuleManager: Shutting down and abandoning module DerivedDataCache (144)
[2017.12.19-00.27.52:466][ 77]LogDerivedDataCache: Shutdown
[2017.12.19-00.27.52:466][ 77]LogModuleManager: Shutting down and abandoning module TargetPlatform (142)
[2017.12.19-00.27.52:466][ 77]LogModuleManager: Shutting down and abandoning module VulkanShaderFormat (141)
[2017.12.19-00.27.52:466][ 77]LogModuleManager: Shutting down and abandoning module ShaderFormatVectorVM (139)
[2017.12.19-00.27.52:472][ 77]LogModuleManager: Shutting down and abandoning module ShaderFormatOpenGL (137)
[2017.12.19-00.27.52:476][ 77]LogModuleManager: Shutting down and abandoning module ShaderFormatD3D (135)
[2017.12.19-00.27.52:476][ 77]LogModuleManager: Shutting down and abandoning module MetalShaderFormat (133)
[2017.12.19-00.27.52:491][ 77]LogModuleManager: Shutting down and abandoning module TextureFormatUncompressed (131)
[2017.12.19-00.27.52:491][ 77]LogModuleManager: Shutting down and abandoning module TextureFormatPVR (129)
[2017.12.19-00.27.52:491][ 77]LogModuleManager: Shutting down and abandoning module TextureFormatDXT (127)
[2017.12.19-00.27.52:491][ 77]LogModuleManager: Shutting down and abandoning module TextureFormatIntelISPCTexComp (125)
[2017.12.19-00.27.52:491][ 77]LogModuleManager: Shutting down and abandoning module TextureFormatASTC (123)
[2017.12.19-00.27.52:491][ 77]LogModuleManager: Shutting down and abandoning module ImageWrapper (122)
[2017.12.19-00.27.52:491][ 77]LogModuleManager: Shutting down and abandoning module TextureFormatAndroid (119)
[2017.12.19-00.27.52:491][ 77]LogModuleManager: Shutting down and abandoning module AudioFormatOpus (117)
[2017.12.19-00.27.52:491][ 77]LogModuleManager: Shutting down and abandoning module AudioFormatOgg (115)
[2017.12.19-00.27.52:491][ 77]LogModuleManager: Shutting down and abandoning module AudioFormatADPCM (113)
[2017.12.19-00.27.52:491][ 77]LogModuleManager: Shutting down and abandoning module LinuxTargetPlatform (111)
[2017.12.19-00.27.52:491][ 77]LogModuleManager: Shutting down and abandoning module LinuxServerTargetPlatform (109)
[2017.12.19-00.27.52:491][ 77]LogModuleManager: Shutting down and abandoning module LinuxNoEditorTargetPlatform (107)
[2017.12.19-00.27.52:491][ 77]LogModuleManager: Shutting down and abandoning module LinuxClientTargetPlatform (105)
[2017.12.19-00.27.52:491][ 77]LogModuleManager: Shutting down and abandoning module TVOSTargetPlatform (103)
[2017.12.19-00.27.52:491][ 77]LogModuleManager: Shutting down and abandoning module Messaging (101)
[2017.12.19-00.27.52:491][ 77]LogModuleManager: Shutting down and abandoning module IOSTargetPlatform (99)
[2017.12.19-00.27.52:491][ 77]LogModuleManager: Shutting down and abandoning module HTML5TargetPlatform (97)
[2017.12.19-00.27.52:491][ 77]LogModuleManager: Shutting down and abandoning module Android_PVRTCTargetPlatform (95)
[2017.12.19-00.27.52:491][ 77]LogModuleManager: Shutting down and abandoning module Android_MultiTargetPlatform (93)
[2017.12.19-00.27.52:491][ 77]LogModuleManager: Shutting down and abandoning module Android_ETC2TargetPlatform (91)
[2017.12.19-00.27.52:491][ 77]LogModuleManager: Shutting down and abandoning module Android_ETC1TargetPlatform (89)
[2017.12.19-00.27.52:491][ 77]LogModuleManager: Shutting down and abandoning module Android_DXTTargetPlatform (87)
[2017.12.19-00.27.52:491][ 77]LogModuleManager: Shutting down and abandoning module Android_ATCTargetPlatform (85)
[2017.12.19-00.27.52:491][ 77]LogModuleManager: Shutting down and abandoning module Android_ASTCTargetPlatform (83)
[2017.12.19-00.27.52:491][ 77]LogModuleManager: Shutting down and abandoning module AndroidTargetPlatform (81)
[2017.12.19-00.27.52:491][ 77]LogModuleManager: Shutting down and abandoning module WindowsTargetPlatform (79)
[2017.12.19-00.27.52:491][ 77]LogModuleManager: Shutting down and abandoning module WindowsServerTargetPlatform (77)
[2017.12.19-00.27.52:492][ 77]LogModuleManager: Shutting down and abandoning module WindowsNoEditorTargetPlatform (75)
[2017.12.19-00.27.52:492][ 77]LogModuleManager: Shutting down and abandoning module WindowsClientTargetPlatform (73)
[2017.12.19-00.27.52:492][ 77]LogModuleManager: Shutting down and abandoning module MacTargetPlatform (71)
[2017.12.19-00.27.52:492][ 77]LogModuleManager: Shutting down and abandoning module MacServerTargetPlatform (69)
[2017.12.19-00.27.52:492][ 77]LogModuleManager: Shutting down and abandoning module MacNoEditorTargetPlatform (67)
[2017.12.19-00.27.52:492][ 77]LogModuleManager: Shutting down and abandoning module MacClientTargetPlatform (65)
[2017.12.19-00.27.52:492][ 77]LogModuleManager: Shutting down and abandoning module AllDesktopTargetPlatform (63)
[2017.12.19-00.27.52:492][ 77]LogModuleManager: Shutting down and abandoning module InputCore (60)
[2017.12.19-00.27.52:492][ 77]LogModuleManager: Shutting down and abandoning module Settings (58)
[2017.12.19-00.27.52:492][ 77]LogModuleManager: Shutting down and abandoning module PhysXCooking (56)
[2017.12.19-00.27.52:492][ 77]LogModuleManager: Shutting down and abandoning module SteamVR (54)
[2017.12.19-00.27.52:492][ 77]LogModuleManager: Shutting down and abandoning module OculusHMD (52)
[2017.12.19-00.27.52:492][ 77]LogModuleManager: Shutting down and abandoning module ExampleDeviceProfileSelector (50)
[2017.12.19-00.27.52:492][ 77]LogModuleManager: Shutting down and abandoning module OnlineBlueprintSupport (48)
[2017.12.19-00.27.52:492][ 77]LogModuleManager: Shutting down and abandoning module OnlineSubsystem (44)
[2017.12.19-00.27.52:492][ 77]LogOnline: Display: Unloading online subsystem: NULL
[2017.12.19-00.27.52:524][ 77]LogModuleManager: Shutting down and abandoning module XMPP (43)
[2017.12.19-00.27.52:541][ 77]LogModuleManager: Shutting down and abandoning module HTTP (41)
[2017.12.19-00.27.52:541][ 77]LogHttp: Display: Http module shutting down, but needs to wait on 1 outstanding Http requests:
[2017.12.19-00.27.52:541][ 77]LogHttp: Display: 	verb=[POST] url=[https://datarouter.ol.epicgames.com/datarouter/api/v1/public/data?SessionID=%7B0BBB9345-4031-125E-B3E9-62AF5695B7AC%7D&AppID=UEEditor.Rocket.Release&AppVersion=4.17.1-3586342%2B%2B%2BUE4%2BRelease-4.17&UserID=2b4b9104449ff9352e6e79a22565f81d%7C3c455ced7e304eddb535ae3cbf37a172%7Cdff5993a-bb95-44de-bad5-df2ac76192ca&AppEnvironment=datacollector-binary&UploadType=eteventstream] status=Processing
[2017.12.19-00.27.52:541][ 77]LogHttp: Warning: 000001A46C31F100: request failed, libcurl error: 7 (Couldn't connect to server)
[2017.12.19-00.27.52:541][ 77]LogHttp: Warning: 000001A46C31F100: libcurl info message cache 0 (Hostname datarouter.ol.epicgames.com was found in DNS cache)
[2017.12.19-00.27.52:541][ 77]LogHttp: Warning: 000001A46C31F100: libcurl info message cache 1 (  Trying 121.166.148.201...)
[2017.12.19-00.27.52:541][ 77]LogHttp: Warning: 000001A46C31F100: libcurl info message cache 2 (connect to 121.166.148.201 port 443 failed: Connection refused)
[2017.12.19-00.27.52:541][ 77]LogHttp: Warning: 000001A46C31F100: libcurl info message cache 3 (Failed to connect to datarouter.ol.epicgames.com port 443: Connection refused)
[2017.12.19-00.27.52:541][ 77]LogHttp: Warning: 000001A46C31F100: libcurl info message cache 4 (Closing connection 12)
[2017.12.19-00.27.52:568][ 77]LogModuleManager: Shutting down and abandoning module SSL (40)
[2017.12.19-00.27.52:569][ 77]LogModuleManager: Shutting down and abandoning module AnimationModifiers (36)
[2017.12.19-00.27.52:569][ 77]LogModuleManager: Shutting down and abandoning module PropertyEditor (35)
[2017.12.19-00.27.52:569][ 77]LogModuleManager: Shutting down and abandoning module AudioEditor (32)
[2017.12.19-00.27.52:580][ 77]LogModuleManager: Shutting down and abandoning module TextureCompressor (30)
[2017.12.19-00.27.52:580][ 77]LogModuleManager: Shutting down and abandoning module ShaderCore (28)
[2017.12.19-00.27.52:580][ 77]LogModuleManager: Shutting down and abandoning module Landscape (26)
[2017.12.19-00.27.52:580][ 77]LogModuleManager: Shutting down and abandoning module SlateRHIRenderer (24)
[2017.12.19-00.27.52:594][ 77]LogModuleManager: Shutting down and abandoning module OpenGLDrv (22)
[2017.12.19-00.27.52:608][ 77]LogModuleManager: Shutting down and abandoning module D3D11RHI (20)
[2017.12.19-00.27.52:608][ 77]LogModuleManager: Shutting down and abandoning module AnimGraphRuntime (18)
[2017.12.19-00.27.52:608][ 77]LogModuleManager: Shutting down and abandoning module Renderer (16)
[2017.12.19-00.27.52:608][ 77]LogModuleManager: Shutting down and abandoning module Engine (14)
[2017.12.19-00.27.52:608][ 77]LogModuleManager: Shutting down and abandoning module CoreUObject (12)
[2017.12.19-00.27.52:608][ 77]LogModuleManager: Shutting down and abandoning module NetworkFile (10)
[2017.12.19-00.27.52:608][ 77]LogModuleManager: Shutting down and abandoning module CookedIterativeFile (8)
[2017.12.19-00.27.52:608][ 77]LogModuleManager: Shutting down and abandoning module StreamingFile (6)
[2017.12.19-00.27.52:608][ 77]LogModuleManager: Shutting down and abandoning module SandboxFile (4)
[2017.12.19-00.27.52:608][ 77]LogModuleManager: Shutting down and abandoning module PakFile (2)
[2017.12.19-00.27.52:612][ 77]LogExit: Exiting.
[2017.12.19-00.27.52:680][ 77]Log file closed, 12/19/17 09:27:52
