Log file open, 11/27/17 23:34:34
LogWindows: LoadLibraryWithSearchPaths failed for file aqProf.dll. GetLastError=0
LogWindows: LoadLibraryWithSearchPaths failed for file VtuneApi.dll. GetLastError=0
LogWindows: LoadLibraryWithSearchPaths failed for file VtuneApi32e.dll. GetLastError=0
LogInit: Display: Running engine for game: Berserker
LogPlatformFile: Not using cached read wrapper
LogInit: Display: RandInit(1980806388) SRandInit(1980806388).
LogTaskGraph: Started task graph with 5 named threads and 14 total threads with 3 sets of task threads.
LogStats: Stats thread started at 2.650858
LogD3D11RHI: Aftermath initialized
LogPluginManager: Mounting plugin Paper2D
LogPluginManager: Mounting plugin LightPropagationVolume
LogPluginManager: Mounting plugin CodeLiteSourceCodeAccess
LogPluginManager: Mounting plugin GitSourceControl
LogPluginManager: Mounting plugin KDevelopSourceCodeAccess
LogPluginManager: Mounting plugin NullSourceCodeAccess
LogPluginManager: Mounting plugin PerforceSourceControl
LogPluginManager: Mounting plugin SubversionSourceControl
LogPluginManager: Mounting plugin UObjectPlugin
LogPluginManager: Mounting plugin VisualStudioSourceCodeAccess
LogPluginManager: Mounting plugin XCodeSourceCodeAccess
LogPluginManager: Mounting plugin AssetManagerEditor
LogPluginManager: Mounting plugin AudioCapture
LogPluginManager: Mounting plugin FacialAnimation
LogPluginManager: Mounting plugin GameplayTagsEditor
LogPluginManager: Mounting plugin MobileLauncherProfileWizard
LogPluginManager: Mounting plugin PluginBrowser
LogPluginManager: Mounting plugin SpeedTreeImporter
LogPluginManager: Mounting plugin AlembicImporter
LogPluginManager: Mounting plugin CharacterAI
LogPluginManager: Mounting plugin HTML5Networking
LogPluginManager: Mounting plugin AndroidMedia
LogPluginManager: Mounting plugin AvfMedia
LogPluginManager: Mounting plugin MediaPlayerEditor
LogPluginManager: Mounting plugin WmfMedia
LogPluginManager: Mounting plugin TcpMessaging
LogPluginManager: Mounting plugin UdpMessaging
LogPluginManager: Mounting plugin LevelSequenceEditor
LogPluginManager: Mounting plugin MatineeToLevelSequence
LogPluginManager: Mounting plugin OnlineSubsystemGooglePlay
LogPluginManager: Mounting plugin OnlineSubsystemIOS
LogPluginManager: Mounting plugin OnlineSubsystem
LogPluginManager: Mounting plugin OnlineSubsystemNull
LogPluginManager: Mounting plugin OnlineSubsystemUtils
LogPluginManager: Mounting plugin AndroidDeviceProfileSelector
LogPluginManager: Mounting plugin AndroidMoviePlayer
LogPluginManager: Mounting plugin AndroidPermission
LogPluginManager: Mounting plugin AppleMoviePlayer
LogPluginManager: Mounting plugin ArchVisCharacter
LogPluginManager: Mounting plugin CableComponent
LogPluginManager: Mounting plugin CustomMeshComponent
LogPluginManager: Mounting plugin ExampleDeviceProfileSelector
LogPluginManager: Mounting plugin GoogleCloudMessaging
LogPluginManager: Mounting plugin ImmediatePhysics
LogPluginManager: Mounting plugin IOSDeviceProfileSelector
LogPluginManager: Mounting plugin LinuxDeviceProfileSelector
LogPluginManager: Mounting plugin LocationServicesBPLibrary
LogPluginManager: Mounting plugin MobilePatchingUtils
LogPluginManager: Mounting plugin OculusVR
LogPluginManager: Mounting plugin PhysXVehicles
LogPluginManager: Mounting plugin ProceduralMeshComponent
LogPluginManager: Mounting plugin RuntimePhysXCooking
LogPluginManager: Mounting plugin SteamVR
LogPluginManager: Mounting plugin WindowsMoviePlayer
LogInit: Using libcurl 7.47.1
LogInit:  - built for x86_64-pc-win32
LogInit:  - supports SSL with OpenSSL/1.0.2g
LogInit:  - supports HTTP deflate (compression) using libz 1.2.8
LogInit:  - other features:
LogInit:      CURL_VERSION_SSL
LogInit:      CURL_VERSION_LIBZ
LogInit:      CURL_VERSION_IPV6
LogInit:      CURL_VERSION_ASYNCHDNS
LogInit:      CURL_VERSION_LARGEFILE
LogInit:      CURL_VERSION_IDN
LogInit:  CurlRequestOptions (configurable via config and command line):
LogInit:  - bVerifyPeer = false  - Libcurl will NOT verify peer certificate
LogInit:  - bUseHttpProxy = false  - Libcurl will NOT use HTTP proxy
LogInit:  - bDontReuseConnections = false  - Libcurl will reuse connections
LogInit:  - CertBundlePath = nullptr  - Libcurl will use whatever was configured at build time.
LogInit: Build: ++UE4+Release-4.17-CL-3586342
LogInit: Engine Version: 4.17.1-3586342+++UE4+Release-4.17
LogInit: Compatible Engine Version: 4.17.0-3573198+++UE4+Release-4.17
LogInit: Net CL: 3573198
LogDevObjectVersion: Number of dev versions registered: 16
LogDevObjectVersion:   Dev-Blueprints (B0D832E4-1F89-4F0D-ACCF-7EB736FD4AA2): 10
LogDevObjectVersion:   Dev-Build (E1C64328-A22C-4D53-A36C-8E866417BD8C): 0
LogDevObjectVersion:   Dev-Core (375EC13C-06E4-48FB-B500-84F0262A717E): 2
LogDevObjectVersion:   Dev-Editor (E4B068ED-F494-42E9-A231-DA0B2E46BB41): 20
LogDevObjectVersion:   Dev-Framework (CFFC743F-43B0-4480-9391-14DF171D2073): 28
LogDevObjectVersion:   Dev-Mobile (B02B49B5-BB20-44E9-A304-32B752E40360): 0
LogDevObjectVersion:   Dev-Networking (A4E4105C-59A1-49B5-A7C5-40C4547EDFEE): 0
LogDevObjectVersion:   Dev-Online (39C831C9-5AE6-47DC-9A44-9C173E1C8E7C): 0
LogDevObjectVersion:   Dev-Physics (78F01B33-EBEA-4F98-B9B4-84EACCB95AA2): 0
LogDevObjectVersion:   Dev-Platform (6631380F-2D4D-43E0-8009-CF276956A95A): 0
LogDevObjectVersion:   Dev-Rendering (12F88B9F-8875-4AFC-A67C-D90C383ABD29): 19
LogDevObjectVersion:   Dev-Sequencer (7B5AE74C-D270-4C10-A958-57980B212A5A): 4
LogDevObjectVersion:   Dev-VR (D7296918-1DD6-4BDD-9DE2-64A83CC13884): 0
LogDevObjectVersion:   Dev-LoadTimes (C2A15278-BFE7-4AFE-6C17-90FF531DF755): 1
LogDevObjectVersion:   Private-Geometry (6EACA3D4-40EC-4CC1-B786-8BED09428FC5): 1
LogDevObjectVersion:   Dev-AnimPhys (29E575DD-E0A3-4627-9D10-D276232CDCEA): 7
LogInit: Compiled (64-bit): Aug 15 2017 02:05:26
LogInit: Compiled with Visual C++: 19.00.24215.01
LogInit: Build Configuration: Development
LogInit: Branch Name: ++UE4+Release-4.17
LogInit: Command line:  
LogInit: Base directory: D:/UnrealEngine/UE_4.17/Engine/Binaries/Win64/
LogInit: Installed Engine Build: 1
LogInit: Presizing for max 8388607 objects, including 0 objects not considered by GC, pre-allocating 0 bytes for permanent pool.
LogInit: Object subsystem initialized
[2017.11.27-14.34.36:088][  0]LogInit: Selected Device Profile: [Windows]
[2017.11.27-14.34.36:088][  0]LogInit: Applying CVar settings loaded from the selected device profile: [Windows]
[2017.11.27-14.34.36:199][  0]LogInit: Computer: DESKTOP-6JOGDQL
[2017.11.27-14.34.36:199][  0]LogInit: User: JWOH
[2017.11.27-14.34.36:199][  0]LogInit: CPU Page size=4096, Cores=4
[2017.11.27-14.34.36:199][  0]LogInit: High frequency timer resolution =2.531250 MHz
[2017.11.27-14.34.36:199][  0]LogMemory: Memory total: Physical=7.9GB (8GB approx)
[2017.11.27-14.34.36:199][  0]LogMemory: Platform Memory Stats for Windows
[2017.11.27-14.34.36:199][  0]LogMemory: Process Physical Memory: 280.59 MB used, 280.59 MB peak
[2017.11.27-14.34.36:199][  0]LogMemory: Process Virtual Memory: 290.52 MB used, 290.52 MB peak
[2017.11.27-14.34.36:199][  0]LogMemory: Physical Memory: 6201.74 MB used,  1853.91 MB free, 8055.66 MB total
[2017.11.27-14.34.36:199][  0]LogMemory: Virtual Memory: 685.23 MB used,  1853.91 MB free, 134217728.00 MB total
[2017.11.27-14.34.38:799][  0]LogInit: Using OS detected language (ko-KR).
[2017.11.27-14.34.38:799][  0]LogInit: Using OS detected locale (ko-KR).
[2017.11.27-14.34.39:085][  0]LogTextLocalizationManager: No specific localization for 'ko-KR' exists, so the 'ko' localization will be used.
[2017.11.27-14.34.45:501][  0]LogD3D11RHI: D3D11 adapters:
[2017.11.27-14.34.45:552][  0]LogD3D11RHI:    0. 'NVIDIA GeForce GTX 960M' (Feature Level 11_0)
[2017.11.27-14.34.45:552][  0]LogD3D11RHI:       2019/0/4027 MB DedicatedVideo/DedicatedSystem/SharedSystem, Outputs:1, VendorId:0x10de
[2017.11.27-14.34.45:564][  0]LogD3D11RHI:    1. 'Intel(R) HD Graphics 530' (Feature Level 11_0)
[2017.11.27-14.34.45:564][  0]LogD3D11RHI:       128/0/4027 MB DedicatedVideo/DedicatedSystem/SharedSystem, Outputs:0, VendorId:0x8086
[2017.11.27-14.34.45:566][  0]LogD3D11RHI:    2. 'Microsoft Basic Render Driver' (Feature Level 11_0)
[2017.11.27-14.34.45:566][  0]LogD3D11RHI:       0/0/4027 MB DedicatedVideo/DedicatedSystem/SharedSystem, Outputs:0, VendorId:0x1414
[2017.11.27-14.34.45:566][  0]LogD3D11RHI: Chosen D3D11 Adapter: 0
[2017.11.27-14.34.45:573][  0]LogD3D11RHI: Creating new Direct3DDevice
[2017.11.27-14.34.45:574][  0]LogD3D11RHI:     GPU DeviceId: 0x139b (for the marketing name, search the web for "GPU Device Id")
[2017.11.27-14.34.45:574][  0]LogWindows: EnumDisplayDevices:
[2017.11.27-14.34.45:574][  0]LogWindows:    0. 'Intel(R) HD Graphics 530' (P:1 D:1)
[2017.11.27-14.34.45:575][  0]LogWindows:    1. 'Intel(R) HD Graphics 530' (P:0 D:0)
[2017.11.27-14.34.45:576][  0]LogWindows:    2. 'Intel(R) HD Graphics 530' (P:0 D:0)
[2017.11.27-14.34.45:577][  0]LogWindows: DebugString: PrimaryIsNotTheChoosenAdapter PrimaryIsNotTheChoosenAdapter PrimaryIsNotTheChoosenAdapter FoundDriverCount:0 
[2017.11.27-14.34.45:577][  0]LogD3D11RHI:     Adapter Name: NVIDIA GeForce GTX 960M
[2017.11.27-14.34.45:577][  0]LogD3D11RHI:   Driver Version: Unknown (internal:Unknown, unified:Unknown)
[2017.11.27-14.34.45:577][  0]LogD3D11RHI:      Driver Date: Unknown
[2017.11.27-14.34.45:577][  0]LogRHI: Texture pool is 1361 MB (70% of 1945 MB)
[2017.11.27-14.34.45:596][  0]LogD3D11RHI: Async texture creation enabled
[2017.11.27-14.34.45:705][  0]LogD3D11RHI: GPU Timing Frequency: 1000.000000 (Debug: 2 1)
[2017.11.27-14.34.45:727][  0]LogShaderCompilers: Guid format shader working directory is -14 characters bigger than the processId version (../../../../../NewGarden/GardenProject/NGA/Project/Berserker/Intermediate/Shaders/WorkingDirectory/12432/).
[2017.11.27-14.34.45:727][  0]LogShaderCompilers: Cleaned the shader compiler working directory 'C:/Users/J.W OH/AppData/Local/Temp/UnrealShaderWorkingDir/E3DAB4254C6462C7E812949C8C4F3054/'.
[2017.11.27-14.34.45:727][  0]LogShaderCompilers: Display: Using Local Shader Compiler.
[2017.11.27-14.34.51:518][  0]LogTemp: Display: Loaded TP AllDesktopTargetPlatform
[2017.11.27-14.34.51:574][  0]LogTemp: Display: Loaded TP MacClientTargetPlatform
[2017.11.27-14.34.51:631][  0]LogTemp: Display: Loaded TP MacNoEditorTargetPlatform
[2017.11.27-14.34.51:688][  0]LogTemp: Display: Loaded TP MacServerTargetPlatform
[2017.11.27-14.34.51:770][  0]LogTemp: Display: Loaded TP MacTargetPlatform
[2017.11.27-14.34.51:839][  0]LogTemp: Display: Loaded TP WindowsClientTargetPlatform
[2017.11.27-14.34.51:905][  0]LogTemp: Display: Loaded TP WindowsNoEditorTargetPlatform
[2017.11.27-14.34.51:962][  0]LogTemp: Display: Loaded TP WindowsServerTargetPlatform
[2017.11.27-14.34.52:011][  0]LogTemp: Display: Loaded TP WindowsTargetPlatform
[2017.11.27-14.34.52:122][  0]LogTemp: Display: Loaded TP AndroidTargetPlatform
[2017.11.27-14.34.52:180][  0]LogTemp: Display: Loaded TP Android_ASTCTargetPlatform
[2017.11.27-14.34.52:234][  0]LogTemp: Display: Loaded TP Android_ATCTargetPlatform
[2017.11.27-14.34.52:295][  0]LogTemp: Display: Loaded TP Android_DXTTargetPlatform
[2017.11.27-14.34.52:364][  0]LogTemp: Display: Loaded TP Android_ETC1TargetPlatform
[2017.11.27-14.34.52:430][  0]LogTemp: Display: Loaded TP Android_ETC2TargetPlatform
[2017.11.27-14.34.52:565][  0]LogTemp: Display: Loaded TP Android_MultiTargetPlatform
[2017.11.27-14.34.52:565][  0]LogTemp: Display: Loaded TP Android_PVRTCTargetPlatform
[2017.11.27-14.34.52:614][  0]LogTemp: Display: Loaded TP HTML5TargetPlatform
[2017.11.27-14.34.52:846][  0]LogTemp: Display: Loaded TP IOSTargetPlatform
[2017.11.27-14.34.52:895][  0]LogTemp: Display: Loaded TP TVOSTargetPlatform
[2017.11.27-14.34.52:960][  0]LogTemp: Display: Loaded TP LinuxClientTargetPlatform
[2017.11.27-14.34.53:015][  0]LogTemp: Display: Loaded TP LinuxNoEditorTargetPlatform
[2017.11.27-14.34.53:069][  0]LogTemp: Display: Loaded TP LinuxServerTargetPlatform
[2017.11.27-14.34.53:160][  0]LogTemp: Display: Loaded TP LinuxTargetPlatform
[2017.11.27-14.34.53:160][  0]LogTargetPlatformManager: Display: Building Assets For Windows
[2017.11.27-14.34.54:808][  0]LogDerivedDataCache: Display: Max Cache Size: 512 MB
[2017.11.27-14.34.55:304][  0]LogDerivedDataCache: Loaded boot cache 0.50s 93MB C:/Users/J.W OH/AppData/Local/UnrealEngine/4.17/DerivedDataCache/Boot.ddc.
[2017.11.27-14.34.55:304][  0]LogDerivedDataCache: Display: Loaded Boot cache: C:/Users/J.W OH/AppData/Local/UnrealEngine/4.17/DerivedDataCache/Boot.ddc
[2017.11.27-14.34.55:304][  0]LogDerivedDataCache: FDerivedDataBackendGraph:  Pak pak cache file ../../../../../NewGarden/GardenProject/NGA/Project/Berserker/DerivedDataCache/DDC.ddp not found, will not use a pak cache.
[2017.11.27-14.34.55:304][  0]LogDerivedDataCache: Unable to find inner node Pak for hierarchical cache Hierarchy.
[2017.11.27-14.34.55:304][  0]LogDerivedDataCache: FDerivedDataBackendGraph:  CompressedPak pak cache file ../../../../../NewGarden/GardenProject/NGA/Project/Berserker/DerivedDataCache/Compressed.ddp not found, will not use a pak cache.
[2017.11.27-14.34.55:304][  0]LogDerivedDataCache: Unable to find inner node CompressedPak for hierarchical cache Hierarchy.
[2017.11.27-14.34.55:402][  0]LogDerivedDataCache: Display: Pak cache opened for reading ../../../Engine/DerivedDataCache/Compressed.ddp.
[2017.11.27-14.34.55:414][  0]LogDerivedDataCache: Using Local data cache path C:/Users/J.W OH/AppData/Local/UnrealEngine/Common/DerivedDataCache: Writable
[2017.11.27-14.34.55:442][  0]LogMaterial: Verifying Global Shaders for PCD3D_SM5
[2017.11.27-14.34.55:442][  0]LogSlate: Using Freetype 2.6.0
[2017.11.27-14.34.55:576][  0]LogSlate: SlateFontCache - WITH_FREETYPE: 1, WITH_HARFBUZZ: 1
[2017.11.27-14.34.55:576][  0]LogSlate: SlateFontCache - WITH_FREETYPE: 1, WITH_HARFBUZZ: 1
[2017.11.27-14.35.05:664][  0]LogAssetRegistry: FAssetRegistry took 0.0453 seconds to start up
[2017.11.27-14.35.07:921][  0]LogInit: Selected Device Profile: [Windows]
[2017.11.27-14.35.13:331][  0]LogContentStreaming: Texture pool size is 0.00 MB
[2017.11.27-14.35.14:342][  0]LogSimplygon: Simplygon DLL not present - disabling.
[2017.11.27-14.35.14:384][  0]LogMeshReduction: Using SimplygonSwarm for distributed automatic mesh merging
[2017.11.27-14.35.14:410][  0]LogMeshReduction: Using QuadricMeshReduction for automatic static mesh reduction
[2017.11.27-14.35.14:411][  0]LogMeshReduction: No automatic skeletal mesh reduction module available
[2017.11.27-14.35.14:412][  0]LogMeshReduction: No automatic mesh merging module available
[2017.11.27-14.35.14:412][  0]LogMeshMerging: No automatic mesh merging module available
[2017.11.27-14.35.16:608][  0]LogNetVersion: Berserker , NetCL: 3573198, EngineNetVer: 2, GameNetVer: 0 (Checksum: 408643392)
[2017.11.27-14.35.18:262][  0]LogPackageLocalizationCache: Processed 5 localized package path(s) for 2 prioritized culture(s) in 0.122739 seconds
[2017.11.27-14.35.18:269][  0]LogUObjectArray: 35825 objects as part of root set at end of initial load.
[2017.11.27-14.35.18:269][  0]LogUObjectAllocator: 7529104 out of 0 bytes used by permanent object pool.
[2017.11.27-14.35.18:269][  0]LogUObjectArray: CloseDisregardForGC: 0/0 objects in disregard for GC pool
[2017.11.27-14.35.18:341][  0]LogInit: WinSock: version 1.1 (2.2), MaxSocks=32767, MaxUdp=65467
[2017.11.27-14.35.43:529][  0]LogTcpMessaging: Initializing TcpMessaging bridge
[2017.11.27-14.35.43:603][  0]LogUdpMessaging: Initializing bridge on interface 0.0.0.0:0 to multicast group 230.0.0.1:6666.
[2017.11.27-14.35.45:760][  0]LogMaterial: Uniform references updated for custom material expression Custom.
[2017.11.27-14.35.47:737][  0]SourceControl: 소스 콘트롤이 꺼졌습니다.
[2017.11.27-14.35.47:747][  0]SourceControl: 소스 콘트롤이 꺼졌습니다.
[2017.11.27-14.35.47:902][  0]SourceControl: 소스 콘트롤이 꺼졌습니다.
[2017.11.27-14.35.48:093][  0]SourceControl: 소스 콘트롤이 꺼졌습니다.
[2017.11.27-14.35.49:705][  0]LogAndroidPermission: UAndroidPermissionCallbackProxy::GetInstance
[2017.11.27-14.35.50:169][  0]LogOcInput: OculusInput pre-init called
[2017.11.27-14.35.52:408][  0]LogEngine: Initializing Engine...
[2017.11.27-14.35.52:496][  0]LogHMD: Failed to initialize OpenVR with code 110
[2017.11.27-14.35.53:745][  0]LogStats: UGameplayTagsManager::ConstructGameplayTagTree: Construct from data asset -  0.000 s
[2017.11.27-14.35.53:745][  0]LogStats: UGameplayTagsManager::ConstructGameplayTagTree: GameplayTagTreeChangedEvent.Broadcast -  0.000 s
[2017.11.27-14.35.54:905][  0]LogAIModule: Creating AISystem for world Untitled
[2017.11.27-14.35.55:288][  0]LogInit: XAudio2 using '스피커(Realtek High Definition Audio(SST))' : 2 channels at 48 kHz using 32 bits per sample (channel mask 0x3)
[2017.11.27-14.35.55:339][  0]LogInit: FAudioDevice initialized.
[2017.11.27-14.35.55:509][  0]LogDerivedDataCache: Saved boot cache 0.16s 93MB C:/Users/J.W OH/AppData/Local/UnrealEngine/4.17/DerivedDataCache/Boot.ddc.
[2017.11.27-14.35.55:540][  0]LogInit: Texture streaming: Enabled
[2017.11.27-14.35.55:887][  0]LogEngineSessionManager: EngineSessionManager initialized
[2017.11.27-14.35.57:172][  0]LogInit: Transaction tracking system initialized
[2017.11.27-14.35.58:952][  0]BlueprintLog: New page: 에디터 로드
[2017.11.27-14.36.02:764][  0]LocalizationService: 현지화 서비스가 비활성화되었습니다.
[2017.11.27-14.36.05:121][  0]LogConsoleResponse: Display: 
[2017.11.27-14.36.10:725][  0]LogFileCache: Scanning file cache for directory 'D:/NewGarden/GardenProject/NGA/Project/Berserker/Content/' took 0.19s
[2017.11.27-14.36.10:725][  0]LogCook: Display: Max memory allowance for cook 16384mb min free memory 0mb
[2017.11.27-14.36.10:741][  0]LogCook: Display: Mobile HDR setting 1
[2017.11.27-14.36.10:796][  0]LogGameplayTags: Display: UGameplayTagsManager::DoneAddingNativeTags. DelegateIsBound: 0
[2017.11.27-14.36.14:321][  0]SourceControl: 소스 콘트롤이 꺼졌습니다.
[2017.11.27-14.36.14:412][  0]Cmd: MAP LOAD FILE="../../../../../NewGarden/GardenProject/NGA/Project/Berserker/Content/FLAG.umap" TEMPLATE=0 SHOWPROGRESS=1 FEATURELEVEL=3
[2017.11.27-14.36.14:490][  0]LightingResults: New page: 라이팅 빌드
[2017.11.27-14.36.14:777][  0]MapCheck: New page: 맵 체크
[2017.11.27-14.36.14:777][  0]LightingResults: New page: 라이팅 빌드
[2017.11.27-14.36.32:824][  0]LogClothingAssetFactory: Finished physical mesh import
[2017.11.27-14.36.32:845][  0]LogClothingAssetFactory: Finished physical mesh import
[2017.11.27-14.36.32:968][  0]LogActorComponent: ReregisterComponent: (/Game/FLAG.FLAG:PersistentLevel.flag_real6.SkeletalMeshComponent0) Not currently registered. Aborting.
[2017.11.27-14.36.32:968][  0]LogActorComponent: ReregisterComponent: (/Game/FLAG.FLAG:PersistentLevel.flag_real7.SkeletalMeshComponent0) Not currently registered. Aborting.
[2017.11.27-14.36.32:968][  0]LogActorComponent: ReregisterComponent: (/Game/FLAG.FLAG:PersistentLevel.flag_real6.SkeletalMeshComponent0) Not currently registered. Aborting.
[2017.11.27-14.36.32:968][  0]LogActorComponent: ReregisterComponent: (/Game/FLAG.FLAG:PersistentLevel.flag_real7.SkeletalMeshComponent0) Not currently registered. Aborting.
[2017.11.27-14.36.33:513][  0]LogAIModule: Creating AISystem for world FLAG
[2017.11.27-14.36.34:282][  0]AnimBlueprint: Warning: 슬롯노드: BossAnim_BP_C 애니메이션 인스턴트 클래스의 'DefaultSlot' 는 이미 존재합니다. 이 클래스의 애니메이션 그래프에서 중복을 제거하세요.
[2017.11.27-14.36.34:514][  0]LogEditorServer: Finished looking for orphan Actors (0.001 secs)
[2017.11.27-14.36.34:726][  0]Cmd: MAP CHECKDEP NOCLEARLOG
[2017.11.27-14.36.34:930][  0]MapCheck: 맵 체크 완료: 오류 0 회, 경고 0 회, 소요 시간 203.754ms.
[2017.11.27-14.36.34:931][  0]LogFileHelpers: Loading map 'FLAG' took 20.562
[2017.11.27-14.36.36:757][  0]LogCollectionManager: Loaded 0 collections in 0.003906 seconds
[2017.11.27-14.36.37:146][  0]LogFileCache: Scanning file cache for directory 'D:/NewGarden/GardenProject/NGA/Project/Berserker/Saved/Collections/' took 0.01s
[2017.11.27-14.36.37:146][  0]LogFileCache: Scanning file cache for directory 'D:/NewGarden/GardenProject/NGA/Project/Berserker/Content/Developers/JWOH/Collections/' took 0.01s
[2017.11.27-14.36.37:146][  0]LogFileCache: Scanning file cache for directory 'D:/NewGarden/GardenProject/NGA/Project/Berserker/Content/Collections/' took 0.01s
[2017.11.27-14.36.37:146][  0]LogCollectionManager: Rebuilt the GUID cache for 0 collections in 0.000001 seconds
[2017.11.27-14.36.37:180][  0]LogContentBrowser: Native class hierarchy populated in 0.0329 seconds. Added 2386 classes and 500 folders.
[2017.11.27-14.36.37:439][  0]LogContentBrowser: Native class hierarchy updated for 'WidgetCarousel' in 0.0011 seconds. Added 0 classes and 0 folders.
[2017.11.27-14.36.38:870][  0]LogContentBrowser: Native class hierarchy updated for 'AddContentDialog' in 0.0011 seconds. Added 0 classes and 0 folders.
[2017.11.27-14.36.39:050][  0]LogContentBrowser: Native class hierarchy updated for 'SceneOutliner' in 0.0025 seconds. Added 1 classes and 2 folders.
[2017.11.27-14.36.39:985][  0]LogSlate: Took 0.065597 seconds to synchronously load lazily loaded font '../../../Engine/Content/Slate/Fonts/Roboto-Regular.ttf' (155K)
[2017.11.27-14.36.40:067][  0]LogSlate: Took 0.077896 seconds to synchronously load lazily loaded font '../../../Engine/Content/Slate/Fonts/NanumGothic.ttf' (4243K)
[2017.11.27-14.36.40:113][  0]LogSlate: Took 0.029316 seconds to synchronously load lazily loaded font '../../../Engine/Content/Slate/Fonts/Roboto-Bold.ttf' (160K)
[2017.11.27-14.36.40:221][  0]LogSlate: Took 0.018592 seconds to synchronously load lazily loaded font '../../../Engine/Content/Editor/Slate/Fonts/FontAwesome.ttf' (139K)
[2017.11.27-14.36.41:146][  0]LogRenderer: Reallocating scene render targets to support 1208x576 Format 10 NumSamples 1 (Frame:1).
[2017.11.27-14.36.41:810][  0]LogSlate: Took 0.026597 seconds to synchronously load lazily loaded font '../../../Engine/Content/Slate/Fonts/Roboto-Light.ttf' (159K)
[2017.11.27-14.36.43:381][  0]LogContentBrowser: Native class hierarchy updated for 'HierarchicalLODOutliner' in 0.0033 seconds. Added 1 classes and 2 folders.
[2017.11.27-14.36.43:382][  0]LogLoad: (Engine Initialization) Total time: 145.49 seconds
[2017.11.27-14.36.43:382][  0]LogLoad: (Engine Initialization) Total Blueprint compile time: 0.00 seconds
[2017.11.27-14.36.43:389][  0]LogExternalProfiler: Found external profiler: VSPerf
[2017.11.27-14.36.43:389][  0]LogExternalProfiler: Using external profiler: VSPerf
[2017.11.27-14.36.44:091][  0]LogContentStreaming: Texture pool size now 1000 MB
[2017.11.27-14.36.45:626][  9]LogAssetRegistry: Asset discovery search completed in 99.9844 seconds
[2017.11.27-14.36.45:633][  9]LogCollectionManager: Rebuilt the object cache for 0 collections in 0.000001 seconds (found 0 objects)
[2017.11.27-14.36.45:633][  9]LogCollectionManager: Fixed up redirectors for 0 collections in 0.000140 seconds (updated 0 objects)
[2017.11.27-14.36.50:441][ 72]AnimBlueprint: Warning: 슬롯노드: PlayerCharacterAnim_BP_C 애니메이션 인스턴트 클래스의 'DefaultSlot' 는 이미 존재합니다. 이 클래스의 애니메이션 그래프에서 중복을 제거하세요.
[2017.11.27-14.36.50:524][ 73]AnimBlueprint: Warning: 슬롯노드: PlayerCharacterAnim_BP_C 애니메이션 인스턴트 클래스의 'DefaultSlot' 는 이미 존재합니다. 이 클래스의 애니메이션 그래프에서 중복을 제거하세요.
[2017.11.27-14.37.06:698][485]LogAnimationCompression: Building Anim DDC data for AnimSequence /Game/Player/Empty_back_tumbling_Anim.Empty_back_tumbling_Anim
[2017.11.27-14.37.06:834][485]LogSlate: Took 0.027002 seconds to synchronously load lazily loaded font '../../../Engine/Content/Slate/Fonts/Roboto-Light.ttf' (159K)
[2017.11.27-14.37.07:229][485]LogContentBrowser: Native class hierarchy updated for 'SkeletonEditor' in 0.0012 seconds. Added 1 classes and 2 folders.
[2017.11.27-14.37.07:279][485]LogSlate: Took 0.000332 seconds to synchronously load lazily loaded font '../../../Engine/Content/Slate/Fonts/Roboto-Regular.ttf' (155K)
[2017.11.27-14.37.08:335][485]LogActorComponent: RegisterComponentWithWorld: (/Engine/Transient.World_7:PersistentLevel.Actor_0.DebugSkelMeshComponent_0) Already registered. Aborting.
[2017.11.27-14.37.09:763][485]LogSkeletalMesh: USkeletalMeshComponent::InitArticulated : Bodies already created (/Engine/Transient.World_7:PersistentLevel.Actor_0.DebugSkelMeshComponent_0) - call TermArticulated first.
[2017.11.27-14.37.13:705][485]LogContentBrowser: Verbose: The majority of assets in the view are of type: AnimSequence
[2017.11.27-14.37.22:799][595]LogAnimationCompression: Building Anim DDC data for AnimSequence /Game/Player/Empty_jump_attack_Anim.Empty_jump_attack_Anim
[2017.11.27-14.37.22:868][596]LogAnimationCompression: Building Anim DDC data for AnimSequence /Game/Player/Empty_main_idle_Anim.Empty_main_idle_Anim
[2017.11.27-14.44.02:488][269]LogFactory: FactoryCreateFile: StaticMesh with FbxFactory (0 0 D:\NewGarden\GardenProject\NGA\Resource\Empty_special skill\Empty_special skill.FBX)
[2017.11.27-14.44.02:817][269]LogFbx: ItemName: GlobalSettings, ItemCount : 1
[2017.11.27-14.44.02:817][269]LogFbx: ItemName: AnimationStack, ItemCount : 1
[2017.11.27-14.44.02:817][269]LogFbx: ItemName: AnimationLayer, ItemCount : 1
[2017.11.27-14.44.02:817][269]LogFbx: ItemName: Model, ItemCount : 67
[2017.11.27-14.44.02:817][269]LogFbx: ItemName: Geometry, ItemCount : 2
[2017.11.27-14.44.02:817][269]LogFbx: ItemName: Material, ItemCount : 2
[2017.11.27-14.44.02:817][269]LogFbx: ItemName: Texture, ItemCount : 2
[2017.11.27-14.44.02:817][269]LogFbx: ItemName: NodeAttribute, ItemCount : 65
[2017.11.27-14.44.02:817][269]LogFbx: ItemName: CollectionExclusive, ItemCount : 1
[2017.11.27-14.44.02:817][269]LogFbx: ItemName: AnimationCurve, ItemCount : 204
[2017.11.27-14.44.02:817][269]LogFbx: ItemName: AnimationCurveNode, ItemCount : 68
[2017.11.27-14.44.02:818][269]LogFbx: ItemName: Deformer, ItemCount : 53
[2017.11.27-14.44.02:818][269]LogFbx: ItemName: Pose, ItemCount : 1
[2017.11.27-14.44.02:818][269]LogFbx: ItemName: Video, ItemCount : 2
[2017.11.27-14.44.02:844][269]LogFbx: Loading FBX Scene from D:\NewGarden\GardenProject\NGA\Resource\Empty_special skill\Empty_special skill.FBX
[2017.11.27-14.44.02:928][269]LogFbx: FBX Scene Loaded Succesfully
[2017.11.27-14.44.02:963][269]FBXImport: Warning: FBX 씬 로딩: 머티리얼 이름 충돌 발견, 이름 충돌은 리임포트시 비정상적으로 재할당될 수 있어, '07 - Default' 머티리얼 이름이 '07 - Default_ncl1_1' 으로 변경되었습니다. 
[2017.11.27-14.44.06:085][269]LogFbx: Loading FBX Scene from D:\NewGarden\GardenProject\NGA\Resource\Empty_special skill\Empty_special skill.FBX
[2017.11.27-14.44.06:139][269]LogFbx: FBX Scene Loaded Succesfully
[2017.11.27-14.44.06:145][269]LogFbx: =================================================
[2017.11.27-14.44.06:145][269]LogFbx: Dumping Node START [BaseMesh_Man_Simple_Body] 
[2017.11.27-14.44.06:145][269]LogFbx: 	Total Deformer Count -1696711104.
[2017.11.27-14.44.06:145][269]LogFbx: 		[Node 1]  (Type Skin).
[2017.11.27-14.44.06:145][269]LogFbx: =================================================
[2017.11.27-14.44.06:145][269]LogFbx: 	Attribute () Type (4).
[2017.11.27-14.44.06:145][269]LogFbx: 		[Node Attribute Child 1] BaseMesh_Man_Simple_Body (Type Mesh).
[2017.11.27-14.44.06:145][269]LogFbx: Dumping Node END [BaseMesh_Man_Simple_Body]
[2017.11.27-14.44.06:145][269]LogFbx: =================================================
[2017.11.27-14.44.06:145][269]LogFbx: Dumping Node START [Cylinder047] 
[2017.11.27-14.44.06:145][269]LogFbx: 	Total Deformer Count -1668487680.
[2017.11.27-14.44.06:145][269]LogFbx: 	Attribute () Type (4).
[2017.11.27-14.44.06:145][269]LogFbx: 		[Node Attribute Child 1] Cylinder047 (Type Mesh).
[2017.11.27-14.44.06:146][269]LogFbx: Dumping Node END [Cylinder047]
[2017.11.27-14.44.06:146][269]LogFbx: =================================================
[2017.11.27-14.44.06:146][269]LogFbx: Dumping Node START [Cylinder047] 
[2017.11.27-14.44.06:146][269]LogFbx: 	Total Deformer Count -1668487680.
[2017.11.27-14.44.06:146][269]LogFbx: 	Attribute () Type (4).
[2017.11.27-14.44.06:146][269]LogFbx: 		[Node Attribute Child 1] Cylinder047 (Type Mesh).
[2017.11.27-14.44.06:146][269]LogFbx: Dumping Node END [Cylinder047]
[2017.11.27-14.44.06:146][269]LogFbx: =================================================
[2017.11.27-14.44.06:146][269]LogFbx: Dumping Node START [Cylinder047] 
[2017.11.27-14.44.06:146][269]LogFbx: 	Total Deformer Count -1668487680.
[2017.11.27-14.44.06:146][269]LogFbx: 	Attribute () Type (4).
[2017.11.27-14.44.06:146][269]LogFbx: 		[Node Attribute Child 1] Cylinder047 (Type Mesh).
[2017.11.27-14.44.06:146][269]LogFbx: Dumping Node END [Cylinder047]
[2017.11.27-14.44.06:146][269]LogFbx: =================================================
[2017.11.27-14.44.06:146][269]LogFbx: Dumping Node START [Cylinder047] 
[2017.11.27-14.44.06:146][269]LogFbx: 	Total Deformer Count -1668487680.
[2017.11.27-14.44.06:146][269]LogFbx: 	Attribute () Type (4).
[2017.11.27-14.44.06:146][269]LogFbx: 		[Node Attribute Child 1] Cylinder047 (Type Mesh).
[2017.11.27-14.44.06:146][269]LogFbx: Dumping Node END [Cylinder047]
[2017.11.27-14.44.06:146][269]LogFbx: =================================================
[2017.11.27-14.44.06:146][269]LogFbx: Dumping Node START [Cylinder047] 
[2017.11.27-14.44.06:146][269]LogFbx: 	Total Deformer Count -1668487680.
[2017.11.27-14.44.06:146][269]LogFbx: 	Attribute () Type (4).
[2017.11.27-14.44.06:146][269]LogFbx: 		[Node Attribute Child 1] Cylinder047 (Type Mesh).
[2017.11.27-14.44.06:146][269]LogFbx: Dumping Node END [Cylinder047]
[2017.11.27-14.44.06:146][269]LogFbx: =================================================
[2017.11.27-14.44.06:147][269]LogFbx: Dumping Node START [Cylinder047] 
[2017.11.27-14.44.06:147][269]LogFbx: 	Total Deformer Count -1668487680.
[2017.11.27-14.44.06:147][269]LogFbx: 	Attribute () Type (4).
[2017.11.27-14.44.06:147][269]LogFbx: 		[Node Attribute Child 1] Cylinder047 (Type Mesh).
[2017.11.27-14.44.06:147][269]LogFbx: Dumping Node END [Cylinder047]
[2017.11.27-14.44.06:147][269]LogFbx: =================================================
[2017.11.27-14.44.06:147][269]LogFbx: Dumping Node START [BaseMesh_Man_Simple_Body] 
[2017.11.27-14.44.06:147][269]LogFbx: 	Total Deformer Count -1696711440.
[2017.11.27-14.44.06:147][269]LogFbx: 		[Node 1]  (Type Skin).
[2017.11.27-14.44.06:147][269]LogFbx: =================================================
[2017.11.27-14.44.06:147][269]LogFbx: 	Attribute () Type (4).
[2017.11.27-14.44.06:147][269]LogFbx: 		[Node Attribute Child 1] BaseMesh_Man_Simple_Body (Type Mesh).
[2017.11.27-14.44.06:147][269]LogFbx: Dumping Node END [BaseMesh_Man_Simple_Body]
[2017.11.27-14.44.06:160][269]LogFbx: Valid bind pose for Pose (BIND_POSES) - BaseMesh_Man_Simple_Body
[2017.11.27-14.44.06:357][269]LogFbx: Warning: Bones digested - 66  Depth of hierarchy - 12
[2017.11.27-14.44.06:650][269]LogSkeletalMesh: Section 0: 6613 vertices, 52 active bones
[2017.11.27-14.44.06:651][269]LogSkeletalMesh: Section 1: 357 vertices, 1 active bones
[2017.11.27-14.44.06:663][269]LogSkeletalMesh: Section 0: Material=0, 8394 triangles
[2017.11.27-14.44.06:663][269]LogSkeletalMesh: Section 1: Material=1, 278 triangles
[2017.11.27-14.47.55:722][269]FBXImport: Warning: FBX 씬 로딩: 머티리얼 이름 충돌 발견, 이름 충돌은 리임포트시 비정상적으로 재할당될 수 있어, '07 - Default' 머티리얼 이름이 '07 - Default_ncl1_1' 으로 변경되었습니다. 
[2017.11.27-14.47.55:723][269]FBXImport: Warning: 바인드 포즈에서 빠진 본은 다음과 같습니다:
mixamorig:HeadTop_End  
mixamorig:LeftHandThumb4  
mixamorig:LeftHandIndex4  
mixamorig:LeftHandMiddle4  
mixamorig:LeftHandRing4  
mixamorig:LeftHandPinky4  
mixamorig:RightHandThumb4  
mixamorig:RightHandIndex4  
mixamorig:RightHandMiddle4  
mixamorig:RightHandRing4  
mixamorig:RightHandPinky4  
Cylinder047  
mixamorig:LeftToe_End  
mixamorig:RightToe_End  

버텍스 웨이팅되지 않은 본에 대해 일어날 수 있습니다. 임포트 이후 오리엔테이션이 제대로 되어 있지 않은 경우,
"Use T0 as ref pose" 옵션을 사용하거나, 바인드 포즈에 추가한 다음 스켈레탈 메시를 다시 임포트해 보세요. 
[2017.11.27-14.47.56:949][269]LogAssetTools: Warning: 'D:\NewGarden\GardenProject\NGA\Resource\Empty_special skill\Empty_special skill.FBX' 임포트에 실패했습니다. '/Game/Player/Empty_special_skill' 애셋 생성에 실패했습니다. 
자세한 내용은 출력 로그를 참고하세요.
[2017.11.27-14.48.04:946][482]Cmd: QUIT_EDITOR
[2017.11.27-14.48.05:477][482]LogWindowsTextInputMethodSystem: Display: IME system now activated using TSF (Microsoft 입력기).
[2017.11.27-14.48.05:570][482]LogExit: Preparing to exit.
[2017.11.27-14.48.06:682][482]LogDirectoryWatcher: A directory notification for 'D:/NewGarden/GardenProject/NGA/Project/Berserker/Content/' was aborted.
[2017.11.27-14.48.07:181][482]LogExit: Editor shut down
[2017.11.27-14.48.07:221][482]LogExit: Transaction tracking system shut down
[2017.11.27-14.48.07:726][482]LogDirectoryWatcher: A directory notification for '../../../Engine/Content/' was aborted.
[2017.11.27-14.48.07:726][482]LogDirectoryWatcher: A directory notification for '../../../../../NewGarden/GardenProject/NGA/Project/Berserker/Content/' was aborted.
[2017.11.27-14.48.07:726][482]LogDirectoryWatcher: A directory notification for '../../../Engine/Plugins/2D/Paper2D/Content/' was aborted.
[2017.11.27-14.48.07:726][482]LogDirectoryWatcher: A directory notification for '../../../Engine/Plugins/Runtime/Oculus/OculusVR/Content/' was aborted.
[2017.11.27-14.48.07:726][482]LogDirectoryWatcher: A directory notification for '../../../Engine/Plugins/Runtime/Steam/SteamVR/Content/' was aborted.
[2017.11.27-14.48.09:422][482]LogExit: Object subsystem successfully closed.
[2017.11.27-14.48.09:702][482]LogD3D11RHI: Shutdown
[2017.11.27-14.48.09:719][482]LogD3D11RHI: CleanupD3DDevice
[2017.11.27-14.48.09:965][482]LogD3D11RHI: ~FD3D11DynamicRHI
[2017.11.27-14.48.11:009][482]LogModuleManager: Shutting down and abandoning module SkeletonEditor (536)
[2017.11.27-14.48.11:014][482]LogModuleManager: Shutting down and abandoning module AnimationEditor (534)
[2017.11.27-14.48.11:014][482]LogModuleManager: Shutting down and abandoning module HierarchicalLODOutliner (532)
[2017.11.27-14.48.11:014][482]LogModuleManager: Shutting down and abandoning module SceneOutliner (530)
[2017.11.27-14.48.11:017][482]LogModuleManager: Shutting down and abandoning module AddContentDialog (528)
[2017.11.27-14.48.11:034][482]LogDirectoryWatcher: A directory notification for 'D:/UnrealEngine/UE_4.17/FeaturePacks/' was aborted.
[2017.11.27-14.48.11:051][482]LogModuleManager: Shutting down and abandoning module WidgetCarousel (527)
[2017.11.27-14.48.11:051][482]LogModuleManager: Shutting down and abandoning module EditorWidgets (524)
[2017.11.27-14.48.11:051][482]LogModuleManager: Shutting down and abandoning module CollectionManager (522)
[2017.11.27-14.48.11:068][482]LogDirectoryWatcher: A directory notification for 'D:/NewGarden/GardenProject/NGA/Project/Berserker/Content/Collections/' was aborted.
[2017.11.27-14.48.11:068][482]LogDirectoryWatcher: A directory notification for 'D:/NewGarden/GardenProject/NGA/Project/Berserker/Content/Developers/JWOH/Collections/' was aborted.
[2017.11.27-14.48.11:068][482]LogDirectoryWatcher: A directory notification for 'D:/NewGarden/GardenProject/NGA/Project/Berserker/Saved/Collections/' was aborted.
[2017.11.27-14.48.11:068][482]LogModuleManager: Shutting down and abandoning module ClothingSystemEditorInterface (520)
[2017.11.27-14.48.11:068][482]LogModuleManager: Shutting down and abandoning module StatsViewer (518)
[2017.11.27-14.48.11:074][482]LogModuleManager: Shutting down and abandoning module FoliageEdit (516)
[2017.11.27-14.48.11:075][482]LogModuleManager: Shutting down and abandoning module LandscapeEditor (514)
[2017.11.27-14.48.11:110][482]LogModuleManager: Shutting down and abandoning module MeshPaintMode (512)
[2017.11.27-14.48.11:110][482]LogModuleManager: Shutting down and abandoning module SceneDepthPickerMode (510)
[2017.11.27-14.48.11:110][482]LogModuleManager: Shutting down and abandoning module ActorPickerMode (508)
[2017.11.27-14.48.11:110][482]LogModuleManager: Shutting down and abandoning module GeometryMode (506)
[2017.11.27-14.48.11:110][482]LogModuleManager: Shutting down and abandoning module TextureAlignMode (504)
[2017.11.27-14.48.11:111][482]LogModuleManager: Shutting down and abandoning module BspMode (502)
[2017.11.27-14.48.11:120][482]LogModuleManager: Shutting down and abandoning module PIEPreviewDeviceProfileSelector (500)
[2017.11.27-14.48.11:120][482]LogModuleManager: Shutting down and abandoning module HardwareSurvey (498)
[2017.11.27-14.48.11:120][482]LogModuleManager: Shutting down and abandoning module SequenceRecorderSections (496)
[2017.11.27-14.48.11:133][482]LogModuleManager: Shutting down and abandoning module AutomationWorker (494)
[2017.11.27-14.48.11:139][482]LogModuleManager: Shutting down and abandoning module MatineeToLevelSequence (492)
[2017.11.27-14.48.11:157][482]LogModuleManager: Shutting down and abandoning module LevelSequenceEditor (490)
[2017.11.27-14.48.11:209][482]LogModuleManager: Shutting down and abandoning module PlacementMode (489)
[2017.11.27-14.48.11:210][482]LogModuleManager: Shutting down and abandoning module WmfMediaFactory (486)
[2017.11.27-14.48.11:210][482]LogModuleManager: Shutting down and abandoning module WmfMediaEditor (484)
[2017.11.27-14.48.11:210][482]LogModuleManager: Shutting down and abandoning module AvfMediaFactory (482)
[2017.11.27-14.48.11:210][482]LogModuleManager: Shutting down and abandoning module AvfMediaEditor (480)
[2017.11.27-14.48.11:210][482]LogModuleManager: Shutting down and abandoning module AndroidMediaFactory (478)
[2017.11.27-14.48.11:210][482]LogModuleManager: Shutting down and abandoning module Media (477)
[2017.11.27-14.48.11:210][482]LogModuleManager: Shutting down and abandoning module AndroidMediaEditor (474)
[2017.11.27-14.48.11:210][482]LogModuleManager: Shutting down and abandoning module CharacterAI (472)
[2017.11.27-14.48.11:210][482]LogModuleManager: Shutting down and abandoning module AudioCapture (470)
[2017.11.27-14.48.11:210][482]LogModuleManager: Shutting down and abandoning module SequenceRecorder (469)
[2017.11.27-14.48.11:223][482]LogModuleManager: Shutting down and abandoning module SmartSnapping (466)
[2017.11.27-14.48.11:223][482]LogModuleManager: Shutting down and abandoning module SessionServices (464)
[2017.11.27-14.48.11:223][482]LogModuleManager: Shutting down and abandoning module ViewportSnapping (462)
[2017.11.27-14.48.11:223][482]LogModuleManager: Shutting down and abandoning module ViewportInteraction (460)
[2017.11.27-14.48.11:223][482]LogModuleManager: Shutting down and abandoning module ClothPainter (458)
[2017.11.27-14.48.11:272][482]LogModuleManager: Shutting down and abandoning module LogVisualizer (456)
[2017.11.27-14.48.11:289][482]LogModuleManager: Shutting down and abandoning module IntroTutorials (454)
[2017.11.27-14.48.11:320][482]LogModuleManager: Shutting down and abandoning module GameProjectGeneration (453)
[2017.11.27-14.48.11:340][482]LogModuleManager: Shutting down and abandoning module IOSPlatformEditor (450)
[2017.11.27-14.48.11:340][482]LogModuleManager: Shutting down and abandoning module HTML5PlatformEditor (448)
[2017.11.27-14.48.11:340][482]LogModuleManager: Shutting down and abandoning module AndroidPlatformEditor (446)
[2017.11.27-14.48.11:340][482]LogModuleManager: Shutting down and abandoning module AndroidDeviceDetection (445)
[2017.11.27-14.48.11:892][482]LogModuleManager: Shutting down and abandoning module WindowsPlatformEditor (442)
[2017.11.27-14.48.11:892][482]LogModuleManager: Shutting down and abandoning module IOSRuntimeSettings (440)
[2017.11.27-14.48.11:892][482]LogModuleManager: Shutting down and abandoning module AndroidRuntimeSettings (438)
[2017.11.27-14.48.11:892][482]LogModuleManager: Shutting down and abandoning module InputBindingEditor (436)
[2017.11.27-14.48.11:906][482]LogModuleManager: Shutting down and abandoning module MergeActors (434)
[2017.11.27-14.48.11:924][482]LogModuleManager: Shutting down and abandoning module SizeMap (432)
[2017.11.27-14.48.11:924][482]LogModuleManager: Shutting down and abandoning module TreeMap (430)
[2017.11.27-14.48.11:937][482]LogModuleManager: Shutting down and abandoning module ReferenceViewer (428)
[2017.11.27-14.48.11:937][482]LogModuleManager: Shutting down and abandoning module LocalizationDashboard (426)
[2017.11.27-14.48.11:948][482]LogModuleManager: Shutting down and abandoning module LocalizationService (425)
[2017.11.27-14.48.11:954][482]LogModuleManager: Shutting down and abandoning module HardwareTargeting (422)
[2017.11.27-14.48.11:954][482]LogModuleManager: Shutting down and abandoning module DeviceProfileEditor (420)
[2017.11.27-14.48.11:965][482]LogModuleManager: Shutting down and abandoning module UndoHistory (418)
[2017.11.27-14.48.11:965][482]LogModuleManager: Shutting down and abandoning module XmlParser (416)
[2017.11.27-14.48.11:978][482]LogModuleManager: Shutting down and abandoning module Blutility (414)
[2017.11.27-14.48.11:978][482]LogModuleManager: Shutting down and abandoning module ProjectSettingsViewer (412)
[2017.11.27-14.48.11:978][482]LogModuleManager: Shutting down and abandoning module ProjectTargetPlatformEditor (411)
[2017.11.27-14.48.11:979][482]LogModuleManager: Shutting down and abandoning module EditorSettingsViewer (408)
[2017.11.27-14.48.11:979][482]LogModuleManager: Shutting down and abandoning module SettingsEditor (406)
[2017.11.27-14.48.11:980][482]LogModuleManager: Shutting down and abandoning module ProjectLauncher (404)
[2017.11.27-14.48.11:990][482]LogModuleManager: Shutting down and abandoning module SessionFrontend (402)
[2017.11.27-14.48.12:004][482]LogModuleManager: Shutting down and abandoning module ProfilerClient (400)
[2017.11.27-14.48.12:016][482]LogModuleManager: Shutting down and abandoning module DeviceManager (398)
[2017.11.27-14.48.12:034][482]LogModuleManager: Shutting down and abandoning module TargetDeviceServices (397)
[2017.11.27-14.48.12:086][482]LogModuleManager: Shutting down and abandoning module AutomationController (394)
[2017.11.27-14.48.12:103][482]LogModuleManager: Shutting down and abandoning module AutomationWindow (392)
[2017.11.27-14.48.12:126][482]LogModuleManager: Shutting down and abandoning module Layers (390)
[2017.11.27-14.48.12:155][482]LogModuleManager: Shutting down and abandoning module ComponentVisualizers (388)
[2017.11.27-14.48.12:155][482]LogModuleManager: Shutting down and abandoning module DetailCustomizations (386)
[2017.11.27-14.48.12:155][482]LogModuleManager: Shutting down and abandoning module PackagesDialog (384)
[2017.11.27-14.48.12:155][482]LogModuleManager: Shutting down and abandoning module Persona (382)
[2017.11.27-14.48.12:188][482]LogModuleManager: Shutting down and abandoning module AdvancedPreviewScene (381)
[2017.11.27-14.48.12:188][482]LogModuleManager: Shutting down and abandoning module AnimGraph (379)
[2017.11.27-14.48.12:201][482]LogModuleManager: Shutting down and abandoning module Kismet (376)
[2017.11.27-14.48.12:238][482]LogModuleManager: Shutting down and abandoning module ClassViewer (374)
[2017.11.27-14.48.12:238][482]LogModuleManager: Shutting down and abandoning module Toolbox (372)
[2017.11.27-14.48.12:238][482]LogModuleManager: Shutting down and abandoning module ModuleUI (370)
[2017.11.27-14.48.12:249][482]LogModuleManager: Shutting down and abandoning module MovieSceneTools (368)
[2017.11.27-14.48.12:270][482]LogModuleManager: Shutting down and abandoning module OutputLog (366)
[2017.11.27-14.48.12:281][482]LogModuleManager: Shutting down and abandoning module GammaUI (364)
[2017.11.27-14.48.12:286][482]LogModuleManager: Shutting down and abandoning module Documentation (362)
[2017.11.27-14.48.12:287][482]LogModuleManager: Shutting down and abandoning module MovieSceneTracks (360)
[2017.11.27-14.48.12:287][482]LogModuleManager: Shutting down and abandoning module MovieScene (358)
[2017.11.27-14.48.12:296][482]LogModuleManager: Shutting down and abandoning module Niagara (356)
[2017.11.27-14.48.12:296][482]LogModuleManager: Shutting down and abandoning module NiagaraEditor (355)
[2017.11.27-14.48.12:356][482]LogModuleManager: Shutting down and abandoning module StreamingPauseRendering (352)
[2017.11.27-14.48.12:356][482]LogModuleManager: Shutting down and abandoning module LauncherPlatform (350)
[2017.11.27-14.48.12:356][482]LogModuleManager: Shutting down and abandoning module AnalyticsET (348)
[2017.11.27-14.48.12:356][482]LogModuleManager: Shutting down and abandoning module PortalServices (346)
[2017.11.27-14.48.12:356][482]LogModuleManager: Shutting down and abandoning module PortalRpc (344)
[2017.11.27-14.48.12:356][482]LogModuleManager: Shutting down and abandoning module MessagingRpc (342)
[2017.11.27-14.48.12:356][482]LogModuleManager: Shutting down and abandoning module AIModule (340)
[2017.11.27-14.48.12:378][482]LogModuleManager: Shutting down and abandoning module GameplayDebugger (339)
[2017.11.27-14.48.12:378][482]LogModuleManager: Shutting down and abandoning module AITestSuite (337)
[2017.11.27-14.48.12:392][482]LogModuleManager: Shutting down and abandoning module ProfilerService (334)
[2017.11.27-14.48.12:459][482]LogModuleManager: Shutting down and abandoning module TaskGraph (332)
[2017.11.27-14.48.12:486][482]LogModuleManager: Shutting down and abandoning module SteamVRController (330)
[2017.11.27-14.48.12:486][482]LogModuleManager: Shutting down and abandoning module ProceduralMeshComponentEditor (328)
[2017.11.27-14.48.12:486][482]LogModuleManager: Shutting down and abandoning module ProceduralMeshComponent (326)
[2017.11.27-14.48.12:486][482]LogModuleManager: Shutting down and abandoning module OculusInput (324)
[2017.11.27-14.48.12:502][482]LogModuleManager: Shutting down and abandoning module MobilePatchingUtils (322)
[2017.11.27-14.48.12:502][482]LogModuleManager: Shutting down and abandoning module CustomMeshComponent (320)
[2017.11.27-14.48.12:502][482]LogModuleManager: Shutting down and abandoning module CableComponent (318)
[2017.11.27-14.48.12:516][482]LogModuleManager: Shutting down and abandoning module ArchVisCharacter (316)
[2017.11.27-14.48.12:516][482]LogModuleManager: Shutting down and abandoning module AndroidPermission (314)
[2017.11.27-14.48.12:516][482]LogModuleManager: Shutting down and abandoning module MediaPlayerEditor (310)
[2017.11.27-14.48.12:548][482]LogModuleManager: Shutting down and abandoning module HTML5Networking (308)
[2017.11.27-14.48.12:548][482]LogModuleManager: Shutting down and abandoning module AlembicImporter (306)
[2017.11.27-14.48.12:558][482]LogModuleManager: Shutting down and abandoning module AlembicLibrary (305)
[2017.11.27-14.48.12:558][482]LogModuleManager: Shutting down and abandoning module GeometryCache (304)
[2017.11.27-14.48.12:558][482]LogModuleManager: Shutting down and abandoning module GeometryCacheEd (303)
[2017.11.27-14.48.12:558][482]LogModuleManager: Shutting down and abandoning module SpeedTreeImporter (298)
[2017.11.27-14.48.12:558][482]LogModuleManager: Shutting down and abandoning module PluginBrowser (296)
[2017.11.27-14.48.12:574][482]LogModuleManager: Shutting down and abandoning module MobileLauncherProfileWizard (294)
[2017.11.27-14.48.12:582][482]LogModuleManager: Shutting down and abandoning module VisualStudioSourceCodeAccess (292)
[2017.11.27-14.48.12:582][482]LogModuleManager: Shutting down and abandoning module DesktopPlatform (291)
[2017.11.27-14.48.12:607][482]LogModuleManager: Shutting down and abandoning module UObjectPlugin (288)
[2017.11.27-14.48.12:607][482]LogModuleManager: Shutting down and abandoning module SubversionSourceControl (286)
[2017.11.27-14.48.12:633][482]LogModuleManager: Shutting down and abandoning module PerforceSourceControl (284)
[2017.11.27-14.48.12:664][482]LogModuleManager: Shutting down and abandoning module GitSourceControl (282)
[2017.11.27-14.48.12:675][482]LogModuleManager: Shutting down and abandoning module SourceControl (281)
[2017.11.27-14.48.12:695][482]LogModuleManager: Shutting down and abandoning module LightPropagationVolumeEditor (278)
[2017.11.27-14.48.12:695][482]LogModuleManager: Shutting down and abandoning module PaperTiledImporter (276)
[2017.11.27-14.48.12:695][482]LogModuleManager: Shutting down and abandoning module PaperSpriteSheetImporter (274)
[2017.11.27-14.48.12:695][482]LogModuleManager: Shutting down and abandoning module Paper2DEditor (272)
[2017.11.27-14.48.12:726][482]LogModuleManager: Shutting down and abandoning module MeshPaint (271)
[2017.11.27-14.48.12:746][482]LogModuleManager: Shutting down and abandoning module LevelEditor (269)
[2017.11.27-14.48.12:760][482]LogModuleManager: Shutting down and abandoning module PixelInspectorModule (268)
[2017.11.27-14.48.12:782][482]LogModuleManager: Shutting down and abandoning module MainFrame (266)
[2017.11.27-14.48.12:783][482]LogModuleManager: Shutting down and abandoning module HotReload (265)
[2017.11.27-14.48.12:840][482]LogModuleManager: Shutting down and abandoning module RuntimePhysXCooking (260)
[2017.11.27-14.48.12:841][482]LogModuleManager: Shutting down and abandoning module PhysXVehiclesEditor (258)
[2017.11.27-14.48.12:841][482]LogModuleManager: Shutting down and abandoning module PhysXVehicles (256)
[2017.11.27-14.48.12:841][482]LogModuleManager: Shutting down and abandoning module OculusEditor (254)
[2017.11.27-14.48.12:841][482]LogModuleManager: Shutting down and abandoning module LocationServicesBPLibrary (252)
[2017.11.27-14.48.12:841][482]LogModuleManager: Shutting down and abandoning module ImmediatePhysicsEditor (250)
[2017.11.27-14.48.12:841][482]LogModuleManager: Shutting down and abandoning module ImmediatePhysics (248)
[2017.11.27-14.48.12:866][482]LogModuleManager: Shutting down and abandoning module UdpMessaging (246)
[2017.11.27-14.48.12:966][482]LogModuleManager: Shutting down and abandoning module TcpMessaging (244)
[2017.11.27-14.48.13:088][482]LogModuleManager: Shutting down and abandoning module GameplayTagsEditor (242)
[2017.11.27-14.48.13:119][482]LogModuleManager: Shutting down and abandoning module FacialAnimationEditor (240)
[2017.11.27-14.48.13:119][482]LogModuleManager: Shutting down and abandoning module FacialAnimation (238)
[2017.11.27-14.48.13:119][482]LogModuleManager: Shutting down and abandoning module AssetManagerEditor (236)
[2017.11.27-14.48.13:126][482]LogModuleManager: Shutting down and abandoning module GraphEditor (235)
[2017.11.27-14.48.13:193][482]LogModuleManager: Shutting down and abandoning module ContentBrowser (233)
[2017.11.27-14.48.13:195][482]LogModuleManager: Shutting down and abandoning module LightPropagationVolumeRuntime (230)
[2017.11.27-14.48.13:195][482]LogModuleManager: Shutting down and abandoning module Paper2D (228)
[2017.11.27-14.48.13:205][482]LogModuleManager: Shutting down and abandoning module WindowsMoviePlayer (226)
[2017.11.27-14.48.13:221][482]LogModuleManager: Shutting down and abandoning module WmfMedia (224)
[2017.11.27-14.48.13:250][482]LogModuleManager: Shutting down and abandoning module PacketHandler (222)
[2017.11.27-14.48.13:251][482]LogModuleManager: Shutting down and abandoning module ClothingSystemEditor (220)
[2017.11.27-14.48.13:251][482]LogModuleManager: Shutting down and abandoning module ClothingSystemRuntime (218)
[2017.11.27-14.48.13:269][482]LogModuleManager: Shutting down and abandoning module Overlay (216)
[2017.11.27-14.48.13:269][482]LogModuleManager: Shutting down and abandoning module OverlayEditor (215)
[2017.11.27-14.48.13:269][482]LogModuleManager: Shutting down and abandoning module MediaAssets (212)
[2017.11.27-14.48.13:269][482]LogModuleManager: Shutting down and abandoning module VREditor (210)
[2017.11.27-14.48.13:290][482]LogModuleManager: Shutting down and abandoning module StringTableEditor (208)
[2017.11.27-14.48.13:301][482]LogModuleManager: Shutting down and abandoning module GameplayTasksEditor (206)
[2017.11.27-14.48.13:301][482]LogModuleManager: Shutting down and abandoning module BehaviorTreeEditor (204)
[2017.11.27-14.48.13:334][482]LogModuleManager: Shutting down and abandoning module FunctionalTesting (202)
[2017.11.27-14.48.13:334][482]LogModuleManager: Shutting down and abandoning module CollisionAnalyzer (200)
[2017.11.27-14.48.13:346][482]LogModuleManager: Shutting down and abandoning module WorkspaceMenuStructure (199)
[2017.11.27-14.48.13:346][482]LogModuleManager: Shutting down and abandoning module UMG (196)
[2017.11.27-14.48.13:358][482]LogModuleManager: Shutting down and abandoning module UMGEditor (195)
[2017.11.27-14.48.13:381][482]LogModuleManager: Shutting down and abandoning module Sequencer (194)
[2017.11.27-14.48.13:393][482]LogModuleManager: Shutting down and abandoning module MessageLog (191)
[2017.11.27-14.48.13:393][482]LogModuleManager: Shutting down and abandoning module SlateReflector (186)
[2017.11.27-14.48.13:423][482]LogModuleManager: Shutting down and abandoning module Slate (184)
[2017.11.27-14.48.13:423][482]LogModuleManager: Shutting down and abandoning module EditorStyle (182)
[2017.11.27-14.48.13:442][482]LogModuleManager: Shutting down and abandoning module MRMesh (180)
[2017.11.27-14.48.13:442][482]LogModuleManager: Shutting down and abandoning module SourceCodeAccess (178)
[2017.11.27-14.48.13:442][482]LogModuleManager: Shutting down and abandoning module HeadMountedDisplay (176)
[2017.11.27-14.48.13:442][482]LogModuleManager: Shutting down and abandoning module XAudio2 (174)
[2017.11.27-14.48.13:442][482]LogModuleManager: Shutting down and abandoning module Networking (172)
[2017.11.27-14.48.13:442][482]LogModuleManager: Shutting down and abandoning module Core (168)
[2017.11.27-14.48.13:442][482]LogModuleManager: Shutting down and abandoning module KismetCompiler (164)
[2017.11.27-14.48.13:442][482]LogModuleManager: Shutting down and abandoning module LevelSequence (162)
[2017.11.27-14.48.13:442][482]LogModuleManager: Shutting down and abandoning module MeshUtilities (160)
[2017.11.27-14.48.13:442][482]LogModuleManager: Shutting down and abandoning module MeshMergeUtilities (159)
[2017.11.27-14.48.13:462][482]LogModuleManager: Shutting down and abandoning module MeshReductionInterface (158)
[2017.11.27-14.48.13:462][482]LogModuleManager: Shutting down and abandoning module SimplygonSwarm (157)
[2017.11.27-14.48.13:466][482]LogModuleManager: Shutting down and abandoning module SimplygonMeshReduction (155)
[2017.11.27-14.48.13:466][482]LogModuleManager: Shutting down and abandoning module QuadricMeshReduction (153)
[2017.11.27-14.48.13:477][482]LogModuleManager: Shutting down and abandoning module MaterialBaking (149)
[2017.11.27-14.48.13:487][482]LogModuleManager: Shutting down and abandoning module DirectoryWatcher (146)
[2017.11.27-14.48.13:496][482]LogModuleManager: Shutting down and abandoning module DerivedDataCache (144)
[2017.11.27-14.48.13:583][482]LogDerivedDataCache: Shutdown
[2017.11.27-14.48.13:606][482]LogModuleManager: Shutting down and abandoning module TargetPlatform (142)
[2017.11.27-14.48.13:607][482]LogModuleManager: Shutting down and abandoning module VulkanShaderFormat (141)
[2017.11.27-14.48.13:630][482]LogModuleManager: Shutting down and abandoning module ShaderFormatVectorVM (139)
[2017.11.27-14.48.13:638][482]LogModuleManager: Shutting down and abandoning module ShaderFormatOpenGL (137)
[2017.11.27-14.48.13:642][482]LogModuleManager: Shutting down and abandoning module ShaderFormatD3D (135)
[2017.11.27-14.48.13:649][482]LogModuleManager: Shutting down and abandoning module MetalShaderFormat (133)
[2017.11.27-14.48.13:668][482]LogModuleManager: Shutting down and abandoning module TextureFormatUncompressed (131)
[2017.11.27-14.48.13:668][482]LogModuleManager: Shutting down and abandoning module TextureFormatPVR (129)
[2017.11.27-14.48.13:668][482]LogModuleManager: Shutting down and abandoning module TextureFormatDXT (127)
[2017.11.27-14.48.13:679][482]LogModuleManager: Shutting down and abandoning module TextureFormatIntelISPCTexComp (125)
[2017.11.27-14.48.13:690][482]LogModuleManager: Shutting down and abandoning module TextureFormatASTC (123)
[2017.11.27-14.48.13:690][482]LogModuleManager: Shutting down and abandoning module ImageWrapper (122)
[2017.11.27-14.48.13:690][482]LogModuleManager: Shutting down and abandoning module TextureFormatAndroid (119)
[2017.11.27-14.48.13:690][482]LogModuleManager: Shutting down and abandoning module AudioFormatOpus (117)
[2017.11.27-14.48.13:690][482]LogModuleManager: Shutting down and abandoning module AudioFormatOgg (115)
[2017.11.27-14.48.13:690][482]LogModuleManager: Shutting down and abandoning module AudioFormatADPCM (113)
[2017.11.27-14.48.13:690][482]LogModuleManager: Shutting down and abandoning module LinuxTargetPlatform (111)
[2017.11.27-14.48.13:690][482]LogModuleManager: Shutting down and abandoning module LinuxServerTargetPlatform (109)
[2017.11.27-14.48.13:690][482]LogModuleManager: Shutting down and abandoning module LinuxNoEditorTargetPlatform (107)
[2017.11.27-14.48.13:691][482]LogModuleManager: Shutting down and abandoning module LinuxClientTargetPlatform (105)
[2017.11.27-14.48.13:691][482]LogModuleManager: Shutting down and abandoning module TVOSTargetPlatform (103)
[2017.11.27-14.48.13:691][482]LogModuleManager: Shutting down and abandoning module Messaging (101)
[2017.11.27-14.48.13:691][482]LogModuleManager: Shutting down and abandoning module IOSTargetPlatform (99)
[2017.11.27-14.48.13:691][482]LogModuleManager: Shutting down and abandoning module HTML5TargetPlatform (97)
[2017.11.27-14.48.13:691][482]LogModuleManager: Shutting down and abandoning module Android_PVRTCTargetPlatform (95)
[2017.11.27-14.48.13:691][482]LogModuleManager: Shutting down and abandoning module Android_MultiTargetPlatform (93)
[2017.11.27-14.48.13:691][482]LogModuleManager: Shutting down and abandoning module Android_ETC2TargetPlatform (91)
[2017.11.27-14.48.13:691][482]LogModuleManager: Shutting down and abandoning module Android_ETC1TargetPlatform (89)
[2017.11.27-14.48.13:691][482]LogModuleManager: Shutting down and abandoning module Android_DXTTargetPlatform (87)
[2017.11.27-14.48.13:691][482]LogModuleManager: Shutting down and abandoning module Android_ATCTargetPlatform (85)
[2017.11.27-14.48.13:691][482]LogModuleManager: Shutting down and abandoning module Android_ASTCTargetPlatform (83)
[2017.11.27-14.48.13:691][482]LogModuleManager: Shutting down and abandoning module AndroidTargetPlatform (81)
[2017.11.27-14.48.13:691][482]LogModuleManager: Shutting down and abandoning module WindowsTargetPlatform (79)
[2017.11.27-14.48.13:691][482]LogModuleManager: Shutting down and abandoning module WindowsServerTargetPlatform (77)
[2017.11.27-14.48.13:691][482]LogModuleManager: Shutting down and abandoning module WindowsNoEditorTargetPlatform (75)
[2017.11.27-14.48.13:692][482]LogModuleManager: Shutting down and abandoning module WindowsClientTargetPlatform (73)
[2017.11.27-14.48.13:692][482]LogModuleManager: Shutting down and abandoning module MacTargetPlatform (71)
[2017.11.27-14.48.13:692][482]LogModuleManager: Shutting down and abandoning module MacServerTargetPlatform (69)
[2017.11.27-14.48.13:692][482]LogModuleManager: Shutting down and abandoning module MacNoEditorTargetPlatform (67)
[2017.11.27-14.48.13:692][482]LogModuleManager: Shutting down and abandoning module MacClientTargetPlatform (65)
[2017.11.27-14.48.13:692][482]LogModuleManager: Shutting down and abandoning module AllDesktopTargetPlatform (63)
[2017.11.27-14.48.13:692][482]LogModuleManager: Shutting down and abandoning module InputCore (60)
[2017.11.27-14.48.13:692][482]LogModuleManager: Shutting down and abandoning module Settings (58)
[2017.11.27-14.48.13:692][482]LogModuleManager: Shutting down and abandoning module PhysXCooking (56)
[2017.11.27-14.48.13:692][482]LogModuleManager: Shutting down and abandoning module SteamVR (54)
[2017.11.27-14.48.13:692][482]LogModuleManager: Shutting down and abandoning module OculusHMD (52)
[2017.11.27-14.48.13:707][482]LogModuleManager: Shutting down and abandoning module ExampleDeviceProfileSelector (50)
[2017.11.27-14.48.13:708][482]LogModuleManager: Shutting down and abandoning module OnlineBlueprintSupport (48)
[2017.11.27-14.48.13:708][482]LogModuleManager: Shutting down and abandoning module OnlineSubsystem (44)
[2017.11.27-14.48.13:708][482]LogOnline: Display: Unloading online subsystem: NULL
[2017.11.27-14.48.13:744][482]LogModuleManager: Shutting down and abandoning module XMPP (43)
[2017.11.27-14.48.13:761][482]LogModuleManager: Shutting down and abandoning module HTTP (41)
[2017.11.27-14.48.13:761][482]LogHttp: Display: Http module shutting down, but needs to wait on 1 outstanding Http requests:
[2017.11.27-14.48.13:780][482]LogHttp: Display: 	verb=[POST] url=[https://datarouter.ol.epicgames.com/datarouter/api/v1/public/data?SessionID=%7BFD6A114F-4810-2F29-0EC8-519677679A53%7D&AppID=UEEditor.Rocket.Release&AppVersion=4.17.1-3586342%2B%2B%2BUE4%2BRelease-4.17&UserID=2b4b9104449ff9352e6e79a22565f81d%7C7c7d6b3990ad4a62a4d878ae6b0c72dd%7Cdff5993a-bb95-44de-bad5-df2ac76192ca&AppEnvironment=datacollector-binary&UploadType=eteventstream] status=Processing
[2017.11.27-14.48.13:800][482]LogModuleManager: Shutting down and abandoning module SSL (40)
[2017.11.27-14.48.13:812][482]LogModuleManager: Shutting down and abandoning module AnimationModifiers (36)
[2017.11.27-14.48.13:835][482]LogModuleManager: Shutting down and abandoning module PropertyEditor (35)
[2017.11.27-14.48.13:835][482]LogModuleManager: Shutting down and abandoning module AudioEditor (32)
[2017.11.27-14.48.13:878][482]LogModuleManager: Shutting down and abandoning module TextureCompressor (30)
[2017.11.27-14.48.13:892][482]LogModuleManager: Shutting down and abandoning module ShaderCore (28)
[2017.11.27-14.48.13:892][482]LogModuleManager: Shutting down and abandoning module Landscape (26)
[2017.11.27-14.48.13:892][482]LogModuleManager: Shutting down and abandoning module SlateRHIRenderer (24)
[2017.11.27-14.48.13:928][482]LogModuleManager: Shutting down and abandoning module OpenGLDrv (22)
[2017.11.27-14.48.13:939][482]LogModuleManager: Shutting down and abandoning module D3D11RHI (20)
[2017.11.27-14.48.13:939][482]LogModuleManager: Shutting down and abandoning module AnimGraphRuntime (18)
[2017.11.27-14.48.13:939][482]LogModuleManager: Shutting down and abandoning module Renderer (16)
[2017.11.27-14.48.13:940][482]LogModuleManager: Shutting down and abandoning module Engine (14)
[2017.11.27-14.48.13:946][482]LogModuleManager: Shutting down and abandoning module CoreUObject (12)
[2017.11.27-14.48.13:946][482]LogModuleManager: Shutting down and abandoning module NetworkFile (10)
[2017.11.27-14.48.13:954][482]LogModuleManager: Shutting down and abandoning module CookedIterativeFile (8)
[2017.11.27-14.48.13:954][482]LogModuleManager: Shutting down and abandoning module StreamingFile (6)
[2017.11.27-14.48.13:960][482]LogModuleManager: Shutting down and abandoning module SandboxFile (4)
[2017.11.27-14.48.13:960][482]LogModuleManager: Shutting down and abandoning module PakFile (2)
[2017.11.27-14.48.13:986][482]LogExit: Exiting.
[2017.11.27-14.48.14:043][482]Log file closed, 11/27/17 23:48:14
